[ 2021-01-19T17:25:44+08:00 ] 10.10.130.122 /
INFO: [ app_init ] --START--
INFO: Run Behavior\BuildLiteBehavior [ RunTime:0.000002s ]
INFO: [ app_init ] --END-- [ RunTime:0.000107s ]
NOTIC: [8] Constant MAIN_URL already defined /www/wwwroot/admin.njxz.edu.com/njxz_admin/Application/Common/Conf/config.inc.php 第 10 行.
NOTIC: [8] Constant IMG_URL already defined /www/wwwroot/admin.njxz.edu.com/njxz_admin/Application/Common/Conf/config.inc.php 第 11 行.
NOTIC: [8] Constant ATTACHMENT_PATH already defined /www/wwwroot/admin.njxz.edu.com/njxz_admin/Application/Common/Conf/config.inc.php 第 12 行.
NOTIC: [8] Constant IMG_PATH already defined /www/wwwroot/admin.njxz.edu.com/njxz_admin/Application/Common/Conf/config.inc.php 第 13 行.
NOTIC: [8] Constant FILE_PATH already defined /www/wwwroot/admin.njxz.edu.com/njxz_admin/Application/Common/Conf/config.inc.php 第 14 行.
NOTIC: [8] Constant UPLOAD_TEMP_PATH already defined /www/wwwroot/admin.njxz.edu.com/njxz_admin/Application/Common/Conf/config.inc.php 第 15 行.
INFO: [ app_begin ] --START--
INFO: Run Behavior\ReadHtmlCacheBehavior [ RunTime:0.000159s ]
INFO: [ app_begin ] --END-- [ RunTime:0.000168s ]

[ 2021-01-19T17:25:44+08:00 ] 10.10.130.122 /
INFO: [ app_init ] --START--
INFO: Run Behavior\BuildLiteBehavior [ RunTime:0.000002s ]
INFO: [ app_init ] --END-- [ RunTime:0.000106s ]
NOTIC: [8] Constant MAIN_URL already defined /www/wwwroot/admin.njxz.edu.com/njxz_admin/Application/Common/Conf/config.inc.php 第 10 行.
NOTIC: [8] Constant IMG_URL already defined /www/wwwroot/admin.njxz.edu.com/njxz_admin/Application/Common/Conf/config.inc.php 第 11 行.
NOTIC: [8] Constant ATTACHMENT_PATH already defined /www/wwwroot/admin.njxz.edu.com/njxz_admin/Application/Common/Conf/config.inc.php 第 12 行.
NOTIC: [8] Constant IMG_PATH already defined /www/wwwroot/admin.njxz.edu.com/njxz_admin/Application/Common/Conf/config.inc.php 第 13 行.
NOTIC: [8] Constant FILE_PATH already defined /www/wwwroot/admin.njxz.edu.com/njxz_admin/Application/Common/Conf/config.inc.php 第 14 行.
NOTIC: [8] Constant UPLOAD_TEMP_PATH already defined /www/wwwroot/admin.njxz.edu.com/njxz_admin/Application/Common/Conf/config.inc.php 第 15 行.
INFO: [ app_begin ] --START--
INFO: Run Behavior\ReadHtmlCacheBehavior [ RunTime:0.000154s ]
INFO: [ app_begin ] --END-- [ RunTime:0.000162s ]

[ 2021-01-19T17:25:52+08:00 ] 10.10.130.122 //Login/login
INFO: [ app_init ] --START--
INFO: Run Behavior\BuildLiteBehavior [ RunTime:0.000002s ]
INFO: [ app_init ] --END-- [ RunTime:0.000107s ]
NOTIC: [8] Constant MAIN_URL already defined /www/wwwroot/admin.njxz.edu.com/njxz_admin/Application/Common/Conf/config.inc.php 第 10 行.
NOTIC: [8] Constant IMG_URL already defined /www/wwwroot/admin.njxz.edu.com/njxz_admin/Application/Common/Conf/config.inc.php 第 11 行.
NOTIC: [8] Constant ATTACHMENT_PATH already defined /www/wwwroot/admin.njxz.edu.com/njxz_admin/Application/Common/Conf/config.inc.php 第 12 行.
NOTIC: [8] Constant IMG_PATH already defined /www/wwwroot/admin.njxz.edu.com/njxz_admin/Application/Common/Conf/config.inc.php 第 13 行.
NOTIC: [8] Constant FILE_PATH already defined /www/wwwroot/admin.njxz.edu.com/njxz_admin/Application/Common/Conf/config.inc.php 第 14 行.
NOTIC: [8] Constant UPLOAD_TEMP_PATH already defined /www/wwwroot/admin.njxz.edu.com/njxz_admin/Application/Common/Conf/config.inc.php 第 15 行.
INFO: [ app_begin ] --START--
INFO: Run Behavior\ReadHtmlCacheBehavior [ RunTime:0.000198s ]
INFO: [ app_begin ] --END-- [ RunTime:0.000207s ]
SQL: SHOW COLUMNS FROM `njxz_admin` [ RunTime:0.0047s ]
SQL: SELECT * FROM `njxz_admin` WHERE `num` = '17132521' AND `mark` = 1 LIMIT 1   [ RunTime:0.0040s ]

[ 2021-01-19T17:25:55+08:00 ] 10.10.130.122 //Login/login
INFO: [ app_init ] --START--
INFO: Run Behavior\BuildLiteBehavior [ RunTime:0.000003s ]
INFO: [ app_init ] --END-- [ RunTime:0.000106s ]
NOTIC: [8] Constant MAIN_URL already defined /www/wwwroot/admin.njxz.edu.com/njxz_admin/Application/Common/Conf/config.inc.php 第 10 行.
NOTIC: [8] Constant IMG_URL already defined /www/wwwroot/admin.njxz.edu.com/njxz_admin/Application/Common/Conf/config.inc.php 第 11 行.
NOTIC: [8] Constant ATTACHMENT_PATH already defined /www/wwwroot/admin.njxz.edu.com/njxz_admin/Application/Common/Conf/config.inc.php 第 12 行.
NOTIC: [8] Constant IMG_PATH already defined /www/wwwroot/admin.njxz.edu.com/njxz_admin/Application/Common/Conf/config.inc.php 第 13 行.
NOTIC: [8] Constant FILE_PATH already defined /www/wwwroot/admin.njxz.edu.com/njxz_admin/Application/Common/Conf/config.inc.php 第 14 行.
NOTIC: [8] Constant UPLOAD_TEMP_PATH already defined /www/wwwroot/admin.njxz.edu.com/njxz_admin/Application/Common/Conf/config.inc.php 第 15 行.
INFO: [ app_begin ] --START--
INFO: Run Behavior\ReadHtmlCacheBehavior [ RunTime:0.000203s ]
INFO: [ app_begin ] --END-- [ RunTime:0.000212s ]
SQL: SHOW COLUMNS FROM `njxz_admin` [ RunTime:0.0005s ]
SQL: SELECT * FROM `njxz_admin` WHERE `num` = '17132521' AND `mark` = 1 LIMIT 1   [ RunTime:0.0104s ]

[ 2021-01-19T17:29:25+08:00 ] 10.10.130.122 //Login/login
INFO: [ app_init ] --START--
INFO: Run Behavior\BuildLiteBehavior [ RunTime:0.000002s ]
INFO: [ app_init ] --END-- [ RunTime:0.000137s ]
NOTIC: [8] Constant MAIN_URL already defined /www/wwwroot/admin.njxz.edu.com/njxz_admin/Application/Common/Conf/config.inc.php 第 10 行.
NOTIC: [8] Constant IMG_URL already defined /www/wwwroot/admin.njxz.edu.com/njxz_admin/Application/Common/Conf/config.inc.php 第 11 行.
NOTIC: [8] Constant ATTACHMENT_PATH already defined /www/wwwroot/admin.njxz.edu.com/njxz_admin/Application/Common/Conf/config.inc.php 第 12 行.
NOTIC: [8] Constant IMG_PATH already defined /www/wwwroot/admin.njxz.edu.com/njxz_admin/Application/Common/Conf/config.inc.php 第 13 行.
NOTIC: [8] Constant FILE_PATH already defined /www/wwwroot/admin.njxz.edu.com/njxz_admin/Application/Common/Conf/config.inc.php 第 14 行.
NOTIC: [8] Constant UPLOAD_TEMP_PATH already defined /www/wwwroot/admin.njxz.edu.com/njxz_admin/Application/Common/Conf/config.inc.php 第 15 行.
INFO: [ app_begin ] --START--
INFO: Run Behavior\ReadHtmlCacheBehavior [ RunTime:0.000154s ]
INFO: [ app_begin ] --END-- [ RunTime:0.000162s ]
SQL: SHOW COLUMNS FROM `njxz_admin` [ RunTime:0.0152s ]
SQL: SELECT * FROM `njxz_admin` WHERE `num` = '17132521' AND `mark` = 1 LIMIT 1   [ RunTime:0.0002s ]

[ 2021-01-19T17:29:29+08:00 ] 10.10.130.122 //Login/login
INFO: [ app_init ] --START--
INFO: Run Behavior\BuildLiteBehavior [ RunTime:0.000003s ]
INFO: [ app_init ] --END-- [ RunTime:0.000133s ]
NOTIC: [8] Constant MAIN_URL already defined /www/wwwroot/admin.njxz.edu.com/njxz_admin/Application/Common/Conf/config.inc.php 第 10 行.
NOTIC: [8] Constant IMG_URL already defined /www/wwwroot/admin.njxz.edu.com/njxz_admin/Application/Common/Conf/config.inc.php 第 11 行.
NOTIC: [8] Constant ATTACHMENT_PATH already defined /www/wwwroot/admin.njxz.edu.com/njxz_admin/Application/Common/Conf/config.inc.php 第 12 行.
NOTIC: [8] Constant IMG_PATH already defined /www/wwwroot/admin.njxz.edu.com/njxz_admin/Application/Common/Conf/config.inc.php 第 13 行.
NOTIC: [8] Constant FILE_PATH already defined /www/wwwroot/admin.njxz.edu.com/njxz_admin/Application/Common/Conf/config.inc.php 第 14 行.
NOTIC: [8] Constant UPLOAD_TEMP_PATH already defined /www/wwwroot/admin.njxz.edu.com/njxz_admin/Application/Common/Conf/config.inc.php 第 15 行.
INFO: [ app_begin ] --START--
INFO: Run Behavior\ReadHtmlCacheBehavior [ RunTime:0.000153s ]
INFO: [ app_begin ] --END-- [ RunTime:0.000162s ]
SQL: SHOW COLUMNS FROM `njxz_admin` [ RunTime:0.0179s ]
SQL: SELECT * FROM `njxz_admin` WHERE `num` = '17132521' AND `mark` = 1 LIMIT 1   [ RunTime:0.0094s ]

[ 2021-01-19T17:29:52+08:00 ] 10.10.130.122 //Login/login
INFO: [ app_init ] --START--
INFO: Run Behavior\BuildLiteBehavior [ RunTime:0.000003s ]
INFO: [ app_init ] --END-- [ RunTime:0.000105s ]
NOTIC: [8] Constant MAIN_URL already defined /www/wwwroot/admin.njxz.edu.com/njxz_admin/Application/Common/Conf/config.inc.php 第 10 行.
NOTIC: [8] Constant IMG_URL already defined /www/wwwroot/admin.njxz.edu.com/njxz_admin/Application/Common/Conf/config.inc.php 第 11 行.
NOTIC: [8] Constant ATTACHMENT_PATH already defined /www/wwwroot/admin.njxz.edu.com/njxz_admin/Application/Common/Conf/config.inc.php 第 12 行.
NOTIC: [8] Constant IMG_PATH already defined /www/wwwroot/admin.njxz.edu.com/njxz_admin/Application/Common/Conf/config.inc.php 第 13 行.
NOTIC: [8] Constant FILE_PATH already defined /www/wwwroot/admin.njxz.edu.com/njxz_admin/Application/Common/Conf/config.inc.php 第 14 行.
NOTIC: [8] Constant UPLOAD_TEMP_PATH already defined /www/wwwroot/admin.njxz.edu.com/njxz_admin/Application/Common/Conf/config.inc.php 第 15 行.
INFO: [ app_begin ] --START--
INFO: Run Behavior\ReadHtmlCacheBehavior [ RunTime:0.000152s ]
INFO: [ app_begin ] --END-- [ RunTime:0.000160s ]
SQL: SHOW COLUMNS FROM `njxz_admin` [ RunTime:0.0006s ]
SQL: SELECT * FROM `njxz_admin` WHERE `num` = '17132521' AND `mark` = 1 LIMIT 1   [ RunTime:0.0002s ]
SQL: UPDATE `njxz_admin` SET `id`='11',`organization_id`='1',`dept_id`='1',`realname`='宋贤坤',`num`='17132521',`username`='songxk',`password`='14e1b600b1fd579f47433b88e8d85291',`auth`='',`role_ids`='3,5',`position_id`='1',`avatar`='/admin/2021/01/19/17/7eaf930976b8f5a3259.JPG',`status`='1',`mobile`='13584495195',`email`='1281541477@qq.com',`identity`='41282219960612187X',`gender`='1',`entry_date`='1610985600',`province_id`='1387',`city_id`='1388',`district_id`='1396',`is_admin`='1',`user_type`='1',`note`='宋贤坤',`sort_order`='125',`login_num`='0',`login_ip`='',`login_time`='0',`add_time`='1611048122',`mark`='1',`token`='eyJ0eXAiOiJKV1QiLCJhbGciOiJIUzI1NiJ9.eyJpYXQiOjE2MTEwNDg1OTIsIm5iZiI6MTYxMTA0ODU5MiwiZXhwIjoxNjExMDU1NzkyLCJzdWIiOiJ7XCJpZFwiOlwiMTFcIixcInJvbGVcIjpcIjNcIn0ifQ.0LRfcXZOMWEAiCdoDCulE0xBlpE12FI4U3zvnH4HEtg' WHERE `id` = 11 [ RunTime:0.1225s ]

[ 2021-01-19T17:29:55+08:00 ] 10.10.130.122 //Index/main
INFO: [ app_init ] --START--
INFO: Run Behavior\BuildLiteBehavior [ RunTime:0.000002s ]
INFO: [ app_init ] --END-- [ RunTime:0.000135s ]
NOTIC: [8] Constant MAIN_URL already defined /www/wwwroot/admin.njxz.edu.com/njxz_admin/Application/Common/Conf/config.inc.php 第 10 行.
NOTIC: [8] Constant IMG_URL already defined /www/wwwroot/admin.njxz.edu.com/njxz_admin/Application/Common/Conf/config.inc.php 第 11 行.
NOTIC: [8] Constant ATTACHMENT_PATH already defined /www/wwwroot/admin.njxz.edu.com/njxz_admin/Application/Common/Conf/config.inc.php 第 12 行.
NOTIC: [8] Constant IMG_PATH already defined /www/wwwroot/admin.njxz.edu.com/njxz_admin/Application/Common/Conf/config.inc.php 第 13 行.
NOTIC: [8] Constant FILE_PATH already defined /www/wwwroot/admin.njxz.edu.com/njxz_admin/Application/Common/Conf/config.inc.php 第 14 行.
NOTIC: [8] Constant UPLOAD_TEMP_PATH already defined /www/wwwroot/admin.njxz.edu.com/njxz_admin/Application/Common/Conf/config.inc.php 第 15 行.
INFO: [ app_begin ] --START--
INFO: Run Behavior\ReadHtmlCacheBehavior [ RunTime:0.000154s ]
INFO: [ app_begin ] --END-- [ RunTime:0.000163s ]
SQL: SHOW COLUMNS FROM `njxz_admin` [ RunTime:0.0006s ]
SQL: SELECT COUNT(*) AS tp_count FROM `njxz_admin` WHERE `id` = 11 LIMIT 1   [ RunTime:0.0002s ]
SQL: SHOW COLUMNS FROM `njxz_repair_application` [ RunTime:0.0003s ]
SQL: SHOW COLUMNS FROM `njxz_order` [ RunTime:0.0002s ]
SQL: SELECT COUNT(*) AS tp_count FROM `njxz_repair_application` WHERE `admin_id` = '11' AND `mark` = 1 LIMIT 1   [ RunTime:0.0086s ]
SQL: SELECT COUNT(*) AS tp_count FROM `njxz_repair_application` WHERE `admin_id` = '11' AND `mark` = 1 AND `status` = 1 LIMIT 1   [ RunTime:0.0004s ]
SQL: SELECT COUNT(*) AS tp_count FROM `njxz_repair_application` WHERE `admin_id` = '11' AND `mark` = 1 AND `status` = 3 LIMIT 1   [ RunTime:0.0002s ]
SQL: SELECT COUNT(*) AS tp_count FROM `njxz_repair_application` WHERE `admin_id` = '11' AND `mark` = 1 AND `status` = 2 LIMIT 1   [ RunTime:0.0001s ]
SQL: SELECT COUNT(*) AS tp_count FROM `njxz_repair_application` WHERE (  `admin_id` = '11' AND `mark` = 1 AND `add_time` BETWEEN 1610467200 AND 1610553600 ) AND (  `admin_id` = '11' AND `mark` = 1 AND `add_time` BETWEEN 1610553600 AND 1610640000 ) AND (  `admin_id` = '11' AND `mark` = 1 AND `add_time` BETWEEN 1610640000 AND 1610726400 ) AND (  `admin_id` = '11' AND `mark` = 1 AND `add_time` BETWEEN 1610726400 AND 1610812800 ) AND (  `admin_id` = '11' AND `mark` = 1 AND `add_time` BETWEEN 1610812800 AND 1610899200 ) AND (  `admin_id` = '11' AND `mark` = 1 AND `add_time` BETWEEN 1610899200 AND 1610985600 ) AND (  `admin_id` = '11' AND `mark` = 1 AND `add_time` BETWEEN 1610985600 AND 1611072000 ) LIMIT 1   [ RunTime:0.0004s ]
NOTIC: [8] Undefined offset: 1 /www/wwwroot/admin.njxz.edu.com/njxz_admin/Application/Home/Service/AdminService.class.php 第 326 行.
SQL: SELECT COUNT(*) AS tp_count FROM `njxz_repair_application` LIMIT 1   [ RunTime:0.0001s ]
NOTIC: [8] Undefined offset: 2 /www/wwwroot/admin.njxz.edu.com/njxz_admin/Application/Home/Service/AdminService.class.php 第 326 行.
SQL: SELECT COUNT(*) AS tp_count FROM `njxz_repair_application` LIMIT 1   [ RunTime:0.0002s ]
NOTIC: [8] Undefined offset: 3 /www/wwwroot/admin.njxz.edu.com/njxz_admin/Application/Home/Service/AdminService.class.php 第 326 行.
SQL: SELECT COUNT(*) AS tp_count FROM `njxz_repair_application` LIMIT 1   [ RunTime:0.0002s ]
SQL: SELECT COUNT(*) AS tp_count FROM `njxz_repair_application` WHERE (  `admin_id` = '11' AND `mark` = 1 AND `add_time` BETWEEN 1610467200 AND 1610553600 ) AND (  `admin_id` = '11' AND `mark` = 1 AND `add_time` BETWEEN 1610553600 AND 1610640000 ) AND (  `admin_id` = '11' AND `mark` = 1 AND `add_time` BETWEEN 1610640000 AND 1610726400 ) AND (  `admin_id` = '11' AND `mark` = 1 AND `add_time` BETWEEN 1610726400 AND 1610812800 ) AND (  `admin_id` = '11' AND `mark` = 1 AND `add_time` BETWEEN 1610812800 AND 1610899200 ) AND (  `admin_id` = '11' AND `mark` = 1 AND `add_time` BETWEEN 1610899200 AND 1610985600 ) AND (  `admin_id` = '11' AND `mark` = 1 AND `add_time` BETWEEN 1610985600 AND 1611072000 ) AND `status` = 1 LIMIT 1   [ RunTime:0.0002s ]
SQL: SELECT COUNT(*) AS tp_count FROM `njxz_repair_application` WHERE `status` = 1 LIMIT 1   [ RunTime:0.0001s ]
SQL: SELECT COUNT(*) AS tp_count FROM `njxz_repair_application` WHERE `status` = 1 LIMIT 1   [ RunTime:0.0001s ]
SQL: SELECT COUNT(*) AS tp_count FROM `njxz_repair_application` WHERE `status` = 1 LIMIT 1   [ RunTime:0.0001s ]
SQL: SELECT COUNT(*) AS tp_count FROM `njxz_repair_application` WHERE (  (  `admin_id` = '11' AND `mark` = 1 AND `add_time` BETWEEN 1610467200 AND 1610553600 ) AND (  `admin_id` = '11' AND `mark` = 1 AND `add_time` BETWEEN 1610553600 AND 1610640000 ) AND (  `admin_id` = '11' AND `mark` = 1 AND `add_time` BETWEEN 1610640000 AND 1610726400 ) AND (  `admin_id` = '11' AND `mark` = 1 AND `add_time` BETWEEN 1610726400 AND 1610812800 ) AND (  `admin_id` = '11' AND `mark` = 1 AND `add_time` BETWEEN 1610812800 AND 1610899200 ) AND (  `admin_id` = '11' AND `mark` = 1 AND `add_time` BETWEEN 1610899200 AND 1610985600 ) AND (  `admin_id` = '11' AND `mark` = 1 AND `add_time` BETWEEN 1610985600 AND 1611072000 ) AND `status` = 3 ) AND (  `status` = 1 ) AND (  `status` = 1 ) AND (  `status` = 1 ) LIMIT 1   [ RunTime:0.0001s ]
SQL: SELECT COUNT(*) AS tp_count FROM `njxz_repair_application` WHERE (  (  `admin_id` = '11' AND `mark` = 1 AND `add_time` BETWEEN 1610467200 AND 1610553600 ) AND (  `admin_id` = '11' AND `mark` = 1 AND `add_time` BETWEEN 1610553600 AND 1610640000 ) AND (  `admin_id` = '11' AND `mark` = 1 AND `add_time` BETWEEN 1610640000 AND 1610726400 ) AND (  `admin_id` = '11' AND `mark` = 1 AND `add_time` BETWEEN 1610726400 AND 1610812800 ) AND (  `admin_id` = '11' AND `mark` = 1 AND `add_time` BETWEEN 1610812800 AND 1610899200 ) AND (  `admin_id` = '11' AND `mark` = 1 AND `add_time` BETWEEN 1610899200 AND 1610985600 ) AND (  `admin_id` = '11' AND `mark` = 1 AND `add_time` BETWEEN 1610985600 AND 1611072000 ) AND `status` = 3 ) AND (  `status` = 3 ) AND (  `status` = 1 ) AND (  `status` = 1 ) LIMIT 1   [ RunTime:0.0001s ]
SQL: SELECT COUNT(*) AS tp_count FROM `njxz_repair_application` WHERE (  (  `admin_id` = '11' AND `mark` = 1 AND `add_time` BETWEEN 1610467200 AND 1610553600 ) AND (  `admin_id` = '11' AND `mark` = 1 AND `add_time` BETWEEN 1610553600 AND 1610640000 ) AND (  `admin_id` = '11' AND `mark` = 1 AND `add_time` BETWEEN 1610640000 AND 1610726400 ) AND (  `admin_id` = '11' AND `mark` = 1 AND `add_time` BETWEEN 1610726400 AND 1610812800 ) AND (  `admin_id` = '11' AND `mark` = 1 AND `add_time` BETWEEN 1610812800 AND 1610899200 ) AND (  `admin_id` = '11' AND `mark` = 1 AND `add_time` BETWEEN 1610899200 AND 1610985600 ) AND (  `admin_id` = '11' AND `mark` = 1 AND `add_time` BETWEEN 1610985600 AND 1611072000 ) AND `status` = 3 ) AND (  `status` = 3 ) AND (  `status` = 3 ) AND (  `status` = 1 ) LIMIT 1   [ RunTime:0.0001s ]
SQL: SELECT COUNT(*) AS tp_count FROM `njxz_repair_application` WHERE (  (  `admin_id` = '11' AND `mark` = 1 AND `add_time` BETWEEN 1610467200 AND 1610553600 ) AND (  `admin_id` = '11' AND `mark` = 1 AND `add_time` BETWEEN 1610553600 AND 1610640000 ) AND (  `admin_id` = '11' AND `mark` = 1 AND `add_time` BETWEEN 1610640000 AND 1610726400 ) AND (  `admin_id` = '11' AND `mark` = 1 AND `add_time` BETWEEN 1610726400 AND 1610812800 ) AND (  `admin_id` = '11' AND `mark` = 1 AND `add_time` BETWEEN 1610812800 AND 1610899200 ) AND (  `admin_id` = '11' AND `mark` = 1 AND `add_time` BETWEEN 1610899200 AND 1610985600 ) AND (  `admin_id` = '11' AND `mark` = 1 AND `add_time` BETWEEN 1610985600 AND 1611072000 ) AND `status` = 3 ) AND (  `status` = 3 ) AND (  `status` = 3 ) AND (  `status` = 3 ) LIMIT 1   [ RunTime:0.0001s ]
SQL: SELECT COUNT(*) AS tp_count FROM `njxz_repair_application` WHERE (  (  `admin_id` = '11' AND `mark` = 1 AND `add_time` BETWEEN 1610467200 AND 1610553600 ) AND (  `admin_id` = '11' AND `mark` = 1 AND `add_time` BETWEEN 1610553600 AND 1610640000 ) AND (  `admin_id` = '11' AND `mark` = 1 AND `add_time` BETWEEN 1610640000 AND 1610726400 ) AND (  `admin_id` = '11' AND `mark` = 1 AND `add_time` BETWEEN 1610726400 AND 1610812800 ) AND (  `admin_id` = '11' AND `mark` = 1 AND `add_time` BETWEEN 1610812800 AND 1610899200 ) AND (  `admin_id` = '11' AND `mark` = 1 AND `add_time` BETWEEN 1610899200 AND 1610985600 ) AND (  `admin_id` = '11' AND `mark` = 1 AND `add_time` BETWEEN 1610985600 AND 1611072000 ) AND `status` = 2 ) AND (  `status` = 3 ) AND (  `status` = 3 ) AND (  `status` = 3 ) LIMIT 1   [ RunTime:0.0001s ]
SQL: SELECT COUNT(*) AS tp_count FROM `njxz_repair_application` WHERE (  (  `admin_id` = '11' AND `mark` = 1 AND `add_time` BETWEEN 1610467200 AND 1610553600 ) AND (  `admin_id` = '11' AND `mark` = 1 AND `add_time` BETWEEN 1610553600 AND 1610640000 ) AND (  `admin_id` = '11' AND `mark` = 1 AND `add_time` BETWEEN 1610640000 AND 1610726400 ) AND (  `admin_id` = '11' AND `mark` = 1 AND `add_time` BETWEEN 1610726400 AND 1610812800 ) AND (  `admin_id` = '11' AND `mark` = 1 AND `add_time` BETWEEN 1610812800 AND 1610899200 ) AND (  `admin_id` = '11' AND `mark` = 1 AND `add_time` BETWEEN 1610899200 AND 1610985600 ) AND (  `admin_id` = '11' AND `mark` = 1 AND `add_time` BETWEEN 1610985600 AND 1611072000 ) AND `status` = 2 ) AND (  `status` = 2 ) AND (  `status` = 3 ) AND (  `status` = 3 ) LIMIT 1   [ RunTime:0.0001s ]
SQL: SELECT COUNT(*) AS tp_count FROM `njxz_repair_application` WHERE (  (  `admin_id` = '11' AND `mark` = 1 AND `add_time` BETWEEN 1610467200 AND 1610553600 ) AND (  `admin_id` = '11' AND `mark` = 1 AND `add_time` BETWEEN 1610553600 AND 1610640000 ) AND (  `admin_id` = '11' AND `mark` = 1 AND `add_time` BETWEEN 1610640000 AND 1610726400 ) AND (  `admin_id` = '11' AND `mark` = 1 AND `add_time` BETWEEN 1610726400 AND 1610812800 ) AND (  `admin_id` = '11' AND `mark` = 1 AND `add_time` BETWEEN 1610812800 AND 1610899200 ) AND (  `admin_id` = '11' AND `mark` = 1 AND `add_time` BETWEEN 1610899200 AND 1610985600 ) AND (  `admin_id` = '11' AND `mark` = 1 AND `add_time` BETWEEN 1610985600 AND 1611072000 ) AND `status` = 2 ) AND (  `status` = 2 ) AND (  `status` = 2 ) AND (  `status` = 3 ) LIMIT 1   [ RunTime:0.0001s ]
SQL: SELECT COUNT(*) AS tp_count FROM `njxz_repair_application` WHERE (  (  `admin_id` = '11' AND `mark` = 1 AND `add_time` BETWEEN 1610467200 AND 1610553600 ) AND (  `admin_id` = '11' AND `mark` = 1 AND `add_time` BETWEEN 1610553600 AND 1610640000 ) AND (  `admin_id` = '11' AND `mark` = 1 AND `add_time` BETWEEN 1610640000 AND 1610726400 ) AND (  `admin_id` = '11' AND `mark` = 1 AND `add_time` BETWEEN 1610726400 AND 1610812800 ) AND (  `admin_id` = '11' AND `mark` = 1 AND `add_time` BETWEEN 1610812800 AND 1610899200 ) AND (  `admin_id` = '11' AND `mark` = 1 AND `add_time` BETWEEN 1610899200 AND 1610985600 ) AND (  `admin_id` = '11' AND `mark` = 1 AND `add_time` BETWEEN 1610985600 AND 1611072000 ) AND `status` = 2 ) AND (  `status` = 2 ) AND (  `status` = 2 ) AND (  `status` = 2 ) LIMIT 1   [ RunTime:0.0001s ]
NOTIC: [8] Undefined offset: 4 /www/wwwroot/admin.njxz.edu.com/njxz_admin/Application/Home/Service/AdminService.class.php 第 269 行.
NOTIC: [8] Undefined offset: 5 /www/wwwroot/admin.njxz.edu.com/njxz_admin/Application/Home/Service/AdminService.class.php 第 269 行.
NOTIC: [8] Undefined offset: 6 /www/wwwroot/admin.njxz.edu.com/njxz_admin/Application/Home/Service/AdminService.class.php 第 269 行.
NOTIC: [8] Undefined offset: 7 /www/wwwroot/admin.njxz.edu.com/njxz_admin/Application/Home/Service/AdminService.class.php 第 269 行.

[ 2021-01-19T17:30:10+08:00 ] 10.10.130.122 //Login/login
INFO: [ app_init ] --START--
INFO: Run Behavior\BuildLiteBehavior [ RunTime:0.000002s ]
INFO: [ app_init ] --END-- [ RunTime:0.000104s ]
NOTIC: [8] Constant MAIN_URL already defined /www/wwwroot/admin.njxz.edu.com/njxz_admin/Application/Common/Conf/config.inc.php 第 10 行.
NOTIC: [8] Constant IMG_URL already defined /www/wwwroot/admin.njxz.edu.com/njxz_admin/Application/Common/Conf/config.inc.php 第 11 行.
NOTIC: [8] Constant ATTACHMENT_PATH already defined /www/wwwroot/admin.njxz.edu.com/njxz_admin/Application/Common/Conf/config.inc.php 第 12 行.
NOTIC: [8] Constant IMG_PATH already defined /www/wwwroot/admin.njxz.edu.com/njxz_admin/Application/Common/Conf/config.inc.php 第 13 行.
NOTIC: [8] Constant FILE_PATH already defined /www/wwwroot/admin.njxz.edu.com/njxz_admin/Application/Common/Conf/config.inc.php 第 14 行.
NOTIC: [8] Constant UPLOAD_TEMP_PATH already defined /www/wwwroot/admin.njxz.edu.com/njxz_admin/Application/Common/Conf/config.inc.php 第 15 行.
INFO: [ app_begin ] --START--
INFO: Run Behavior\ReadHtmlCacheBehavior [ RunTime:0.000153s ]
INFO: [ app_begin ] --END-- [ RunTime:0.000162s ]
SQL: SHOW COLUMNS FROM `njxz_admin` [ RunTime:0.0083s ]
SQL: SELECT * FROM `njxz_admin` WHERE `num` = '17132521' AND `mark` = 1 LIMIT 1   [ RunTime:0.0002s ]
SQL: UPDATE `njxz_admin` SET `id`='11',`organization_id`='1',`dept_id`='1',`realname`='宋贤坤',`num`='17132521',`username`='songxk',`password`='14e1b600b1fd579f47433b88e8d85291',`auth`='',`role_ids`='3,5',`position_id`='1',`avatar`='/admin/2021/01/19/17/7eaf930976b8f5a3259.JPG',`status`='1',`mobile`='13584495195',`email`='1281541477@qq.com',`identity`='41282219960612187X',`gender`='1',`entry_date`='1610985600',`province_id`='1387',`city_id`='1388',`district_id`='1396',`is_admin`='1',`user_type`='1',`note`='宋贤坤',`sort_order`='125',`login_num`='0',`login_ip`='',`login_time`='0',`add_time`='1611048122',`mark`='1',`token`='eyJ0eXAiOiJKV1QiLCJhbGciOiJIUzI1NiJ9.eyJpYXQiOjE2MTEwNDg2MTAsIm5iZiI6MTYxMTA0ODYxMCwiZXhwIjoxNjExMDU1ODEwLCJzdWIiOiJ7XCJpZFwiOlwiMTFcIixcInJvbGVcIjpcIjJcIn0ifQ.6b0ibop38AaoY6R3FXyVR2o4Riw7QcJ1JPGXi_3dKVI' WHERE `id` = 11 [ RunTime:0.0676s ]

[ 2021-01-19T17:30:12+08:00 ] 10.10.130.122 //Index/main
INFO: [ app_init ] --START--
INFO: Run Behavior\BuildLiteBehavior [ RunTime:0.000002s ]
INFO: [ app_init ] --END-- [ RunTime:0.000105s ]
NOTIC: [8] Constant MAIN_URL already defined /www/wwwroot/admin.njxz.edu.com/njxz_admin/Application/Common/Conf/config.inc.php 第 10 行.
NOTIC: [8] Constant IMG_URL already defined /www/wwwroot/admin.njxz.edu.com/njxz_admin/Application/Common/Conf/config.inc.php 第 11 行.
NOTIC: [8] Constant ATTACHMENT_PATH already defined /www/wwwroot/admin.njxz.edu.com/njxz_admin/Application/Common/Conf/config.inc.php 第 12 行.
NOTIC: [8] Constant IMG_PATH already defined /www/wwwroot/admin.njxz.edu.com/njxz_admin/Application/Common/Conf/config.inc.php 第 13 行.
NOTIC: [8] Constant FILE_PATH already defined /www/wwwroot/admin.njxz.edu.com/njxz_admin/Application/Common/Conf/config.inc.php 第 14 行.
NOTIC: [8] Constant UPLOAD_TEMP_PATH already defined /www/wwwroot/admin.njxz.edu.com/njxz_admin/Application/Common/Conf/config.inc.php 第 15 行.
INFO: [ app_begin ] --START--
INFO: Run Behavior\ReadHtmlCacheBehavior [ RunTime:0.000186s ]
INFO: [ app_begin ] --END-- [ RunTime:0.000195s ]
SQL: SHOW COLUMNS FROM `njxz_admin` [ RunTime:0.0006s ]
SQL: SELECT COUNT(*) AS tp_count FROM `njxz_admin` WHERE `id` = 11 LIMIT 1   [ RunTime:0.0004s ]
SQL: SHOW COLUMNS FROM `njxz_repair_application` [ RunTime:0.0183s ]
SQL: SHOW COLUMNS FROM `njxz_order` [ RunTime:0.0005s ]
SQL: SELECT COUNT(*) AS tp_count FROM `njxz_repair_application` WHERE `admin_id` = '11' AND `mark` = 1 LIMIT 1   [ RunTime:0.0059s ]
SQL: SELECT COUNT(*) AS tp_count FROM `njxz_repair_application` WHERE `admin_id` = '11' AND `mark` = 1 AND `status` = 1 LIMIT 1   [ RunTime:0.0040s ]
SQL: SELECT COUNT(*) AS tp_count FROM `njxz_repair_application` WHERE `admin_id` = '11' AND `mark` = 1 AND `status` = 3 LIMIT 1   [ RunTime:0.0002s ]
SQL: SELECT COUNT(*) AS tp_count FROM `njxz_repair_application` WHERE `admin_id` = '11' AND `mark` = 1 AND `status` = 2 LIMIT 1   [ RunTime:0.0002s ]
SQL: SELECT COUNT(*) AS tp_count FROM `njxz_order` WHERE `admin_id` = 11 AND `mark` = 1 LIMIT 1   [ RunTime:0.0091s ]
SQL: SELECT COUNT(*) AS tp_count FROM `njxz_order` WHERE `admin_id` = 11 AND `mark` = 1 AND `status` = 1 LIMIT 1   [ RunTime:0.0002s ]
SQL: SELECT COUNT(*) AS tp_count FROM `njxz_order` WHERE `admin_id` = 11 AND `mark` = 1 AND `status` = 2 LIMIT 1   [ RunTime:0.0001s ]
SQL: SELECT COUNT(*) AS tp_count FROM `njxz_order` WHERE `admin_id` = 11 AND `mark` = 1 AND `status` = 3 LIMIT 1   [ RunTime:0.0001s ]
SQL: SELECT COUNT(*) AS tp_count FROM `njxz_repair_application` WHERE (  `admin_id` = '11' AND `mark` = 1 AND `add_time` BETWEEN 1610467200 AND 1610553600 ) AND (  `admin_id` = '11' AND `mark` = 1 AND `add_time` BETWEEN 1610553600 AND 1610640000 ) AND (  `admin_id` = '11' AND `mark` = 1 AND `add_time` BETWEEN 1610640000 AND 1610726400 ) AND (  `admin_id` = '11' AND `mark` = 1 AND `add_time` BETWEEN 1610726400 AND 1610812800 ) AND (  `admin_id` = '11' AND `mark` = 1 AND `add_time` BETWEEN 1610812800 AND 1610899200 ) AND (  `admin_id` = '11' AND `mark` = 1 AND `add_time` BETWEEN 1610899200 AND 1610985600 ) AND (  `admin_id` = '11' AND `mark` = 1 AND `add_time` BETWEEN 1610985600 AND 1611072000 ) LIMIT 1   [ RunTime:0.0001s ]
NOTIC: [8] Undefined offset: 1 /www/wwwroot/admin.njxz.edu.com/njxz_admin/Application/Home/Service/AdminService.class.php 第 275 行.
SQL: SELECT COUNT(*) AS tp_count FROM `njxz_repair_application` LIMIT 1   [ RunTime:0.0001s ]
NOTIC: [8] Undefined offset: 2 /www/wwwroot/admin.njxz.edu.com/njxz_admin/Application/Home/Service/AdminService.class.php 第 275 行.
SQL: SELECT COUNT(*) AS tp_count FROM `njxz_repair_application` LIMIT 1   [ RunTime:0.0001s ]
NOTIC: [8] Undefined offset: 3 /www/wwwroot/admin.njxz.edu.com/njxz_admin/Application/Home/Service/AdminService.class.php 第 275 行.
SQL: SELECT COUNT(*) AS tp_count FROM `njxz_repair_application` LIMIT 1   [ RunTime:0.0001s ]
NOTIC: [8] Undefined offset: 4 /www/wwwroot/admin.njxz.edu.com/njxz_admin/Application/Home/Service/AdminService.class.php 第 275 行.
SQL: SELECT COUNT(*) AS tp_count FROM `njxz_repair_application` LIMIT 1   [ RunTime:0.0001s ]
NOTIC: [8] Undefined offset: 5 /www/wwwroot/admin.njxz.edu.com/njxz_admin/Application/Home/Service/AdminService.class.php 第 275 行.
SQL: SELECT COUNT(*) AS tp_count FROM `njxz_repair_application` LIMIT 1   [ RunTime:0.0001s ]
NOTIC: [8] Undefined offset: 6 /www/wwwroot/admin.njxz.edu.com/njxz_admin/Application/Home/Service/AdminService.class.php 第 275 行.
SQL: SELECT COUNT(*) AS tp_count FROM `njxz_repair_application` LIMIT 1   [ RunTime:0.0001s ]
SQL: SELECT COUNT(*) AS tp_count FROM `njxz_repair_application` WHERE (  `admin_id` = '11' AND `mark` = 1 AND `add_time` BETWEEN 1610467200 AND 1610553600 ) AND (  `admin_id` = '11' AND `mark` = 1 AND `add_time` BETWEEN 1610553600 AND 1610640000 ) AND (  `admin_id` = '11' AND `mark` = 1 AND `add_time` BETWEEN 1610640000 AND 1610726400 ) AND (  `admin_id` = '11' AND `mark` = 1 AND `add_time` BETWEEN 1610726400 AND 1610812800 ) AND (  `admin_id` = '11' AND `mark` = 1 AND `add_time` BETWEEN 1610812800 AND 1610899200 ) AND (  `admin_id` = '11' AND `mark` = 1 AND `add_time` BETWEEN 1610899200 AND 1610985600 ) AND (  `admin_id` = '11' AND `mark` = 1 AND `add_time` BETWEEN 1610985600 AND 1611072000 ) AND `status` = 1 LIMIT 1   [ RunTime:0.0001s ]
SQL: SELECT COUNT(*) AS tp_count FROM `njxz_repair_application` WHERE `status` = 1 LIMIT 1   [ RunTime:0.0001s ]
SQL: SELECT COUNT(*) AS tp_count FROM `njxz_repair_application` WHERE `status` = 1 LIMIT 1   [ RunTime:0.0001s ]
SQL: SELECT COUNT(*) AS tp_count FROM `njxz_repair_application` WHERE `status` = 1 LIMIT 1   [ RunTime:0.0001s ]
SQL: SELECT COUNT(*) AS tp_count FROM `njxz_repair_application` WHERE `status` = 1 LIMIT 1   [ RunTime:0.0001s ]
SQL: SELECT COUNT(*) AS tp_count FROM `njxz_repair_application` WHERE `status` = 1 LIMIT 1   [ RunTime:0.0001s ]
SQL: SELECT COUNT(*) AS tp_count FROM `njxz_repair_application` WHERE `status` = 1 LIMIT 1   [ RunTime:0.0001s ]
SQL: SELECT COUNT(*) AS tp_count FROM `njxz_repair_application` WHERE (  (  `admin_id` = '11' AND `mark` = 1 AND `add_time` BETWEEN 1610467200 AND 1610553600 ) AND (  `admin_id` = '11' AND `mark` = 1 AND `add_time` BETWEEN 1610553600 AND 1610640000 ) AND (  `admin_id` = '11' AND `mark` = 1 AND `add_time` BETWEEN 1610640000 AND 1610726400 ) AND (  `admin_id` = '11' AND `mark` = 1 AND `add_time` BETWEEN 1610726400 AND 1610812800 ) AND (  `admin_id` = '11' AND `mark` = 1 AND `add_time` BETWEEN 1610812800 AND 1610899200 ) AND (  `admin_id` = '11' AND `mark` = 1 AND `add_time` BETWEEN 1610899200 AND 1610985600 ) AND (  `admin_id` = '11' AND `mark` = 1 AND `add_time` BETWEEN 1610985600 AND 1611072000 ) AND `status` = 3 ) AND (  `status` = 1 ) AND (  `status` = 1 ) AND (  `status` = 1 ) AND (  `status` = 1 ) AND (  `status` = 1 ) AND (  `status` = 1 ) LIMIT 1   [ RunTime:0.0001s ]
SQL: SELECT COUNT(*) AS tp_count FROM `njxz_repair_application` WHERE (  (  `admin_id` = '11' AND `mark` = 1 AND `add_time` BETWEEN 1610467200 AND 1610553600 ) AND (  `admin_id` = '11' AND `mark` = 1 AND `add_time` BETWEEN 1610553600 AND 1610640000 ) AND (  `admin_id` = '11' AND `mark` = 1 AND `add_time` BETWEEN 1610640000 AND 1610726400 ) AND (  `admin_id` = '11' AND `mark` = 1 AND `add_time` BETWEEN 1610726400 AND 1610812800 ) AND (  `admin_id` = '11' AND `mark` = 1 AND `add_time` BETWEEN 1610812800 AND 1610899200 ) AND (  `admin_id` = '11' AND `mark` = 1 AND `add_time` BETWEEN 1610899200 AND 1610985600 ) AND (  `admin_id` = '11' AND `mark` = 1 AND `add_time` BETWEEN 1610985600 AND 1611072000 ) AND `status` = 3 ) AND (  `status` = 3 ) AND (  `status` = 1 ) AND (  `status` = 1 ) AND (  `status` = 1 ) AND (  `status` = 1 ) AND (  `status` = 1 ) LIMIT 1   [ RunTime:0.0001s ]
SQL: SELECT COUNT(*) AS tp_count FROM `njxz_repair_application` WHERE (  (  `admin_id` = '11' AND `mark` = 1 AND `add_time` BETWEEN 1610467200 AND 1610553600 ) AND (  `admin_id` = '11' AND `mark` = 1 AND `add_time` BETWEEN 1610553600 AND 1610640000 ) AND (  `admin_id` = '11' AND `mark` = 1 AND `add_time` BETWEEN 1610640000 AND 1610726400 ) AND (  `admin_id` = '11' AND `mark` = 1 AND `add_time` BETWEEN 1610726400 AND 1610812800 ) AND (  `admin_id` = '11' AND `mark` = 1 AND `add_time` BETWEEN 1610812800 AND 1610899200 ) AND (  `admin_id` = '11' AND `mark` = 1 AND `add_time` BETWEEN 1610899200 AND 1610985600 ) AND (  `admin_id` = '11' AND `mark` = 1 AND `add_time` BETWEEN 1610985600 AND 1611072000 ) AND `status` = 3 ) AND (  `status` = 3 ) AND (  `status` = 3 ) AND (  `status` = 1 ) AND (  `status` = 1 ) AND (  `status` = 1 ) AND (  `status` = 1 ) LIMIT 1   [ RunTime:0.0001s ]
SQL: SELECT COUNT(*) AS tp_count FROM `njxz_repair_application` WHERE (  (  `admin_id` = '11' AND `mark` = 1 AND `add_time` BETWEEN 1610467200 AND 1610553600 ) AND (  `admin_id` = '11' AND `mark` = 1 AND `add_time` BETWEEN 1610553600 AND 1610640000 ) AND (  `admin_id` = '11' AND `mark` = 1 AND `add_time` BETWEEN 1610640000 AND 1610726400 ) AND (  `admin_id` = '11' AND `mark` = 1 AND `add_time` BETWEEN 1610726400 AND 1610812800 ) AND (  `admin_id` = '11' AND `mark` = 1 AND `add_time` BETWEEN 1610812800 AND 1610899200 ) AND (  `admin_id` = '11' AND `mark` = 1 AND `add_time` BETWEEN 1610899200 AND 1610985600 ) AND (  `admin_id` = '11' AND `mark` = 1 AND `add_time` BETWEEN 1610985600 AND 1611072000 ) AND `status` = 3 ) AND (  `status` = 3 ) AND (  `status` = 3 ) AND (  `status` = 3 ) AND (  `status` = 1 ) AND (  `status` = 1 ) AND (  `status` = 1 ) LIMIT 1   [ RunTime:0.0001s ]
SQL: SELECT COUNT(*) AS tp_count FROM `njxz_repair_application` WHERE (  (  `admin_id` = '11' AND `mark` = 1 AND `add_time` BETWEEN 1610467200 AND 1610553600 ) AND (  `admin_id` = '11' AND `mark` = 1 AND `add_time` BETWEEN 1610553600 AND 1610640000 ) AND (  `admin_id` = '11' AND `mark` = 1 AND `add_time` BETWEEN 1610640000 AND 1610726400 ) AND (  `admin_id` = '11' AND `mark` = 1 AND `add_time` BETWEEN 1610726400 AND 1610812800 ) AND (  `admin_id` = '11' AND `mark` = 1 AND `add_time` BETWEEN 1610812800 AND 1610899200 ) AND (  `admin_id` = '11' AND `mark` = 1 AND `add_time` BETWEEN 1610899200 AND 1610985600 ) AND (  `admin_id` = '11' AND `mark` = 1 AND `add_time` BETWEEN 1610985600 AND 1611072000 ) AND `status` = 3 ) AND (  `status` = 3 ) AND (  `status` = 3 ) AND (  `status` = 3 ) AND (  `status` = 3 ) AND (  `status` = 1 ) AND (  `status` = 1 ) LIMIT 1   [ RunTime:0.0001s ]
SQL: SELECT COUNT(*) AS tp_count FROM `njxz_repair_application` WHERE (  (  `admin_id` = '11' AND `mark` = 1 AND `add_time` BETWEEN 1610467200 AND 1610553600 ) AND (  `admin_id` = '11' AND `mark` = 1 AND `add_time` BETWEEN 1610553600 AND 1610640000 ) AND (  `admin_id` = '11' AND `mark` = 1 AND `add_time` BETWEEN 1610640000 AND 1610726400 ) AND (  `admin_id` = '11' AND `mark` = 1 AND `add_time` BETWEEN 1610726400 AND 1610812800 ) AND (  `admin_id` = '11' AND `mark` = 1 AND `add_time` BETWEEN 1610812800 AND 1610899200 ) AND (  `admin_id` = '11' AND `mark` = 1 AND `add_time` BETWEEN 1610899200 AND 1610985600 ) AND (  `admin_id` = '11' AND `mark` = 1 AND `add_time` BETWEEN 1610985600 AND 1611072000 ) AND `status` = 3 ) AND (  `status` = 3 ) AND (  `status` = 3 ) AND (  `status` = 3 ) AND (  `status` = 3 ) AND (  `status` = 3 ) AND (  `status` = 1 ) LIMIT 1   [ RunTime:0.0001s ]
SQL: SELECT COUNT(*) AS tp_count FROM `njxz_repair_application` WHERE (  (  `admin_id` = '11' AND `mark` = 1 AND `add_time` BETWEEN 1610467200 AND 1610553600 ) AND (  `admin_id` = '11' AND `mark` = 1 AND `add_time` BETWEEN 1610553600 AND 1610640000 ) AND (  `admin_id` = '11' AND `mark` = 1 AND `add_time` BETWEEN 1610640000 AND 1610726400 ) AND (  `admin_id` = '11' AND `mark` = 1 AND `add_time` BETWEEN 1610726400 AND 1610812800 ) AND (  `admin_id` = '11' AND `mark` = 1 AND `add_time` BETWEEN 1610812800 AND 1610899200 ) AND (  `admin_id` = '11' AND `mark` = 1 AND `add_time` BETWEEN 1610899200 AND 1610985600 ) AND (  `admin_id` = '11' AND `mark` = 1 AND `add_time` BETWEEN 1610985600 AND 1611072000 ) AND `status` = 3 ) AND (  `status` = 3 ) AND (  `status` = 3 ) AND (  `status` = 3 ) AND (  `status` = 3 ) AND (  `status` = 3 ) AND (  `status` = 3 ) LIMIT 1   [ RunTime:0.0001s ]
SQL: SELECT COUNT(*) AS tp_count FROM `njxz_repair_application` WHERE (  (  `admin_id` = '11' AND `mark` = 1 AND `add_time` BETWEEN 1610467200 AND 1610553600 ) AND (  `admin_id` = '11' AND `mark` = 1 AND `add_time` BETWEEN 1610553600 AND 1610640000 ) AND (  `admin_id` = '11' AND `mark` = 1 AND `add_time` BETWEEN 1610640000 AND 1610726400 ) AND (  `admin_id` = '11' AND `mark` = 1 AND `add_time` BETWEEN 1610726400 AND 1610812800 ) AND (  `admin_id` = '11' AND `mark` = 1 AND `add_time` BETWEEN 1610812800 AND 1610899200 ) AND (  `admin_id` = '11' AND `mark` = 1 AND `add_time` BETWEEN 1610899200 AND 1610985600 ) AND (  `admin_id` = '11' AND `mark` = 1 AND `add_time` BETWEEN 1610985600 AND 1611072000 ) AND `status` = 2 ) AND (  `status` = 3 ) AND (  `status` = 3 ) AND (  `status` = 3 ) AND (  `status` = 3 ) AND (  `status` = 3 ) AND (  `status` = 3 ) LIMIT 1   [ RunTime:0.0001s ]
SQL: SELECT COUNT(*) AS tp_count FROM `njxz_repair_application` WHERE (  (  `admin_id` = '11' AND `mark` = 1 AND `add_time` BETWEEN 1610467200 AND 1610553600 ) AND (  `admin_id` = '11' AND `mark` = 1 AND `add_time` BETWEEN 1610553600 AND 1610640000 ) AND (  `admin_id` = '11' AND `mark` = 1 AND `add_time` BETWEEN 1610640000 AND 1610726400 ) AND (  `admin_id` = '11' AND `mark` = 1 AND `add_time` BETWEEN 1610726400 AND 1610812800 ) AND (  `admin_id` = '11' AND `mark` = 1 AND `add_time` BETWEEN 1610812800 AND 1610899200 ) AND (  `admin_id` = '11' AND `mark` = 1 AND `add_time` BETWEEN 1610899200 AND 1610985600 ) AND (  `admin_id` = '11' AND `mark` = 1 AND `add_time` BETWEEN 1610985600 AND 1611072000 ) AND `status` = 2 ) AND (  `status` = 2 ) AND (  `status` = 3 ) AND (  `status` = 3 ) AND (  `status` = 3 ) AND (  `status` = 3 ) AND (  `status` = 3 ) LIMIT 1   [ RunTime:0.0001s ]
SQL: SELECT COUNT(*) AS tp_count FROM `njxz_repair_application` WHERE (  (  `admin_id` = '11' AND `mark` = 1 AND `add_time` BETWEEN 1610467200 AND 1610553600 ) AND (  `admin_id` = '11' AND `mark` = 1 AND `add_time` BETWEEN 1610553600 AND 1610640000 ) AND (  `admin_id` = '11' AND `mark` = 1 AND `add_time` BETWEEN 1610640000 AND 1610726400 ) AND (  `admin_id` = '11' AND `mark` = 1 AND `add_time` BETWEEN 1610726400 AND 1610812800 ) AND (  `admin_id` = '11' AND `mark` = 1 AND `add_time` BETWEEN 1610812800 AND 1610899200 ) AND (  `admin_id` = '11' AND `mark` = 1 AND `add_time` BETWEEN 1610899200 AND 1610985600 ) AND (  `admin_id` = '11' AND `mark` = 1 AND `add_time` BETWEEN 1610985600 AND 1611072000 ) AND `status` = 2 ) AND (  `status` = 2 ) AND (  `status` = 2 ) AND (  `status` = 3 ) AND (  `status` = 3 ) AND (  `status` = 3 ) AND (  `status` = 3 ) LIMIT 1   [ RunTime:0.0001s ]
SQL: SELECT COUNT(*) AS tp_count FROM `njxz_repair_application` WHERE (  (  `admin_id` = '11' AND `mark` = 1 AND `add_time` BETWEEN 1610467200 AND 1610553600 ) AND (  `admin_id` = '11' AND `mark` = 1 AND `add_time` BETWEEN 1610553600 AND 1610640000 ) AND (  `admin_id` = '11' AND `mark` = 1 AND `add_time` BETWEEN 1610640000 AND 1610726400 ) AND (  `admin_id` = '11' AND `mark` = 1 AND `add_time` BETWEEN 1610726400 AND 1610812800 ) AND (  `admin_id` = '11' AND `mark` = 1 AND `add_time` BETWEEN 1610812800 AND 1610899200 ) AND (  `admin_id` = '11' AND `mark` = 1 AND `add_time` BETWEEN 1610899200 AND 1610985600 ) AND (  `admin_id` = '11' AND `mark` = 1 AND `add_time` BETWEEN 1610985600 AND 1611072000 ) AND `status` = 2 ) AND (  `status` = 2 ) AND (  `status` = 2 ) AND (  `status` = 2 ) AND (  `status` = 3 ) AND (  `status` = 3 ) AND (  `status` = 3 ) LIMIT 1   [ RunTime:0.0001s ]
SQL: SELECT COUNT(*) AS tp_count FROM `njxz_repair_application` WHERE (  (  `admin_id` = '11' AND `mark` = 1 AND `add_time` BETWEEN 1610467200 AND 1610553600 ) AND (  `admin_id` = '11' AND `mark` = 1 AND `add_time` BETWEEN 1610553600 AND 1610640000 ) AND (  `admin_id` = '11' AND `mark` = 1 AND `add_time` BETWEEN 1610640000 AND 1610726400 ) AND (  `admin_id` = '11' AND `mark` = 1 AND `add_time` BETWEEN 1610726400 AND 1610812800 ) AND (  `admin_id` = '11' AND `mark` = 1 AND `add_time` BETWEEN 1610812800 AND 1610899200 ) AND (  `admin_id` = '11' AND `mark` = 1 AND `add_time` BETWEEN 1610899200 AND 1610985600 ) AND (  `admin_id` = '11' AND `mark` = 1 AND `add_time` BETWEEN 1610985600 AND 1611072000 ) AND `status` = 2 ) AND (  `status` = 2 ) AND (  `status` = 2 ) AND (  `status` = 2 ) AND (  `status` = 2 ) AND (  `status` = 3 ) AND (  `status` = 3 ) LIMIT 1   [ RunTime:0.0001s ]
SQL: SELECT COUNT(*) AS tp_count FROM `njxz_repair_application` WHERE (  (  `admin_id` = '11' AND `mark` = 1 AND `add_time` BETWEEN 1610467200 AND 1610553600 ) AND (  `admin_id` = '11' AND `mark` = 1 AND `add_time` BETWEEN 1610553600 AND 1610640000 ) AND (  `admin_id` = '11' AND `mark` = 1 AND `add_time` BETWEEN 1610640000 AND 1610726400 ) AND (  `admin_id` = '11' AND `mark` = 1 AND `add_time` BETWEEN 1610726400 AND 1610812800 ) AND (  `admin_id` = '11' AND `mark` = 1 AND `add_time` BETWEEN 1610812800 AND 1610899200 ) AND (  `admin_id` = '11' AND `mark` = 1 AND `add_time` BETWEEN 1610899200 AND 1610985600 ) AND (  `admin_id` = '11' AND `mark` = 1 AND `add_time` BETWEEN 1610985600 AND 1611072000 ) AND `status` = 2 ) AND (  `status` = 2 ) AND (  `status` = 2 ) AND (  `status` = 2 ) AND (  `status` = 2 ) AND (  `status` = 2 ) AND (  `status` = 3 ) LIMIT 1   [ RunTime:0.0001s ]
SQL: SELECT COUNT(*) AS tp_count FROM `njxz_repair_application` WHERE (  (  `admin_id` = '11' AND `mark` = 1 AND `add_time` BETWEEN 1610467200 AND 1610553600 ) AND (  `admin_id` = '11' AND `mark` = 1 AND `add_time` BETWEEN 1610553600 AND 1610640000 ) AND (  `admin_id` = '11' AND `mark` = 1 AND `add_time` BETWEEN 1610640000 AND 1610726400 ) AND (  `admin_id` = '11' AND `mark` = 1 AND `add_time` BETWEEN 1610726400 AND 1610812800 ) AND (  `admin_id` = '11' AND `mark` = 1 AND `add_time` BETWEEN 1610812800 AND 1610899200 ) AND (  `admin_id` = '11' AND `mark` = 1 AND `add_time` BETWEEN 1610899200 AND 1610985600 ) AND (  `admin_id` = '11' AND `mark` = 1 AND `add_time` BETWEEN 1610985600 AND 1611072000 ) AND `status` = 2 ) AND (  `status` = 2 ) AND (  `status` = 2 ) AND (  `status` = 2 ) AND (  `status` = 2 ) AND (  `status` = 2 ) AND (  `status` = 2 ) LIMIT 1   [ RunTime:0.0001s ]
SQL: SELECT COUNT(*) AS tp_count FROM `njxz_order` WHERE (  (  `admin_id` = '11' AND `mark` = 1 AND `add_time` BETWEEN 1610467200 AND 1610553600 ) AND (  `admin_id` = '11' AND `mark` = 1 AND `add_time` BETWEEN 1610553600 AND 1610640000 ) AND (  `admin_id` = '11' AND `mark` = 1 AND `add_time` BETWEEN 1610640000 AND 1610726400 ) AND (  `admin_id` = '11' AND `mark` = 1 AND `add_time` BETWEEN 1610726400 AND 1610812800 ) AND (  `admin_id` = '11' AND `mark` = 1 AND `add_time` BETWEEN 1610812800 AND 1610899200 ) AND (  `admin_id` = '11' AND `mark` = 1 AND `add_time` BETWEEN 1610899200 AND 1610985600 ) AND (  `admin_id` = '11' AND `mark` = 1 AND `add_time` BETWEEN 1610985600 AND 1611072000 ) AND `status` = 2 ) AND (  `status` = 2 ) AND (  `status` = 2 ) AND (  `status` = 2 ) AND (  `status` = 2 ) AND (  `status` = 2 ) AND (  `status` = 2 ) LIMIT 1   [ RunTime:0.0001s ]
SQL: SELECT COUNT(*) AS tp_count FROM `njxz_order` WHERE (  (  `admin_id` = '11' AND `mark` = 1 AND `add_time` BETWEEN 1610467200 AND 1610553600 ) AND (  `admin_id` = '11' AND `mark` = 1 AND `add_time` BETWEEN 1610553600 AND 1610640000 ) AND (  `admin_id` = '11' AND `mark` = 1 AND `add_time` BETWEEN 1610640000 AND 1610726400 ) AND (  `admin_id` = '11' AND `mark` = 1 AND `add_time` BETWEEN 1610726400 AND 1610812800 ) AND (  `admin_id` = '11' AND `mark` = 1 AND `add_time` BETWEEN 1610812800 AND 1610899200 ) AND (  `admin_id` = '11' AND `mark` = 1 AND `add_time` BETWEEN 1610899200 AND 1610985600 ) AND (  `admin_id` = '11' AND `mark` = 1 AND `add_time` BETWEEN 1610985600 AND 1611072000 ) AND `status` = 2 ) AND (  `status` = 2 ) AND (  `status` = 2 ) AND (  `status` = 2 ) AND (  `status` = 2 ) AND (  `status` = 2 ) AND (  `status` = 2 ) LIMIT 1   [ RunTime:0.0001s ]
SQL: SELECT COUNT(*) AS tp_count FROM `njxz_order` WHERE (  (  `admin_id` = '11' AND `mark` = 1 AND `add_time` BETWEEN 1610467200 AND 1610553600 ) AND (  `admin_id` = '11' AND `mark` = 1 AND `add_time` BETWEEN 1610553600 AND 1610640000 ) AND (  `admin_id` = '11' AND `mark` = 1 AND `add_time` BETWEEN 1610640000 AND 1610726400 ) AND (  `admin_id` = '11' AND `mark` = 1 AND `add_time` BETWEEN 1610726400 AND 1610812800 ) AND (  `admin_id` = '11' AND `mark` = 1 AND `add_time` BETWEEN 1610812800 AND 1610899200 ) AND (  `admin_id` = '11' AND `mark` = 1 AND `add_time` BETWEEN 1610899200 AND 1610985600 ) AND (  `admin_id` = '11' AND `mark` = 1 AND `add_time` BETWEEN 1610985600 AND 1611072000 ) AND `status` = 2 ) AND (  `status` = 2 ) AND (  `status` = 2 ) AND (  `status` = 2 ) AND (  `status` = 2 ) AND (  `status` = 2 ) AND (  `status` = 2 ) LIMIT 1   [ RunTime:0.0001s ]
SQL: SELECT COUNT(*) AS tp_count FROM `njxz_order` WHERE (  (  `admin_id` = '11' AND `mark` = 1 AND `add_time` BETWEEN 1610467200 AND 1610553600 ) AND (  `admin_id` = '11' AND `mark` = 1 AND `add_time` BETWEEN 1610553600 AND 1610640000 ) AND (  `admin_id` = '11' AND `mark` = 1 AND `add_time` BETWEEN 1610640000 AND 1610726400 ) AND (  `admin_id` = '11' AND `mark` = 1 AND `add_time` BETWEEN 1610726400 AND 1610812800 ) AND (  `admin_id` = '11' AND `mark` = 1 AND `add_time` BETWEEN 1610812800 AND 1610899200 ) AND (  `admin_id` = '11' AND `mark` = 1 AND `add_time` BETWEEN 1610899200 AND 1610985600 ) AND (  `admin_id` = '11' AND `mark` = 1 AND `add_time` BETWEEN 1610985600 AND 1611072000 ) AND `status` = 2 ) AND (  `status` = 2 ) AND (  `status` = 2 ) AND (  `status` = 2 ) AND (  `status` = 2 ) AND (  `status` = 2 ) AND (  `status` = 2 ) LIMIT 1   [ RunTime:0.0001s ]
SQL: SELECT COUNT(*) AS tp_count FROM `njxz_order` WHERE (  (  `admin_id` = '11' AND `mark` = 1 AND `add_time` BETWEEN 1610467200 AND 1610553600 ) AND (  `admin_id` = '11' AND `mark` = 1 AND `add_time` BETWEEN 1610553600 AND 1610640000 ) AND (  `admin_id` = '11' AND `mark` = 1 AND `add_time` BETWEEN 1610640000 AND 1610726400 ) AND (  `admin_id` = '11' AND `mark` = 1 AND `add_time` BETWEEN 1610726400 AND 1610812800 ) AND (  `admin_id` = '11' AND `mark` = 1 AND `add_time` BETWEEN 1610812800 AND 1610899200 ) AND (  `admin_id` = '11' AND `mark` = 1 AND `add_time` BETWEEN 1610899200 AND 1610985600 ) AND (  `admin_id` = '11' AND `mark` = 1 AND `add_time` BETWEEN 1610985600 AND 1611072000 ) AND `status` = 2 ) AND (  `status` = 2 ) AND (  `status` = 2 ) AND (  `status` = 2 ) AND (  `status` = 2 ) AND (  `status` = 2 ) AND (  `status` = 2 ) LIMIT 1   [ RunTime:0.0001s ]
SQL: SELECT COUNT(*) AS tp_count FROM `njxz_order` WHERE (  (  `admin_id` = '11' AND `mark` = 1 AND `add_time` BETWEEN 1610467200 AND 1610553600 ) AND (  `admin_id` = '11' AND `mark` = 1 AND `add_time` BETWEEN 1610553600 AND 1610640000 ) AND (  `admin_id` = '11' AND `mark` = 1 AND `add_time` BETWEEN 1610640000 AND 1610726400 ) AND (  `admin_id` = '11' AND `mark` = 1 AND `add_time` BETWEEN 1610726400 AND 1610812800 ) AND (  `admin_id` = '11' AND `mark` = 1 AND `add_time` BETWEEN 1610812800 AND 1610899200 ) AND (  `admin_id` = '11' AND `mark` = 1 AND `add_time` BETWEEN 1610899200 AND 1610985600 ) AND (  `admin_id` = '11' AND `mark` = 1 AND `add_time` BETWEEN 1610985600 AND 1611072000 ) AND `status` = 2 ) AND (  `status` = 2 ) AND (  `status` = 2 ) AND (  `status` = 2 ) AND (  `status` = 2 ) AND (  `status` = 2 ) AND (  `status` = 2 ) LIMIT 1   [ RunTime:0.0001s ]
SQL: SELECT COUNT(*) AS tp_count FROM `njxz_order` WHERE (  (  `admin_id` = '11' AND `mark` = 1 AND `add_time` BETWEEN 1610467200 AND 1610553600 ) AND (  `admin_id` = '11' AND `mark` = 1 AND `add_time` BETWEEN 1610553600 AND 1610640000 ) AND (  `admin_id` = '11' AND `mark` = 1 AND `add_time` BETWEEN 1610640000 AND 1610726400 ) AND (  `admin_id` = '11' AND `mark` = 1 AND `add_time` BETWEEN 1610726400 AND 1610812800 ) AND (  `admin_id` = '11' AND `mark` = 1 AND `add_time` BETWEEN 1610812800 AND 1610899200 ) AND (  `admin_id` = '11' AND `mark` = 1 AND `add_time` BETWEEN 1610899200 AND 1610985600 ) AND (  `admin_id` = '11' AND `mark` = 1 AND `add_time` BETWEEN 1610985600 AND 1611072000 ) AND `status` = 2 ) AND (  `status` = 2 ) AND (  `status` = 2 ) AND (  `status` = 2 ) AND (  `status` = 2 ) AND (  `status` = 2 ) AND (  `status` = 2 ) LIMIT 1   [ RunTime:0.0001s ]
SQL: SELECT COUNT(*) AS tp_count FROM `njxz_order` WHERE (  (  `admin_id` = '11' AND `mark` = 1 AND `add_time` BETWEEN 1610467200 AND 1610553600 ) AND (  `admin_id` = '11' AND `mark` = 1 AND `add_time` BETWEEN 1610553600 AND 1610640000 ) AND (  `admin_id` = '11' AND `mark` = 1 AND `add_time` BETWEEN 1610640000 AND 1610726400 ) AND (  `admin_id` = '11' AND `mark` = 1 AND `add_time` BETWEEN 1610726400 AND 1610812800 ) AND (  `admin_id` = '11' AND `mark` = 1 AND `add_time` BETWEEN 1610812800 AND 1610899200 ) AND (  `admin_id` = '11' AND `mark` = 1 AND `add_time` BETWEEN 1610899200 AND 1610985600 ) AND (  `admin_id` = '11' AND `mark` = 1 AND `add_time` BETWEEN 1610985600 AND 1611072000 ) AND `status` = 1 ) AND (  `status` = 2 ) AND (  `status` = 2 ) AND (  `status` = 2 ) AND (  `status` = 2 ) AND (  `status` = 2 ) AND (  `status` = 2 ) LIMIT 1   [ RunTime:0.0001s ]
SQL: SELECT COUNT(*) AS tp_count FROM `njxz_order` WHERE (  (  `admin_id` = '11' AND `mark` = 1 AND `add_time` BETWEEN 1610467200 AND 1610553600 ) AND (  `admin_id` = '11' AND `mark` = 1 AND `add_time` BETWEEN 1610553600 AND 1610640000 ) AND (  `admin_id` = '11' AND `mark` = 1 AND `add_time` BETWEEN 1610640000 AND 1610726400 ) AND (  `admin_id` = '11' AND `mark` = 1 AND `add_time` BETWEEN 1610726400 AND 1610812800 ) AND (  `admin_id` = '11' AND `mark` = 1 AND `add_time` BETWEEN 1610812800 AND 1610899200 ) AND (  `admin_id` = '11' AND `mark` = 1 AND `add_time` BETWEEN 1610899200 AND 1610985600 ) AND (  `admin_id` = '11' AND `mark` = 1 AND `add_time` BETWEEN 1610985600 AND 1611072000 ) AND `status` = 1 ) AND (  `status` = 1 ) AND (  `status` = 2 ) AND (  `status` = 2 ) AND (  `status` = 2 ) AND (  `status` = 2 ) AND (  `status` = 2 ) LIMIT 1   [ RunTime:0.0001s ]
SQL: SELECT COUNT(*) AS tp_count FROM `njxz_order` WHERE (  (  `admin_id` = '11' AND `mark` = 1 AND `add_time` BETWEEN 1610467200 AND 1610553600 ) AND (  `admin_id` = '11' AND `mark` = 1 AND `add_time` BETWEEN 1610553600 AND 1610640000 ) AND (  `admin_id` = '11' AND `mark` = 1 AND `add_time` BETWEEN 1610640000 AND 1610726400 ) AND (  `admin_id` = '11' AND `mark` = 1 AND `add_time` BETWEEN 1610726400 AND 1610812800 ) AND (  `admin_id` = '11' AND `mark` = 1 AND `add_time` BETWEEN 1610812800 AND 1610899200 ) AND (  `admin_id` = '11' AND `mark` = 1 AND `add_time` BETWEEN 1610899200 AND 1610985600 ) AND (  `admin_id` = '11' AND `mark` = 1 AND `add_time` BETWEEN 1610985600 AND 1611072000 ) AND `status` = 1 ) AND (  `status` = 1 ) AND (  `status` = 1 ) AND (  `status` = 2 ) AND (  `status` = 2 ) AND (  `status` = 2 ) AND (  `status` = 2 ) LIMIT 1   [ RunTime:0.0001s ]
SQL: SELECT COUNT(*) AS tp_count FROM `njxz_order` WHERE (  (  `admin_id` = '11' AND `mark` = 1 AND `add_time` BETWEEN 1610467200 AND 1610553600 ) AND (  `admin_id` = '11' AND `mark` = 1 AND `add_time` BETWEEN 1610553600 AND 1610640000 ) AND (  `admin_id` = '11' AND `mark` = 1 AND `add_time` BETWEEN 1610640000 AND 1610726400 ) AND (  `admin_id` = '11' AND `mark` = 1 AND `add_time` BETWEEN 1610726400 AND 1610812800 ) AND (  `admin_id` = '11' AND `mark` = 1 AND `add_time` BETWEEN 1610812800 AND 1610899200 ) AND (  `admin_id` = '11' AND `mark` = 1 AND `add_time` BETWEEN 1610899200 AND 1610985600 ) AND (  `admin_id` = '11' AND `mark` = 1 AND `add_time` BETWEEN 1610985600 AND 1611072000 ) AND `status` = 1 ) AND (  `status` = 1 ) AND (  `status` = 1 ) AND (  `status` = 1 ) AND (  `status` = 2 ) AND (  `status` = 2 ) AND (  `status` = 2 ) LIMIT 1   [ RunTime:0.0001s ]
SQL: SELECT COUNT(*) AS tp_count FROM `njxz_order` WHERE (  (  `admin_id` = '11' AND `mark` = 1 AND `add_time` BETWEEN 1610467200 AND 1610553600 ) AND (  `admin_id` = '11' AND `mark` = 1 AND `add_time` BETWEEN 1610553600 AND 1610640000 ) AND (  `admin_id` = '11' AND `mark` = 1 AND `add_time` BETWEEN 1610640000 AND 1610726400 ) AND (  `admin_id` = '11' AND `mark` = 1 AND `add_time` BETWEEN 1610726400 AND 1610812800 ) AND (  `admin_id` = '11' AND `mark` = 1 AND `add_time` BETWEEN 1610812800 AND 1610899200 ) AND (  `admin_id` = '11' AND `mark` = 1 AND `add_time` BETWEEN 1610899200 AND 1610985600 ) AND (  `admin_id` = '11' AND `mark` = 1 AND `add_time` BETWEEN 1610985600 AND 1611072000 ) AND `status` = 1 ) AND (  `status` = 1 ) AND (  `status` = 1 ) AND (  `status` = 1 ) AND (  `status` = 1 ) AND (  `status` = 2 ) AND (  `status` = 2 ) LIMIT 1   [ RunTime:0.0001s ]
SQL: SELECT COUNT(*) AS tp_count FROM `njxz_order` WHERE (  (  `admin_id` = '11' AND `mark` = 1 AND `add_time` BETWEEN 1610467200 AND 1610553600 ) AND (  `admin_id` = '11' AND `mark` = 1 AND `add_time` BETWEEN 1610553600 AND 1610640000 ) AND (  `admin_id` = '11' AND `mark` = 1 AND `add_time` BETWEEN 1610640000 AND 1610726400 ) AND (  `admin_id` = '11' AND `mark` = 1 AND `add_time` BETWEEN 1610726400 AND 1610812800 ) AND (  `admin_id` = '11' AND `mark` = 1 AND `add_time` BETWEEN 1610812800 AND 1610899200 ) AND (  `admin_id` = '11' AND `mark` = 1 AND `add_time` BETWEEN 1610899200 AND 1610985600 ) AND (  `admin_id` = '11' AND `mark` = 1 AND `add_time` BETWEEN 1610985600 AND 1611072000 ) AND `status` = 1 ) AND (  `status` = 1 ) AND (  `status` = 1 ) AND (  `status` = 1 ) AND (  `status` = 1 ) AND (  `status` = 1 ) AND (  `status` = 2 ) LIMIT 1   [ RunTime:0.0001s ]
SQL: SELECT COUNT(*) AS tp_count FROM `njxz_order` WHERE (  (  `admin_id` = '11' AND `mark` = 1 AND `add_time` BETWEEN 1610467200 AND 1610553600 ) AND (  `admin_id` = '11' AND `mark` = 1 AND `add_time` BETWEEN 1610553600 AND 1610640000 ) AND (  `admin_id` = '11' AND `mark` = 1 AND `add_time` BETWEEN 1610640000 AND 1610726400 ) AND (  `admin_id` = '11' AND `mark` = 1 AND `add_time` BETWEEN 1610726400 AND 1610812800 ) AND (  `admin_id` = '11' AND `mark` = 1 AND `add_time` BETWEEN 1610812800 AND 1610899200 ) AND (  `admin_id` = '11' AND `mark` = 1 AND `add_time` BETWEEN 1610899200 AND 1610985600 ) AND (  `admin_id` = '11' AND `mark` = 1 AND `add_time` BETWEEN 1610985600 AND 1611072000 ) AND `status` = 1 ) AND (  `status` = 1 ) AND (  `status` = 1 ) AND (  `status` = 1 ) AND (  `status` = 1 ) AND (  `status` = 1 ) AND (  `status` = 1 ) LIMIT 1   [ RunTime:0.0001s ]
SQL: SELECT COUNT(*) AS tp_count FROM `njxz_order` WHERE (  (  `admin_id` = '11' AND `mark` = 1 AND `add_time` BETWEEN 1610467200 AND 1610553600 ) AND (  `admin_id` = '11' AND `mark` = 1 AND `add_time` BETWEEN 1610553600 AND 1610640000 ) AND (  `admin_id` = '11' AND `mark` = 1 AND `add_time` BETWEEN 1610640000 AND 1610726400 ) AND (  `admin_id` = '11' AND `mark` = 1 AND `add_time` BETWEEN 1610726400 AND 1610812800 ) AND (  `admin_id` = '11' AND `mark` = 1 AND `add_time` BETWEEN 1610812800 AND 1610899200 ) AND (  `admin_id` = '11' AND `mark` = 1 AND `add_time` BETWEEN 1610899200 AND 1610985600 ) AND (  `admin_id` = '11' AND `mark` = 1 AND `add_time` BETWEEN 1610985600 AND 1611072000 ) AND `status` = 2 ) AND (  `status` = 1 ) AND (  `status` = 1 ) AND (  `status` = 1 ) AND (  `status` = 1 ) AND (  `status` = 1 ) AND (  `status` = 1 ) LIMIT 1   [ RunTime:0.0001s ]
SQL: SELECT COUNT(*) AS tp_count FROM `njxz_order` WHERE (  (  `admin_id` = '11' AND `mark` = 1 AND `add_time` BETWEEN 1610467200 AND 1610553600 ) AND (  `admin_id` = '11' AND `mark` = 1 AND `add_time` BETWEEN 1610553600 AND 1610640000 ) AND (  `admin_id` = '11' AND `mark` = 1 AND `add_time` BETWEEN 1610640000 AND 1610726400 ) AND (  `admin_id` = '11' AND `mark` = 1 AND `add_time` BETWEEN 1610726400 AND 1610812800 ) AND (  `admin_id` = '11' AND `mark` = 1 AND `add_time` BETWEEN 1610812800 AND 1610899200 ) AND (  `admin_id` = '11' AND `mark` = 1 AND `add_time` BETWEEN 1610899200 AND 1610985600 ) AND (  `admin_id` = '11' AND `mark` = 1 AND `add_time` BETWEEN 1610985600 AND 1611072000 ) AND `status` = 2 ) AND (  `status` = 2 ) AND (  `status` = 1 ) AND (  `status` = 1 ) AND (  `status` = 1 ) AND (  `status` = 1 ) AND (  `status` = 1 ) LIMIT 1   [ RunTime:0.0001s ]
SQL: SELECT COUNT(*) AS tp_count FROM `njxz_order` WHERE (  (  `admin_id` = '11' AND `mark` = 1 AND `add_time` BETWEEN 1610467200 AND 1610553600 ) AND (  `admin_id` = '11' AND `mark` = 1 AND `add_time` BETWEEN 1610553600 AND 1610640000 ) AND (  `admin_id` = '11' AND `mark` = 1 AND `add_time` BETWEEN 1610640000 AND 1610726400 ) AND (  `admin_id` = '11' AND `mark` = 1 AND `add_time` BETWEEN 1610726400 AND 1610812800 ) AND (  `admin_id` = '11' AND `mark` = 1 AND `add_time` BETWEEN 1610812800 AND 1610899200 ) AND (  `admin_id` = '11' AND `mark` = 1 AND `add_time` BETWEEN 1610899200 AND 1610985600 ) AND (  `admin_id` = '11' AND `mark` = 1 AND `add_time` BETWEEN 1610985600 AND 1611072000 ) AND `status` = 2 ) AND (  `status` = 2 ) AND (  `status` = 2 ) AND (  `status` = 1 ) AND (  `status` = 1 ) AND (  `status` = 1 ) AND (  `status` = 1 ) LIMIT 1   [ RunTime:0.0001s ]
SQL: SELECT COUNT(*) AS tp_count FROM `njxz_order` WHERE (  (  `admin_id` = '11' AND `mark` = 1 AND `add_time` BETWEEN 1610467200 AND 1610553600 ) AND (  `admin_id` = '11' AND `mark` = 1 AND `add_time` BETWEEN 1610553600 AND 1610640000 ) AND (  `admin_id` = '11' AND `mark` = 1 AND `add_time` BETWEEN 1610640000 AND 1610726400 ) AND (  `admin_id` = '11' AND `mark` = 1 AND `add_time` BETWEEN 1610726400 AND 1610812800 ) AND (  `admin_id` = '11' AND `mark` = 1 AND `add_time` BETWEEN 1610812800 AND 1610899200 ) AND (  `admin_id` = '11' AND `mark` = 1 AND `add_time` BETWEEN 1610899200 AND 1610985600 ) AND (  `admin_id` = '11' AND `mark` = 1 AND `add_time` BETWEEN 1610985600 AND 1611072000 ) AND `status` = 2 ) AND (  `status` = 2 ) AND (  `status` = 2 ) AND (  `status` = 2 ) AND (  `status` = 1 ) AND (  `status` = 1 ) AND (  `status` = 1 ) LIMIT 1   [ RunTime:0.0001s ]
SQL: SELECT COUNT(*) AS tp_count FROM `njxz_order` WHERE (  (  `admin_id` = '11' AND `mark` = 1 AND `add_time` BETWEEN 1610467200 AND 1610553600 ) AND (  `admin_id` = '11' AND `mark` = 1 AND `add_time` BETWEEN 1610553600 AND 1610640000 ) AND (  `admin_id` = '11' AND `mark` = 1 AND `add_time` BETWEEN 1610640000 AND 1610726400 ) AND (  `admin_id` = '11' AND `mark` = 1 AND `add_time` BETWEEN 1610726400 AND 1610812800 ) AND (  `admin_id` = '11' AND `mark` = 1 AND `add_time` BETWEEN 1610812800 AND 1610899200 ) AND (  `admin_id` = '11' AND `mark` = 1 AND `add_time` BETWEEN 1610899200 AND 1610985600 ) AND (  `admin_id` = '11' AND `mark` = 1 AND `add_time` BETWEEN 1610985600 AND 1611072000 ) AND `status` = 2 ) AND (  `status` = 2 ) AND (  `status` = 2 ) AND (  `status` = 2 ) AND (  `status` = 2 ) AND (  `status` = 1 ) AND (  `status` = 1 ) LIMIT 1   [ RunTime:0.0001s ]
SQL: SELECT COUNT(*) AS tp_count FROM `njxz_order` WHERE (  (  `admin_id` = '11' AND `mark` = 1 AND `add_time` BETWEEN 1610467200 AND 1610553600 ) AND (  `admin_id` = '11' AND `mark` = 1 AND `add_time` BETWEEN 1610553600 AND 1610640000 ) AND (  `admin_id` = '11' AND `mark` = 1 AND `add_time` BETWEEN 1610640000 AND 1610726400 ) AND (  `admin_id` = '11' AND `mark` = 1 AND `add_time` BETWEEN 1610726400 AND 1610812800 ) AND (  `admin_id` = '11' AND `mark` = 1 AND `add_time` BETWEEN 1610812800 AND 1610899200 ) AND (  `admin_id` = '11' AND `mark` = 1 AND `add_time` BETWEEN 1610899200 AND 1610985600 ) AND (  `admin_id` = '11' AND `mark` = 1 AND `add_time` BETWEEN 1610985600 AND 1611072000 ) AND `status` = 2 ) AND (  `status` = 2 ) AND (  `status` = 2 ) AND (  `status` = 2 ) AND (  `status` = 2 ) AND (  `status` = 2 ) AND (  `status` = 1 ) LIMIT 1   [ RunTime:0.0001s ]
SQL: SELECT COUNT(*) AS tp_count FROM `njxz_order` WHERE (  (  `admin_id` = '11' AND `mark` = 1 AND `add_time` BETWEEN 1610467200 AND 1610553600 ) AND (  `admin_id` = '11' AND `mark` = 1 AND `add_time` BETWEEN 1610553600 AND 1610640000 ) AND (  `admin_id` = '11' AND `mark` = 1 AND `add_time` BETWEEN 1610640000 AND 1610726400 ) AND (  `admin_id` = '11' AND `mark` = 1 AND `add_time` BETWEEN 1610726400 AND 1610812800 ) AND (  `admin_id` = '11' AND `mark` = 1 AND `add_time` BETWEEN 1610812800 AND 1610899200 ) AND (  `admin_id` = '11' AND `mark` = 1 AND `add_time` BETWEEN 1610899200 AND 1610985600 ) AND (  `admin_id` = '11' AND `mark` = 1 AND `add_time` BETWEEN 1610985600 AND 1611072000 ) AND `status` = 2 ) AND (  `status` = 2 ) AND (  `status` = 2 ) AND (  `status` = 2 ) AND (  `status` = 2 ) AND (  `status` = 2 ) AND (  `status` = 2 ) LIMIT 1   [ RunTime:0.0001s ]
SQL: SELECT COUNT(*) AS tp_count FROM `njxz_order` WHERE (  (  `admin_id` = '11' AND `mark` = 1 AND `add_time` BETWEEN 1610467200 AND 1610553600 ) AND (  `admin_id` = '11' AND `mark` = 1 AND `add_time` BETWEEN 1610553600 AND 1610640000 ) AND (  `admin_id` = '11' AND `mark` = 1 AND `add_time` BETWEEN 1610640000 AND 1610726400 ) AND (  `admin_id` = '11' AND `mark` = 1 AND `add_time` BETWEEN 1610726400 AND 1610812800 ) AND (  `admin_id` = '11' AND `mark` = 1 AND `add_time` BETWEEN 1610812800 AND 1610899200 ) AND (  `admin_id` = '11' AND `mark` = 1 AND `add_time` BETWEEN 1610899200 AND 1610985600 ) AND (  `admin_id` = '11' AND `mark` = 1 AND `add_time` BETWEEN 1610985600 AND 1611072000 ) AND `status` = 3 ) AND (  `status` = 2 ) AND (  `status` = 2 ) AND (  `status` = 2 ) AND (  `status` = 2 ) AND (  `status` = 2 ) AND (  `status` = 2 ) LIMIT 1   [ RunTime:0.0001s ]
SQL: SELECT COUNT(*) AS tp_count FROM `njxz_order` WHERE (  (  `admin_id` = '11' AND `mark` = 1 AND `add_time` BETWEEN 1610467200 AND 1610553600 ) AND (  `admin_id` = '11' AND `mark` = 1 AND `add_time` BETWEEN 1610553600 AND 1610640000 ) AND (  `admin_id` = '11' AND `mark` = 1 AND `add_time` BETWEEN 1610640000 AND 1610726400 ) AND (  `admin_id` = '11' AND `mark` = 1 AND `add_time` BETWEEN 1610726400 AND 1610812800 ) AND (  `admin_id` = '11' AND `mark` = 1 AND `add_time` BETWEEN 1610812800 AND 1610899200 ) AND (  `admin_id` = '11' AND `mark` = 1 AND `add_time` BETWEEN 1610899200 AND 1610985600 ) AND (  `admin_id` = '11' AND `mark` = 1 AND `add_time` BETWEEN 1610985600 AND 1611072000 ) AND `status` = 3 ) AND (  `status` = 3 ) AND (  `status` = 2 ) AND (  `status` = 2 ) AND (  `status` = 2 ) AND (  `status` = 2 ) AND (  `status` = 2 ) LIMIT 1   [ RunTime:0.0001s ]
SQL: SELECT COUNT(*) AS tp_count FROM `njxz_order` WHERE (  (  `admin_id` = '11' AND `mark` = 1 AND `add_time` BETWEEN 1610467200 AND 1610553600 ) AND (  `admin_id` = '11' AND `mark` = 1 AND `add_time` BETWEEN 1610553600 AND 1610640000 ) AND (  `admin_id` = '11' AND `mark` = 1 AND `add_time` BETWEEN 1610640000 AND 1610726400 ) AND (  `admin_id` = '11' AND `mark` = 1 AND `add_time` BETWEEN 1610726400 AND 1610812800 ) AND (  `admin_id` = '11' AND `mark` = 1 AND `add_time` BETWEEN 1610812800 AND 1610899200 ) AND (  `admin_id` = '11' AND `mark` = 1 AND `add_time` BETWEEN 1610899200 AND 1610985600 ) AND (  `admin_id` = '11' AND `mark` = 1 AND `add_time` BETWEEN 1610985600 AND 1611072000 ) AND `status` = 3 ) AND (  `status` = 3 ) AND (  `status` = 3 ) AND (  `status` = 2 ) AND (  `status` = 2 ) AND (  `status` = 2 ) AND (  `status` = 2 ) LIMIT 1   [ RunTime:0.0001s ]
SQL: SELECT COUNT(*) AS tp_count FROM `njxz_order` WHERE (  (  `admin_id` = '11' AND `mark` = 1 AND `add_time` BETWEEN 1610467200 AND 1610553600 ) AND (  `admin_id` = '11' AND `mark` = 1 AND `add_time` BETWEEN 1610553600 AND 1610640000 ) AND (  `admin_id` = '11' AND `mark` = 1 AND `add_time` BETWEEN 1610640000 AND 1610726400 ) AND (  `admin_id` = '11' AND `mark` = 1 AND `add_time` BETWEEN 1610726400 AND 1610812800 ) AND (  `admin_id` = '11' AND `mark` = 1 AND `add_time` BETWEEN 1610812800 AND 1610899200 ) AND (  `admin_id` = '11' AND `mark` = 1 AND `add_time` BETWEEN 1610899200 AND 1610985600 ) AND (  `admin_id` = '11' AND `mark` = 1 AND `add_time` BETWEEN 1610985600 AND 1611072000 ) AND `status` = 3 ) AND (  `status` = 3 ) AND (  `status` = 3 ) AND (  `status` = 3 ) AND (  `status` = 2 ) AND (  `status` = 2 ) AND (  `status` = 2 ) LIMIT 1   [ RunTime:0.0001s ]
SQL: SELECT COUNT(*) AS tp_count FROM `njxz_order` WHERE (  (  `admin_id` = '11' AND `mark` = 1 AND `add_time` BETWEEN 1610467200 AND 1610553600 ) AND (  `admin_id` = '11' AND `mark` = 1 AND `add_time` BETWEEN 1610553600 AND 1610640000 ) AND (  `admin_id` = '11' AND `mark` = 1 AND `add_time` BETWEEN 1610640000 AND 1610726400 ) AND (  `admin_id` = '11' AND `mark` = 1 AND `add_time` BETWEEN 1610726400 AND 1610812800 ) AND (  `admin_id` = '11' AND `mark` = 1 AND `add_time` BETWEEN 1610812800 AND 1610899200 ) AND (  `admin_id` = '11' AND `mark` = 1 AND `add_time` BETWEEN 1610899200 AND 1610985600 ) AND (  `admin_id` = '11' AND `mark` = 1 AND `add_time` BETWEEN 1610985600 AND 1611072000 ) AND `status` = 3 ) AND (  `status` = 3 ) AND (  `status` = 3 ) AND (  `status` = 3 ) AND (  `status` = 3 ) AND (  `status` = 2 ) AND (  `status` = 2 ) LIMIT 1   [ RunTime:0.0001s ]
SQL: SELECT COUNT(*) AS tp_count FROM `njxz_order` WHERE (  (  `admin_id` = '11' AND `mark` = 1 AND `add_time` BETWEEN 1610467200 AND 1610553600 ) AND (  `admin_id` = '11' AND `mark` = 1 AND `add_time` BETWEEN 1610553600 AND 1610640000 ) AND (  `admin_id` = '11' AND `mark` = 1 AND `add_time` BETWEEN 1610640000 AND 1610726400 ) AND (  `admin_id` = '11' AND `mark` = 1 AND `add_time` BETWEEN 1610726400 AND 1610812800 ) AND (  `admin_id` = '11' AND `mark` = 1 AND `add_time` BETWEEN 1610812800 AND 1610899200 ) AND (  `admin_id` = '11' AND `mark` = 1 AND `add_time` BETWEEN 1610899200 AND 1610985600 ) AND (  `admin_id` = '11' AND `mark` = 1 AND `add_time` BETWEEN 1610985600 AND 1611072000 ) AND `status` = 3 ) AND (  `status` = 3 ) AND (  `status` = 3 ) AND (  `status` = 3 ) AND (  `status` = 3 ) AND (  `status` = 3 ) AND (  `status` = 2 ) LIMIT 1   [ RunTime:0.0001s ]
SQL: SELECT COUNT(*) AS tp_count FROM `njxz_order` WHERE (  (  `admin_id` = '11' AND `mark` = 1 AND `add_time` BETWEEN 1610467200 AND 1610553600 ) AND (  `admin_id` = '11' AND `mark` = 1 AND `add_time` BETWEEN 1610553600 AND 1610640000 ) AND (  `admin_id` = '11' AND `mark` = 1 AND `add_time` BETWEEN 1610640000 AND 1610726400 ) AND (  `admin_id` = '11' AND `mark` = 1 AND `add_time` BETWEEN 1610726400 AND 1610812800 ) AND (  `admin_id` = '11' AND `mark` = 1 AND `add_time` BETWEEN 1610812800 AND 1610899200 ) AND (  `admin_id` = '11' AND `mark` = 1 AND `add_time` BETWEEN 1610899200 AND 1610985600 ) AND (  `admin_id` = '11' AND `mark` = 1 AND `add_time` BETWEEN 1610985600 AND 1611072000 ) AND `status` = 3 ) AND (  `status` = 3 ) AND (  `status` = 3 ) AND (  `status` = 3 ) AND (  `status` = 3 ) AND (  `status` = 3 ) AND (  `status` = 3 ) LIMIT 1   [ RunTime:0.0001s ]

[ 2021-01-19T17:30:17+08:00 ] 10.10.130.122 //Apply/getBuildingAndAdminInfo
INFO: [ app_init ] --START--
INFO: Run Behavior\BuildLiteBehavior [ RunTime:0.000003s ]
INFO: [ app_init ] --END-- [ RunTime:0.000136s ]
NOTIC: [8] Constant MAIN_URL already defined /www/wwwroot/admin.njxz.edu.com/njxz_admin/Application/Common/Conf/config.inc.php 第 10 行.
NOTIC: [8] Constant IMG_URL already defined /www/wwwroot/admin.njxz.edu.com/njxz_admin/Application/Common/Conf/config.inc.php 第 11 行.
NOTIC: [8] Constant ATTACHMENT_PATH already defined /www/wwwroot/admin.njxz.edu.com/njxz_admin/Application/Common/Conf/config.inc.php 第 12 行.
NOTIC: [8] Constant IMG_PATH already defined /www/wwwroot/admin.njxz.edu.com/njxz_admin/Application/Common/Conf/config.inc.php 第 13 行.
NOTIC: [8] Constant FILE_PATH already defined /www/wwwroot/admin.njxz.edu.com/njxz_admin/Application/Common/Conf/config.inc.php 第 14 行.
NOTIC: [8] Constant UPLOAD_TEMP_PATH already defined /www/wwwroot/admin.njxz.edu.com/njxz_admin/Application/Common/Conf/config.inc.php 第 15 行.
INFO: [ app_begin ] --START--
INFO: Run Behavior\ReadHtmlCacheBehavior [ RunTime:0.000153s ]
INFO: [ app_begin ] --END-- [ RunTime:0.000160s ]
SQL: SHOW COLUMNS FROM `njxz_building` [ RunTime:0.0183s ]
SQL: SHOW COLUMNS FROM `njxz_admin` [ RunTime:0.0004s ]
SQL: SHOW COLUMNS FROM `njxz_engin_room` [ RunTime:0.0122s ]
SQL: SHOW COLUMNS FROM `njxz_devices` [ RunTime:0.0002s ]
SQL: SHOW COLUMNS FROM `njxz_device_type` [ RunTime:0.0130s ]
SQL: SELECT `id`,`name` FROM `njxz_building` WHERE `mark` = 1  [ RunTime:0.0036s ]
SQL: SELECT `realname`,`id`,`num` FROM `njxz_admin` WHERE ( role_ids LIKE '%4%' and mark = 1 )  [ RunTime:0.0002s ]

[ 2021-01-19T17:32:21+08:00 ] 10.10.130.122 //Apply/getFloors
INFO: [ app_init ] --START--
INFO: Run Behavior\BuildLiteBehavior [ RunTime:0.000003s ]
INFO: [ app_init ] --END-- [ RunTime:0.000105s ]
NOTIC: [8] Constant MAIN_URL already defined /www/wwwroot/admin.njxz.edu.com/njxz_admin/Application/Common/Conf/config.inc.php 第 10 行.
NOTIC: [8] Constant IMG_URL already defined /www/wwwroot/admin.njxz.edu.com/njxz_admin/Application/Common/Conf/config.inc.php 第 11 行.
NOTIC: [8] Constant ATTACHMENT_PATH already defined /www/wwwroot/admin.njxz.edu.com/njxz_admin/Application/Common/Conf/config.inc.php 第 12 行.
NOTIC: [8] Constant IMG_PATH already defined /www/wwwroot/admin.njxz.edu.com/njxz_admin/Application/Common/Conf/config.inc.php 第 13 行.
NOTIC: [8] Constant FILE_PATH already defined /www/wwwroot/admin.njxz.edu.com/njxz_admin/Application/Common/Conf/config.inc.php 第 14 行.
NOTIC: [8] Constant UPLOAD_TEMP_PATH already defined /www/wwwroot/admin.njxz.edu.com/njxz_admin/Application/Common/Conf/config.inc.php 第 15 行.
INFO: [ app_begin ] --START--
INFO: Run Behavior\ReadHtmlCacheBehavior [ RunTime:0.000154s ]
INFO: [ app_begin ] --END-- [ RunTime:0.000162s ]
SQL: SHOW COLUMNS FROM `njxz_building` [ RunTime:0.0010s ]
SQL: SHOW COLUMNS FROM `njxz_admin` [ RunTime:0.0003s ]
SQL: SHOW COLUMNS FROM `njxz_engin_room` [ RunTime:0.0189s ]
SQL: SHOW COLUMNS FROM `njxz_devices` [ RunTime:0.0003s ]
SQL: SHOW COLUMNS FROM `njxz_device_type` [ RunTime:0.0009s ]
SQL: SELECT `floors` FROM `njxz_building` WHERE `id` = 1 AND `mark` = 1 LIMIT 1   [ RunTime:0.0065s ]

[ 2021-01-19T17:32:22+08:00 ] 10.10.130.122 //Apply/getRooms
INFO: [ app_init ] --START--
INFO: Run Behavior\BuildLiteBehavior [ RunTime:0.000003s ]
INFO: [ app_init ] --END-- [ RunTime:0.000106s ]
NOTIC: [8] Constant MAIN_URL already defined /www/wwwroot/admin.njxz.edu.com/njxz_admin/Application/Common/Conf/config.inc.php 第 10 行.
NOTIC: [8] Constant IMG_URL already defined /www/wwwroot/admin.njxz.edu.com/njxz_admin/Application/Common/Conf/config.inc.php 第 11 行.
NOTIC: [8] Constant ATTACHMENT_PATH already defined /www/wwwroot/admin.njxz.edu.com/njxz_admin/Application/Common/Conf/config.inc.php 第 12 行.
NOTIC: [8] Constant IMG_PATH already defined /www/wwwroot/admin.njxz.edu.com/njxz_admin/Application/Common/Conf/config.inc.php 第 13 行.
NOTIC: [8] Constant FILE_PATH already defined /www/wwwroot/admin.njxz.edu.com/njxz_admin/Application/Common/Conf/config.inc.php 第 14 行.
NOTIC: [8] Constant UPLOAD_TEMP_PATH already defined /www/wwwroot/admin.njxz.edu.com/njxz_admin/Application/Common/Conf/config.inc.php 第 15 行.
INFO: [ app_begin ] --START--
INFO: Run Behavior\ReadHtmlCacheBehavior [ RunTime:0.000184s ]
INFO: [ app_begin ] --END-- [ RunTime:0.000193s ]
SQL: SHOW COLUMNS FROM `njxz_building` [ RunTime:0.0006s ]
SQL: SHOW COLUMNS FROM `njxz_admin` [ RunTime:0.0003s ]
SQL: SHOW COLUMNS FROM `njxz_engin_room` [ RunTime:0.0045s ]
SQL: SHOW COLUMNS FROM `njxz_devices` [ RunTime:0.0003s ]
SQL: SHOW COLUMNS FROM `njxz_device_type` [ RunTime:0.0118s ]
SQL: SELECT `id`,`name` FROM `njxz_engin_room` WHERE `building_id` = 1 AND `floor` = 1 AND `mark` = 1  [ RunTime:0.0058s ]

[ 2021-01-19T17:32:24+08:00 ] 10.10.130.122 //Apply/getRooms
INFO: [ app_init ] --START--
INFO: Run Behavior\BuildLiteBehavior [ RunTime:0.000003s ]
INFO: [ app_init ] --END-- [ RunTime:0.000135s ]
NOTIC: [8] Constant MAIN_URL already defined /www/wwwroot/admin.njxz.edu.com/njxz_admin/Application/Common/Conf/config.inc.php 第 10 行.
NOTIC: [8] Constant IMG_URL already defined /www/wwwroot/admin.njxz.edu.com/njxz_admin/Application/Common/Conf/config.inc.php 第 11 行.
NOTIC: [8] Constant ATTACHMENT_PATH already defined /www/wwwroot/admin.njxz.edu.com/njxz_admin/Application/Common/Conf/config.inc.php 第 12 行.
NOTIC: [8] Constant IMG_PATH already defined /www/wwwroot/admin.njxz.edu.com/njxz_admin/Application/Common/Conf/config.inc.php 第 13 行.
NOTIC: [8] Constant FILE_PATH already defined /www/wwwroot/admin.njxz.edu.com/njxz_admin/Application/Common/Conf/config.inc.php 第 14 行.
NOTIC: [8] Constant UPLOAD_TEMP_PATH already defined /www/wwwroot/admin.njxz.edu.com/njxz_admin/Application/Common/Conf/config.inc.php 第 15 行.
INFO: [ app_begin ] --START--
INFO: Run Behavior\ReadHtmlCacheBehavior [ RunTime:0.000152s ]
INFO: [ app_begin ] --END-- [ RunTime:0.000161s ]
SQL: SHOW COLUMNS FROM `njxz_building` [ RunTime:0.0008s ]
SQL: SHOW COLUMNS FROM `njxz_admin` [ RunTime:0.0003s ]
SQL: SHOW COLUMNS FROM `njxz_engin_room` [ RunTime:0.0006s ]
SQL: SHOW COLUMNS FROM `njxz_devices` [ RunTime:0.0002s ]
SQL: SHOW COLUMNS FROM `njxz_device_type` [ RunTime:0.0005s ]
SQL: SELECT `id`,`name` FROM `njxz_engin_room` WHERE `building_id` = 1 AND `floor` = 4 AND `mark` = 1  [ RunTime:0.0002s ]

[ 2021-01-19T17:32:27+08:00 ] 10.10.130.122 //Apply/getFloors
INFO: [ app_init ] --START--
INFO: Run Behavior\BuildLiteBehavior [ RunTime:0.000002s ]
INFO: [ app_init ] --END-- [ RunTime:0.000105s ]
NOTIC: [8] Constant MAIN_URL already defined /www/wwwroot/admin.njxz.edu.com/njxz_admin/Application/Common/Conf/config.inc.php 第 10 行.
NOTIC: [8] Constant IMG_URL already defined /www/wwwroot/admin.njxz.edu.com/njxz_admin/Application/Common/Conf/config.inc.php 第 11 行.
NOTIC: [8] Constant ATTACHMENT_PATH already defined /www/wwwroot/admin.njxz.edu.com/njxz_admin/Application/Common/Conf/config.inc.php 第 12 行.
NOTIC: [8] Constant IMG_PATH already defined /www/wwwroot/admin.njxz.edu.com/njxz_admin/Application/Common/Conf/config.inc.php 第 13 行.
NOTIC: [8] Constant FILE_PATH already defined /www/wwwroot/admin.njxz.edu.com/njxz_admin/Application/Common/Conf/config.inc.php 第 14 行.
NOTIC: [8] Constant UPLOAD_TEMP_PATH already defined /www/wwwroot/admin.njxz.edu.com/njxz_admin/Application/Common/Conf/config.inc.php 第 15 行.
INFO: [ app_begin ] --START--
INFO: Run Behavior\ReadHtmlCacheBehavior [ RunTime:0.000152s ]
INFO: [ app_begin ] --END-- [ RunTime:0.000160s ]
SQL: SHOW COLUMNS FROM `njxz_building` [ RunTime:0.0154s ]
SQL: SHOW COLUMNS FROM `njxz_admin` [ RunTime:0.0003s ]
SQL: SHOW COLUMNS FROM `njxz_engin_room` [ RunTime:0.0180s ]
SQL: SHOW COLUMNS FROM `njxz_devices` [ RunTime:0.0096s ]
SQL: SHOW COLUMNS FROM `njxz_device_type` [ RunTime:0.0005s ]
SQL: SELECT `floors` FROM `njxz_building` WHERE `id` = 2 AND `mark` = 1 LIMIT 1   [ RunTime:0.0002s ]

[ 2021-01-19T17:32:28+08:00 ] 10.10.130.122 //Apply/getRooms
INFO: [ app_init ] --START--
INFO: Run Behavior\BuildLiteBehavior [ RunTime:0.000002s ]
INFO: [ app_init ] --END-- [ RunTime:0.000154s ]
NOTIC: [8] Constant MAIN_URL already defined /www/wwwroot/admin.njxz.edu.com/njxz_admin/Application/Common/Conf/config.inc.php 第 10 行.
NOTIC: [8] Constant IMG_URL already defined /www/wwwroot/admin.njxz.edu.com/njxz_admin/Application/Common/Conf/config.inc.php 第 11 行.
NOTIC: [8] Constant ATTACHMENT_PATH already defined /www/wwwroot/admin.njxz.edu.com/njxz_admin/Application/Common/Conf/config.inc.php 第 12 行.
NOTIC: [8] Constant IMG_PATH already defined /www/wwwroot/admin.njxz.edu.com/njxz_admin/Application/Common/Conf/config.inc.php 第 13 行.
NOTIC: [8] Constant FILE_PATH already defined /www/wwwroot/admin.njxz.edu.com/njxz_admin/Application/Common/Conf/config.inc.php 第 14 行.
NOTIC: [8] Constant UPLOAD_TEMP_PATH already defined /www/wwwroot/admin.njxz.edu.com/njxz_admin/Application/Common/Conf/config.inc.php 第 15 行.
INFO: [ app_begin ] --START--
INFO: Run Behavior\ReadHtmlCacheBehavior [ RunTime:0.000153s ]
INFO: [ app_begin ] --END-- [ RunTime:0.000162s ]
SQL: SHOW COLUMNS FROM `njxz_building` [ RunTime:0.0005s ]
SQL: SHOW COLUMNS FROM `njxz_admin` [ RunTime:0.0003s ]
SQL: SHOW COLUMNS FROM `njxz_engin_room` [ RunTime:0.0083s ]
SQL: SHOW COLUMNS FROM `njxz_devices` [ RunTime:0.0008s ]
SQL: SHOW COLUMNS FROM `njxz_device_type` [ RunTime:0.0002s ]
SQL: SELECT `id`,`name` FROM `njxz_engin_room` WHERE `building_id` = 2 AND `floor` = 1 AND `mark` = 1  [ RunTime:0.0002s ]

