[ 2021-03-02T08:16:49+08:00 ] 127.0.0.1 //Index/getInfoByToken
INFO: [ app_init ] --START--
INFO: Run Behavior\BuildLiteBehavior [ RunTime:0.000025s ]
INFO: [ app_init ] --END-- [ RunTime:0.000634s ]
NOTIC: [8] Constant MAIN_URL already defined /Applications/MxSrvs/www/admin/Application/Common/Conf/config.inc.php 第 7 行.
NOTIC: [8] Constant IMG_URL already defined /Applications/MxSrvs/www/admin/Application/Common/Conf/config.inc.php 第 8 行.
NOTIC: [8] Constant ATTACHMENT_PATH already defined /Applications/MxSrvs/www/admin/Application/Common/Conf/config.inc.php 第 9 行.
NOTIC: [8] Constant IMG_PATH already defined /Applications/MxSrvs/www/admin/Application/Common/Conf/config.inc.php 第 10 行.
NOTIC: [8] Constant FILE_PATH already defined /Applications/MxSrvs/www/admin/Application/Common/Conf/config.inc.php 第 11 行.
NOTIC: [8] Constant UPLOAD_TEMP_PATH already defined /Applications/MxSrvs/www/admin/Application/Common/Conf/config.inc.php 第 12 行.
INFO: [ app_begin ] --START--
INFO: Run Behavior\ReadHtmlCacheBehavior [ RunTime:0.000682s ]
INFO: [ app_begin ] --END-- [ RunTime:0.000783s ]

[ 2021-03-02T08:16:56+08:00 ] 127.0.0.1 //Login/login
INFO: [ app_init ] --START--
INFO: Run Behavior\BuildLiteBehavior [ RunTime:0.000021s ]
INFO: [ app_init ] --END-- [ RunTime:0.000344s ]
NOTIC: [8] Constant MAIN_URL already defined /Applications/MxSrvs/www/admin/Application/Common/Conf/config.inc.php 第 7 行.
NOTIC: [8] Constant IMG_URL already defined /Applications/MxSrvs/www/admin/Application/Common/Conf/config.inc.php 第 8 行.
NOTIC: [8] Constant ATTACHMENT_PATH already defined /Applications/MxSrvs/www/admin/Application/Common/Conf/config.inc.php 第 9 行.
NOTIC: [8] Constant IMG_PATH already defined /Applications/MxSrvs/www/admin/Application/Common/Conf/config.inc.php 第 10 行.
NOTIC: [8] Constant FILE_PATH already defined /Applications/MxSrvs/www/admin/Application/Common/Conf/config.inc.php 第 11 行.
NOTIC: [8] Constant UPLOAD_TEMP_PATH already defined /Applications/MxSrvs/www/admin/Application/Common/Conf/config.inc.php 第 12 行.
INFO: [ app_begin ] --START--
INFO: Run Behavior\ReadHtmlCacheBehavior [ RunTime:0.000315s ]
INFO: [ app_begin ] --END-- [ RunTime:0.000383s ]
ERR: SQLSTATE[HY000] [2002] Connection refused

[ 2021-03-02T08:17:08+08:00 ] 127.0.0.1 //Login/login
INFO: [ app_init ] --START--
INFO: Run Behavior\BuildLiteBehavior [ RunTime:0.000037s ]
INFO: [ app_init ] --END-- [ RunTime:0.000572s ]
NOTIC: [8] Constant MAIN_URL already defined /Applications/MxSrvs/www/admin/Application/Common/Conf/config.inc.php 第 7 行.
NOTIC: [8] Constant IMG_URL already defined /Applications/MxSrvs/www/admin/Application/Common/Conf/config.inc.php 第 8 行.
NOTIC: [8] Constant ATTACHMENT_PATH already defined /Applications/MxSrvs/www/admin/Application/Common/Conf/config.inc.php 第 9 行.
NOTIC: [8] Constant IMG_PATH already defined /Applications/MxSrvs/www/admin/Application/Common/Conf/config.inc.php 第 10 行.
NOTIC: [8] Constant FILE_PATH already defined /Applications/MxSrvs/www/admin/Application/Common/Conf/config.inc.php 第 11 行.
NOTIC: [8] Constant UPLOAD_TEMP_PATH already defined /Applications/MxSrvs/www/admin/Application/Common/Conf/config.inc.php 第 12 行.
INFO: [ app_begin ] --START--
INFO: Run Behavior\ReadHtmlCacheBehavior [ RunTime:0.000723s ]
INFO: [ app_begin ] --END-- [ RunTime:0.000861s ]
ERR: SQLSTATE[HY000] [2002] Connection refused

[ 2021-03-02T08:17:42+08:00 ] 127.0.0.1 /
INFO: [ app_init ] --START--
INFO: Run Behavior\BuildLiteBehavior [ RunTime:0.000042s ]
INFO: [ app_init ] --END-- [ RunTime:0.000756s ]
NOTIC: [8] Constant MAIN_URL already defined /Applications/MxSrvs/www/admin/Application/Common/Conf/config.inc.php 第 7 行.
NOTIC: [8] Constant IMG_URL already defined /Applications/MxSrvs/www/admin/Application/Common/Conf/config.inc.php 第 8 行.
NOTIC: [8] Constant ATTACHMENT_PATH already defined /Applications/MxSrvs/www/admin/Application/Common/Conf/config.inc.php 第 9 行.
NOTIC: [8] Constant IMG_PATH already defined /Applications/MxSrvs/www/admin/Application/Common/Conf/config.inc.php 第 10 行.
NOTIC: [8] Constant FILE_PATH already defined /Applications/MxSrvs/www/admin/Application/Common/Conf/config.inc.php 第 11 行.
NOTIC: [8] Constant UPLOAD_TEMP_PATH already defined /Applications/MxSrvs/www/admin/Application/Common/Conf/config.inc.php 第 12 行.
INFO: [ app_begin ] --START--
INFO: Run Behavior\ReadHtmlCacheBehavior [ RunTime:0.000918s ]
INFO: [ app_begin ] --END-- [ RunTime:0.001055s ]

[ 2021-03-02T08:17:43+08:00 ] 127.0.0.1 /favicon.ico
INFO: [ app_init ] --START--
INFO: Run Behavior\BuildLiteBehavior [ RunTime:0.000027s ]
INFO: [ app_init ] --END-- [ RunTime:0.000532s ]
NOTIC: [8] Constant MAIN_URL already defined /Applications/MxSrvs/www/admin/Application/Common/Conf/config.inc.php 第 7 行.
NOTIC: [8] Constant IMG_URL already defined /Applications/MxSrvs/www/admin/Application/Common/Conf/config.inc.php 第 8 行.
NOTIC: [8] Constant ATTACHMENT_PATH already defined /Applications/MxSrvs/www/admin/Application/Common/Conf/config.inc.php 第 9 行.
NOTIC: [8] Constant IMG_PATH already defined /Applications/MxSrvs/www/admin/Application/Common/Conf/config.inc.php 第 10 行.
NOTIC: [8] Constant FILE_PATH already defined /Applications/MxSrvs/www/admin/Application/Common/Conf/config.inc.php 第 11 行.
NOTIC: [8] Constant UPLOAD_TEMP_PATH already defined /Applications/MxSrvs/www/admin/Application/Common/Conf/config.inc.php 第 12 行.

[ 2021-03-02T08:19:29+08:00 ] 127.0.0.1 //Login/login
INFO: [ app_init ] --START--
INFO: Run Behavior\BuildLiteBehavior [ RunTime:0.000026s ]
INFO: [ app_init ] --END-- [ RunTime:0.000626s ]
NOTIC: [8] Constant MAIN_URL already defined /Applications/MxSrvs/www/admin/Application/Common/Conf/config.inc.php 第 7 行.
NOTIC: [8] Constant IMG_URL already defined /Applications/MxSrvs/www/admin/Application/Common/Conf/config.inc.php 第 8 行.
NOTIC: [8] Constant ATTACHMENT_PATH already defined /Applications/MxSrvs/www/admin/Application/Common/Conf/config.inc.php 第 9 行.
NOTIC: [8] Constant IMG_PATH already defined /Applications/MxSrvs/www/admin/Application/Common/Conf/config.inc.php 第 10 行.
NOTIC: [8] Constant FILE_PATH already defined /Applications/MxSrvs/www/admin/Application/Common/Conf/config.inc.php 第 11 行.
NOTIC: [8] Constant UPLOAD_TEMP_PATH already defined /Applications/MxSrvs/www/admin/Application/Common/Conf/config.inc.php 第 12 行.
INFO: [ app_begin ] --START--
INFO: Run Behavior\ReadHtmlCacheBehavior [ RunTime:0.001277s ]
INFO: [ app_begin ] --END-- [ RunTime:0.001404s ]
ERR: SQLSTATE[HY000] [2002] Connection refused

[ 2021-03-02T08:19:30+08:00 ] 127.0.0.1 //Login/login
INFO: [ app_init ] --START--
INFO: Run Behavior\BuildLiteBehavior [ RunTime:0.000022s ]
INFO: [ app_init ] --END-- [ RunTime:0.000397s ]
NOTIC: [8] Constant MAIN_URL already defined /Applications/MxSrvs/www/admin/Application/Common/Conf/config.inc.php 第 7 行.
NOTIC: [8] Constant IMG_URL already defined /Applications/MxSrvs/www/admin/Application/Common/Conf/config.inc.php 第 8 行.
NOTIC: [8] Constant ATTACHMENT_PATH already defined /Applications/MxSrvs/www/admin/Application/Common/Conf/config.inc.php 第 9 行.
NOTIC: [8] Constant IMG_PATH already defined /Applications/MxSrvs/www/admin/Application/Common/Conf/config.inc.php 第 10 行.
NOTIC: [8] Constant FILE_PATH already defined /Applications/MxSrvs/www/admin/Application/Common/Conf/config.inc.php 第 11 行.
NOTIC: [8] Constant UPLOAD_TEMP_PATH already defined /Applications/MxSrvs/www/admin/Application/Common/Conf/config.inc.php 第 12 行.
INFO: [ app_begin ] --START--
INFO: Run Behavior\ReadHtmlCacheBehavior [ RunTime:0.000325s ]
INFO: [ app_begin ] --END-- [ RunTime:0.000392s ]
ERR: SQLSTATE[HY000] [2002] Connection refused

[ 2021-03-02T08:20:16+08:00 ] 127.0.0.1 //Login/login
INFO: [ app_init ] --START--
INFO: Run Behavior\BuildLiteBehavior [ RunTime:0.000034s ]
INFO: [ app_init ] --END-- [ RunTime:0.000613s ]
NOTIC: [8] Constant MAIN_URL already defined /Applications/MxSrvs/www/admin/Application/Common/Conf/config.inc.php 第 7 行.
NOTIC: [8] Constant IMG_URL already defined /Applications/MxSrvs/www/admin/Application/Common/Conf/config.inc.php 第 8 行.
NOTIC: [8] Constant ATTACHMENT_PATH already defined /Applications/MxSrvs/www/admin/Application/Common/Conf/config.inc.php 第 9 行.
NOTIC: [8] Constant IMG_PATH already defined /Applications/MxSrvs/www/admin/Application/Common/Conf/config.inc.php 第 10 行.
NOTIC: [8] Constant FILE_PATH already defined /Applications/MxSrvs/www/admin/Application/Common/Conf/config.inc.php 第 11 行.
NOTIC: [8] Constant UPLOAD_TEMP_PATH already defined /Applications/MxSrvs/www/admin/Application/Common/Conf/config.inc.php 第 12 行.
INFO: [ app_begin ] --START--
INFO: Run Behavior\ReadHtmlCacheBehavior [ RunTime:0.000624s ]
INFO: [ app_begin ] --END-- [ RunTime:0.000755s ]
SQL: SHOW COLUMNS FROM `njxz_admin` [ RunTime:0.0085s ]
SQL: SELECT * FROM `njxz_admin` WHERE `num` = 'D0004' AND `mark` = 1 LIMIT 1   [ RunTime:0.0036s ]
NOTIC: [2] Use of undefined constant fasle - assumed 'fasle' (this will throw an Error in a future version of PHP) /Applications/MxSrvs/www/admin/Application/Home/Service/BaseService.class.php 第 71 行.
NOTIC: [8] Undefined index: exp /Applications/MxSrvs/www/admin/Application/Home/Service/LoginService.class.php 第 113 行.
SQL: UPDATE `njxz_admin` SET `id`='6',`organization_id`='1',`dept_id`='1',`realname`='邵玲燕',`num`='D0004',`username`='shaolingyan',`password`='14e1b600b1fd579f47433b88e8d85291',`auth`=NULL,`role_ids`='3,5',`position_id`='2',`avatar`='http://images.njxzc.edu.cn/web/6017dc755242c.bmp',`status`='1',`mobile`='13584495193',`email`='1281541477@qq.com',`identity`=NULL,`gender`='2',`entry_date`='1610985600',`province_id`='1387',`city_id`='1388',`district_id`='1396',`is_admin`='2',`user_type`='1',`note`='邵玲燕',`sort_order`='125',`login_num`='0',`login_ip`=NULL,`login_time`='0',`add_time`='0',`mark`='1',`token`='eyJ0eXAiOiJKV1QiLCJhbGciOiJIUzI1NiJ9.eyJpYXQiOjE2MTQ2NDQ0MTYsIm5iZiI6MTYxNDY0NDQxNiwiZXhwIjoxNjE0NjUxNjE2LCJzdWIiOiJ7XCJpZFwiOlwiNlwiLFwicm9sZVwiOlwiMlwiLFwicmVhbG5hbWVcIjpcIlxcdTkwYjVcXHU3M2IyXFx1NzFkNVwiLFwib3JnYW5pemF0aW9uX2lkXCI6XCIxXCIsXCJkZXBhcnRtZW50X2lkXCI6XCIxXCJ9In0.esx-aU3Xw2qxd92BTN8rMEOVfuH71rpn_gVI2y_anRw' WHERE `id` = 6 [ RunTime:0.0070s ]

[ 2021-03-02T08:20:18+08:00 ] 127.0.0.1 //Index/getInfoByToken
INFO: [ app_init ] --START--
INFO: Run Behavior\BuildLiteBehavior [ RunTime:0.000045s ]
INFO: [ app_init ] --END-- [ RunTime:0.000990s ]
NOTIC: [8] Constant MAIN_URL already defined /Applications/MxSrvs/www/admin/Application/Common/Conf/config.inc.php 第 7 行.
NOTIC: [8] Constant IMG_URL already defined /Applications/MxSrvs/www/admin/Application/Common/Conf/config.inc.php 第 8 行.
NOTIC: [8] Constant ATTACHMENT_PATH already defined /Applications/MxSrvs/www/admin/Application/Common/Conf/config.inc.php 第 9 行.
NOTIC: [8] Constant IMG_PATH already defined /Applications/MxSrvs/www/admin/Application/Common/Conf/config.inc.php 第 10 行.
NOTIC: [8] Constant FILE_PATH already defined /Applications/MxSrvs/www/admin/Application/Common/Conf/config.inc.php 第 11 行.
NOTIC: [8] Constant UPLOAD_TEMP_PATH already defined /Applications/MxSrvs/www/admin/Application/Common/Conf/config.inc.php 第 12 行.
INFO: [ app_begin ] --START--
INFO: Run Behavior\ReadHtmlCacheBehavior [ RunTime:0.000738s ]
INFO: [ app_begin ] --END-- [ RunTime:0.000897s ]

[ 2021-03-02T08:20:19+08:00 ] 127.0.0.1 //Index/main
INFO: [ app_init ] --START--
INFO: Run Behavior\BuildLiteBehavior [ RunTime:0.000037s ]
INFO: [ app_init ] --END-- [ RunTime:0.000737s ]
NOTIC: [8] Constant MAIN_URL already defined /Applications/MxSrvs/www/admin/Application/Common/Conf/config.inc.php 第 7 行.
NOTIC: [8] Constant IMG_URL already defined /Applications/MxSrvs/www/admin/Application/Common/Conf/config.inc.php 第 8 行.
NOTIC: [8] Constant ATTACHMENT_PATH already defined /Applications/MxSrvs/www/admin/Application/Common/Conf/config.inc.php 第 9 行.
NOTIC: [8] Constant IMG_PATH already defined /Applications/MxSrvs/www/admin/Application/Common/Conf/config.inc.php 第 10 行.
NOTIC: [8] Constant FILE_PATH already defined /Applications/MxSrvs/www/admin/Application/Common/Conf/config.inc.php 第 11 行.
NOTIC: [8] Constant UPLOAD_TEMP_PATH already defined /Applications/MxSrvs/www/admin/Application/Common/Conf/config.inc.php 第 12 行.
INFO: [ app_begin ] --START--
INFO: Run Behavior\ReadHtmlCacheBehavior [ RunTime:0.000415s ]
INFO: [ app_begin ] --END-- [ RunTime:0.000495s ]
SQL: SHOW COLUMNS FROM `njxz_admin` [ RunTime:0.0033s ]
SQL: SELECT COUNT(*) AS tp_count FROM `njxz_admin` WHERE `id` = 6 LIMIT 1   [ RunTime:0.0030s ]
SQL: SHOW COLUMNS FROM `njxz_repair_application` [ RunTime:0.0021s ]
SQL: SHOW COLUMNS FROM `njxz_order` [ RunTime:0.0030s ]
SQL: SELECT COUNT(*) AS tp_count FROM `njxz_repair_application` WHERE `admin_id` = '6' AND `mark` = 1 LIMIT 1   [ RunTime:0.0023s ]
SQL: SELECT COUNT(*) AS tp_count FROM `njxz_repair_application` WHERE `admin_id` = '6' AND `mark` = 1 AND `status` = 1 LIMIT 1   [ RunTime:0.0029s ]
SQL: SELECT COUNT(*) AS tp_count FROM `njxz_repair_application` WHERE `admin_id` = '6' AND `mark` = 1 AND `status` = 3 LIMIT 1   [ RunTime:0.0020s ]
SQL: SELECT COUNT(*) AS tp_count FROM `njxz_repair_application` WHERE `admin_id` = '6' AND `mark` = 1 AND `status` = 2 LIMIT 1   [ RunTime:0.0025s ]
SQL: SELECT COUNT(*) AS tp_count FROM `njxz_order` WHERE `admin_id` = 6 AND `mark` = 1 LIMIT 1   [ RunTime:0.0020s ]
SQL: SELECT COUNT(*) AS tp_count FROM `njxz_order` WHERE `admin_id` = 6 AND `mark` = 1 AND `status` = 1 LIMIT 1   [ RunTime:0.0026s ]
SQL: SELECT COUNT(*) AS tp_count FROM `njxz_order` WHERE `admin_id` = 6 AND `mark` = 1 AND `status` = 2 LIMIT 1   [ RunTime:0.0034s ]
SQL: SELECT COUNT(*) AS tp_count FROM `njxz_order` WHERE `admin_id` = 6 AND `mark` = 1 AND `status` = 3 LIMIT 1   [ RunTime:0.0029s ]
SQL: SELECT COUNT(*) AS tp_count FROM `njxz_repair_application` WHERE `admin_id` = '6' AND `mark` = 1 AND `add_time` BETWEEN 1614096000 AND 1614182400 LIMIT 1   [ RunTime:0.0022s ]
SQL: SELECT COUNT(*) AS tp_count FROM `njxz_repair_application` WHERE `admin_id` = '6' AND `mark` = 1 AND `add_time` BETWEEN 1614182400 AND 1614268800 LIMIT 1   [ RunTime:0.0025s ]
SQL: SELECT COUNT(*) AS tp_count FROM `njxz_repair_application` WHERE `admin_id` = '6' AND `mark` = 1 AND `add_time` BETWEEN 1614268800 AND 1614355200 LIMIT 1   [ RunTime:0.0026s ]
SQL: SELECT COUNT(*) AS tp_count FROM `njxz_repair_application` WHERE `admin_id` = '6' AND `mark` = 1 AND `add_time` BETWEEN 1614355200 AND 1614441600 LIMIT 1   [ RunTime:0.0024s ]
SQL: SELECT COUNT(*) AS tp_count FROM `njxz_repair_application` WHERE `admin_id` = '6' AND `mark` = 1 AND `add_time` BETWEEN 1614441600 AND 1614528000 LIMIT 1   [ RunTime:0.0019s ]
SQL: SELECT COUNT(*) AS tp_count FROM `njxz_repair_application` WHERE `admin_id` = '6' AND `mark` = 1 AND `add_time` BETWEEN 1614528000 AND 1614614400 LIMIT 1   [ RunTime:0.0025s ]
SQL: SELECT COUNT(*) AS tp_count FROM `njxz_repair_application` WHERE `admin_id` = '6' AND `mark` = 1 AND `add_time` BETWEEN 1614614400 AND 1614700800 LIMIT 1   [ RunTime:0.0025s ]
SQL: SELECT COUNT(*) AS tp_count FROM `njxz_repair_application` WHERE `admin_id` = '6' AND `mark` = 1 AND `add_time` BETWEEN 1614096000 AND 1614182400 AND `status` = 1 LIMIT 1   [ RunTime:0.0026s ]
SQL: SELECT COUNT(*) AS tp_count FROM `njxz_repair_application` WHERE `admin_id` = '6' AND `mark` = 1 AND `add_time` BETWEEN 1614182400 AND 1614268800 AND `status` = 1 LIMIT 1   [ RunTime:0.0024s ]
SQL: SELECT COUNT(*) AS tp_count FROM `njxz_repair_application` WHERE `admin_id` = '6' AND `mark` = 1 AND `add_time` BETWEEN 1614268800 AND 1614355200 AND `status` = 1 LIMIT 1   [ RunTime:0.0025s ]
SQL: SELECT COUNT(*) AS tp_count FROM `njxz_repair_application` WHERE `admin_id` = '6' AND `mark` = 1 AND `add_time` BETWEEN 1614355200 AND 1614441600 AND `status` = 1 LIMIT 1   [ RunTime:0.0027s ]
SQL: SELECT COUNT(*) AS tp_count FROM `njxz_repair_application` WHERE `admin_id` = '6' AND `mark` = 1 AND `add_time` BETWEEN 1614441600 AND 1614528000 AND `status` = 1 LIMIT 1   [ RunTime:0.0026s ]
SQL: SELECT COUNT(*) AS tp_count FROM `njxz_repair_application` WHERE `admin_id` = '6' AND `mark` = 1 AND `add_time` BETWEEN 1614528000 AND 1614614400 AND `status` = 1 LIMIT 1   [ RunTime:0.0022s ]
SQL: SELECT COUNT(*) AS tp_count FROM `njxz_repair_application` WHERE `admin_id` = '6' AND `mark` = 1 AND `add_time` BETWEEN 1614614400 AND 1614700800 AND `status` = 1 LIMIT 1   [ RunTime:0.0026s ]
SQL: SELECT COUNT(*) AS tp_count FROM `njxz_repair_application` WHERE `admin_id` = '6' AND `mark` = 1 AND `add_time` BETWEEN 1614096000 AND 1614182400 AND `status` = 3 LIMIT 1   [ RunTime:0.0020s ]
SQL: SELECT COUNT(*) AS tp_count FROM `njxz_repair_application` WHERE `admin_id` = '6' AND `mark` = 1 AND `add_time` BETWEEN 1614182400 AND 1614268800 AND `status` = 3 LIMIT 1   [ RunTime:0.0021s ]
SQL: SELECT COUNT(*) AS tp_count FROM `njxz_repair_application` WHERE `admin_id` = '6' AND `mark` = 1 AND `add_time` BETWEEN 1614268800 AND 1614355200 AND `status` = 3 LIMIT 1   [ RunTime:0.0027s ]
SQL: SELECT COUNT(*) AS tp_count FROM `njxz_repair_application` WHERE `admin_id` = '6' AND `mark` = 1 AND `add_time` BETWEEN 1614355200 AND 1614441600 AND `status` = 3 LIMIT 1   [ RunTime:0.0038s ]
SQL: SELECT COUNT(*) AS tp_count FROM `njxz_repair_application` WHERE `admin_id` = '6' AND `mark` = 1 AND `add_time` BETWEEN 1614441600 AND 1614528000 AND `status` = 3 LIMIT 1   [ RunTime:0.0025s ]
SQL: SELECT COUNT(*) AS tp_count FROM `njxz_repair_application` WHERE `admin_id` = '6' AND `mark` = 1 AND `add_time` BETWEEN 1614528000 AND 1614614400 AND `status` = 3 LIMIT 1   [ RunTime:0.0028s ]
SQL: SELECT COUNT(*) AS tp_count FROM `njxz_repair_application` WHERE `admin_id` = '6' AND `mark` = 1 AND `add_time` BETWEEN 1614614400 AND 1614700800 AND `status` = 3 LIMIT 1   [ RunTime:0.0027s ]
SQL: SELECT COUNT(*) AS tp_count FROM `njxz_repair_application` WHERE `admin_id` = '6' AND `mark` = 1 AND `add_time` BETWEEN 1614096000 AND 1614182400 AND `status` = 2 LIMIT 1   [ RunTime:0.0027s ]
SQL: SELECT COUNT(*) AS tp_count FROM `njxz_repair_application` WHERE `admin_id` = '6' AND `mark` = 1 AND `add_time` BETWEEN 1614182400 AND 1614268800 AND `status` = 2 LIMIT 1   [ RunTime:0.0027s ]
SQL: SELECT COUNT(*) AS tp_count FROM `njxz_repair_application` WHERE `admin_id` = '6' AND `mark` = 1 AND `add_time` BETWEEN 1614268800 AND 1614355200 AND `status` = 2 LIMIT 1   [ RunTime:0.0024s ]
SQL: SELECT COUNT(*) AS tp_count FROM `njxz_repair_application` WHERE `admin_id` = '6' AND `mark` = 1 AND `add_time` BETWEEN 1614355200 AND 1614441600 AND `status` = 2 LIMIT 1   [ RunTime:0.0031s ]
SQL: SELECT COUNT(*) AS tp_count FROM `njxz_repair_application` WHERE `admin_id` = '6' AND `mark` = 1 AND `add_time` BETWEEN 1614441600 AND 1614528000 AND `status` = 2 LIMIT 1   [ RunTime:0.0025s ]
SQL: SELECT COUNT(*) AS tp_count FROM `njxz_repair_application` WHERE `admin_id` = '6' AND `mark` = 1 AND `add_time` BETWEEN 1614528000 AND 1614614400 AND `status` = 2 LIMIT 1   [ RunTime:0.0027s ]
SQL: SELECT COUNT(*) AS tp_count FROM `njxz_repair_application` WHERE `admin_id` = '6' AND `mark` = 1 AND `add_time` BETWEEN 1614614400 AND 1614700800 AND `status` = 2 LIMIT 1   [ RunTime:0.0028s ]
SQL: SELECT COUNT(*) AS tp_count FROM `njxz_order` WHERE `admin_id` = 6 AND `mark` = 1 AND `add_time` BETWEEN 1614096000 AND 1614182400 AND `status` = 2 LIMIT 1   [ RunTime:0.0027s ]
SQL: SELECT COUNT(*) AS tp_count FROM `njxz_order` WHERE `admin_id` = 6 AND `mark` = 1 AND `add_time` BETWEEN 1614182400 AND 1614268800 AND `status` = 2 LIMIT 1   [ RunTime:0.0029s ]
SQL: SELECT COUNT(*) AS tp_count FROM `njxz_order` WHERE `admin_id` = 6 AND `mark` = 1 AND `add_time` BETWEEN 1614268800 AND 1614355200 AND `status` = 2 LIMIT 1   [ RunTime:0.0027s ]
SQL: SELECT COUNT(*) AS tp_count FROM `njxz_order` WHERE `admin_id` = 6 AND `mark` = 1 AND `add_time` BETWEEN 1614355200 AND 1614441600 AND `status` = 2 LIMIT 1   [ RunTime:0.0025s ]
SQL: SELECT COUNT(*) AS tp_count FROM `njxz_order` WHERE `admin_id` = 6 AND `mark` = 1 AND `add_time` BETWEEN 1614441600 AND 1614528000 AND `status` = 2 LIMIT 1   [ RunTime:0.0027s ]
SQL: SELECT COUNT(*) AS tp_count FROM `njxz_order` WHERE `admin_id` = 6 AND `mark` = 1 AND `add_time` BETWEEN 1614528000 AND 1614614400 AND `status` = 2 LIMIT 1   [ RunTime:0.0028s ]
SQL: SELECT COUNT(*) AS tp_count FROM `njxz_order` WHERE `admin_id` = 6 AND `mark` = 1 AND `add_time` BETWEEN 1614614400 AND 1614700800 AND `status` = 2 LIMIT 1   [ RunTime:0.0027s ]
SQL: SELECT COUNT(*) AS tp_count FROM `njxz_order` WHERE `admin_id` = 6 AND `mark` = 1 AND `add_time` BETWEEN 1614096000 AND 1614182400 AND `status` = 1 LIMIT 1   [ RunTime:0.0024s ]
SQL: SELECT COUNT(*) AS tp_count FROM `njxz_order` WHERE `admin_id` = 6 AND `mark` = 1 AND `add_time` BETWEEN 1614182400 AND 1614268800 AND `status` = 1 LIMIT 1   [ RunTime:0.0021s ]
SQL: SELECT COUNT(*) AS tp_count FROM `njxz_order` WHERE `admin_id` = 6 AND `mark` = 1 AND `add_time` BETWEEN 1614268800 AND 1614355200 AND `status` = 1 LIMIT 1   [ RunTime:0.0028s ]
SQL: SELECT COUNT(*) AS tp_count FROM `njxz_order` WHERE `admin_id` = 6 AND `mark` = 1 AND `add_time` BETWEEN 1614355200 AND 1614441600 AND `status` = 1 LIMIT 1   [ RunTime:0.0026s ]
SQL: SELECT COUNT(*) AS tp_count FROM `njxz_order` WHERE `admin_id` = 6 AND `mark` = 1 AND `add_time` BETWEEN 1614441600 AND 1614528000 AND `status` = 1 LIMIT 1   [ RunTime:0.0031s ]
SQL: SELECT COUNT(*) AS tp_count FROM `njxz_order` WHERE `admin_id` = 6 AND `mark` = 1 AND `add_time` BETWEEN 1614528000 AND 1614614400 AND `status` = 1 LIMIT 1   [ RunTime:0.0028s ]
SQL: SELECT COUNT(*) AS tp_count FROM `njxz_order` WHERE `admin_id` = 6 AND `mark` = 1 AND `add_time` BETWEEN 1614614400 AND 1614700800 AND `status` = 1 LIMIT 1   [ RunTime:0.0026s ]
SQL: SELECT COUNT(*) AS tp_count FROM `njxz_order` WHERE `admin_id` = 6 AND `mark` = 1 AND `add_time` BETWEEN 1614096000 AND 1614182400 AND `status` = 2 LIMIT 1   [ RunTime:0.0027s ]
SQL: SELECT COUNT(*) AS tp_count FROM `njxz_order` WHERE `admin_id` = 6 AND `mark` = 1 AND `add_time` BETWEEN 1614182400 AND 1614268800 AND `status` = 2 LIMIT 1   [ RunTime:0.0025s ]
SQL: SELECT COUNT(*) AS tp_count FROM `njxz_order` WHERE `admin_id` = 6 AND `mark` = 1 AND `add_time` BETWEEN 1614268800 AND 1614355200 AND `status` = 2 LIMIT 1   [ RunTime:0.0037s ]
SQL: SELECT COUNT(*) AS tp_count FROM `njxz_order` WHERE `admin_id` = 6 AND `mark` = 1 AND `add_time` BETWEEN 1614355200 AND 1614441600 AND `status` = 2 LIMIT 1   [ RunTime:0.0027s ]
SQL: SELECT COUNT(*) AS tp_count FROM `njxz_order` WHERE `admin_id` = 6 AND `mark` = 1 AND `add_time` BETWEEN 1614441600 AND 1614528000 AND `status` = 2 LIMIT 1   [ RunTime:0.0037s ]
SQL: SELECT COUNT(*) AS tp_count FROM `njxz_order` WHERE `admin_id` = 6 AND `mark` = 1 AND `add_time` BETWEEN 1614528000 AND 1614614400 AND `status` = 2 LIMIT 1   [ RunTime:0.0026s ]
SQL: SELECT COUNT(*) AS tp_count FROM `njxz_order` WHERE `admin_id` = 6 AND `mark` = 1 AND `add_time` BETWEEN 1614614400 AND 1614700800 AND `status` = 2 LIMIT 1   [ RunTime:0.0024s ]
SQL: SELECT COUNT(*) AS tp_count FROM `njxz_order` WHERE `admin_id` = 6 AND `mark` = 1 AND `add_time` BETWEEN 1614096000 AND 1614182400 AND `status` = 3 LIMIT 1   [ RunTime:0.0034s ]
SQL: SELECT COUNT(*) AS tp_count FROM `njxz_order` WHERE `admin_id` = 6 AND `mark` = 1 AND `add_time` BETWEEN 1614182400 AND 1614268800 AND `status` = 3 LIMIT 1   [ RunTime:0.0027s ]
SQL: SELECT COUNT(*) AS tp_count FROM `njxz_order` WHERE `admin_id` = 6 AND `mark` = 1 AND `add_time` BETWEEN 1614268800 AND 1614355200 AND `status` = 3 LIMIT 1   [ RunTime:0.0027s ]
SQL: SELECT COUNT(*) AS tp_count FROM `njxz_order` WHERE `admin_id` = 6 AND `mark` = 1 AND `add_time` BETWEEN 1614355200 AND 1614441600 AND `status` = 3 LIMIT 1   [ RunTime:0.0023s ]
SQL: SELECT COUNT(*) AS tp_count FROM `njxz_order` WHERE `admin_id` = 6 AND `mark` = 1 AND `add_time` BETWEEN 1614441600 AND 1614528000 AND `status` = 3 LIMIT 1   [ RunTime:0.0033s ]
SQL: SELECT COUNT(*) AS tp_count FROM `njxz_order` WHERE `admin_id` = 6 AND `mark` = 1 AND `add_time` BETWEEN 1614528000 AND 1614614400 AND `status` = 3 LIMIT 1   [ RunTime:0.0021s ]
SQL: SELECT COUNT(*) AS tp_count FROM `njxz_order` WHERE `admin_id` = 6 AND `mark` = 1 AND `add_time` BETWEEN 1614614400 AND 1614700800 AND `status` = 3 LIMIT 1   [ RunTime:0.0019s ]

