[ 2021-01-27T12:55:52+08:00 ] 192.168.3.8 /
INFO: [ app_init ] --START--
INFO: Run Behavior\BuildLiteBehavior [ RunTime:0.000006s ]
INFO: [ app_init ] --END-- [ RunTime:0.000285s ]
NOTIC: [8] Constant MAIN_URL already defined /www/wwwroot/admin.njxz.edu.com/njxz_admin/Application/Common/Conf/config.inc.php 第 10 行.
NOTIC: [8] Constant IMG_URL already defined /www/wwwroot/admin.njxz.edu.com/njxz_admin/Application/Common/Conf/config.inc.php 第 11 行.
NOTIC: [8] Constant ATTACHMENT_PATH already defined /www/wwwroot/admin.njxz.edu.com/njxz_admin/Application/Common/Conf/config.inc.php 第 12 行.
NOTIC: [8] Constant IMG_PATH already defined /www/wwwroot/admin.njxz.edu.com/njxz_admin/Application/Common/Conf/config.inc.php 第 13 行.
NOTIC: [8] Constant FILE_PATH already defined /www/wwwroot/admin.njxz.edu.com/njxz_admin/Application/Common/Conf/config.inc.php 第 14 行.
NOTIC: [8] Constant UPLOAD_TEMP_PATH already defined /www/wwwroot/admin.njxz.edu.com/njxz_admin/Application/Common/Conf/config.inc.php 第 15 行.
INFO: [ app_begin ] --START--
INFO: Run Behavior\ReadHtmlCacheBehavior [ RunTime:0.000289s ]
INFO: [ app_begin ] --END-- [ RunTime:0.000306s ]

[ 2021-01-27T12:55:53+08:00 ] 192.168.3.8 /favicon.ico
INFO: [ app_init ] --START--
INFO: Run Behavior\BuildLiteBehavior [ RunTime:0.000005s ]
INFO: [ app_init ] --END-- [ RunTime:0.000184s ]
NOTIC: [8] Constant MAIN_URL already defined /www/wwwroot/admin.njxz.edu.com/njxz_admin/Application/Common/Conf/config.inc.php 第 10 行.
NOTIC: [8] Constant IMG_URL already defined /www/wwwroot/admin.njxz.edu.com/njxz_admin/Application/Common/Conf/config.inc.php 第 11 行.
NOTIC: [8] Constant ATTACHMENT_PATH already defined /www/wwwroot/admin.njxz.edu.com/njxz_admin/Application/Common/Conf/config.inc.php 第 12 行.
NOTIC: [8] Constant IMG_PATH already defined /www/wwwroot/admin.njxz.edu.com/njxz_admin/Application/Common/Conf/config.inc.php 第 13 行.
NOTIC: [8] Constant FILE_PATH already defined /www/wwwroot/admin.njxz.edu.com/njxz_admin/Application/Common/Conf/config.inc.php 第 14 行.
NOTIC: [8] Constant UPLOAD_TEMP_PATH already defined /www/wwwroot/admin.njxz.edu.com/njxz_admin/Application/Common/Conf/config.inc.php 第 15 行.

[ 2021-01-27T13:18:12+08:00 ] 192.168.3.8 /
INFO: [ app_init ] --START--
INFO: Run Behavior\BuildLiteBehavior [ RunTime:0.000006s ]
INFO: [ app_init ] --END-- [ RunTime:0.000200s ]
NOTIC: [8] Constant MAIN_URL already defined /www/wwwroot/admin.njxz.edu.com/njxz_admin/Application/Common/Conf/config.inc.php 第 10 行.
NOTIC: [8] Constant IMG_URL already defined /www/wwwroot/admin.njxz.edu.com/njxz_admin/Application/Common/Conf/config.inc.php 第 11 行.
NOTIC: [8] Constant ATTACHMENT_PATH already defined /www/wwwroot/admin.njxz.edu.com/njxz_admin/Application/Common/Conf/config.inc.php 第 12 行.
NOTIC: [8] Constant IMG_PATH already defined /www/wwwroot/admin.njxz.edu.com/njxz_admin/Application/Common/Conf/config.inc.php 第 13 行.
NOTIC: [8] Constant FILE_PATH already defined /www/wwwroot/admin.njxz.edu.com/njxz_admin/Application/Common/Conf/config.inc.php 第 14 行.
NOTIC: [8] Constant UPLOAD_TEMP_PATH already defined /www/wwwroot/admin.njxz.edu.com/njxz_admin/Application/Common/Conf/config.inc.php 第 15 行.
INFO: [ app_begin ] --START--
INFO: Run Behavior\ReadHtmlCacheBehavior [ RunTime:0.000305s ]
INFO: [ app_begin ] --END-- [ RunTime:0.000322s ]

[ 2021-01-27T13:21:25+08:00 ] 192.168.3.8 /
INFO: [ app_init ] --START--
INFO: Run Behavior\BuildLiteBehavior [ RunTime:0.000004s ]
INFO: [ app_init ] --END-- [ RunTime:0.000181s ]
NOTIC: [8] Constant MAIN_URL already defined /www/wwwroot/admin.njxz.edu.com/njxz_admin/Application/Common/Conf/config.inc.php 第 10 行.
NOTIC: [8] Constant IMG_URL already defined /www/wwwroot/admin.njxz.edu.com/njxz_admin/Application/Common/Conf/config.inc.php 第 11 行.
NOTIC: [8] Constant ATTACHMENT_PATH already defined /www/wwwroot/admin.njxz.edu.com/njxz_admin/Application/Common/Conf/config.inc.php 第 12 行.
NOTIC: [8] Constant IMG_PATH already defined /www/wwwroot/admin.njxz.edu.com/njxz_admin/Application/Common/Conf/config.inc.php 第 13 行.
NOTIC: [8] Constant FILE_PATH already defined /www/wwwroot/admin.njxz.edu.com/njxz_admin/Application/Common/Conf/config.inc.php 第 14 行.
NOTIC: [8] Constant UPLOAD_TEMP_PATH already defined /www/wwwroot/admin.njxz.edu.com/njxz_admin/Application/Common/Conf/config.inc.php 第 15 行.
INFO: [ app_begin ] --START--
INFO: Run Behavior\ReadHtmlCacheBehavior [ RunTime:0.000248s ]
INFO: [ app_begin ] --END-- [ RunTime:0.000263s ]

