[ 2021-01-20T11:45:14+08:00 ] 10.10.130.137 //Index/main
INFO: [ app_init ] --START--
INFO: Run Behavior\BuildLiteBehavior [ RunTime:0.000003s ]
INFO: [ app_init ] --END-- [ RunTime:0.000104s ]
NOTIC: [8] Constant MAIN_URL already defined /www/wwwroot/admin.njxz.edu.com/njxz_admin/Application/Common/Conf/config.inc.php 第 10 行.
NOTIC: [8] Constant IMG_URL already defined /www/wwwroot/admin.njxz.edu.com/njxz_admin/Application/Common/Conf/config.inc.php 第 11 行.
NOTIC: [8] Constant ATTACHMENT_PATH already defined /www/wwwroot/admin.njxz.edu.com/njxz_admin/Application/Common/Conf/config.inc.php 第 12 行.
NOTIC: [8] Constant IMG_PATH already defined /www/wwwroot/admin.njxz.edu.com/njxz_admin/Application/Common/Conf/config.inc.php 第 13 行.
NOTIC: [8] Constant FILE_PATH already defined /www/wwwroot/admin.njxz.edu.com/njxz_admin/Application/Common/Conf/config.inc.php 第 14 行.
NOTIC: [8] Constant UPLOAD_TEMP_PATH already defined /www/wwwroot/admin.njxz.edu.com/njxz_admin/Application/Common/Conf/config.inc.php 第 15 行.
INFO: [ app_begin ] --START--
INFO: Run Behavior\ReadHtmlCacheBehavior [ RunTime:0.000191s ]
INFO: [ app_begin ] --END-- [ RunTime:0.000200s ]
SQL: SHOW COLUMNS FROM `njxz_admin` [ RunTime:0.0011s ]
SQL: SELECT COUNT(*) AS tp_count FROM `njxz_admin` WHERE `id` = 11 LIMIT 1   [ RunTime:0.0002s ]
SQL: SHOW COLUMNS FROM `njxz_repair_application` [ RunTime:0.0006s ]
SQL: SHOW COLUMNS FROM `njxz_order` [ RunTime:0.0003s ]
SQL: SELECT COUNT(*) AS tp_count FROM `njxz_repair_application` WHERE `admin_id` = '11' AND `mark` = 1 LIMIT 1   [ RunTime:0.0193s ]
SQL: SELECT COUNT(*) AS tp_count FROM `njxz_repair_application` WHERE `admin_id` = '11' AND `mark` = 1 AND `status` = 1 LIMIT 1   [ RunTime:0.0008s ]
SQL: SELECT COUNT(*) AS tp_count FROM `njxz_repair_application` WHERE `admin_id` = '11' AND `mark` = 1 AND `status` = 3 LIMIT 1   [ RunTime:0.0002s ]
SQL: SELECT COUNT(*) AS tp_count FROM `njxz_repair_application` WHERE `admin_id` = '11' AND `mark` = 1 AND `status` = 2 LIMIT 1   [ RunTime:0.0002s ]
SQL: SELECT COUNT(*) AS tp_count FROM `njxz_repair_application` WHERE (  `admin_id` = '11' AND `mark` = 1 AND `add_time` BETWEEN 1610553600 AND 1610640000 ) AND (  `admin_id` = '11' AND `mark` = 1 AND `add_time` BETWEEN 1610640000 AND 1610726400 ) AND (  `admin_id` = '11' AND `mark` = 1 AND `add_time` BETWEEN 1610726400 AND 1610812800 ) AND (  `admin_id` = '11' AND `mark` = 1 AND `add_time` BETWEEN 1610812800 AND 1610899200 ) AND (  `admin_id` = '11' AND `mark` = 1 AND `add_time` BETWEEN 1610899200 AND 1610985600 ) AND (  `admin_id` = '11' AND `mark` = 1 AND `add_time` BETWEEN 1610985600 AND 1611072000 ) AND (  `admin_id` = '11' AND `mark` = 1 AND `add_time` BETWEEN 1611072000 AND 1611158400 ) LIMIT 1   [ RunTime:0.0002s ]
NOTIC: [8] Undefined offset: 1 /www/wwwroot/admin.njxz.edu.com/njxz_admin/Application/Home/Service/AdminService.class.php 第 326 行.
SQL: SELECT COUNT(*) AS tp_count FROM `njxz_repair_application` LIMIT 1   [ RunTime:0.0001s ]
NOTIC: [8] Undefined offset: 2 /www/wwwroot/admin.njxz.edu.com/njxz_admin/Application/Home/Service/AdminService.class.php 第 326 行.
SQL: SELECT COUNT(*) AS tp_count FROM `njxz_repair_application` LIMIT 1   [ RunTime:0.0001s ]
NOTIC: [8] Undefined offset: 3 /www/wwwroot/admin.njxz.edu.com/njxz_admin/Application/Home/Service/AdminService.class.php 第 326 行.
SQL: SELECT COUNT(*) AS tp_count FROM `njxz_repair_application` LIMIT 1   [ RunTime:0.0001s ]
SQL: SELECT COUNT(*) AS tp_count FROM `njxz_repair_application` WHERE (  `admin_id` = '11' AND `mark` = 1 AND `add_time` BETWEEN 1610553600 AND 1610640000 ) AND (  `admin_id` = '11' AND `mark` = 1 AND `add_time` BETWEEN 1610640000 AND 1610726400 ) AND (  `admin_id` = '11' AND `mark` = 1 AND `add_time` BETWEEN 1610726400 AND 1610812800 ) AND (  `admin_id` = '11' AND `mark` = 1 AND `add_time` BETWEEN 1610812800 AND 1610899200 ) AND (  `admin_id` = '11' AND `mark` = 1 AND `add_time` BETWEEN 1610899200 AND 1610985600 ) AND (  `admin_id` = '11' AND `mark` = 1 AND `add_time` BETWEEN 1610985600 AND 1611072000 ) AND (  `admin_id` = '11' AND `mark` = 1 AND `add_time` BETWEEN 1611072000 AND 1611158400 ) AND `status` = 1 LIMIT 1   [ RunTime:0.0001s ]
SQL: SELECT COUNT(*) AS tp_count FROM `njxz_repair_application` WHERE `status` = 1 LIMIT 1   [ RunTime:0.0001s ]
SQL: SELECT COUNT(*) AS tp_count FROM `njxz_repair_application` WHERE `status` = 1 LIMIT 1   [ RunTime:0.0001s ]
SQL: SELECT COUNT(*) AS tp_count FROM `njxz_repair_application` WHERE `status` = 1 LIMIT 1   [ RunTime:0.0001s ]
SQL: SELECT COUNT(*) AS tp_count FROM `njxz_repair_application` WHERE (  (  `admin_id` = '11' AND `mark` = 1 AND `add_time` BETWEEN 1610553600 AND 1610640000 ) AND (  `admin_id` = '11' AND `mark` = 1 AND `add_time` BETWEEN 1610640000 AND 1610726400 ) AND (  `admin_id` = '11' AND `mark` = 1 AND `add_time` BETWEEN 1610726400 AND 1610812800 ) AND (  `admin_id` = '11' AND `mark` = 1 AND `add_time` BETWEEN 1610812800 AND 1610899200 ) AND (  `admin_id` = '11' AND `mark` = 1 AND `add_time` BETWEEN 1610899200 AND 1610985600 ) AND (  `admin_id` = '11' AND `mark` = 1 AND `add_time` BETWEEN 1610985600 AND 1611072000 ) AND (  `admin_id` = '11' AND `mark` = 1 AND `add_time` BETWEEN 1611072000 AND 1611158400 ) AND `status` = 3 ) AND (  `status` = 1 ) AND (  `status` = 1 ) AND (  `status` = 1 ) LIMIT 1   [ RunTime:0.0001s ]
SQL: SELECT COUNT(*) AS tp_count FROM `njxz_repair_application` WHERE (  (  `admin_id` = '11' AND `mark` = 1 AND `add_time` BETWEEN 1610553600 AND 1610640000 ) AND (  `admin_id` = '11' AND `mark` = 1 AND `add_time` BETWEEN 1610640000 AND 1610726400 ) AND (  `admin_id` = '11' AND `mark` = 1 AND `add_time` BETWEEN 1610726400 AND 1610812800 ) AND (  `admin_id` = '11' AND `mark` = 1 AND `add_time` BETWEEN 1610812800 AND 1610899200 ) AND (  `admin_id` = '11' AND `mark` = 1 AND `add_time` BETWEEN 1610899200 AND 1610985600 ) AND (  `admin_id` = '11' AND `mark` = 1 AND `add_time` BETWEEN 1610985600 AND 1611072000 ) AND (  `admin_id` = '11' AND `mark` = 1 AND `add_time` BETWEEN 1611072000 AND 1611158400 ) AND `status` = 3 ) AND (  `status` = 3 ) AND (  `status` = 1 ) AND (  `status` = 1 ) LIMIT 1   [ RunTime:0.0001s ]
SQL: SELECT COUNT(*) AS tp_count FROM `njxz_repair_application` WHERE (  (  `admin_id` = '11' AND `mark` = 1 AND `add_time` BETWEEN 1610553600 AND 1610640000 ) AND (  `admin_id` = '11' AND `mark` = 1 AND `add_time` BETWEEN 1610640000 AND 1610726400 ) AND (  `admin_id` = '11' AND `mark` = 1 AND `add_time` BETWEEN 1610726400 AND 1610812800 ) AND (  `admin_id` = '11' AND `mark` = 1 AND `add_time` BETWEEN 1610812800 AND 1610899200 ) AND (  `admin_id` = '11' AND `mark` = 1 AND `add_time` BETWEEN 1610899200 AND 1610985600 ) AND (  `admin_id` = '11' AND `mark` = 1 AND `add_time` BETWEEN 1610985600 AND 1611072000 ) AND (  `admin_id` = '11' AND `mark` = 1 AND `add_time` BETWEEN 1611072000 AND 1611158400 ) AND `status` = 3 ) AND (  `status` = 3 ) AND (  `status` = 3 ) AND (  `status` = 1 ) LIMIT 1   [ RunTime:0.0001s ]
SQL: SELECT COUNT(*) AS tp_count FROM `njxz_repair_application` WHERE (  (  `admin_id` = '11' AND `mark` = 1 AND `add_time` BETWEEN 1610553600 AND 1610640000 ) AND (  `admin_id` = '11' AND `mark` = 1 AND `add_time` BETWEEN 1610640000 AND 1610726400 ) AND (  `admin_id` = '11' AND `mark` = 1 AND `add_time` BETWEEN 1610726400 AND 1610812800 ) AND (  `admin_id` = '11' AND `mark` = 1 AND `add_time` BETWEEN 1610812800 AND 1610899200 ) AND (  `admin_id` = '11' AND `mark` = 1 AND `add_time` BETWEEN 1610899200 AND 1610985600 ) AND (  `admin_id` = '11' AND `mark` = 1 AND `add_time` BETWEEN 1610985600 AND 1611072000 ) AND (  `admin_id` = '11' AND `mark` = 1 AND `add_time` BETWEEN 1611072000 AND 1611158400 ) AND `status` = 3 ) AND (  `status` = 3 ) AND (  `status` = 3 ) AND (  `status` = 3 ) LIMIT 1   [ RunTime:0.0001s ]
SQL: SELECT COUNT(*) AS tp_count FROM `njxz_repair_application` WHERE (  (  `admin_id` = '11' AND `mark` = 1 AND `add_time` BETWEEN 1610553600 AND 1610640000 ) AND (  `admin_id` = '11' AND `mark` = 1 AND `add_time` BETWEEN 1610640000 AND 1610726400 ) AND (  `admin_id` = '11' AND `mark` = 1 AND `add_time` BETWEEN 1610726400 AND 1610812800 ) AND (  `admin_id` = '11' AND `mark` = 1 AND `add_time` BETWEEN 1610812800 AND 1610899200 ) AND (  `admin_id` = '11' AND `mark` = 1 AND `add_time` BETWEEN 1610899200 AND 1610985600 ) AND (  `admin_id` = '11' AND `mark` = 1 AND `add_time` BETWEEN 1610985600 AND 1611072000 ) AND (  `admin_id` = '11' AND `mark` = 1 AND `add_time` BETWEEN 1611072000 AND 1611158400 ) AND `status` = 2 ) AND (  `status` = 3 ) AND (  `status` = 3 ) AND (  `status` = 3 ) LIMIT 1   [ RunTime:0.0001s ]
SQL: SELECT COUNT(*) AS tp_count FROM `njxz_repair_application` WHERE (  (  `admin_id` = '11' AND `mark` = 1 AND `add_time` BETWEEN 1610553600 AND 1610640000 ) AND (  `admin_id` = '11' AND `mark` = 1 AND `add_time` BETWEEN 1610640000 AND 1610726400 ) AND (  `admin_id` = '11' AND `mark` = 1 AND `add_time` BETWEEN 1610726400 AND 1610812800 ) AND (  `admin_id` = '11' AND `mark` = 1 AND `add_time` BETWEEN 1610812800 AND 1610899200 ) AND (  `admin_id` = '11' AND `mark` = 1 AND `add_time` BETWEEN 1610899200 AND 1610985600 ) AND (  `admin_id` = '11' AND `mark` = 1 AND `add_time` BETWEEN 1610985600 AND 1611072000 ) AND (  `admin_id` = '11' AND `mark` = 1 AND `add_time` BETWEEN 1611072000 AND 1611158400 ) AND `status` = 2 ) AND (  `status` = 2 ) AND (  `status` = 3 ) AND (  `status` = 3 ) LIMIT 1   [ RunTime:0.0001s ]
SQL: SELECT COUNT(*) AS tp_count FROM `njxz_repair_application` WHERE (  (  `admin_id` = '11' AND `mark` = 1 AND `add_time` BETWEEN 1610553600 AND 1610640000 ) AND (  `admin_id` = '11' AND `mark` = 1 AND `add_time` BETWEEN 1610640000 AND 1610726400 ) AND (  `admin_id` = '11' AND `mark` = 1 AND `add_time` BETWEEN 1610726400 AND 1610812800 ) AND (  `admin_id` = '11' AND `mark` = 1 AND `add_time` BETWEEN 1610812800 AND 1610899200 ) AND (  `admin_id` = '11' AND `mark` = 1 AND `add_time` BETWEEN 1610899200 AND 1610985600 ) AND (  `admin_id` = '11' AND `mark` = 1 AND `add_time` BETWEEN 1610985600 AND 1611072000 ) AND (  `admin_id` = '11' AND `mark` = 1 AND `add_time` BETWEEN 1611072000 AND 1611158400 ) AND `status` = 2 ) AND (  `status` = 2 ) AND (  `status` = 2 ) AND (  `status` = 3 ) LIMIT 1   [ RunTime:0.0001s ]
SQL: SELECT COUNT(*) AS tp_count FROM `njxz_repair_application` WHERE (  (  `admin_id` = '11' AND `mark` = 1 AND `add_time` BETWEEN 1610553600 AND 1610640000 ) AND (  `admin_id` = '11' AND `mark` = 1 AND `add_time` BETWEEN 1610640000 AND 1610726400 ) AND (  `admin_id` = '11' AND `mark` = 1 AND `add_time` BETWEEN 1610726400 AND 1610812800 ) AND (  `admin_id` = '11' AND `mark` = 1 AND `add_time` BETWEEN 1610812800 AND 1610899200 ) AND (  `admin_id` = '11' AND `mark` = 1 AND `add_time` BETWEEN 1610899200 AND 1610985600 ) AND (  `admin_id` = '11' AND `mark` = 1 AND `add_time` BETWEEN 1610985600 AND 1611072000 ) AND (  `admin_id` = '11' AND `mark` = 1 AND `add_time` BETWEEN 1611072000 AND 1611158400 ) AND `status` = 2 ) AND (  `status` = 2 ) AND (  `status` = 2 ) AND (  `status` = 2 ) LIMIT 1   [ RunTime:0.0001s ]
NOTIC: [8] Undefined offset: 4 /www/wwwroot/admin.njxz.edu.com/njxz_admin/Application/Home/Service/AdminService.class.php 第 269 行.
NOTIC: [8] Undefined offset: 5 /www/wwwroot/admin.njxz.edu.com/njxz_admin/Application/Home/Service/AdminService.class.php 第 269 行.
NOTIC: [8] Undefined offset: 6 /www/wwwroot/admin.njxz.edu.com/njxz_admin/Application/Home/Service/AdminService.class.php 第 269 行.
NOTIC: [8] Undefined offset: 7 /www/wwwroot/admin.njxz.edu.com/njxz_admin/Application/Home/Service/AdminService.class.php 第 269 行.

