[ 2020-05-19T21:17:08+08:00 ] 127.0.0.1 /
INFO: [ app_init ] --START--
INFO: Run Behavior\BuildLiteBehavior [ RunTime:0.000021s ]
INFO: [ app_init ] --END-- [ RunTime:0.000380s ]
NOTIC: [8] Constant MAIN_URL already defined /Users/songxk/homework/project_school/admin.njxz.edu.com/Application/Common/Conf/config.inc.php 第 10 行.
NOTIC: [8] Constant API_URL already defined /Users/songxk/homework/project_school/admin.njxz.edu.com/Application/Common/Conf/config.inc.php 第 12 行.
NOTIC: [8] Constant IMG_URL already defined /Users/songxk/homework/project_school/admin.njxz.edu.com/Application/Common/Conf/config.inc.php 第 13 行.
NOTIC: [8] Constant ATTACHMENT_PATH already defined /Users/songxk/homework/project_school/admin.njxz.edu.com/Application/Common/Conf/config.inc.php 第 14 行.
NOTIC: [8] Constant IMG_PATH already defined /Users/songxk/homework/project_school/admin.njxz.edu.com/Application/Common/Conf/config.inc.php 第 15 行.
NOTIC: [8] Constant UPLOAD_TEMP_PATH already defined /Users/songxk/homework/project_school/admin.njxz.edu.com/Application/Common/Conf/config.inc.php 第 16 行.
INFO: [ app_begin ] --START--
INFO: Run Behavior\ReadHtmlCacheBehavior [ RunTime:0.000836s ]
INFO: [ app_begin ] --END-- [ RunTime:0.001001s ]
NOTIC: [8] Undefined index: simple /Users/songxk/homework/project_school/admin.njxz.edu.com/Application/Admin/Controller/BaseController.class.php 第 59 行.

[ 2020-05-19T21:17:08+08:00 ] 127.0.0.1 /Login/index.html
INFO: [ app_init ] --START--
INFO: Run Behavior\BuildLiteBehavior [ RunTime:0.000020s ]
INFO: [ app_init ] --END-- [ RunTime:0.000410s ]
NOTIC: [8] Constant MAIN_URL already defined /Users/songxk/homework/project_school/admin.njxz.edu.com/Application/Common/Conf/config.inc.php 第 10 行.
NOTIC: [8] Constant API_URL already defined /Users/songxk/homework/project_school/admin.njxz.edu.com/Application/Common/Conf/config.inc.php 第 12 行.
NOTIC: [8] Constant IMG_URL already defined /Users/songxk/homework/project_school/admin.njxz.edu.com/Application/Common/Conf/config.inc.php 第 13 行.
NOTIC: [8] Constant ATTACHMENT_PATH already defined /Users/songxk/homework/project_school/admin.njxz.edu.com/Application/Common/Conf/config.inc.php 第 14 行.
NOTIC: [8] Constant IMG_PATH already defined /Users/songxk/homework/project_school/admin.njxz.edu.com/Application/Common/Conf/config.inc.php 第 15 行.
NOTIC: [8] Constant UPLOAD_TEMP_PATH already defined /Users/songxk/homework/project_school/admin.njxz.edu.com/Application/Common/Conf/config.inc.php 第 16 行.
INFO: [ app_begin ] --START--
INFO: Run Behavior\ReadHtmlCacheBehavior [ RunTime:0.000613s ]
INFO: [ app_begin ] --END-- [ RunTime:0.000730s ]
NOTIC: [8] Undefined index: simple /Users/songxk/homework/project_school/admin.njxz.edu.com/Application/Admin/Controller/BaseController.class.php 第 59 行.
ERR: SQLSTATE[HY000] [1045] Access denied for user 'root'@'localhost' (using password: YES)

