[ 2020-08-25T20:36:37+08:00 ] 127.0.0.1 /
INFO: [ app_init ] --START--
INFO: Run Behavior\BuildLiteBehavior [ RunTime:0.000026s ]
INFO: [ app_init ] --END-- [ RunTime:0.001186s ]
NOTIC: [8] Constant MAIN_URL already defined /Applications/MxSrvs/www/admin.njxz.edu.com/Application/Common/Conf/config.inc.php 第 10 行.
NOTIC: [8] Constant IMG_URL already defined /Applications/MxSrvs/www/admin.njxz.edu.com/Application/Common/Conf/config.inc.php 第 11 行.
NOTIC: [8] Constant ATTACHMENT_PATH already defined /Applications/MxSrvs/www/admin.njxz.edu.com/Application/Common/Conf/config.inc.php 第 12 行.
NOTIC: [8] Constant IMG_PATH already defined /Applications/MxSrvs/www/admin.njxz.edu.com/Application/Common/Conf/config.inc.php 第 13 行.
NOTIC: [8] Constant FILE_PATH already defined /Applications/MxSrvs/www/admin.njxz.edu.com/Application/Common/Conf/config.inc.php 第 14 行.
NOTIC: [8] Constant UPLOAD_TEMP_PATH already defined /Applications/MxSrvs/www/admin.njxz.edu.com/Application/Common/Conf/config.inc.php 第 15 行.
INFO: [ app_begin ] --START--
INFO: Run Behavior\ReadHtmlCacheBehavior [ RunTime:0.001799s ]
INFO: [ app_begin ] --END-- [ RunTime:0.001939s ]
NOTIC: [2] Declaration of Admin\Controller\IndexController::index() should be compatible with Admin\Controller\BaseController::index($data = Array) /Applications/MxSrvs/www/admin.njxz.edu.com/Application/Admin/Controller/IndexController.class.php 第 16 行.
NOTIC: [8] Undefined index: simple /Applications/MxSrvs/www/admin.njxz.edu.com/Application/Admin/Controller/BaseController.class.php 第 59 行.

[ 2020-08-25T20:36:37+08:00 ] 127.0.0.1 /Login/index.html
INFO: [ app_init ] --START--
INFO: Run Behavior\BuildLiteBehavior [ RunTime:0.000020s ]
INFO: [ app_init ] --END-- [ RunTime:0.000349s ]
NOTIC: [8] Constant MAIN_URL already defined /Applications/MxSrvs/www/admin.njxz.edu.com/Application/Common/Conf/config.inc.php 第 10 行.
NOTIC: [8] Constant IMG_URL already defined /Applications/MxSrvs/www/admin.njxz.edu.com/Application/Common/Conf/config.inc.php 第 11 行.
NOTIC: [8] Constant ATTACHMENT_PATH already defined /Applications/MxSrvs/www/admin.njxz.edu.com/Application/Common/Conf/config.inc.php 第 12 行.
NOTIC: [8] Constant IMG_PATH already defined /Applications/MxSrvs/www/admin.njxz.edu.com/Application/Common/Conf/config.inc.php 第 13 行.
NOTIC: [8] Constant FILE_PATH already defined /Applications/MxSrvs/www/admin.njxz.edu.com/Application/Common/Conf/config.inc.php 第 14 行.
NOTIC: [8] Constant UPLOAD_TEMP_PATH already defined /Applications/MxSrvs/www/admin.njxz.edu.com/Application/Common/Conf/config.inc.php 第 15 行.
INFO: [ app_begin ] --START--
INFO: Run Behavior\ReadHtmlCacheBehavior [ RunTime:0.000327s ]
INFO: [ app_begin ] --END-- [ RunTime:0.000389s ]
NOTIC: [2] Declaration of Admin\Controller\LoginController::index() should be compatible with Admin\Controller\BaseController::index($data = Array) /Applications/MxSrvs/www/admin.njxz.edu.com/Application/Admin/Controller/LoginController.class.php 第 8 行.
NOTIC: [8] Undefined index: simple /Applications/MxSrvs/www/admin.njxz.edu.com/Application/Admin/Controller/BaseController.class.php 第 59 行.
SQL: SHOW COLUMNS FROM `njxz_admin` [ RunTime:0.0119s ]
SQL: SELECT * FROM `njxz_admin` WHERE `id` = 0 LIMIT 1   [ RunTime:0.0052s ]
NOTIC: [2] Declaration of Admin\Service\AdminService::getList() should be compatible with Admin\Model\ServiceModel::getList($map = Array, $sort = 'id desc') /Applications/MxSrvs/www/admin.njxz.edu.com/Application/Admin/Service/AdminService.class.php 第 14 行.
NOTIC: [2] Declaration of Admin\Service\AdminService::edit() should be compatible with Admin\Model\ServiceModel::edit($data = Array, $is_sql = false) /Applications/MxSrvs/www/admin.njxz.edu.com/Application/Admin/Service/AdminService.class.php 第 14 行.
SQL: SHOW COLUMNS FROM `njxz_admin` [ RunTime:0.0011s ]
INFO: [ view_parse ] --START--
INFO: [ template_filter ] --START--
INFO: Run Behavior\ContentReplaceBehavior [ RunTime:0.001248s ]
INFO: [ template_filter ] --END-- [ RunTime:0.001367s ]
INFO: Run Behavior\ParseTemplateBehavior [ RunTime:0.019336s ]
INFO: [ view_parse ] --END-- [ RunTime:0.019433s ]
INFO: [ view_filter ] --START--
INFO: Run Behavior\WriteHtmlCacheBehavior [ RunTime:0.001564s ]
INFO: [ view_filter ] --END-- [ RunTime:0.001667s ]
INFO: [ app_end ] --START--
INFO: Run Behavior\ShowPageTraceBehavior [ RunTime:0.002273s ]
INFO: [ app_end ] --END-- [ RunTime:0.002393s ]

[ 2020-08-25T20:36:37+08:00 ] 127.0.0.1 /Login/verify.html
INFO: [ app_init ] --START--
INFO: Run Behavior\BuildLiteBehavior [ RunTime:0.000023s ]
INFO: [ app_init ] --END-- [ RunTime:0.000401s ]
NOTIC: [8] Constant MAIN_URL already defined /Applications/MxSrvs/www/admin.njxz.edu.com/Application/Common/Conf/config.inc.php 第 10 行.
NOTIC: [8] Constant IMG_URL already defined /Applications/MxSrvs/www/admin.njxz.edu.com/Application/Common/Conf/config.inc.php 第 11 行.
NOTIC: [8] Constant ATTACHMENT_PATH already defined /Applications/MxSrvs/www/admin.njxz.edu.com/Application/Common/Conf/config.inc.php 第 12 行.
NOTIC: [8] Constant IMG_PATH already defined /Applications/MxSrvs/www/admin.njxz.edu.com/Application/Common/Conf/config.inc.php 第 13 行.
NOTIC: [8] Constant FILE_PATH already defined /Applications/MxSrvs/www/admin.njxz.edu.com/Application/Common/Conf/config.inc.php 第 14 行.
NOTIC: [8] Constant UPLOAD_TEMP_PATH already defined /Applications/MxSrvs/www/admin.njxz.edu.com/Application/Common/Conf/config.inc.php 第 15 行.
INFO: [ app_begin ] --START--
INFO: Run Behavior\ReadHtmlCacheBehavior [ RunTime:0.007381s ]
INFO: [ app_begin ] --END-- [ RunTime:0.007494s ]
NOTIC: [2] Declaration of Admin\Controller\LoginController::index() should be compatible with Admin\Controller\BaseController::index($data = Array) /Applications/MxSrvs/www/admin.njxz.edu.com/Application/Admin/Controller/LoginController.class.php 第 8 行.
NOTIC: [8] Undefined index: simple /Applications/MxSrvs/www/admin.njxz.edu.com/Application/Admin/Controller/BaseController.class.php 第 59 行.
SQL: SHOW COLUMNS FROM `njxz_admin` [ RunTime:0.0010s ]
SQL: SELECT * FROM `njxz_admin` WHERE `id` = 0 LIMIT 1   [ RunTime:0.0005s ]
NOTIC: [2] Declaration of Admin\Service\AdminService::getList() should be compatible with Admin\Model\ServiceModel::getList($map = Array, $sort = 'id desc') /Applications/MxSrvs/www/admin.njxz.edu.com/Application/Admin/Service/AdminService.class.php 第 14 行.
NOTIC: [2] Declaration of Admin\Service\AdminService::edit() should be compatible with Admin\Model\ServiceModel::edit($data = Array, $is_sql = false) /Applications/MxSrvs/www/admin.njxz.edu.com/Application/Admin/Service/AdminService.class.php 第 14 行.
SQL: SHOW COLUMNS FROM `njxz_admin` [ RunTime:0.0020s ]
INFO: [ app_end ] --START--
INFO: Run Behavior\ShowPageTraceBehavior [ RunTime:0.000469s ]
INFO: [ app_end ] --END-- [ RunTime:0.000551s ]

[ 2020-08-25T20:36:49+08:00 ] 127.0.0.1 /Login/Login/login
INFO: [ app_init ] --START--
INFO: Run Behavior\BuildLiteBehavior [ RunTime:0.000019s ]
INFO: [ app_init ] --END-- [ RunTime:0.000323s ]
NOTIC: [8] Constant MAIN_URL already defined /Applications/MxSrvs/www/admin.njxz.edu.com/Application/Common/Conf/config.inc.php 第 10 行.
NOTIC: [8] Constant IMG_URL already defined /Applications/MxSrvs/www/admin.njxz.edu.com/Application/Common/Conf/config.inc.php 第 11 行.
NOTIC: [8] Constant ATTACHMENT_PATH already defined /Applications/MxSrvs/www/admin.njxz.edu.com/Application/Common/Conf/config.inc.php 第 12 行.
NOTIC: [8] Constant IMG_PATH already defined /Applications/MxSrvs/www/admin.njxz.edu.com/Application/Common/Conf/config.inc.php 第 13 行.
NOTIC: [8] Constant FILE_PATH already defined /Applications/MxSrvs/www/admin.njxz.edu.com/Application/Common/Conf/config.inc.php 第 14 行.
NOTIC: [8] Constant UPLOAD_TEMP_PATH already defined /Applications/MxSrvs/www/admin.njxz.edu.com/Application/Common/Conf/config.inc.php 第 15 行.
INFO: [ app_begin ] --START--
INFO: Run Behavior\ReadHtmlCacheBehavior [ RunTime:0.000357s ]
INFO: [ app_begin ] --END-- [ RunTime:0.000423s ]
NOTIC: [2] Declaration of Admin\Controller\LoginController::index() should be compatible with Admin\Controller\BaseController::index($data = Array) /Applications/MxSrvs/www/admin.njxz.edu.com/Application/Admin/Controller/LoginController.class.php 第 8 行.
NOTIC: [8] Undefined index: simple /Applications/MxSrvs/www/admin.njxz.edu.com/Application/Admin/Controller/BaseController.class.php 第 59 行.
SQL: SHOW COLUMNS FROM `njxz_admin` [ RunTime:0.0007s ]
SQL: SELECT * FROM `njxz_admin` WHERE `id` = 0 LIMIT 1   [ RunTime:0.0004s ]
NOTIC: [2] Declaration of Admin\Service\AdminService::getList() should be compatible with Admin\Model\ServiceModel::getList($map = Array, $sort = 'id desc') /Applications/MxSrvs/www/admin.njxz.edu.com/Application/Admin/Service/AdminService.class.php 第 14 行.
NOTIC: [2] Declaration of Admin\Service\AdminService::edit() should be compatible with Admin\Model\ServiceModel::edit($data = Array, $is_sql = false) /Applications/MxSrvs/www/admin.njxz.edu.com/Application/Admin/Service/AdminService.class.php 第 14 行.
SQL: SHOW COLUMNS FROM `njxz_admin` [ RunTime:0.0007s ]

[ 2020-08-25T20:36:52+08:00 ] 127.0.0.1 /Login/verify?rand=34
INFO: [ app_init ] --START--
INFO: Run Behavior\BuildLiteBehavior [ RunTime:0.000025s ]
INFO: [ app_init ] --END-- [ RunTime:0.000614s ]
NOTIC: [8] Constant MAIN_URL already defined /Applications/MxSrvs/www/admin.njxz.edu.com/Application/Common/Conf/config.inc.php 第 10 行.
NOTIC: [8] Constant IMG_URL already defined /Applications/MxSrvs/www/admin.njxz.edu.com/Application/Common/Conf/config.inc.php 第 11 行.
NOTIC: [8] Constant ATTACHMENT_PATH already defined /Applications/MxSrvs/www/admin.njxz.edu.com/Application/Common/Conf/config.inc.php 第 12 行.
NOTIC: [8] Constant IMG_PATH already defined /Applications/MxSrvs/www/admin.njxz.edu.com/Application/Common/Conf/config.inc.php 第 13 行.
NOTIC: [8] Constant FILE_PATH already defined /Applications/MxSrvs/www/admin.njxz.edu.com/Application/Common/Conf/config.inc.php 第 14 行.
NOTIC: [8] Constant UPLOAD_TEMP_PATH already defined /Applications/MxSrvs/www/admin.njxz.edu.com/Application/Common/Conf/config.inc.php 第 15 行.
INFO: [ app_begin ] --START--
INFO: Run Behavior\ReadHtmlCacheBehavior [ RunTime:0.000336s ]
INFO: [ app_begin ] --END-- [ RunTime:0.000407s ]
NOTIC: [2] Declaration of Admin\Controller\LoginController::index() should be compatible with Admin\Controller\BaseController::index($data = Array) /Applications/MxSrvs/www/admin.njxz.edu.com/Application/Admin/Controller/LoginController.class.php 第 8 行.
NOTIC: [8] Undefined index: simple /Applications/MxSrvs/www/admin.njxz.edu.com/Application/Admin/Controller/BaseController.class.php 第 59 行.
SQL: SHOW COLUMNS FROM `njxz_admin` [ RunTime:0.0008s ]
SQL: SELECT * FROM `njxz_admin` WHERE `id` = 0 LIMIT 1   [ RunTime:0.0006s ]
NOTIC: [2] Declaration of Admin\Service\AdminService::getList() should be compatible with Admin\Model\ServiceModel::getList($map = Array, $sort = 'id desc') /Applications/MxSrvs/www/admin.njxz.edu.com/Application/Admin/Service/AdminService.class.php 第 14 行.
NOTIC: [2] Declaration of Admin\Service\AdminService::edit() should be compatible with Admin\Model\ServiceModel::edit($data = Array, $is_sql = false) /Applications/MxSrvs/www/admin.njxz.edu.com/Application/Admin/Service/AdminService.class.php 第 14 行.
SQL: SHOW COLUMNS FROM `njxz_admin` [ RunTime:0.0008s ]
INFO: [ app_end ] --START--
INFO: Run Behavior\ShowPageTraceBehavior [ RunTime:0.000441s ]
INFO: [ app_end ] --END-- [ RunTime:0.000510s ]

[ 2020-08-25T20:36:55+08:00 ] 127.0.0.1 /Login/verify?rand=87
INFO: [ app_init ] --START--
INFO: Run Behavior\BuildLiteBehavior [ RunTime:0.000047s ]
INFO: [ app_init ] --END-- [ RunTime:0.000894s ]
NOTIC: [8] Constant MAIN_URL already defined /Applications/MxSrvs/www/admin.njxz.edu.com/Application/Common/Conf/config.inc.php 第 10 行.
NOTIC: [8] Constant IMG_URL already defined /Applications/MxSrvs/www/admin.njxz.edu.com/Application/Common/Conf/config.inc.php 第 11 行.
NOTIC: [8] Constant ATTACHMENT_PATH already defined /Applications/MxSrvs/www/admin.njxz.edu.com/Application/Common/Conf/config.inc.php 第 12 行.
NOTIC: [8] Constant IMG_PATH already defined /Applications/MxSrvs/www/admin.njxz.edu.com/Application/Common/Conf/config.inc.php 第 13 行.
NOTIC: [8] Constant FILE_PATH already defined /Applications/MxSrvs/www/admin.njxz.edu.com/Application/Common/Conf/config.inc.php 第 14 行.
NOTIC: [8] Constant UPLOAD_TEMP_PATH already defined /Applications/MxSrvs/www/admin.njxz.edu.com/Application/Common/Conf/config.inc.php 第 15 行.
INFO: [ app_begin ] --START--
INFO: Run Behavior\ReadHtmlCacheBehavior [ RunTime:0.000336s ]
INFO: [ app_begin ] --END-- [ RunTime:0.000397s ]
NOTIC: [2] Declaration of Admin\Controller\LoginController::index() should be compatible with Admin\Controller\BaseController::index($data = Array) /Applications/MxSrvs/www/admin.njxz.edu.com/Application/Admin/Controller/LoginController.class.php 第 8 行.
NOTIC: [8] Undefined index: simple /Applications/MxSrvs/www/admin.njxz.edu.com/Application/Admin/Controller/BaseController.class.php 第 59 行.
SQL: SHOW COLUMNS FROM `njxz_admin` [ RunTime:0.0007s ]
SQL: SELECT * FROM `njxz_admin` WHERE `id` = 0 LIMIT 1   [ RunTime:0.0005s ]
NOTIC: [2] Declaration of Admin\Service\AdminService::getList() should be compatible with Admin\Model\ServiceModel::getList($map = Array, $sort = 'id desc') /Applications/MxSrvs/www/admin.njxz.edu.com/Application/Admin/Service/AdminService.class.php 第 14 行.
NOTIC: [2] Declaration of Admin\Service\AdminService::edit() should be compatible with Admin\Model\ServiceModel::edit($data = Array, $is_sql = false) /Applications/MxSrvs/www/admin.njxz.edu.com/Application/Admin/Service/AdminService.class.php 第 14 行.
SQL: SHOW COLUMNS FROM `njxz_admin` [ RunTime:0.0007s ]
INFO: [ app_end ] --START--
INFO: Run Behavior\ShowPageTraceBehavior [ RunTime:0.000416s ]
INFO: [ app_end ] --END-- [ RunTime:0.000484s ]

[ 2020-08-25T20:36:57+08:00 ] 127.0.0.1 /Login/verify?rand=38
INFO: [ app_init ] --START--
INFO: Run Behavior\BuildLiteBehavior [ RunTime:0.000023s ]
INFO: [ app_init ] --END-- [ RunTime:0.000485s ]
NOTIC: [8] Constant MAIN_URL already defined /Applications/MxSrvs/www/admin.njxz.edu.com/Application/Common/Conf/config.inc.php 第 10 行.
NOTIC: [8] Constant IMG_URL already defined /Applications/MxSrvs/www/admin.njxz.edu.com/Application/Common/Conf/config.inc.php 第 11 行.
NOTIC: [8] Constant ATTACHMENT_PATH already defined /Applications/MxSrvs/www/admin.njxz.edu.com/Application/Common/Conf/config.inc.php 第 12 行.
NOTIC: [8] Constant IMG_PATH already defined /Applications/MxSrvs/www/admin.njxz.edu.com/Application/Common/Conf/config.inc.php 第 13 行.
NOTIC: [8] Constant FILE_PATH already defined /Applications/MxSrvs/www/admin.njxz.edu.com/Application/Common/Conf/config.inc.php 第 14 行.
NOTIC: [8] Constant UPLOAD_TEMP_PATH already defined /Applications/MxSrvs/www/admin.njxz.edu.com/Application/Common/Conf/config.inc.php 第 15 行.
INFO: [ app_begin ] --START--
INFO: Run Behavior\ReadHtmlCacheBehavior [ RunTime:0.000337s ]
INFO: [ app_begin ] --END-- [ RunTime:0.000401s ]
NOTIC: [2] Declaration of Admin\Controller\LoginController::index() should be compatible with Admin\Controller\BaseController::index($data = Array) /Applications/MxSrvs/www/admin.njxz.edu.com/Application/Admin/Controller/LoginController.class.php 第 8 行.
NOTIC: [8] Undefined index: simple /Applications/MxSrvs/www/admin.njxz.edu.com/Application/Admin/Controller/BaseController.class.php 第 59 行.
SQL: SHOW COLUMNS FROM `njxz_admin` [ RunTime:0.0009s ]
SQL: SELECT * FROM `njxz_admin` WHERE `id` = 0 LIMIT 1   [ RunTime:0.0009s ]
NOTIC: [2] Declaration of Admin\Service\AdminService::getList() should be compatible with Admin\Model\ServiceModel::getList($map = Array, $sort = 'id desc') /Applications/MxSrvs/www/admin.njxz.edu.com/Application/Admin/Service/AdminService.class.php 第 14 行.
NOTIC: [2] Declaration of Admin\Service\AdminService::edit() should be compatible with Admin\Model\ServiceModel::edit($data = Array, $is_sql = false) /Applications/MxSrvs/www/admin.njxz.edu.com/Application/Admin/Service/AdminService.class.php 第 14 行.
SQL: SHOW COLUMNS FROM `njxz_admin` [ RunTime:0.0009s ]
INFO: [ app_end ] --START--
INFO: Run Behavior\ShowPageTraceBehavior [ RunTime:0.000967s ]
INFO: [ app_end ] --END-- [ RunTime:0.001058s ]

[ 2020-08-25T20:37:12+08:00 ] 127.0.0.1 /Login/Login/login
INFO: [ app_init ] --START--
INFO: Run Behavior\BuildLiteBehavior [ RunTime:0.000032s ]
INFO: [ app_init ] --END-- [ RunTime:0.000623s ]
NOTIC: [8] Constant MAIN_URL already defined /Applications/MxSrvs/www/admin.njxz.edu.com/Application/Common/Conf/config.inc.php 第 10 行.
NOTIC: [8] Constant IMG_URL already defined /Applications/MxSrvs/www/admin.njxz.edu.com/Application/Common/Conf/config.inc.php 第 11 行.
NOTIC: [8] Constant ATTACHMENT_PATH already defined /Applications/MxSrvs/www/admin.njxz.edu.com/Application/Common/Conf/config.inc.php 第 12 行.
NOTIC: [8] Constant IMG_PATH already defined /Applications/MxSrvs/www/admin.njxz.edu.com/Application/Common/Conf/config.inc.php 第 13 行.
NOTIC: [8] Constant FILE_PATH already defined /Applications/MxSrvs/www/admin.njxz.edu.com/Application/Common/Conf/config.inc.php 第 14 行.
NOTIC: [8] Constant UPLOAD_TEMP_PATH already defined /Applications/MxSrvs/www/admin.njxz.edu.com/Application/Common/Conf/config.inc.php 第 15 行.
INFO: [ app_begin ] --START--
INFO: Run Behavior\ReadHtmlCacheBehavior [ RunTime:0.000607s ]
INFO: [ app_begin ] --END-- [ RunTime:0.000716s ]
NOTIC: [2] Declaration of Admin\Controller\LoginController::index() should be compatible with Admin\Controller\BaseController::index($data = Array) /Applications/MxSrvs/www/admin.njxz.edu.com/Application/Admin/Controller/LoginController.class.php 第 8 行.
NOTIC: [8] Undefined index: simple /Applications/MxSrvs/www/admin.njxz.edu.com/Application/Admin/Controller/BaseController.class.php 第 59 行.
SQL: SHOW COLUMNS FROM `njxz_admin` [ RunTime:0.0010s ]
SQL: SELECT * FROM `njxz_admin` WHERE `id` = 0 LIMIT 1   [ RunTime:0.0005s ]
NOTIC: [2] Declaration of Admin\Service\AdminService::getList() should be compatible with Admin\Model\ServiceModel::getList($map = Array, $sort = 'id desc') /Applications/MxSrvs/www/admin.njxz.edu.com/Application/Admin/Service/AdminService.class.php 第 14 行.
NOTIC: [2] Declaration of Admin\Service\AdminService::edit() should be compatible with Admin\Model\ServiceModel::edit($data = Array, $is_sql = false) /Applications/MxSrvs/www/admin.njxz.edu.com/Application/Admin/Service/AdminService.class.php 第 14 行.
SQL: SHOW COLUMNS FROM `njxz_admin` [ RunTime:0.0010s ]

[ 2020-08-25T20:37:14+08:00 ] 127.0.0.1 /Login/verify?rand=81
INFO: [ app_init ] --START--
INFO: Run Behavior\BuildLiteBehavior [ RunTime:0.000101s ]
INFO: [ app_init ] --END-- [ RunTime:0.000952s ]
NOTIC: [8] Constant MAIN_URL already defined /Applications/MxSrvs/www/admin.njxz.edu.com/Application/Common/Conf/config.inc.php 第 10 行.
NOTIC: [8] Constant IMG_URL already defined /Applications/MxSrvs/www/admin.njxz.edu.com/Application/Common/Conf/config.inc.php 第 11 行.
NOTIC: [8] Constant ATTACHMENT_PATH already defined /Applications/MxSrvs/www/admin.njxz.edu.com/Application/Common/Conf/config.inc.php 第 12 行.
NOTIC: [8] Constant IMG_PATH already defined /Applications/MxSrvs/www/admin.njxz.edu.com/Application/Common/Conf/config.inc.php 第 13 行.
NOTIC: [8] Constant FILE_PATH already defined /Applications/MxSrvs/www/admin.njxz.edu.com/Application/Common/Conf/config.inc.php 第 14 行.
NOTIC: [8] Constant UPLOAD_TEMP_PATH already defined /Applications/MxSrvs/www/admin.njxz.edu.com/Application/Common/Conf/config.inc.php 第 15 行.
INFO: [ app_begin ] --START--
INFO: Run Behavior\ReadHtmlCacheBehavior [ RunTime:0.000356s ]
INFO: [ app_begin ] --END-- [ RunTime:0.000425s ]
NOTIC: [2] Declaration of Admin\Controller\LoginController::index() should be compatible with Admin\Controller\BaseController::index($data = Array) /Applications/MxSrvs/www/admin.njxz.edu.com/Application/Admin/Controller/LoginController.class.php 第 8 行.
NOTIC: [8] Undefined index: simple /Applications/MxSrvs/www/admin.njxz.edu.com/Application/Admin/Controller/BaseController.class.php 第 59 行.
SQL: SHOW COLUMNS FROM `njxz_admin` [ RunTime:0.0007s ]
SQL: SELECT * FROM `njxz_admin` WHERE `id` = 0 LIMIT 1   [ RunTime:0.0004s ]
NOTIC: [2] Declaration of Admin\Service\AdminService::getList() should be compatible with Admin\Model\ServiceModel::getList($map = Array, $sort = 'id desc') /Applications/MxSrvs/www/admin.njxz.edu.com/Application/Admin/Service/AdminService.class.php 第 14 行.
NOTIC: [2] Declaration of Admin\Service\AdminService::edit() should be compatible with Admin\Model\ServiceModel::edit($data = Array, $is_sql = false) /Applications/MxSrvs/www/admin.njxz.edu.com/Application/Admin/Service/AdminService.class.php 第 14 行.
SQL: SHOW COLUMNS FROM `njxz_admin` [ RunTime:0.0006s ]
INFO: [ app_end ] --START--
INFO: Run Behavior\ShowPageTraceBehavior [ RunTime:0.000609s ]
INFO: [ app_end ] --END-- [ RunTime:0.000717s ]

[ 2020-08-25T20:37:15+08:00 ] 127.0.0.1 /Login/verify?rand=71
INFO: [ app_init ] --START--
INFO: Run Behavior\BuildLiteBehavior [ RunTime:0.000021s ]
INFO: [ app_init ] --END-- [ RunTime:0.000340s ]
NOTIC: [8] Constant MAIN_URL already defined /Applications/MxSrvs/www/admin.njxz.edu.com/Application/Common/Conf/config.inc.php 第 10 行.
NOTIC: [8] Constant IMG_URL already defined /Applications/MxSrvs/www/admin.njxz.edu.com/Application/Common/Conf/config.inc.php 第 11 行.
NOTIC: [8] Constant ATTACHMENT_PATH already defined /Applications/MxSrvs/www/admin.njxz.edu.com/Application/Common/Conf/config.inc.php 第 12 行.
NOTIC: [8] Constant IMG_PATH already defined /Applications/MxSrvs/www/admin.njxz.edu.com/Application/Common/Conf/config.inc.php 第 13 行.
NOTIC: [8] Constant FILE_PATH already defined /Applications/MxSrvs/www/admin.njxz.edu.com/Application/Common/Conf/config.inc.php 第 14 行.
NOTIC: [8] Constant UPLOAD_TEMP_PATH already defined /Applications/MxSrvs/www/admin.njxz.edu.com/Application/Common/Conf/config.inc.php 第 15 行.
INFO: [ app_begin ] --START--
INFO: Run Behavior\ReadHtmlCacheBehavior [ RunTime:0.000752s ]
INFO: [ app_begin ] --END-- [ RunTime:0.000898s ]
NOTIC: [2] Declaration of Admin\Controller\LoginController::index() should be compatible with Admin\Controller\BaseController::index($data = Array) /Applications/MxSrvs/www/admin.njxz.edu.com/Application/Admin/Controller/LoginController.class.php 第 8 行.
NOTIC: [8] Undefined index: simple /Applications/MxSrvs/www/admin.njxz.edu.com/Application/Admin/Controller/BaseController.class.php 第 59 行.
SQL: SHOW COLUMNS FROM `njxz_admin` [ RunTime:0.0008s ]
SQL: SELECT * FROM `njxz_admin` WHERE `id` = 0 LIMIT 1   [ RunTime:0.0005s ]
NOTIC: [2] Declaration of Admin\Service\AdminService::getList() should be compatible with Admin\Model\ServiceModel::getList($map = Array, $sort = 'id desc') /Applications/MxSrvs/www/admin.njxz.edu.com/Application/Admin/Service/AdminService.class.php 第 14 行.
NOTIC: [2] Declaration of Admin\Service\AdminService::edit() should be compatible with Admin\Model\ServiceModel::edit($data = Array, $is_sql = false) /Applications/MxSrvs/www/admin.njxz.edu.com/Application/Admin/Service/AdminService.class.php 第 14 行.
SQL: SHOW COLUMNS FROM `njxz_admin` [ RunTime:0.0020s ]
INFO: [ app_end ] --START--
INFO: Run Behavior\ShowPageTraceBehavior [ RunTime:0.000548s ]
INFO: [ app_end ] --END-- [ RunTime:0.000699s ]

[ 2020-08-25T20:37:16+08:00 ] 127.0.0.1 /Login/verify?rand=40
INFO: [ app_init ] --START--
INFO: Run Behavior\BuildLiteBehavior [ RunTime:0.000020s ]
INFO: [ app_init ] --END-- [ RunTime:0.000341s ]
NOTIC: [8] Constant MAIN_URL already defined /Applications/MxSrvs/www/admin.njxz.edu.com/Application/Common/Conf/config.inc.php 第 10 行.
NOTIC: [8] Constant IMG_URL already defined /Applications/MxSrvs/www/admin.njxz.edu.com/Application/Common/Conf/config.inc.php 第 11 行.
NOTIC: [8] Constant ATTACHMENT_PATH already defined /Applications/MxSrvs/www/admin.njxz.edu.com/Application/Common/Conf/config.inc.php 第 12 行.
NOTIC: [8] Constant IMG_PATH already defined /Applications/MxSrvs/www/admin.njxz.edu.com/Application/Common/Conf/config.inc.php 第 13 行.
NOTIC: [8] Constant FILE_PATH already defined /Applications/MxSrvs/www/admin.njxz.edu.com/Application/Common/Conf/config.inc.php 第 14 行.
NOTIC: [8] Constant UPLOAD_TEMP_PATH already defined /Applications/MxSrvs/www/admin.njxz.edu.com/Application/Common/Conf/config.inc.php 第 15 行.
INFO: [ app_begin ] --START--
INFO: Run Behavior\ReadHtmlCacheBehavior [ RunTime:0.000477s ]
INFO: [ app_begin ] --END-- [ RunTime:0.000562s ]
NOTIC: [2] Declaration of Admin\Controller\LoginController::index() should be compatible with Admin\Controller\BaseController::index($data = Array) /Applications/MxSrvs/www/admin.njxz.edu.com/Application/Admin/Controller/LoginController.class.php 第 8 行.
NOTIC: [8] Undefined index: simple /Applications/MxSrvs/www/admin.njxz.edu.com/Application/Admin/Controller/BaseController.class.php 第 59 行.
SQL: SHOW COLUMNS FROM `njxz_admin` [ RunTime:0.0007s ]
SQL: SELECT * FROM `njxz_admin` WHERE `id` = 0 LIMIT 1   [ RunTime:0.0007s ]
NOTIC: [2] Declaration of Admin\Service\AdminService::getList() should be compatible with Admin\Model\ServiceModel::getList($map = Array, $sort = 'id desc') /Applications/MxSrvs/www/admin.njxz.edu.com/Application/Admin/Service/AdminService.class.php 第 14 行.
NOTIC: [2] Declaration of Admin\Service\AdminService::edit() should be compatible with Admin\Model\ServiceModel::edit($data = Array, $is_sql = false) /Applications/MxSrvs/www/admin.njxz.edu.com/Application/Admin/Service/AdminService.class.php 第 14 行.
SQL: SHOW COLUMNS FROM `njxz_admin` [ RunTime:0.0009s ]
INFO: [ app_end ] --START--
INFO: Run Behavior\ShowPageTraceBehavior [ RunTime:0.000478s ]
INFO: [ app_end ] --END-- [ RunTime:0.000549s ]

[ 2020-08-25T20:37:26+08:00 ] 127.0.0.1 /Login/Login/login
INFO: [ app_init ] --START--
INFO: Run Behavior\BuildLiteBehavior [ RunTime:0.000037s ]
INFO: [ app_init ] --END-- [ RunTime:0.000580s ]
NOTIC: [8] Constant MAIN_URL already defined /Applications/MxSrvs/www/admin.njxz.edu.com/Application/Common/Conf/config.inc.php 第 10 行.
NOTIC: [8] Constant IMG_URL already defined /Applications/MxSrvs/www/admin.njxz.edu.com/Application/Common/Conf/config.inc.php 第 11 行.
NOTIC: [8] Constant ATTACHMENT_PATH already defined /Applications/MxSrvs/www/admin.njxz.edu.com/Application/Common/Conf/config.inc.php 第 12 行.
NOTIC: [8] Constant IMG_PATH already defined /Applications/MxSrvs/www/admin.njxz.edu.com/Application/Common/Conf/config.inc.php 第 13 行.
NOTIC: [8] Constant FILE_PATH already defined /Applications/MxSrvs/www/admin.njxz.edu.com/Application/Common/Conf/config.inc.php 第 14 行.
NOTIC: [8] Constant UPLOAD_TEMP_PATH already defined /Applications/MxSrvs/www/admin.njxz.edu.com/Application/Common/Conf/config.inc.php 第 15 行.
INFO: [ app_begin ] --START--
INFO: Run Behavior\ReadHtmlCacheBehavior [ RunTime:0.000348s ]
INFO: [ app_begin ] --END-- [ RunTime:0.000407s ]
NOTIC: [2] Declaration of Admin\Controller\LoginController::index() should be compatible with Admin\Controller\BaseController::index($data = Array) /Applications/MxSrvs/www/admin.njxz.edu.com/Application/Admin/Controller/LoginController.class.php 第 8 行.
NOTIC: [8] Undefined index: simple /Applications/MxSrvs/www/admin.njxz.edu.com/Application/Admin/Controller/BaseController.class.php 第 59 行.
SQL: SHOW COLUMNS FROM `njxz_admin` [ RunTime:0.0007s ]
SQL: SELECT * FROM `njxz_admin` WHERE `id` = 0 LIMIT 1   [ RunTime:0.0006s ]
NOTIC: [2] Declaration of Admin\Service\AdminService::getList() should be compatible with Admin\Model\ServiceModel::getList($map = Array, $sort = 'id desc') /Applications/MxSrvs/www/admin.njxz.edu.com/Application/Admin/Service/AdminService.class.php 第 14 行.
NOTIC: [2] Declaration of Admin\Service\AdminService::edit() should be compatible with Admin\Model\ServiceModel::edit($data = Array, $is_sql = false) /Applications/MxSrvs/www/admin.njxz.edu.com/Application/Admin/Service/AdminService.class.php 第 14 行.
SQL: SHOW COLUMNS FROM `njxz_admin` [ RunTime:0.0011s ]
SQL: SELECT * FROM `njxz_admin` WHERE `username` = 'admin' AND `mark` = 1 LIMIT 1   [ RunTime:0.0025s ]
SQL: SHOW FIELDS FROM njxz_admin [ RunTime:0.0009s ]
NOTIC: [8] Undefined index: validate /Applications/MxSrvs/www/admin.njxz.edu.com/ThinkPHP/Library/Think/Model.class.php 第 1185 行.
NOTIC: [8] Undefined index: auto /Applications/MxSrvs/www/admin.njxz.edu.com/ThinkPHP/Library/Think/Model.class.php 第 1128 行.
SQL: UPDATE `njxz_admin` SET `login_num`='814',`login_ip`='127.0.0.1',`login_time`='1598359046' WHERE ( id=1 ) [ RunTime:0.0071s ]
NOTIC: [2] Declaration of Admin\Model\AdminLogModel::getInfo($id) should be compatible with Common\Model\CBaseModel::getInfo($id, $flag = false) /Applications/MxSrvs/www/admin.njxz.edu.com/Application/Admin/Model/AdminLogModel.class.php 第 31 行.
SQL: SHOW COLUMNS FROM `njxz_admin_log` [ RunTime:0.0008s ]
SQL: INSERT INTO `njxz_admin_log` (`title`,`content`,`login_ip`,`city_name`,`add_user`,`add_time`) VALUES ('系统登陆','您好【超级管理员】,您于【2020-08-25 20:37:26】成功登录系统','183.212.73.136','江苏省苏州市 移通','1','1598359046') [ RunTime:0.0037s ]

[ 2020-08-25T20:37:27+08:00 ] 127.0.0.1 /Index/index
INFO: [ app_init ] --START--
INFO: Run Behavior\BuildLiteBehavior [ RunTime:0.000045s ]
INFO: [ app_init ] --END-- [ RunTime:0.000807s ]
NOTIC: [8] Constant MAIN_URL already defined /Applications/MxSrvs/www/admin.njxz.edu.com/Application/Common/Conf/config.inc.php 第 10 行.
NOTIC: [8] Constant IMG_URL already defined /Applications/MxSrvs/www/admin.njxz.edu.com/Application/Common/Conf/config.inc.php 第 11 行.
NOTIC: [8] Constant ATTACHMENT_PATH already defined /Applications/MxSrvs/www/admin.njxz.edu.com/Application/Common/Conf/config.inc.php 第 12 行.
NOTIC: [8] Constant IMG_PATH already defined /Applications/MxSrvs/www/admin.njxz.edu.com/Application/Common/Conf/config.inc.php 第 13 行.
NOTIC: [8] Constant FILE_PATH already defined /Applications/MxSrvs/www/admin.njxz.edu.com/Application/Common/Conf/config.inc.php 第 14 行.
NOTIC: [8] Constant UPLOAD_TEMP_PATH already defined /Applications/MxSrvs/www/admin.njxz.edu.com/Application/Common/Conf/config.inc.php 第 15 行.
INFO: [ app_begin ] --START--
INFO: Run Behavior\ReadHtmlCacheBehavior [ RunTime:0.000496s ]
INFO: [ app_begin ] --END-- [ RunTime:0.000592s ]
NOTIC: [2] Declaration of Admin\Controller\IndexController::index() should be compatible with Admin\Controller\BaseController::index($data = Array) /Applications/MxSrvs/www/admin.njxz.edu.com/Application/Admin/Controller/IndexController.class.php 第 16 行.
NOTIC: [8] Undefined index: simple /Applications/MxSrvs/www/admin.njxz.edu.com/Application/Admin/Controller/BaseController.class.php 第 59 行.
SQL: SHOW COLUMNS FROM `njxz_admin` [ RunTime:0.0009s ]
SQL: SHOW COLUMNS FROM `njxz_admin_position` [ RunTime:0.0007s ]
SQL: SELECT * FROM `njxz_admin_position` WHERE `id` = 1 LIMIT 1   [ RunTime:0.0004s ]
NOTIC: [2] Declaration of Admin\Model\AdminOrgModel::getInfo($id) should be compatible with Common\Model\CBaseModel::getInfo($id, $flag = false) /Applications/MxSrvs/www/admin.njxz.edu.com/Application/Admin/Model/AdminOrgModel.class.php 第 46 行.
SQL: SHOW COLUMNS FROM `njxz_admin_org` [ RunTime:0.0014s ]
SQL: SHOW COLUMNS FROM `njxz_admin` [ RunTime:0.0021s ]
SQL: SHOW COLUMNS FROM `njxz_admin` [ RunTime:0.0008s ]
NOTIC: [2] Declaration of Admin\Model\AdminDepModel::getInfo($id) should be compatible with Common\Model\CBaseModel::getInfo($id, $flag = false) /Applications/MxSrvs/www/admin.njxz.edu.com/Application/Admin/Model/AdminDepModel.class.php 第 82 行.
SQL: SHOW COLUMNS FROM `njxz_admin_dep` [ RunTime:0.0008s ]
SQL: SHOW COLUMNS FROM `njxz_admin` [ RunTime:0.0007s ]
SQL: SHOW COLUMNS FROM `njxz_admin` [ RunTime:0.0007s ]
NOTIC: [8] Undefined index: type /Applications/MxSrvs/www/admin.njxz.edu.com/Application/Admin/Model/AdminModel.class.php 第 90 行.
NOTIC: [2] Declaration of Admin\Model\AdminRoleModel::getInfo($id) should be compatible with Common\Model\CBaseModel::getInfo($id, $flag = false) /Applications/MxSrvs/www/admin.njxz.edu.com/Application/Admin/Model/AdminRoleModel.class.php 第 59 行.
SQL: SHOW COLUMNS FROM `njxz_admin_role` [ RunTime:0.0009s ]
SQL: SHOW COLUMNS FROM `njxz_admin` [ RunTime:0.0008s ]
SQL: SHOW COLUMNS FROM `njxz_admin` [ RunTime:0.0007s ]
INFO: [ view_parse ] --START--
INFO: [ template_filter ] --START--
INFO: Run Behavior\ContentReplaceBehavior [ RunTime:0.000100s ]
INFO: [ template_filter ] --END-- [ RunTime:0.000177s ]
INFO: Run Behavior\ParseTemplateBehavior [ RunTime:0.019955s ]
INFO: [ view_parse ] --END-- [ RunTime:0.020091s ]
INFO: [ view_filter ] --START--
INFO: Run Behavior\WriteHtmlCacheBehavior [ RunTime:0.000467s ]
INFO: [ view_filter ] --END-- [ RunTime:0.000584s ]
INFO: [ app_end ] --START--
INFO: Run Behavior\ShowPageTraceBehavior [ RunTime:0.000869s ]
INFO: [ app_end ] --END-- [ RunTime:0.001017s ]

[ 2020-08-25T20:37:28+08:00 ] 127.0.0.1 /Index/main.html
INFO: [ app_init ] --START--
INFO: Run Behavior\BuildLiteBehavior [ RunTime:0.000032s ]
INFO: [ app_init ] --END-- [ RunTime:0.000562s ]
NOTIC: [8] Constant MAIN_URL already defined /Applications/MxSrvs/www/admin.njxz.edu.com/Application/Common/Conf/config.inc.php 第 10 行.
NOTIC: [8] Constant IMG_URL already defined /Applications/MxSrvs/www/admin.njxz.edu.com/Application/Common/Conf/config.inc.php 第 11 行.
NOTIC: [8] Constant ATTACHMENT_PATH already defined /Applications/MxSrvs/www/admin.njxz.edu.com/Application/Common/Conf/config.inc.php 第 12 行.
NOTIC: [8] Constant IMG_PATH already defined /Applications/MxSrvs/www/admin.njxz.edu.com/Application/Common/Conf/config.inc.php 第 13 行.
NOTIC: [8] Constant FILE_PATH already defined /Applications/MxSrvs/www/admin.njxz.edu.com/Application/Common/Conf/config.inc.php 第 14 行.
NOTIC: [8] Constant UPLOAD_TEMP_PATH already defined /Applications/MxSrvs/www/admin.njxz.edu.com/Application/Common/Conf/config.inc.php 第 15 行.
INFO: [ app_begin ] --START--
INFO: Run Behavior\ReadHtmlCacheBehavior [ RunTime:0.001612s ]
INFO: [ app_begin ] --END-- [ RunTime:0.001726s ]
NOTIC: [2] Declaration of Admin\Controller\IndexController::index() should be compatible with Admin\Controller\BaseController::index($data = Array) /Applications/MxSrvs/www/admin.njxz.edu.com/Application/Admin/Controller/IndexController.class.php 第 16 行.
NOTIC: [8] Undefined index: simple /Applications/MxSrvs/www/admin.njxz.edu.com/Application/Admin/Controller/BaseController.class.php 第 59 行.
SQL: SHOW COLUMNS FROM `njxz_admin` [ RunTime:0.0011s ]
SQL: SHOW COLUMNS FROM `njxz_admin_position` [ RunTime:0.0012s ]
SQL: SELECT * FROM `njxz_admin_position` WHERE `id` = 1 LIMIT 1   [ RunTime:0.0012s ]
NOTIC: [2] Declaration of Admin\Model\AdminOrgModel::getInfo($id) should be compatible with Common\Model\CBaseModel::getInfo($id, $flag = false) /Applications/MxSrvs/www/admin.njxz.edu.com/Application/Admin/Model/AdminOrgModel.class.php 第 46 行.
SQL: SHOW COLUMNS FROM `njxz_admin_org` [ RunTime:0.0015s ]
SQL: SHOW COLUMNS FROM `njxz_admin` [ RunTime:0.0009s ]
SQL: SHOW COLUMNS FROM `njxz_admin` [ RunTime:0.0022s ]
NOTIC: [2] Declaration of Admin\Model\AdminDepModel::getInfo($id) should be compatible with Common\Model\CBaseModel::getInfo($id, $flag = false) /Applications/MxSrvs/www/admin.njxz.edu.com/Application/Admin/Model/AdminDepModel.class.php 第 82 行.
SQL: SHOW COLUMNS FROM `njxz_admin_dep` [ RunTime:0.0009s ]
SQL: SHOW COLUMNS FROM `njxz_admin` [ RunTime:0.0010s ]
SQL: SHOW COLUMNS FROM `njxz_admin` [ RunTime:0.0010s ]
NOTIC: [8] Undefined index: type /Applications/MxSrvs/www/admin.njxz.edu.com/Application/Admin/Model/AdminModel.class.php 第 90 行.
NOTIC: [2] Declaration of Admin\Model\AdminRoleModel::getInfo($id) should be compatible with Common\Model\CBaseModel::getInfo($id, $flag = false) /Applications/MxSrvs/www/admin.njxz.edu.com/Application/Admin/Model/AdminRoleModel.class.php 第 59 行.
SQL: SHOW COLUMNS FROM `njxz_admin_role` [ RunTime:0.0012s ]
SQL: SHOW COLUMNS FROM `njxz_admin` [ RunTime:0.0009s ]
SQL: SHOW COLUMNS FROM `njxz_admin` [ RunTime:0.0008s ]
INFO: [ view_parse ] --START--
INFO: [ template_filter ] --START--
INFO: Run Behavior\ContentReplaceBehavior [ RunTime:0.000087s ]
INFO: [ template_filter ] --END-- [ RunTime:0.000158s ]
NOTIC: [8] Undefined variable: userNum /Applications/MxSrvs/www/admin.njxz.edu.com/Runtime/Cache/Admin/b0f0b709690a72033d17719e8059053c.php 第 63 行.
NOTIC: [8] Undefined variable: userNum2 /Applications/MxSrvs/www/admin.njxz.edu.com/Runtime/Cache/Admin/b0f0b709690a72033d17719e8059053c.php 第 65 行.
NOTIC: [8] Undefined variable: productNum /Applications/MxSrvs/www/admin.njxz.edu.com/Runtime/Cache/Admin/b0f0b709690a72033d17719e8059053c.php 第 77 行.
NOTIC: [8] Undefined variable: productNum2 /Applications/MxSrvs/www/admin.njxz.edu.com/Runtime/Cache/Admin/b0f0b709690a72033d17719e8059053c.php 第 79 行.
NOTIC: [8] Undefined variable: pointsProductNum /Applications/MxSrvs/www/admin.njxz.edu.com/Runtime/Cache/Admin/b0f0b709690a72033d17719e8059053c.php 第 91 行.
NOTIC: [8] Undefined variable: pointsProductNum2 /Applications/MxSrvs/www/admin.njxz.edu.com/Runtime/Cache/Admin/b0f0b709690a72033d17719e8059053c.php 第 93 行.
NOTIC: [8] Undefined variable: contractNum /Applications/MxSrvs/www/admin.njxz.edu.com/Runtime/Cache/Admin/b0f0b709690a72033d17719e8059053c.php 第 105 行.
NOTIC: [8] Undefined variable: contractNum2 /Applications/MxSrvs/www/admin.njxz.edu.com/Runtime/Cache/Admin/b0f0b709690a72033d17719e8059053c.php 第 107 行.
NOTIC: [8] Undefined variable: orderNum /Applications/MxSrvs/www/admin.njxz.edu.com/Runtime/Cache/Admin/b0f0b709690a72033d17719e8059053c.php 第 119 行.
NOTIC: [8] Undefined variable: orderNum2 /Applications/MxSrvs/www/admin.njxz.edu.com/Runtime/Cache/Admin/b0f0b709690a72033d17719e8059053c.php 第 121 行.
NOTIC: [8] Undefined variable: settlementOrderNum /Applications/MxSrvs/www/admin.njxz.edu.com/Runtime/Cache/Admin/b0f0b709690a72033d17719e8059053c.php 第 133 行.
NOTIC: [8] Undefined variable: settlementOrderNum2 /Applications/MxSrvs/www/admin.njxz.edu.com/Runtime/Cache/Admin/b0f0b709690a72033d17719e8059053c.php 第 135 行.
NOTIC: [8] Undefined variable: pointsOrderNum /Applications/MxSrvs/www/admin.njxz.edu.com/Runtime/Cache/Admin/b0f0b709690a72033d17719e8059053c.php 第 147 行.
NOTIC: [8] Undefined variable: pointsOrderNum2 /Applications/MxSrvs/www/admin.njxz.edu.com/Runtime/Cache/Admin/b0f0b709690a72033d17719e8059053c.php 第 149 行.
NOTIC: [8] Undefined variable: invoiceOrderNum /Applications/MxSrvs/www/admin.njxz.edu.com/Runtime/Cache/Admin/b0f0b709690a72033d17719e8059053c.php 第 161 行.
NOTIC: [8] Undefined variable: invoiceOrderNum2 /Applications/MxSrvs/www/admin.njxz.edu.com/Runtime/Cache/Admin/b0f0b709690a72033d17719e8059053c.php 第 163 行.
INFO: Run Behavior\ParseTemplateBehavior [ RunTime:0.009207s ]
INFO: [ view_parse ] --END-- [ RunTime:0.009277s ]
INFO: [ view_filter ] --START--
INFO: Run Behavior\WriteHtmlCacheBehavior [ RunTime:0.000235s ]
INFO: [ view_filter ] --END-- [ RunTime:0.000298s ]
INFO: [ app_end ] --START--
INFO: Run Behavior\ShowPageTraceBehavior [ RunTime:0.000433s ]
INFO: [ app_end ] --END-- [ RunTime:0.000496s ]

[ 2020-08-25T20:37:29+08:00 ] 127.0.0.1 /Menu/getMenuList.html
INFO: [ app_init ] --START--
INFO: Run Behavior\BuildLiteBehavior [ RunTime:0.000021s ]
INFO: [ app_init ] --END-- [ RunTime:0.000350s ]
NOTIC: [8] Constant MAIN_URL already defined /Applications/MxSrvs/www/admin.njxz.edu.com/Application/Common/Conf/config.inc.php 第 10 行.
NOTIC: [8] Constant IMG_URL already defined /Applications/MxSrvs/www/admin.njxz.edu.com/Application/Common/Conf/config.inc.php 第 11 行.
NOTIC: [8] Constant ATTACHMENT_PATH already defined /Applications/MxSrvs/www/admin.njxz.edu.com/Application/Common/Conf/config.inc.php 第 12 行.
NOTIC: [8] Constant IMG_PATH already defined /Applications/MxSrvs/www/admin.njxz.edu.com/Application/Common/Conf/config.inc.php 第 13 行.
NOTIC: [8] Constant FILE_PATH already defined /Applications/MxSrvs/www/admin.njxz.edu.com/Application/Common/Conf/config.inc.php 第 14 行.
NOTIC: [8] Constant UPLOAD_TEMP_PATH already defined /Applications/MxSrvs/www/admin.njxz.edu.com/Application/Common/Conf/config.inc.php 第 15 行.
INFO: [ app_begin ] --START--
INFO: Run Behavior\ReadHtmlCacheBehavior [ RunTime:0.000328s ]
INFO: [ app_begin ] --END-- [ RunTime:0.000385s ]
NOTIC: [2] Declaration of Admin\Controller\MenuController::edit() should be compatible with Admin\Controller\BaseController::edit($data = Array) /Applications/MxSrvs/www/admin.njxz.edu.com/Application/Admin/Controller/MenuController.class.php 第 9 行.
NOTIC: [8] Undefined index: simple /Applications/MxSrvs/www/admin.njxz.edu.com/Application/Admin/Controller/BaseController.class.php 第 59 行.
SQL: SHOW COLUMNS FROM `njxz_admin` [ RunTime:0.0007s ]
SQL: SHOW COLUMNS FROM `njxz_admin_position` [ RunTime:0.0006s ]
SQL: SELECT * FROM `njxz_admin_position` WHERE `id` = 1 LIMIT 1   [ RunTime:0.0003s ]
NOTIC: [2] Declaration of Admin\Model\AdminOrgModel::getInfo($id) should be compatible with Common\Model\CBaseModel::getInfo($id, $flag = false) /Applications/MxSrvs/www/admin.njxz.edu.com/Application/Admin/Model/AdminOrgModel.class.php 第 46 行.
SQL: SHOW COLUMNS FROM `njxz_admin_org` [ RunTime:0.0014s ]
SQL: SHOW COLUMNS FROM `njxz_admin` [ RunTime:0.0009s ]
SQL: SHOW COLUMNS FROM `njxz_admin` [ RunTime:0.0007s ]
NOTIC: [2] Declaration of Admin\Model\AdminDepModel::getInfo($id) should be compatible with Common\Model\CBaseModel::getInfo($id, $flag = false) /Applications/MxSrvs/www/admin.njxz.edu.com/Application/Admin/Model/AdminDepModel.class.php 第 82 行.
SQL: SHOW COLUMNS FROM `njxz_admin_dep` [ RunTime:0.0006s ]
SQL: SHOW COLUMNS FROM `njxz_admin` [ RunTime:0.0006s ]
SQL: SHOW COLUMNS FROM `njxz_admin` [ RunTime:0.0007s ]
NOTIC: [8] Undefined index: type /Applications/MxSrvs/www/admin.njxz.edu.com/Application/Admin/Model/AdminModel.class.php 第 90 行.
NOTIC: [2] Declaration of Admin\Model\AdminRoleModel::getInfo($id) should be compatible with Common\Model\CBaseModel::getInfo($id, $flag = false) /Applications/MxSrvs/www/admin.njxz.edu.com/Application/Admin/Model/AdminRoleModel.class.php 第 59 行.
SQL: SHOW COLUMNS FROM `njxz_admin_role` [ RunTime:0.0006s ]
SQL: SHOW COLUMNS FROM `njxz_admin` [ RunTime:0.0006s ]
SQL: SHOW COLUMNS FROM `njxz_admin` [ RunTime:0.0007s ]
SQL: SHOW COLUMNS FROM `njxz_menu` [ RunTime:0.0008s ]
SQL: SELECT * FROM `njxz_menu` WHERE `type` = 4 AND `url` = '/Menu/getMenuList' AND `mark` = 1 LIMIT 1   [ RunTime:0.0004s ]
SQL: SELECT `auth` FROM `njxz_menu` WHERE `id` IN ('18','19','20','21','156','157','301')  [ RunTime:0.0026s ]
SQL: SHOW COLUMNS FROM `njxz_menu` [ RunTime:0.0007s ]
SQL: SHOW COLUMNS FROM `njxz_menu` [ RunTime:0.0006s ]
NOTIC: [2] Declaration of Admin\Service\MenuService::getList() should be compatible with Admin\Model\ServiceModel::getList($map = Array, $sort = 'id desc') /Applications/MxSrvs/www/admin.njxz.edu.com/Application/Admin/Service/MenuService.class.php 第 9 行.
NOTIC: [2] Declaration of Admin\Service\MenuService::edit() should be compatible with Admin\Model\ServiceModel::edit($data = Array, $is_sql = false) /Applications/MxSrvs/www/admin.njxz.edu.com/Application/Admin/Service/MenuService.class.php 第 9 行.
SQL: SHOW COLUMNS FROM `njxz_menu` [ RunTime:0.0008s ]
SQL: SELECT COUNT(*) AS tp_count FROM `njxz_menu` WHERE `id` IN ('154','155') AND `is_show` = 1 LIMIT 1   [ RunTime:0.0034s ]
SQL: SELECT COUNT(*) AS tp_count FROM `njxz_menu` WHERE `id` IN ('162','335') AND `is_show` = 1 LIMIT 1   [ RunTime:0.0006s ]
SQL: SELECT * FROM `njxz_menu` WHERE `parent_id` = 161 AND `type` = 4 AND `name` = '查看' AND `is_show` = 1 AND `mark` = 1 LIMIT 1   [ RunTime:0.0026s ]
SQL: SELECT COUNT(*) AS tp_count FROM `njxz_menu` WHERE `id` IN ('18','19','20','21','156','157','301') AND `is_show` = 1 LIMIT 1   [ RunTime:0.0005s ]
SQL: SELECT * FROM `njxz_menu` WHERE `parent_id` = 17 AND `type` = 4 AND `name` = '查看' AND `is_show` = 1 AND `mark` = 1 LIMIT 1   [ RunTime:0.0010s ]
NOTIC: [8] Undefined index: to_url /Applications/MxSrvs/www/admin.njxz.edu.com/Application/Admin/Service/MenuService.class.php 第 118 行.
NOTIC: [8] Undefined index: to_url /Applications/MxSrvs/www/admin.njxz.edu.com/Application/Admin/Service/MenuService.class.php 第 118 行.
SQL: SELECT COUNT(*) AS tp_count FROM `njxz_menu` WHERE `id` IN ('23','24','25','26','145','146','147','165') AND `is_show` = 1 LIMIT 1   [ RunTime:0.0004s ]
SQL: SELECT * FROM `njxz_menu` WHERE `parent_id` = 22 AND `type` = 4 AND `name` = '查看' AND `is_show` = 1 AND `mark` = 1 LIMIT 1   [ RunTime:0.0005s ]
NOTIC: [8] Undefined index: to_url /Applications/MxSrvs/www/admin.njxz.edu.com/Application/Admin/Service/MenuService.class.php 第 118 行.
NOTIC: [8] Undefined index: to_url /Applications/MxSrvs/www/admin.njxz.edu.com/Application/Admin/Service/MenuService.class.php 第 118 行.
SQL: SELECT COUNT(*) AS tp_count FROM `njxz_menu` WHERE `id` IN ('28','29','30','31','143','166') AND `is_show` = 1 LIMIT 1   [ RunTime:0.0005s ]
SQL: SELECT * FROM `njxz_menu` WHERE `parent_id` = 27 AND `type` = 4 AND `name` = '查看' AND `is_show` = 1 AND `mark` = 1 LIMIT 1   [ RunTime:0.0005s ]
NOTIC: [8] Undefined index: to_url /Applications/MxSrvs/www/admin.njxz.edu.com/Application/Admin/Service/MenuService.class.php 第 118 行.
NOTIC: [8] Undefined index: to_url /Applications/MxSrvs/www/admin.njxz.edu.com/Application/Admin/Service/MenuService.class.php 第 118 行.
SQL: SELECT COUNT(*) AS tp_count FROM `njxz_menu` WHERE `id` IN ('149','150','151','152','167','194') AND `is_show` = 1 LIMIT 1   [ RunTime:0.0004s ]
SQL: SELECT * FROM `njxz_menu` WHERE `parent_id` = 148 AND `type` = 4 AND `name` = '查看' AND `is_show` = 1 AND `mark` = 1 LIMIT 1   [ RunTime:0.0006s ]
NOTIC: [8] Undefined index: to_url /Applications/MxSrvs/www/admin.njxz.edu.com/Application/Admin/Service/MenuService.class.php 第 118 行.
NOTIC: [8] Undefined index: to_url /Applications/MxSrvs/www/admin.njxz.edu.com/Application/Admin/Service/MenuService.class.php 第 118 行.
SQL: SELECT COUNT(*) AS tp_count FROM `njxz_menu` WHERE `id` IN ('33','34','35','36','195') AND `is_show` = 1 LIMIT 1   [ RunTime:0.0012s ]
SQL: SELECT * FROM `njxz_menu` WHERE `parent_id` = 32 AND `type` = 4 AND `name` = '查看' AND `is_show` = 1 AND `mark` = 1 LIMIT 1   [ RunTime:0.0008s ]
NOTIC: [8] Undefined index: to_url /Applications/MxSrvs/www/admin.njxz.edu.com/Application/Admin/Service/MenuService.class.php 第 118 行.
NOTIC: [8] Undefined index: to_url /Applications/MxSrvs/www/admin.njxz.edu.com/Application/Admin/Service/MenuService.class.php 第 118 行.
SQL: SELECT COUNT(*) AS tp_count FROM `njxz_menu` WHERE `id` IN ('133','134','135','136','168') AND `is_show` = 1 LIMIT 1   [ RunTime:0.0003s ]
SQL: SELECT * FROM `njxz_menu` WHERE `parent_id` = 132 AND `type` = 4 AND `name` = '查看' AND `is_show` = 1 AND `mark` = 1 LIMIT 1   [ RunTime:0.0005s ]
NOTIC: [8] Undefined index: to_url /Applications/MxSrvs/www/admin.njxz.edu.com/Application/Admin/Service/MenuService.class.php 第 118 行.
NOTIC: [8] Undefined index: to_url /Applications/MxSrvs/www/admin.njxz.edu.com/Application/Admin/Service/MenuService.class.php 第 118 行.
SQL: SELECT COUNT(*) AS tp_count FROM `njxz_menu` WHERE `id` IN ('159','160') AND `is_show` = 1 LIMIT 1   [ RunTime:0.0004s ]
SQL: SELECT * FROM `njxz_menu` WHERE `parent_id` = 158 AND `type` = 4 AND `name` = '查看' AND `is_show` = 1 AND `mark` = 1 LIMIT 1   [ RunTime:0.0004s ]
SQL: SELECT COUNT(*) AS tp_count FROM `njxz_menu` WHERE `id` IN ('55','56','57','58','163') AND `is_show` = 1 LIMIT 1   [ RunTime:0.0004s ]
SQL: SELECT * FROM `njxz_menu` WHERE `parent_id` = 49 AND `type` = 4 AND `name` = '查看' AND `is_show` = 1 AND `mark` = 1 LIMIT 1   [ RunTime:0.0005s ]
NOTIC: [8] Undefined index: to_url /Applications/MxSrvs/www/admin.njxz.edu.com/Application/Admin/Service/MenuService.class.php 第 118 行.
NOTIC: [8] Undefined index: to_url /Applications/MxSrvs/www/admin.njxz.edu.com/Application/Admin/Service/MenuService.class.php 第 118 行.
SQL: SELECT COUNT(*) AS tp_count FROM `njxz_menu` WHERE `id` IN ('15','16','164') AND `is_show` = 1 LIMIT 1   [ RunTime:0.0004s ]
SQL: SELECT * FROM `njxz_menu` WHERE `parent_id` = 14 AND `type` = 4 AND `name` = '查看' AND `is_show` = 1 AND `mark` = 1 LIMIT 1   [ RunTime:0.0005s ]
NOTIC: [8] Undefined index: to_url /Applications/MxSrvs/www/admin.njxz.edu.com/Application/Admin/Service/MenuService.class.php 第 118 行.
NOTIC: [8] Undefined index: to_url /Applications/MxSrvs/www/admin.njxz.edu.com/Application/Admin/Service/MenuService.class.php 第 118 行.
SQL: SELECT COUNT(*) AS tp_count FROM `njxz_menu` WHERE `id` IN ('141','142','182') AND `is_show` = 1 LIMIT 1   [ RunTime:0.0006s ]
SQL: SELECT * FROM `njxz_menu` WHERE `parent_id` = 140 AND `type` = 4 AND `name` = '查看' AND `is_show` = 1 AND `mark` = 1 LIMIT 1   [ RunTime:0.0006s ]
NOTIC: [8] Undefined index: to_url /Applications/MxSrvs/www/admin.njxz.edu.com/Application/Admin/Service/MenuService.class.php 第 118 行.
NOTIC: [8] Undefined index: to_url /Applications/MxSrvs/www/admin.njxz.edu.com/Application/Admin/Service/MenuService.class.php 第 118 行.
SQL: SELECT COUNT(*) AS tp_count FROM `njxz_menu` WHERE `id` IN ('59','60','61','62','172') AND `is_show` = 1 LIMIT 1   [ RunTime:0.0007s ]
SQL: SELECT * FROM `njxz_menu` WHERE `parent_id` = 50 AND `type` = 4 AND `name` = '查看' AND `is_show` = 1 AND `mark` = 1 LIMIT 1   [ RunTime:0.0006s ]
NOTIC: [8] Undefined index: to_url /Applications/MxSrvs/www/admin.njxz.edu.com/Application/Admin/Service/MenuService.class.php 第 118 行.
NOTIC: [8] Undefined index: to_url /Applications/MxSrvs/www/admin.njxz.edu.com/Application/Admin/Service/MenuService.class.php 第 118 行.
SQL: SELECT COUNT(*) AS tp_count FROM `njxz_menu` WHERE `id` IN ('64','65','66','67','173') AND `is_show` = 1 LIMIT 1   [ RunTime:0.0004s ]
SQL: SELECT * FROM `njxz_menu` WHERE `parent_id` = 63 AND `type` = 4 AND `name` = '查看' AND `is_show` = 1 AND `mark` = 1 LIMIT 1   [ RunTime:0.0005s ]
NOTIC: [8] Undefined index: to_url /Applications/MxSrvs/www/admin.njxz.edu.com/Application/Admin/Service/MenuService.class.php 第 118 行.
NOTIC: [8] Undefined index: to_url /Applications/MxSrvs/www/admin.njxz.edu.com/Application/Admin/Service/MenuService.class.php 第 118 行.
SQL: SELECT COUNT(*) AS tp_count FROM `njxz_menu` WHERE `id` IN ('68','69','70','71','174','196') AND `is_show` = 1 LIMIT 1   [ RunTime:0.0004s ]
SQL: SELECT * FROM `njxz_menu` WHERE `parent_id` = 46 AND `type` = 4 AND `name` = '查看' AND `is_show` = 1 AND `mark` = 1 LIMIT 1   [ RunTime:0.0004s ]
NOTIC: [8] Undefined index: to_url /Applications/MxSrvs/www/admin.njxz.edu.com/Application/Admin/Service/MenuService.class.php 第 118 行.
NOTIC: [8] Undefined index: to_url /Applications/MxSrvs/www/admin.njxz.edu.com/Application/Admin/Service/MenuService.class.php 第 118 行.
SQL: SELECT COUNT(*) AS tp_count FROM `njxz_menu` WHERE `id` IN ('73','74','75','76','175') AND `is_show` = 1 LIMIT 1   [ RunTime:0.0003s ]
SQL: SELECT * FROM `njxz_menu` WHERE `parent_id` = 72 AND `type` = 4 AND `name` = '查看' AND `is_show` = 1 AND `mark` = 1 LIMIT 1   [ RunTime:0.0007s ]
NOTIC: [8] Undefined index: to_url /Applications/MxSrvs/www/admin.njxz.edu.com/Application/Admin/Service/MenuService.class.php 第 118 行.
NOTIC: [8] Undefined index: to_url /Applications/MxSrvs/www/admin.njxz.edu.com/Application/Admin/Service/MenuService.class.php 第 118 行.
SQL: SELECT COUNT(*) AS tp_count FROM `njxz_menu` WHERE `id` IN ('202','203','204','205','206') AND `is_show` = 1 LIMIT 1   [ RunTime:0.0004s ]
SQL: SELECT * FROM `njxz_menu` WHERE `parent_id` = 201 AND `type` = 4 AND `name` = '查看' AND `is_show` = 1 AND `mark` = 1 LIMIT 1   [ RunTime:0.0005s ]
NOTIC: [8] Undefined index: to_url /Applications/MxSrvs/www/admin.njxz.edu.com/Application/Admin/Service/MenuService.class.php 第 118 行.
NOTIC: [8] Undefined index: to_url /Applications/MxSrvs/www/admin.njxz.edu.com/Application/Admin/Service/MenuService.class.php 第 118 行.
SQL: SELECT COUNT(*) AS tp_count FROM `njxz_menu` WHERE `id` IN ('208','209','210','211','212') AND `is_show` = 1 LIMIT 1   [ RunTime:0.0004s ]
SQL: SELECT * FROM `njxz_menu` WHERE `parent_id` = 207 AND `type` = 4 AND `name` = '查看' AND `is_show` = 1 AND `mark` = 1 LIMIT 1   [ RunTime:0.0004s ]
NOTIC: [8] Undefined index: to_url /Applications/MxSrvs/www/admin.njxz.edu.com/Application/Admin/Service/MenuService.class.php 第 118 行.
NOTIC: [8] Undefined index: to_url /Applications/MxSrvs/www/admin.njxz.edu.com/Application/Admin/Service/MenuService.class.php 第 118 行.
SQL: SELECT COUNT(*) AS tp_count FROM `njxz_menu` WHERE `id` IN ('504','505','506','507','508','509') AND `is_show` = 1 LIMIT 1   [ RunTime:0.0004s ]
SQL: SELECT * FROM `njxz_menu` WHERE `parent_id` = 503 AND `type` = 4 AND `name` = '查看' AND `is_show` = 1 AND `mark` = 1 LIMIT 1   [ RunTime:0.0005s ]
NOTIC: [8] Undefined index: to_url /Applications/MxSrvs/www/admin.njxz.edu.com/Application/Admin/Service/MenuService.class.php 第 118 行.
NOTIC: [8] Undefined index: to_url /Applications/MxSrvs/www/admin.njxz.edu.com/Application/Admin/Service/MenuService.class.php 第 118 行.
SQL: SELECT COUNT(*) AS tp_count FROM `njxz_menu` WHERE `id` IN ('511','512','513','514','515') AND `is_show` = 1 LIMIT 1   [ RunTime:0.0004s ]
SQL: SELECT * FROM `njxz_menu` WHERE `parent_id` = 510 AND `type` = 4 AND `name` = '查看' AND `is_show` = 1 AND `mark` = 1 LIMIT 1   [ RunTime:0.0004s ]
NOTIC: [8] Undefined index: to_url /Applications/MxSrvs/www/admin.njxz.edu.com/Application/Admin/Service/MenuService.class.php 第 118 行.
NOTIC: [8] Undefined index: to_url /Applications/MxSrvs/www/admin.njxz.edu.com/Application/Admin/Service/MenuService.class.php 第 118 行.
SQL: SELECT COUNT(*) AS tp_count FROM `njxz_menu` WHERE `id` IN ('517','518','519','520','521','522') AND `is_show` = 1 LIMIT 1   [ RunTime:0.0003s ]
SQL: SELECT * FROM `njxz_menu` WHERE `parent_id` = 516 AND `type` = 4 AND `name` = '查看' AND `is_show` = 1 AND `mark` = 1 LIMIT 1   [ RunTime:0.0006s ]
NOTIC: [8] Undefined index: to_url /Applications/MxSrvs/www/admin.njxz.edu.com/Application/Admin/Service/MenuService.class.php 第 118 行.
NOTIC: [8] Undefined index: to_url /Applications/MxSrvs/www/admin.njxz.edu.com/Application/Admin/Service/MenuService.class.php 第 118 行.
SQL: SELECT COUNT(*) AS tp_count FROM `njxz_menu` WHERE `id` IN ('524','525','526','527','528') AND `is_show` = 1 LIMIT 1   [ RunTime:0.0008s ]
SQL: SELECT * FROM `njxz_menu` WHERE `parent_id` = 523 AND `type` = 4 AND `name` = '查看' AND `is_show` = 1 AND `mark` = 1 LIMIT 1   [ RunTime:0.0006s ]
NOTIC: [8] Undefined index: to_url /Applications/MxSrvs/www/admin.njxz.edu.com/Application/Admin/Service/MenuService.class.php 第 118 行.
NOTIC: [8] Undefined index: to_url /Applications/MxSrvs/www/admin.njxz.edu.com/Application/Admin/Service/MenuService.class.php 第 118 行.
SQL: SELECT COUNT(*) AS tp_count FROM `njxz_menu` WHERE `id` IN ('532','533','534','535','536') AND `is_show` = 1 LIMIT 1   [ RunTime:0.0004s ]
SQL: SELECT * FROM `njxz_menu` WHERE `parent_id` = 531 AND `type` = 4 AND `name` = '查看' AND `is_show` = 1 AND `mark` = 1 LIMIT 1   [ RunTime:0.0006s ]
NOTIC: [8] Undefined index: to_url /Applications/MxSrvs/www/admin.njxz.edu.com/Application/Admin/Service/MenuService.class.php 第 118 行.
NOTIC: [8] Undefined index: to_url /Applications/MxSrvs/www/admin.njxz.edu.com/Application/Admin/Service/MenuService.class.php 第 118 行.
SQL: SELECT COUNT(*) AS tp_count FROM `njxz_menu` WHERE `id` IN ('538','539','540','541','542','543','544') AND `is_show` = 1 LIMIT 1   [ RunTime:0.0004s ]
SQL: SELECT * FROM `njxz_menu` WHERE `parent_id` = 537 AND `type` = 4 AND `name` = '查看' AND `is_show` = 1 AND `mark` = 1 LIMIT 1   [ RunTime:0.0005s ]
NOTIC: [8] Undefined index: to_url /Applications/MxSrvs/www/admin.njxz.edu.com/Application/Admin/Service/MenuService.class.php 第 118 行.
NOTIC: [8] Undefined index: to_url /Applications/MxSrvs/www/admin.njxz.edu.com/Application/Admin/Service/MenuService.class.php 第 118 行.
SQL: SELECT COUNT(*) AS tp_count FROM `njxz_menu` WHERE `id` IN ('546','547','548','549','550','551','552') AND `is_show` = 1 LIMIT 1   [ RunTime:0.0003s ]
SQL: SELECT * FROM `njxz_menu` WHERE `parent_id` = 545 AND `type` = 4 AND `name` = '查看' AND `is_show` = 1 AND `mark` = 1 LIMIT 1   [ RunTime:0.0005s ]
NOTIC: [8] Undefined index: to_url /Applications/MxSrvs/www/admin.njxz.edu.com/Application/Admin/Service/MenuService.class.php 第 118 行.
NOTIC: [8] Undefined index: to_url /Applications/MxSrvs/www/admin.njxz.edu.com/Application/Admin/Service/MenuService.class.php 第 118 行.

