[ 2021-01-09T10:51:00+08:00 ] 10.10.128.70 /
INFO: [ app_init ] --START--
INFO: Run Behavior\BuildLiteBehavior [ RunTime:0.000003s ]
INFO: [ app_init ] --END-- [ RunTime:0.000104s ]
NOTIC: [8] Constant MAIN_URL already defined /www/wwwroot/admin.njxz.edu.com/Application/Common/Conf/config.inc.php 第 10 行.
NOTIC: [8] Constant IMG_URL already defined /www/wwwroot/admin.njxz.edu.com/Application/Common/Conf/config.inc.php 第 11 行.
NOTIC: [8] Constant ATTACHMENT_PATH already defined /www/wwwroot/admin.njxz.edu.com/Application/Common/Conf/config.inc.php 第 12 行.
NOTIC: [8] Constant IMG_PATH already defined /www/wwwroot/admin.njxz.edu.com/Application/Common/Conf/config.inc.php 第 13 行.
NOTIC: [8] Constant FILE_PATH already defined /www/wwwroot/admin.njxz.edu.com/Application/Common/Conf/config.inc.php 第 14 行.
NOTIC: [8] Constant UPLOAD_TEMP_PATH already defined /www/wwwroot/admin.njxz.edu.com/Application/Common/Conf/config.inc.php 第 15 行.
INFO: [ app_begin ] --START--
INFO: Run Behavior\ReadHtmlCacheBehavior [ RunTime:0.000147s ]
INFO: [ app_begin ] --END-- [ RunTime:0.000156s ]
NOTIC: [2] Declaration of Admin\Controller\IndexController::index() should be compatible with Admin\Controller\BaseController::index($data = Array) /www/wwwroot/admin.njxz.edu.com/Application/Admin/Controller/IndexController.class.php 第 19 行.
NOTIC: [8] Undefined index: simple /www/wwwroot/admin.njxz.edu.com/Application/Admin/Controller/BaseController.class.php 第 59 行.

[ 2021-01-09T10:51:00+08:00 ] 10.10.128.70 /Login/index.html
INFO: [ app_init ] --START--
INFO: Run Behavior\BuildLiteBehavior [ RunTime:0.000002s ]
INFO: [ app_init ] --END-- [ RunTime:0.000105s ]
NOTIC: [8] Constant MAIN_URL already defined /www/wwwroot/admin.njxz.edu.com/Application/Common/Conf/config.inc.php 第 10 行.
NOTIC: [8] Constant IMG_URL already defined /www/wwwroot/admin.njxz.edu.com/Application/Common/Conf/config.inc.php 第 11 行.
NOTIC: [8] Constant ATTACHMENT_PATH already defined /www/wwwroot/admin.njxz.edu.com/Application/Common/Conf/config.inc.php 第 12 行.
NOTIC: [8] Constant IMG_PATH already defined /www/wwwroot/admin.njxz.edu.com/Application/Common/Conf/config.inc.php 第 13 行.
NOTIC: [8] Constant FILE_PATH already defined /www/wwwroot/admin.njxz.edu.com/Application/Common/Conf/config.inc.php 第 14 行.
NOTIC: [8] Constant UPLOAD_TEMP_PATH already defined /www/wwwroot/admin.njxz.edu.com/Application/Common/Conf/config.inc.php 第 15 行.
INFO: [ app_begin ] --START--
INFO: Run Behavior\ReadHtmlCacheBehavior [ RunTime:0.000148s ]
INFO: [ app_begin ] --END-- [ RunTime:0.000158s ]
NOTIC: [2] Declaration of Admin\Controller\LoginController::index() should be compatible with Admin\Controller\BaseController::index($data = Array) /www/wwwroot/admin.njxz.edu.com/Application/Admin/Controller/LoginController.class.php 第 8 行.
NOTIC: [8] Undefined index: simple /www/wwwroot/admin.njxz.edu.com/Application/Admin/Controller/BaseController.class.php 第 59 行.
SQL: SHOW COLUMNS FROM `njxz_admin` [ RunTime:0.0004s ]
SQL: SELECT * FROM `njxz_admin` WHERE `id` = 0 LIMIT 1   [ RunTime:0.0002s ]
NOTIC: [2] Declaration of Admin\Service\AdminService::getList() should be compatible with Admin\Model\ServiceModel::getList($map = Array, $sort = 'id desc') /www/wwwroot/admin.njxz.edu.com/Application/Admin/Service/AdminService.class.php 第 14 行.
NOTIC: [2] Declaration of Admin\Service\AdminService::edit() should be compatible with Admin\Model\ServiceModel::edit($data = Array, $is_sql = false) /www/wwwroot/admin.njxz.edu.com/Application/Admin/Service/AdminService.class.php 第 14 行.
SQL: SHOW COLUMNS FROM `njxz_admin` [ RunTime:0.0002s ]
INFO: [ view_parse ] --START--
INFO: [ template_filter ] --START--
INFO: Run Behavior\ContentReplaceBehavior [ RunTime:0.000018s ]
INFO: [ template_filter ] --END-- [ RunTime:0.000025s ]
INFO: Run Behavior\ParseTemplateBehavior [ RunTime:0.001389s ]
INFO: [ view_parse ] --END-- [ RunTime:0.001397s ]
INFO: [ view_filter ] --START--
INFO: Run Behavior\WriteHtmlCacheBehavior [ RunTime:0.000074s ]
INFO: [ view_filter ] --END-- [ RunTime:0.000079s ]
INFO: [ app_end ] --START--
INFO: Run Behavior\ShowPageTraceBehavior [ RunTime:0.000167s ]
INFO: [ app_end ] --END-- [ RunTime:0.000173s ]

[ 2021-01-09T10:51:01+08:00 ] 10.10.128.70 /Login/verify.html
INFO: [ app_init ] --START--
INFO: Run Behavior\BuildLiteBehavior [ RunTime:0.000002s ]
INFO: [ app_init ] --END-- [ RunTime:0.000102s ]
NOTIC: [8] Constant MAIN_URL already defined /www/wwwroot/admin.njxz.edu.com/Application/Common/Conf/config.inc.php 第 10 行.
NOTIC: [8] Constant IMG_URL already defined /www/wwwroot/admin.njxz.edu.com/Application/Common/Conf/config.inc.php 第 11 行.
NOTIC: [8] Constant ATTACHMENT_PATH already defined /www/wwwroot/admin.njxz.edu.com/Application/Common/Conf/config.inc.php 第 12 行.
NOTIC: [8] Constant IMG_PATH already defined /www/wwwroot/admin.njxz.edu.com/Application/Common/Conf/config.inc.php 第 13 行.
NOTIC: [8] Constant FILE_PATH already defined /www/wwwroot/admin.njxz.edu.com/Application/Common/Conf/config.inc.php 第 14 行.
NOTIC: [8] Constant UPLOAD_TEMP_PATH already defined /www/wwwroot/admin.njxz.edu.com/Application/Common/Conf/config.inc.php 第 15 行.
INFO: [ app_begin ] --START--
INFO: Run Behavior\ReadHtmlCacheBehavior [ RunTime:0.000147s ]
INFO: [ app_begin ] --END-- [ RunTime:0.000156s ]
NOTIC: [2] Declaration of Admin\Controller\LoginController::index() should be compatible with Admin\Controller\BaseController::index($data = Array) /www/wwwroot/admin.njxz.edu.com/Application/Admin/Controller/LoginController.class.php 第 8 行.
NOTIC: [8] Undefined index: simple /www/wwwroot/admin.njxz.edu.com/Application/Admin/Controller/BaseController.class.php 第 59 行.
SQL: SHOW COLUMNS FROM `njxz_admin` [ RunTime:0.0004s ]
SQL: SELECT * FROM `njxz_admin` WHERE `id` = 0 LIMIT 1   [ RunTime:0.0002s ]
NOTIC: [2] Declaration of Admin\Service\AdminService::getList() should be compatible with Admin\Model\ServiceModel::getList($map = Array, $sort = 'id desc') /www/wwwroot/admin.njxz.edu.com/Application/Admin/Service/AdminService.class.php 第 14 行.
NOTIC: [2] Declaration of Admin\Service\AdminService::edit() should be compatible with Admin\Model\ServiceModel::edit($data = Array, $is_sql = false) /www/wwwroot/admin.njxz.edu.com/Application/Admin/Service/AdminService.class.php 第 14 行.
SQL: SHOW COLUMNS FROM `njxz_admin` [ RunTime:0.0002s ]
INFO: [ app_end ] --START--
INFO: Run Behavior\ShowPageTraceBehavior [ RunTime:0.000170s ]
INFO: [ app_end ] --END-- [ RunTime:0.000180s ]

[ 2021-01-09T10:51:05+08:00 ] 10.10.128.70 /
INFO: [ app_init ] --START--
INFO: Run Behavior\BuildLiteBehavior [ RunTime:0.000002s ]
INFO: [ app_init ] --END-- [ RunTime:0.000103s ]
NOTIC: [8] Constant MAIN_URL already defined /www/wwwroot/admin.njxz.edu.com/Application/Common/Conf/config.inc.php 第 10 行.
NOTIC: [8] Constant IMG_URL already defined /www/wwwroot/admin.njxz.edu.com/Application/Common/Conf/config.inc.php 第 11 行.
NOTIC: [8] Constant ATTACHMENT_PATH already defined /www/wwwroot/admin.njxz.edu.com/Application/Common/Conf/config.inc.php 第 12 行.
NOTIC: [8] Constant IMG_PATH already defined /www/wwwroot/admin.njxz.edu.com/Application/Common/Conf/config.inc.php 第 13 行.
NOTIC: [8] Constant FILE_PATH already defined /www/wwwroot/admin.njxz.edu.com/Application/Common/Conf/config.inc.php 第 14 行.
NOTIC: [8] Constant UPLOAD_TEMP_PATH already defined /www/wwwroot/admin.njxz.edu.com/Application/Common/Conf/config.inc.php 第 15 行.
INFO: [ app_begin ] --START--
INFO: Run Behavior\ReadHtmlCacheBehavior [ RunTime:0.000146s ]
INFO: [ app_begin ] --END-- [ RunTime:0.000155s ]
NOTIC: [2] Declaration of Admin\Controller\IndexController::index() should be compatible with Admin\Controller\BaseController::index($data = Array) /www/wwwroot/admin.njxz.edu.com/Application/Admin/Controller/IndexController.class.php 第 19 行.
NOTIC: [8] Undefined index: simple /www/wwwroot/admin.njxz.edu.com/Application/Admin/Controller/BaseController.class.php 第 59 行.

