[ 2021-01-25T20:38:06+08:00 ] 127.0.0.1 /Index/index
INFO: [ app_init ] --START--
INFO: Run Behavior\BuildLiteBehavior [ RunTime:0.000016s ]
INFO: [ app_init ] --END-- [ RunTime:0.000261s ]
NOTIC: [8192] Array and string offset access syntax with curly braces is deprecated /Applications/MxSrvs/www/admin/Application/Common/Common/Zeus.php 第 62 行.
NOTIC: [8192] Array and string offset access syntax with curly braces is deprecated /Applications/MxSrvs/www/admin/Application/Common/Common/Zeus.php 第 392 行.
NOTIC: [8192] Array and string offset access syntax with curly braces is deprecated /Applications/MxSrvs/www/admin/Application/Common/Common/Zeus.php 第 392 行.
NOTIC: [8192] Array and string offset access syntax with curly braces is deprecated /Applications/MxSrvs/www/admin/Application/Common/Common/Zeus.php 第 394 行.
NOTIC: [8192] Array and string offset access syntax with curly braces is deprecated /Applications/MxSrvs/www/admin/Application/Common/Common/Zeus.php 第 394 行.
NOTIC: [8192] Array and string offset access syntax with curly braces is deprecated /Applications/MxSrvs/www/admin/Application/Common/Common/Zeus.php 第 394 行.
NOTIC: [8192] Array and string offset access syntax with curly braces is deprecated /Applications/MxSrvs/www/admin/Application/Common/Common/Zeus.php 第 396 行.
NOTIC: [8192] Array and string offset access syntax with curly braces is deprecated /Applications/MxSrvs/www/admin/Application/Common/Common/Zeus.php 第 396 行.
NOTIC: [8192] Array and string offset access syntax with curly braces is deprecated /Applications/MxSrvs/www/admin/Application/Common/Common/Zeus.php 第 396 行.
NOTIC: [8] Constant MAIN_URL already defined /Applications/MxSrvs/www/admin/Application/Common/Conf/config.inc.php 第 10 行.
NOTIC: [8] Constant IMG_URL already defined /Applications/MxSrvs/www/admin/Application/Common/Conf/config.inc.php 第 11 行.
NOTIC: [8] Constant ATTACHMENT_PATH already defined /Applications/MxSrvs/www/admin/Application/Common/Conf/config.inc.php 第 12 行.
NOTIC: [8] Constant IMG_PATH already defined /Applications/MxSrvs/www/admin/Application/Common/Conf/config.inc.php 第 13 行.
NOTIC: [8] Constant FILE_PATH already defined /Applications/MxSrvs/www/admin/Application/Common/Conf/config.inc.php 第 14 行.
NOTIC: [8] Constant UPLOAD_TEMP_PATH already defined /Applications/MxSrvs/www/admin/Application/Common/Conf/config.inc.php 第 15 行.
INFO: [ app_begin ] --START--
INFO: Run Behavior\ReadHtmlCacheBehavior [ RunTime:0.000767s ]
INFO: [ app_begin ] --END-- [ RunTime:0.000850s ]
NOTIC: [2] Declaration of Admin\Controller\IndexController::index() should be compatible with Admin\Controller\BaseController::index($data = Array) /Applications/MxSrvs/www/admin/Application/Admin/Controller/IndexController.class.php 第 26 行.
NOTIC: [8] Undefined index: simple /Applications/MxSrvs/www/admin/Application/Admin/Controller/BaseController.class.php 第 59 行.

[ 2021-01-25T20:38:06+08:00 ] 127.0.0.1 /Login/index.html
INFO: [ app_init ] --START--
INFO: Run Behavior\BuildLiteBehavior [ RunTime:0.000017s ]
INFO: [ app_init ] --END-- [ RunTime:0.000167s ]
NOTIC: [8192] Array and string offset access syntax with curly braces is deprecated /Applications/MxSrvs/www/admin/Application/Common/Common/Zeus.php 第 62 行.
NOTIC: [8192] Array and string offset access syntax with curly braces is deprecated /Applications/MxSrvs/www/admin/Application/Common/Common/Zeus.php 第 392 行.
NOTIC: [8192] Array and string offset access syntax with curly braces is deprecated /Applications/MxSrvs/www/admin/Application/Common/Common/Zeus.php 第 392 行.
NOTIC: [8192] Array and string offset access syntax with curly braces is deprecated /Applications/MxSrvs/www/admin/Application/Common/Common/Zeus.php 第 394 行.
NOTIC: [8192] Array and string offset access syntax with curly braces is deprecated /Applications/MxSrvs/www/admin/Application/Common/Common/Zeus.php 第 394 行.
NOTIC: [8192] Array and string offset access syntax with curly braces is deprecated /Applications/MxSrvs/www/admin/Application/Common/Common/Zeus.php 第 394 行.
NOTIC: [8192] Array and string offset access syntax with curly braces is deprecated /Applications/MxSrvs/www/admin/Application/Common/Common/Zeus.php 第 396 行.
NOTIC: [8192] Array and string offset access syntax with curly braces is deprecated /Applications/MxSrvs/www/admin/Application/Common/Common/Zeus.php 第 396 行.
NOTIC: [8192] Array and string offset access syntax with curly braces is deprecated /Applications/MxSrvs/www/admin/Application/Common/Common/Zeus.php 第 396 行.
NOTIC: [8] Constant MAIN_URL already defined /Applications/MxSrvs/www/admin/Application/Common/Conf/config.inc.php 第 10 行.
NOTIC: [8] Constant IMG_URL already defined /Applications/MxSrvs/www/admin/Application/Common/Conf/config.inc.php 第 11 行.
NOTIC: [8] Constant ATTACHMENT_PATH already defined /Applications/MxSrvs/www/admin/Application/Common/Conf/config.inc.php 第 12 行.
NOTIC: [8] Constant IMG_PATH already defined /Applications/MxSrvs/www/admin/Application/Common/Conf/config.inc.php 第 13 行.
NOTIC: [8] Constant FILE_PATH already defined /Applications/MxSrvs/www/admin/Application/Common/Conf/config.inc.php 第 14 行.
NOTIC: [8] Constant UPLOAD_TEMP_PATH already defined /Applications/MxSrvs/www/admin/Application/Common/Conf/config.inc.php 第 15 行.
INFO: [ app_begin ] --START--
INFO: Run Behavior\ReadHtmlCacheBehavior [ RunTime:0.000390s ]
INFO: [ app_begin ] --END-- [ RunTime:0.000457s ]
NOTIC: [2] Declaration of Admin\Controller\LoginController::index() should be compatible with Admin\Controller\BaseController::index($data = Array) /Applications/MxSrvs/www/admin/Application/Admin/Controller/LoginController.class.php 第 20 行.
NOTIC: [8] Undefined index: simple /Applications/MxSrvs/www/admin/Application/Admin/Controller/BaseController.class.php 第 59 行.
ERR: SQLSTATE[HY000] [2002] Connection refused
NOTIC: [2] include(): Filename cannot be empty /Applications/MxSrvs/www/admin/ThinkPHP/Library/Think/Think.class.php 第 314 行.
NOTIC: [2] include(): Failed opening '' for inclusion (include_path='.:/Applications/MxSrvs/bin/php/lib/php') /Applications/MxSrvs/www/admin/ThinkPHP/Library/Think/Think.class.php 第 314 行.

[ 2021-01-25T20:38:08+08:00 ] 127.0.0.1 /Login/index.html
INFO: [ app_init ] --START--
INFO: Run Behavior\BuildLiteBehavior [ RunTime:0.000030s ]
INFO: [ app_init ] --END-- [ RunTime:0.000233s ]
NOTIC: [8192] Array and string offset access syntax with curly braces is deprecated /Applications/MxSrvs/www/admin/Application/Common/Common/Zeus.php 第 62 行.
NOTIC: [8192] Array and string offset access syntax with curly braces is deprecated /Applications/MxSrvs/www/admin/Application/Common/Common/Zeus.php 第 392 行.
NOTIC: [8192] Array and string offset access syntax with curly braces is deprecated /Applications/MxSrvs/www/admin/Application/Common/Common/Zeus.php 第 392 行.
NOTIC: [8192] Array and string offset access syntax with curly braces is deprecated /Applications/MxSrvs/www/admin/Application/Common/Common/Zeus.php 第 394 行.
NOTIC: [8192] Array and string offset access syntax with curly braces is deprecated /Applications/MxSrvs/www/admin/Application/Common/Common/Zeus.php 第 394 行.
NOTIC: [8192] Array and string offset access syntax with curly braces is deprecated /Applications/MxSrvs/www/admin/Application/Common/Common/Zeus.php 第 394 行.
NOTIC: [8192] Array and string offset access syntax with curly braces is deprecated /Applications/MxSrvs/www/admin/Application/Common/Common/Zeus.php 第 396 行.
NOTIC: [8192] Array and string offset access syntax with curly braces is deprecated /Applications/MxSrvs/www/admin/Application/Common/Common/Zeus.php 第 396 行.
NOTIC: [8192] Array and string offset access syntax with curly braces is deprecated /Applications/MxSrvs/www/admin/Application/Common/Common/Zeus.php 第 396 行.
NOTIC: [8] Constant MAIN_URL already defined /Applications/MxSrvs/www/admin/Application/Common/Conf/config.inc.php 第 10 行.
NOTIC: [8] Constant IMG_URL already defined /Applications/MxSrvs/www/admin/Application/Common/Conf/config.inc.php 第 11 行.
NOTIC: [8] Constant ATTACHMENT_PATH already defined /Applications/MxSrvs/www/admin/Application/Common/Conf/config.inc.php 第 12 行.
NOTIC: [8] Constant IMG_PATH already defined /Applications/MxSrvs/www/admin/Application/Common/Conf/config.inc.php 第 13 行.
NOTIC: [8] Constant FILE_PATH already defined /Applications/MxSrvs/www/admin/Application/Common/Conf/config.inc.php 第 14 行.
NOTIC: [8] Constant UPLOAD_TEMP_PATH already defined /Applications/MxSrvs/www/admin/Application/Common/Conf/config.inc.php 第 15 行.
INFO: [ app_begin ] --START--
INFO: Run Behavior\ReadHtmlCacheBehavior [ RunTime:0.000318s ]
INFO: [ app_begin ] --END-- [ RunTime:0.000390s ]
NOTIC: [2] Declaration of Admin\Controller\LoginController::index() should be compatible with Admin\Controller\BaseController::index($data = Array) /Applications/MxSrvs/www/admin/Application/Admin/Controller/LoginController.class.php 第 20 行.
NOTIC: [8] Undefined index: simple /Applications/MxSrvs/www/admin/Application/Admin/Controller/BaseController.class.php 第 59 行.
ERR: SQLSTATE[HY000] [2002] Connection refused
NOTIC: [2] include(): Filename cannot be empty /Applications/MxSrvs/www/admin/ThinkPHP/Library/Think/Think.class.php 第 314 行.
NOTIC: [2] include(): Failed opening '' for inclusion (include_path='.:/Applications/MxSrvs/bin/php/lib/php') /Applications/MxSrvs/www/admin/ThinkPHP/Library/Think/Think.class.php 第 314 行.

[ 2021-01-25T20:39:31+08:00 ] 127.0.0.1 /Login/index.html
INFO: [ app_init ] --START--
INFO: Run Behavior\BuildLiteBehavior [ RunTime:0.000025s ]
INFO: [ app_init ] --END-- [ RunTime:0.000238s ]
NOTIC: [8192] Array and string offset access syntax with curly braces is deprecated /Applications/MxSrvs/www/admin/Application/Common/Common/Zeus.php 第 62 行.
NOTIC: [8192] Array and string offset access syntax with curly braces is deprecated /Applications/MxSrvs/www/admin/Application/Common/Common/Zeus.php 第 392 行.
NOTIC: [8192] Array and string offset access syntax with curly braces is deprecated /Applications/MxSrvs/www/admin/Application/Common/Common/Zeus.php 第 392 行.
NOTIC: [8192] Array and string offset access syntax with curly braces is deprecated /Applications/MxSrvs/www/admin/Application/Common/Common/Zeus.php 第 394 行.
NOTIC: [8192] Array and string offset access syntax with curly braces is deprecated /Applications/MxSrvs/www/admin/Application/Common/Common/Zeus.php 第 394 行.
NOTIC: [8192] Array and string offset access syntax with curly braces is deprecated /Applications/MxSrvs/www/admin/Application/Common/Common/Zeus.php 第 394 行.
NOTIC: [8192] Array and string offset access syntax with curly braces is deprecated /Applications/MxSrvs/www/admin/Application/Common/Common/Zeus.php 第 396 行.
NOTIC: [8192] Array and string offset access syntax with curly braces is deprecated /Applications/MxSrvs/www/admin/Application/Common/Common/Zeus.php 第 396 行.
NOTIC: [8192] Array and string offset access syntax with curly braces is deprecated /Applications/MxSrvs/www/admin/Application/Common/Common/Zeus.php 第 396 行.
NOTIC: [8] Constant MAIN_URL already defined /Applications/MxSrvs/www/admin/Application/Common/Conf/config.inc.php 第 10 行.
NOTIC: [8] Constant IMG_URL already defined /Applications/MxSrvs/www/admin/Application/Common/Conf/config.inc.php 第 11 行.
NOTIC: [8] Constant ATTACHMENT_PATH already defined /Applications/MxSrvs/www/admin/Application/Common/Conf/config.inc.php 第 12 行.
NOTIC: [8] Constant IMG_PATH already defined /Applications/MxSrvs/www/admin/Application/Common/Conf/config.inc.php 第 13 行.
NOTIC: [8] Constant FILE_PATH already defined /Applications/MxSrvs/www/admin/Application/Common/Conf/config.inc.php 第 14 行.
NOTIC: [8] Constant UPLOAD_TEMP_PATH already defined /Applications/MxSrvs/www/admin/Application/Common/Conf/config.inc.php 第 15 行.
INFO: [ app_begin ] --START--
INFO: Run Behavior\ReadHtmlCacheBehavior [ RunTime:0.000876s ]
INFO: [ app_begin ] --END-- [ RunTime:0.001019s ]
NOTIC: [2] Declaration of Admin\Controller\LoginController::index() should be compatible with Admin\Controller\BaseController::index($data = Array) /Applications/MxSrvs/www/admin/Application/Admin/Controller/LoginController.class.php 第 20 行.
NOTIC: [8] Undefined index: simple /Applications/MxSrvs/www/admin/Application/Admin/Controller/BaseController.class.php 第 59 行.
ERR: SQLSTATE[HY000] [2002] Connection refused
NOTIC: [2] include(): Filename cannot be empty /Applications/MxSrvs/www/admin/ThinkPHP/Library/Think/Think.class.php 第 314 行.
NOTIC: [2] include(): Failed opening '' for inclusion (include_path='.:/Applications/MxSrvs/bin/php/lib/php') /Applications/MxSrvs/www/admin/ThinkPHP/Library/Think/Think.class.php 第 314 行.

[ 2021-01-25T20:39:32+08:00 ] 127.0.0.1 /Login/index.html
INFO: [ app_init ] --START--
INFO: Run Behavior\BuildLiteBehavior [ RunTime:0.000016s ]
INFO: [ app_init ] --END-- [ RunTime:0.000144s ]
NOTIC: [8192] Array and string offset access syntax with curly braces is deprecated /Applications/MxSrvs/www/admin/Application/Common/Common/Zeus.php 第 62 行.
NOTIC: [8192] Array and string offset access syntax with curly braces is deprecated /Applications/MxSrvs/www/admin/Application/Common/Common/Zeus.php 第 392 行.
NOTIC: [8192] Array and string offset access syntax with curly braces is deprecated /Applications/MxSrvs/www/admin/Application/Common/Common/Zeus.php 第 392 行.
NOTIC: [8192] Array and string offset access syntax with curly braces is deprecated /Applications/MxSrvs/www/admin/Application/Common/Common/Zeus.php 第 394 行.
NOTIC: [8192] Array and string offset access syntax with curly braces is deprecated /Applications/MxSrvs/www/admin/Application/Common/Common/Zeus.php 第 394 行.
NOTIC: [8192] Array and string offset access syntax with curly braces is deprecated /Applications/MxSrvs/www/admin/Application/Common/Common/Zeus.php 第 394 行.
NOTIC: [8192] Array and string offset access syntax with curly braces is deprecated /Applications/MxSrvs/www/admin/Application/Common/Common/Zeus.php 第 396 行.
NOTIC: [8192] Array and string offset access syntax with curly braces is deprecated /Applications/MxSrvs/www/admin/Application/Common/Common/Zeus.php 第 396 行.
NOTIC: [8192] Array and string offset access syntax with curly braces is deprecated /Applications/MxSrvs/www/admin/Application/Common/Common/Zeus.php 第 396 行.
NOTIC: [8] Constant MAIN_URL already defined /Applications/MxSrvs/www/admin/Application/Common/Conf/config.inc.php 第 10 行.
NOTIC: [8] Constant IMG_URL already defined /Applications/MxSrvs/www/admin/Application/Common/Conf/config.inc.php 第 11 行.
NOTIC: [8] Constant ATTACHMENT_PATH already defined /Applications/MxSrvs/www/admin/Application/Common/Conf/config.inc.php 第 12 行.
NOTIC: [8] Constant IMG_PATH already defined /Applications/MxSrvs/www/admin/Application/Common/Conf/config.inc.php 第 13 行.
NOTIC: [8] Constant FILE_PATH already defined /Applications/MxSrvs/www/admin/Application/Common/Conf/config.inc.php 第 14 行.
NOTIC: [8] Constant UPLOAD_TEMP_PATH already defined /Applications/MxSrvs/www/admin/Application/Common/Conf/config.inc.php 第 15 行.
INFO: [ app_begin ] --START--
INFO: Run Behavior\ReadHtmlCacheBehavior [ RunTime:0.000564s ]
INFO: [ app_begin ] --END-- [ RunTime:0.000725s ]
NOTIC: [2] Declaration of Admin\Controller\LoginController::index() should be compatible with Admin\Controller\BaseController::index($data = Array) /Applications/MxSrvs/www/admin/Application/Admin/Controller/LoginController.class.php 第 20 行.
NOTIC: [8] Undefined index: simple /Applications/MxSrvs/www/admin/Application/Admin/Controller/BaseController.class.php 第 59 行.
ERR: SQLSTATE[HY000] [2002] Connection refused
NOTIC: [2] include(): Filename cannot be empty /Applications/MxSrvs/www/admin/ThinkPHP/Library/Think/Think.class.php 第 314 行.
NOTIC: [2] include(): Failed opening '' for inclusion (include_path='.:/Applications/MxSrvs/bin/php/lib/php') /Applications/MxSrvs/www/admin/ThinkPHP/Library/Think/Think.class.php 第 314 行.

[ 2021-01-25T20:39:32+08:00 ] 127.0.0.1 /Login/index.html
INFO: [ app_init ] --START--
INFO: Run Behavior\BuildLiteBehavior [ RunTime:0.000028s ]
INFO: [ app_init ] --END-- [ RunTime:0.000207s ]
NOTIC: [8192] Array and string offset access syntax with curly braces is deprecated /Applications/MxSrvs/www/admin/Application/Common/Common/Zeus.php 第 62 行.
NOTIC: [8192] Array and string offset access syntax with curly braces is deprecated /Applications/MxSrvs/www/admin/Application/Common/Common/Zeus.php 第 392 行.
NOTIC: [8192] Array and string offset access syntax with curly braces is deprecated /Applications/MxSrvs/www/admin/Application/Common/Common/Zeus.php 第 392 行.
NOTIC: [8192] Array and string offset access syntax with curly braces is deprecated /Applications/MxSrvs/www/admin/Application/Common/Common/Zeus.php 第 394 行.
NOTIC: [8192] Array and string offset access syntax with curly braces is deprecated /Applications/MxSrvs/www/admin/Application/Common/Common/Zeus.php 第 394 行.
NOTIC: [8192] Array and string offset access syntax with curly braces is deprecated /Applications/MxSrvs/www/admin/Application/Common/Common/Zeus.php 第 394 行.
NOTIC: [8192] Array and string offset access syntax with curly braces is deprecated /Applications/MxSrvs/www/admin/Application/Common/Common/Zeus.php 第 396 行.
NOTIC: [8192] Array and string offset access syntax with curly braces is deprecated /Applications/MxSrvs/www/admin/Application/Common/Common/Zeus.php 第 396 行.
NOTIC: [8192] Array and string offset access syntax with curly braces is deprecated /Applications/MxSrvs/www/admin/Application/Common/Common/Zeus.php 第 396 行.
NOTIC: [8] Constant MAIN_URL already defined /Applications/MxSrvs/www/admin/Application/Common/Conf/config.inc.php 第 10 行.
NOTIC: [8] Constant IMG_URL already defined /Applications/MxSrvs/www/admin/Application/Common/Conf/config.inc.php 第 11 行.
NOTIC: [8] Constant ATTACHMENT_PATH already defined /Applications/MxSrvs/www/admin/Application/Common/Conf/config.inc.php 第 12 行.
NOTIC: [8] Constant IMG_PATH already defined /Applications/MxSrvs/www/admin/Application/Common/Conf/config.inc.php 第 13 行.
NOTIC: [8] Constant FILE_PATH already defined /Applications/MxSrvs/www/admin/Application/Common/Conf/config.inc.php 第 14 行.
NOTIC: [8] Constant UPLOAD_TEMP_PATH already defined /Applications/MxSrvs/www/admin/Application/Common/Conf/config.inc.php 第 15 行.
INFO: [ app_begin ] --START--
INFO: Run Behavior\ReadHtmlCacheBehavior [ RunTime:0.000532s ]
INFO: [ app_begin ] --END-- [ RunTime:0.000641s ]
NOTIC: [2] Declaration of Admin\Controller\LoginController::index() should be compatible with Admin\Controller\BaseController::index($data = Array) /Applications/MxSrvs/www/admin/Application/Admin/Controller/LoginController.class.php 第 20 行.
NOTIC: [8] Undefined index: simple /Applications/MxSrvs/www/admin/Application/Admin/Controller/BaseController.class.php 第 59 行.
ERR: SQLSTATE[HY000] [2002] Connection refused
NOTIC: [2] include(): Filename cannot be empty /Applications/MxSrvs/www/admin/ThinkPHP/Library/Think/Think.class.php 第 314 行.
NOTIC: [2] include(): Failed opening '' for inclusion (include_path='.:/Applications/MxSrvs/bin/php/lib/php') /Applications/MxSrvs/www/admin/ThinkPHP/Library/Think/Think.class.php 第 314 行.

[ 2021-01-25T20:40:14+08:00 ] 127.0.0.1 /Login/index.html
INFO: [ app_init ] --START--
INFO: Run Behavior\BuildLiteBehavior [ RunTime:0.000027s ]
INFO: [ app_init ] --END-- [ RunTime:0.000204s ]
NOTIC: [8192] Array and string offset access syntax with curly braces is deprecated /Applications/MxSrvs/www/admin/Application/Common/Common/Zeus.php 第 62 行.
NOTIC: [8192] Array and string offset access syntax with curly braces is deprecated /Applications/MxSrvs/www/admin/Application/Common/Common/Zeus.php 第 392 行.
NOTIC: [8192] Array and string offset access syntax with curly braces is deprecated /Applications/MxSrvs/www/admin/Application/Common/Common/Zeus.php 第 392 行.
NOTIC: [8192] Array and string offset access syntax with curly braces is deprecated /Applications/MxSrvs/www/admin/Application/Common/Common/Zeus.php 第 394 行.
NOTIC: [8192] Array and string offset access syntax with curly braces is deprecated /Applications/MxSrvs/www/admin/Application/Common/Common/Zeus.php 第 394 行.
NOTIC: [8192] Array and string offset access syntax with curly braces is deprecated /Applications/MxSrvs/www/admin/Application/Common/Common/Zeus.php 第 394 行.
NOTIC: [8192] Array and string offset access syntax with curly braces is deprecated /Applications/MxSrvs/www/admin/Application/Common/Common/Zeus.php 第 396 行.
NOTIC: [8192] Array and string offset access syntax with curly braces is deprecated /Applications/MxSrvs/www/admin/Application/Common/Common/Zeus.php 第 396 行.
NOTIC: [8192] Array and string offset access syntax with curly braces is deprecated /Applications/MxSrvs/www/admin/Application/Common/Common/Zeus.php 第 396 行.
NOTIC: [8] Constant MAIN_URL already defined /Applications/MxSrvs/www/admin/Application/Common/Conf/config.inc.php 第 10 行.
NOTIC: [8] Constant IMG_URL already defined /Applications/MxSrvs/www/admin/Application/Common/Conf/config.inc.php 第 11 行.
NOTIC: [8] Constant ATTACHMENT_PATH already defined /Applications/MxSrvs/www/admin/Application/Common/Conf/config.inc.php 第 12 行.
NOTIC: [8] Constant IMG_PATH already defined /Applications/MxSrvs/www/admin/Application/Common/Conf/config.inc.php 第 13 行.
NOTIC: [8] Constant FILE_PATH already defined /Applications/MxSrvs/www/admin/Application/Common/Conf/config.inc.php 第 14 行.
NOTIC: [8] Constant UPLOAD_TEMP_PATH already defined /Applications/MxSrvs/www/admin/Application/Common/Conf/config.inc.php 第 15 行.
INFO: [ app_begin ] --START--
INFO: Run Behavior\ReadHtmlCacheBehavior [ RunTime:0.000626s ]
INFO: [ app_begin ] --END-- [ RunTime:0.000762s ]
NOTIC: [2] Declaration of Admin\Controller\LoginController::index() should be compatible with Admin\Controller\BaseController::index($data = Array) /Applications/MxSrvs/www/admin/Application/Admin/Controller/LoginController.class.php 第 20 行.
NOTIC: [8] Undefined index: simple /Applications/MxSrvs/www/admin/Application/Admin/Controller/BaseController.class.php 第 59 行.
ERR: SQLSTATE[HY000] [2002] Connection refused
NOTIC: [2] include(): Filename cannot be empty /Applications/MxSrvs/www/admin/ThinkPHP/Library/Think/Think.class.php 第 314 行.
NOTIC: [2] include(): Failed opening '' for inclusion (include_path='.:/Applications/MxSrvs/bin/php/lib/php') /Applications/MxSrvs/www/admin/ThinkPHP/Library/Think/Think.class.php 第 314 行.

[ 2021-01-25T20:40:14+08:00 ] 127.0.0.1 /Login/index.html
INFO: [ app_init ] --START--
INFO: Run Behavior\BuildLiteBehavior [ RunTime:0.000029s ]
INFO: [ app_init ] --END-- [ RunTime:0.000242s ]
NOTIC: [8192] Array and string offset access syntax with curly braces is deprecated /Applications/MxSrvs/www/admin/Application/Common/Common/Zeus.php 第 62 行.
NOTIC: [8192] Array and string offset access syntax with curly braces is deprecated /Applications/MxSrvs/www/admin/Application/Common/Common/Zeus.php 第 392 行.
NOTIC: [8192] Array and string offset access syntax with curly braces is deprecated /Applications/MxSrvs/www/admin/Application/Common/Common/Zeus.php 第 392 行.
NOTIC: [8192] Array and string offset access syntax with curly braces is deprecated /Applications/MxSrvs/www/admin/Application/Common/Common/Zeus.php 第 394 行.
NOTIC: [8192] Array and string offset access syntax with curly braces is deprecated /Applications/MxSrvs/www/admin/Application/Common/Common/Zeus.php 第 394 行.
NOTIC: [8192] Array and string offset access syntax with curly braces is deprecated /Applications/MxSrvs/www/admin/Application/Common/Common/Zeus.php 第 394 行.
NOTIC: [8192] Array and string offset access syntax with curly braces is deprecated /Applications/MxSrvs/www/admin/Application/Common/Common/Zeus.php 第 396 行.
NOTIC: [8192] Array and string offset access syntax with curly braces is deprecated /Applications/MxSrvs/www/admin/Application/Common/Common/Zeus.php 第 396 行.
NOTIC: [8192] Array and string offset access syntax with curly braces is deprecated /Applications/MxSrvs/www/admin/Application/Common/Common/Zeus.php 第 396 行.
NOTIC: [8] Constant MAIN_URL already defined /Applications/MxSrvs/www/admin/Application/Common/Conf/config.inc.php 第 10 行.
NOTIC: [8] Constant IMG_URL already defined /Applications/MxSrvs/www/admin/Application/Common/Conf/config.inc.php 第 11 行.
NOTIC: [8] Constant ATTACHMENT_PATH already defined /Applications/MxSrvs/www/admin/Application/Common/Conf/config.inc.php 第 12 行.
NOTIC: [8] Constant IMG_PATH already defined /Applications/MxSrvs/www/admin/Application/Common/Conf/config.inc.php 第 13 行.
NOTIC: [8] Constant FILE_PATH already defined /Applications/MxSrvs/www/admin/Application/Common/Conf/config.inc.php 第 14 行.
NOTIC: [8] Constant UPLOAD_TEMP_PATH already defined /Applications/MxSrvs/www/admin/Application/Common/Conf/config.inc.php 第 15 行.
INFO: [ app_begin ] --START--
INFO: Run Behavior\ReadHtmlCacheBehavior [ RunTime:0.000940s ]
INFO: [ app_begin ] --END-- [ RunTime:0.001105s ]
NOTIC: [2] Declaration of Admin\Controller\LoginController::index() should be compatible with Admin\Controller\BaseController::index($data = Array) /Applications/MxSrvs/www/admin/Application/Admin/Controller/LoginController.class.php 第 20 行.
NOTIC: [8] Undefined index: simple /Applications/MxSrvs/www/admin/Application/Admin/Controller/BaseController.class.php 第 59 行.
ERR: SQLSTATE[HY000] [2002] Connection refused
NOTIC: [2] include(): Filename cannot be empty /Applications/MxSrvs/www/admin/ThinkPHP/Library/Think/Think.class.php 第 314 行.
NOTIC: [2] include(): Failed opening '' for inclusion (include_path='.:/Applications/MxSrvs/bin/php/lib/php') /Applications/MxSrvs/www/admin/ThinkPHP/Library/Think/Think.class.php 第 314 行.

[ 2021-01-25T20:40:15+08:00 ] 127.0.0.1 /Login/index.html
INFO: [ app_init ] --START--
INFO: Run Behavior\BuildLiteBehavior [ RunTime:0.000016s ]
INFO: [ app_init ] --END-- [ RunTime:0.000129s ]
NOTIC: [8192] Array and string offset access syntax with curly braces is deprecated /Applications/MxSrvs/www/admin/Application/Common/Common/Zeus.php 第 62 行.
NOTIC: [8192] Array and string offset access syntax with curly braces is deprecated /Applications/MxSrvs/www/admin/Application/Common/Common/Zeus.php 第 392 行.
NOTIC: [8192] Array and string offset access syntax with curly braces is deprecated /Applications/MxSrvs/www/admin/Application/Common/Common/Zeus.php 第 392 行.
NOTIC: [8192] Array and string offset access syntax with curly braces is deprecated /Applications/MxSrvs/www/admin/Application/Common/Common/Zeus.php 第 394 行.
NOTIC: [8192] Array and string offset access syntax with curly braces is deprecated /Applications/MxSrvs/www/admin/Application/Common/Common/Zeus.php 第 394 行.
NOTIC: [8192] Array and string offset access syntax with curly braces is deprecated /Applications/MxSrvs/www/admin/Application/Common/Common/Zeus.php 第 394 行.
NOTIC: [8192] Array and string offset access syntax with curly braces is deprecated /Applications/MxSrvs/www/admin/Application/Common/Common/Zeus.php 第 396 行.
NOTIC: [8192] Array and string offset access syntax with curly braces is deprecated /Applications/MxSrvs/www/admin/Application/Common/Common/Zeus.php 第 396 行.
NOTIC: [8192] Array and string offset access syntax with curly braces is deprecated /Applications/MxSrvs/www/admin/Application/Common/Common/Zeus.php 第 396 行.
NOTIC: [8] Constant MAIN_URL already defined /Applications/MxSrvs/www/admin/Application/Common/Conf/config.inc.php 第 10 行.
NOTIC: [8] Constant IMG_URL already defined /Applications/MxSrvs/www/admin/Application/Common/Conf/config.inc.php 第 11 行.
NOTIC: [8] Constant ATTACHMENT_PATH already defined /Applications/MxSrvs/www/admin/Application/Common/Conf/config.inc.php 第 12 行.
NOTIC: [8] Constant IMG_PATH already defined /Applications/MxSrvs/www/admin/Application/Common/Conf/config.inc.php 第 13 行.
NOTIC: [8] Constant FILE_PATH already defined /Applications/MxSrvs/www/admin/Application/Common/Conf/config.inc.php 第 14 行.
NOTIC: [8] Constant UPLOAD_TEMP_PATH already defined /Applications/MxSrvs/www/admin/Application/Common/Conf/config.inc.php 第 15 行.
INFO: [ app_begin ] --START--
INFO: Run Behavior\ReadHtmlCacheBehavior [ RunTime:0.001387s ]
INFO: [ app_begin ] --END-- [ RunTime:0.001514s ]
NOTIC: [2] Declaration of Admin\Controller\LoginController::index() should be compatible with Admin\Controller\BaseController::index($data = Array) /Applications/MxSrvs/www/admin/Application/Admin/Controller/LoginController.class.php 第 20 行.
NOTIC: [8] Undefined index: simple /Applications/MxSrvs/www/admin/Application/Admin/Controller/BaseController.class.php 第 59 行.
ERR: SQLSTATE[HY000] [2002] Connection refused
NOTIC: [2] include(): Filename cannot be empty /Applications/MxSrvs/www/admin/ThinkPHP/Library/Think/Think.class.php 第 314 行.
NOTIC: [2] include(): Failed opening '' for inclusion (include_path='.:/Applications/MxSrvs/bin/php/lib/php') /Applications/MxSrvs/www/admin/ThinkPHP/Library/Think/Think.class.php 第 314 行.

[ 2021-01-25T20:40:15+08:00 ] 127.0.0.1 /Login/index.html
INFO: [ app_init ] --START--
INFO: Run Behavior\BuildLiteBehavior [ RunTime:0.000049s ]
INFO: [ app_init ] --END-- [ RunTime:0.000319s ]
NOTIC: [8192] Array and string offset access syntax with curly braces is deprecated /Applications/MxSrvs/www/admin/Application/Common/Common/Zeus.php 第 62 行.
NOTIC: [8192] Array and string offset access syntax with curly braces is deprecated /Applications/MxSrvs/www/admin/Application/Common/Common/Zeus.php 第 392 行.
NOTIC: [8192] Array and string offset access syntax with curly braces is deprecated /Applications/MxSrvs/www/admin/Application/Common/Common/Zeus.php 第 392 行.
NOTIC: [8192] Array and string offset access syntax with curly braces is deprecated /Applications/MxSrvs/www/admin/Application/Common/Common/Zeus.php 第 394 行.
NOTIC: [8192] Array and string offset access syntax with curly braces is deprecated /Applications/MxSrvs/www/admin/Application/Common/Common/Zeus.php 第 394 行.
NOTIC: [8192] Array and string offset access syntax with curly braces is deprecated /Applications/MxSrvs/www/admin/Application/Common/Common/Zeus.php 第 394 行.
NOTIC: [8192] Array and string offset access syntax with curly braces is deprecated /Applications/MxSrvs/www/admin/Application/Common/Common/Zeus.php 第 396 行.
NOTIC: [8192] Array and string offset access syntax with curly braces is deprecated /Applications/MxSrvs/www/admin/Application/Common/Common/Zeus.php 第 396 行.
NOTIC: [8192] Array and string offset access syntax with curly braces is deprecated /Applications/MxSrvs/www/admin/Application/Common/Common/Zeus.php 第 396 行.
NOTIC: [8] Constant MAIN_URL already defined /Applications/MxSrvs/www/admin/Application/Common/Conf/config.inc.php 第 10 行.
NOTIC: [8] Constant IMG_URL already defined /Applications/MxSrvs/www/admin/Application/Common/Conf/config.inc.php 第 11 行.
NOTIC: [8] Constant ATTACHMENT_PATH already defined /Applications/MxSrvs/www/admin/Application/Common/Conf/config.inc.php 第 12 行.
NOTIC: [8] Constant IMG_PATH already defined /Applications/MxSrvs/www/admin/Application/Common/Conf/config.inc.php 第 13 行.
NOTIC: [8] Constant FILE_PATH already defined /Applications/MxSrvs/www/admin/Application/Common/Conf/config.inc.php 第 14 行.
NOTIC: [8] Constant UPLOAD_TEMP_PATH already defined /Applications/MxSrvs/www/admin/Application/Common/Conf/config.inc.php 第 15 行.
INFO: [ app_begin ] --START--
INFO: Run Behavior\ReadHtmlCacheBehavior [ RunTime:0.000544s ]
INFO: [ app_begin ] --END-- [ RunTime:0.000664s ]
NOTIC: [2] Declaration of Admin\Controller\LoginController::index() should be compatible with Admin\Controller\BaseController::index($data = Array) /Applications/MxSrvs/www/admin/Application/Admin/Controller/LoginController.class.php 第 20 行.
NOTIC: [8] Undefined index: simple /Applications/MxSrvs/www/admin/Application/Admin/Controller/BaseController.class.php 第 59 行.
ERR: SQLSTATE[HY000] [2002] Connection refused
NOTIC: [2] include(): Filename cannot be empty /Applications/MxSrvs/www/admin/ThinkPHP/Library/Think/Think.class.php 第 314 行.
NOTIC: [2] include(): Failed opening '' for inclusion (include_path='.:/Applications/MxSrvs/bin/php/lib/php') /Applications/MxSrvs/www/admin/ThinkPHP/Library/Think/Think.class.php 第 314 行.

[ 2021-01-25T20:40:15+08:00 ] 127.0.0.1 /Login/index.html
INFO: [ app_init ] --START--
INFO: Run Behavior\BuildLiteBehavior [ RunTime:0.000031s ]
INFO: [ app_init ] --END-- [ RunTime:0.000230s ]
NOTIC: [8192] Array and string offset access syntax with curly braces is deprecated /Applications/MxSrvs/www/admin/Application/Common/Common/Zeus.php 第 62 行.
NOTIC: [8192] Array and string offset access syntax with curly braces is deprecated /Applications/MxSrvs/www/admin/Application/Common/Common/Zeus.php 第 392 行.
NOTIC: [8192] Array and string offset access syntax with curly braces is deprecated /Applications/MxSrvs/www/admin/Application/Common/Common/Zeus.php 第 392 行.
NOTIC: [8192] Array and string offset access syntax with curly braces is deprecated /Applications/MxSrvs/www/admin/Application/Common/Common/Zeus.php 第 394 行.
NOTIC: [8192] Array and string offset access syntax with curly braces is deprecated /Applications/MxSrvs/www/admin/Application/Common/Common/Zeus.php 第 394 行.
NOTIC: [8192] Array and string offset access syntax with curly braces is deprecated /Applications/MxSrvs/www/admin/Application/Common/Common/Zeus.php 第 394 行.
NOTIC: [8192] Array and string offset access syntax with curly braces is deprecated /Applications/MxSrvs/www/admin/Application/Common/Common/Zeus.php 第 396 行.
NOTIC: [8192] Array and string offset access syntax with curly braces is deprecated /Applications/MxSrvs/www/admin/Application/Common/Common/Zeus.php 第 396 行.
NOTIC: [8192] Array and string offset access syntax with curly braces is deprecated /Applications/MxSrvs/www/admin/Application/Common/Common/Zeus.php 第 396 行.
NOTIC: [8] Constant MAIN_URL already defined /Applications/MxSrvs/www/admin/Application/Common/Conf/config.inc.php 第 10 行.
NOTIC: [8] Constant IMG_URL already defined /Applications/MxSrvs/www/admin/Application/Common/Conf/config.inc.php 第 11 行.
NOTIC: [8] Constant ATTACHMENT_PATH already defined /Applications/MxSrvs/www/admin/Application/Common/Conf/config.inc.php 第 12 行.
NOTIC: [8] Constant IMG_PATH already defined /Applications/MxSrvs/www/admin/Application/Common/Conf/config.inc.php 第 13 行.
NOTIC: [8] Constant FILE_PATH already defined /Applications/MxSrvs/www/admin/Application/Common/Conf/config.inc.php 第 14 行.
NOTIC: [8] Constant UPLOAD_TEMP_PATH already defined /Applications/MxSrvs/www/admin/Application/Common/Conf/config.inc.php 第 15 行.
INFO: [ app_begin ] --START--
INFO: Run Behavior\ReadHtmlCacheBehavior [ RunTime:0.000751s ]
INFO: [ app_begin ] --END-- [ RunTime:0.000897s ]
NOTIC: [2] Declaration of Admin\Controller\LoginController::index() should be compatible with Admin\Controller\BaseController::index($data = Array) /Applications/MxSrvs/www/admin/Application/Admin/Controller/LoginController.class.php 第 20 行.
NOTIC: [8] Undefined index: simple /Applications/MxSrvs/www/admin/Application/Admin/Controller/BaseController.class.php 第 59 行.
ERR: SQLSTATE[HY000] [2002] Connection refused
NOTIC: [2] include(): Filename cannot be empty /Applications/MxSrvs/www/admin/ThinkPHP/Library/Think/Think.class.php 第 314 行.
NOTIC: [2] include(): Failed opening '' for inclusion (include_path='.:/Applications/MxSrvs/bin/php/lib/php') /Applications/MxSrvs/www/admin/ThinkPHP/Library/Think/Think.class.php 第 314 行.

[ 2021-01-25T20:40:20+08:00 ] 127.0.0.1 /
INFO: [ app_init ] --START--
INFO: Run Behavior\BuildLiteBehavior [ RunTime:0.000027s ]
INFO: [ app_init ] --END-- [ RunTime:0.000375s ]
NOTIC: [8192] Array and string offset access syntax with curly braces is deprecated /Applications/MxSrvs/www/admin/Application/Common/Common/Zeus.php 第 62 行.
NOTIC: [8192] Array and string offset access syntax with curly braces is deprecated /Applications/MxSrvs/www/admin/Application/Common/Common/Zeus.php 第 392 行.
NOTIC: [8192] Array and string offset access syntax with curly braces is deprecated /Applications/MxSrvs/www/admin/Application/Common/Common/Zeus.php 第 392 行.
NOTIC: [8192] Array and string offset access syntax with curly braces is deprecated /Applications/MxSrvs/www/admin/Application/Common/Common/Zeus.php 第 394 行.
NOTIC: [8192] Array and string offset access syntax with curly braces is deprecated /Applications/MxSrvs/www/admin/Application/Common/Common/Zeus.php 第 394 行.
NOTIC: [8192] Array and string offset access syntax with curly braces is deprecated /Applications/MxSrvs/www/admin/Application/Common/Common/Zeus.php 第 394 行.
NOTIC: [8192] Array and string offset access syntax with curly braces is deprecated /Applications/MxSrvs/www/admin/Application/Common/Common/Zeus.php 第 396 行.
NOTIC: [8192] Array and string offset access syntax with curly braces is deprecated /Applications/MxSrvs/www/admin/Application/Common/Common/Zeus.php 第 396 行.
NOTIC: [8192] Array and string offset access syntax with curly braces is deprecated /Applications/MxSrvs/www/admin/Application/Common/Common/Zeus.php 第 396 行.
NOTIC: [8] Constant MAIN_URL already defined /Applications/MxSrvs/www/admin/Application/Common/Conf/config.inc.php 第 10 行.
NOTIC: [8] Constant IMG_URL already defined /Applications/MxSrvs/www/admin/Application/Common/Conf/config.inc.php 第 11 行.
NOTIC: [8] Constant ATTACHMENT_PATH already defined /Applications/MxSrvs/www/admin/Application/Common/Conf/config.inc.php 第 12 行.
NOTIC: [8] Constant IMG_PATH already defined /Applications/MxSrvs/www/admin/Application/Common/Conf/config.inc.php 第 13 行.
NOTIC: [8] Constant FILE_PATH already defined /Applications/MxSrvs/www/admin/Application/Common/Conf/config.inc.php 第 14 行.
NOTIC: [8] Constant UPLOAD_TEMP_PATH already defined /Applications/MxSrvs/www/admin/Application/Common/Conf/config.inc.php 第 15 行.
INFO: [ app_begin ] --START--
INFO: Run Behavior\ReadHtmlCacheBehavior [ RunTime:0.000618s ]
INFO: [ app_begin ] --END-- [ RunTime:0.000748s ]
NOTIC: [2] Declaration of Admin\Controller\IndexController::index() should be compatible with Admin\Controller\BaseController::index($data = Array) /Applications/MxSrvs/www/admin/Application/Admin/Controller/IndexController.class.php 第 26 行.
NOTIC: [8] Undefined index: simple /Applications/MxSrvs/www/admin/Application/Admin/Controller/BaseController.class.php 第 59 行.

[ 2021-01-25T20:40:20+08:00 ] 127.0.0.1 /Login/index.html
INFO: [ app_init ] --START--
INFO: Run Behavior\BuildLiteBehavior [ RunTime:0.000015s ]
INFO: [ app_init ] --END-- [ RunTime:0.000120s ]
NOTIC: [8192] Array and string offset access syntax with curly braces is deprecated /Applications/MxSrvs/www/admin/Application/Common/Common/Zeus.php 第 62 行.
NOTIC: [8192] Array and string offset access syntax with curly braces is deprecated /Applications/MxSrvs/www/admin/Application/Common/Common/Zeus.php 第 392 行.
NOTIC: [8192] Array and string offset access syntax with curly braces is deprecated /Applications/MxSrvs/www/admin/Application/Common/Common/Zeus.php 第 392 行.
NOTIC: [8192] Array and string offset access syntax with curly braces is deprecated /Applications/MxSrvs/www/admin/Application/Common/Common/Zeus.php 第 394 行.
NOTIC: [8192] Array and string offset access syntax with curly braces is deprecated /Applications/MxSrvs/www/admin/Application/Common/Common/Zeus.php 第 394 行.
NOTIC: [8192] Array and string offset access syntax with curly braces is deprecated /Applications/MxSrvs/www/admin/Application/Common/Common/Zeus.php 第 394 行.
NOTIC: [8192] Array and string offset access syntax with curly braces is deprecated /Applications/MxSrvs/www/admin/Application/Common/Common/Zeus.php 第 396 行.
NOTIC: [8192] Array and string offset access syntax with curly braces is deprecated /Applications/MxSrvs/www/admin/Application/Common/Common/Zeus.php 第 396 行.
NOTIC: [8192] Array and string offset access syntax with curly braces is deprecated /Applications/MxSrvs/www/admin/Application/Common/Common/Zeus.php 第 396 行.
NOTIC: [8] Constant MAIN_URL already defined /Applications/MxSrvs/www/admin/Application/Common/Conf/config.inc.php 第 10 行.
NOTIC: [8] Constant IMG_URL already defined /Applications/MxSrvs/www/admin/Application/Common/Conf/config.inc.php 第 11 行.
NOTIC: [8] Constant ATTACHMENT_PATH already defined /Applications/MxSrvs/www/admin/Application/Common/Conf/config.inc.php 第 12 行.
NOTIC: [8] Constant IMG_PATH already defined /Applications/MxSrvs/www/admin/Application/Common/Conf/config.inc.php 第 13 行.
NOTIC: [8] Constant FILE_PATH already defined /Applications/MxSrvs/www/admin/Application/Common/Conf/config.inc.php 第 14 行.
NOTIC: [8] Constant UPLOAD_TEMP_PATH already defined /Applications/MxSrvs/www/admin/Application/Common/Conf/config.inc.php 第 15 行.
INFO: [ app_begin ] --START--
INFO: Run Behavior\ReadHtmlCacheBehavior [ RunTime:0.001233s ]
INFO: [ app_begin ] --END-- [ RunTime:0.001344s ]
NOTIC: [2] Declaration of Admin\Controller\LoginController::index() should be compatible with Admin\Controller\BaseController::index($data = Array) /Applications/MxSrvs/www/admin/Application/Admin/Controller/LoginController.class.php 第 20 行.
NOTIC: [8] Undefined index: simple /Applications/MxSrvs/www/admin/Application/Admin/Controller/BaseController.class.php 第 59 行.
ERR: SQLSTATE[HY000] [2002] Connection refused
NOTIC: [2] include(): Filename cannot be empty /Applications/MxSrvs/www/admin/ThinkPHP/Library/Think/Think.class.php 第 314 行.
NOTIC: [2] include(): Failed opening '' for inclusion (include_path='.:/Applications/MxSrvs/bin/php/lib/php') /Applications/MxSrvs/www/admin/ThinkPHP/Library/Think/Think.class.php 第 314 行.

[ 2021-01-25T20:40:28+08:00 ] 127.0.0.1 /Login/index.html
INFO: [ app_init ] --START--
INFO: Run Behavior\BuildLiteBehavior [ RunTime:0.000026s ]
INFO: [ app_init ] --END-- [ RunTime:0.000205s ]
NOTIC: [8192] Array and string offset access syntax with curly braces is deprecated /Applications/MxSrvs/www/admin/Application/Common/Common/Zeus.php 第 62 行.
NOTIC: [8192] Array and string offset access syntax with curly braces is deprecated /Applications/MxSrvs/www/admin/Application/Common/Common/Zeus.php 第 392 行.
NOTIC: [8192] Array and string offset access syntax with curly braces is deprecated /Applications/MxSrvs/www/admin/Application/Common/Common/Zeus.php 第 392 行.
NOTIC: [8192] Array and string offset access syntax with curly braces is deprecated /Applications/MxSrvs/www/admin/Application/Common/Common/Zeus.php 第 394 行.
NOTIC: [8192] Array and string offset access syntax with curly braces is deprecated /Applications/MxSrvs/www/admin/Application/Common/Common/Zeus.php 第 394 行.
NOTIC: [8192] Array and string offset access syntax with curly braces is deprecated /Applications/MxSrvs/www/admin/Application/Common/Common/Zeus.php 第 394 行.
NOTIC: [8192] Array and string offset access syntax with curly braces is deprecated /Applications/MxSrvs/www/admin/Application/Common/Common/Zeus.php 第 396 行.
NOTIC: [8192] Array and string offset access syntax with curly braces is deprecated /Applications/MxSrvs/www/admin/Application/Common/Common/Zeus.php 第 396 行.
NOTIC: [8192] Array and string offset access syntax with curly braces is deprecated /Applications/MxSrvs/www/admin/Application/Common/Common/Zeus.php 第 396 行.
NOTIC: [8] Constant MAIN_URL already defined /Applications/MxSrvs/www/admin/Application/Common/Conf/config.inc.php 第 10 行.
NOTIC: [8] Constant IMG_URL already defined /Applications/MxSrvs/www/admin/Application/Common/Conf/config.inc.php 第 11 行.
NOTIC: [8] Constant ATTACHMENT_PATH already defined /Applications/MxSrvs/www/admin/Application/Common/Conf/config.inc.php 第 12 行.
NOTIC: [8] Constant IMG_PATH already defined /Applications/MxSrvs/www/admin/Application/Common/Conf/config.inc.php 第 13 行.
NOTIC: [8] Constant FILE_PATH already defined /Applications/MxSrvs/www/admin/Application/Common/Conf/config.inc.php 第 14 行.
NOTIC: [8] Constant UPLOAD_TEMP_PATH already defined /Applications/MxSrvs/www/admin/Application/Common/Conf/config.inc.php 第 15 行.
INFO: [ app_begin ] --START--
INFO: Run Behavior\ReadHtmlCacheBehavior [ RunTime:0.000516s ]
INFO: [ app_begin ] --END-- [ RunTime:0.000636s ]
NOTIC: [2] Declaration of Admin\Controller\LoginController::index() should be compatible with Admin\Controller\BaseController::index($data = Array) /Applications/MxSrvs/www/admin/Application/Admin/Controller/LoginController.class.php 第 20 行.
NOTIC: [8] Undefined index: simple /Applications/MxSrvs/www/admin/Application/Admin/Controller/BaseController.class.php 第 59 行.
ERR: SQLSTATE[HY000] [2002] Connection refused
NOTIC: [2] include(): Filename cannot be empty /Applications/MxSrvs/www/admin/ThinkPHP/Library/Think/Think.class.php 第 314 行.
NOTIC: [2] include(): Failed opening '' for inclusion (include_path='.:/Applications/MxSrvs/bin/php/lib/php') /Applications/MxSrvs/www/admin/ThinkPHP/Library/Think/Think.class.php 第 314 行.

[ 2021-01-25T20:41:22+08:00 ] 127.0.0.1 /Login/index.html
INFO: [ app_init ] --START--
INFO: Run Behavior\BuildLiteBehavior [ RunTime:0.000055s ]
INFO: [ app_init ] --END-- [ RunTime:0.001122s ]
NOTIC: [8192] Array and string offset access syntax with curly braces is deprecated /Applications/MxSrvs/www/admin/Application/Common/Common/Zeus.php 第 62 行.
NOTIC: [8192] Array and string offset access syntax with curly braces is deprecated /Applications/MxSrvs/www/admin/Application/Common/Common/Zeus.php 第 392 行.
NOTIC: [8192] Array and string offset access syntax with curly braces is deprecated /Applications/MxSrvs/www/admin/Application/Common/Common/Zeus.php 第 392 行.
NOTIC: [8192] Array and string offset access syntax with curly braces is deprecated /Applications/MxSrvs/www/admin/Application/Common/Common/Zeus.php 第 394 行.
NOTIC: [8192] Array and string offset access syntax with curly braces is deprecated /Applications/MxSrvs/www/admin/Application/Common/Common/Zeus.php 第 394 行.
NOTIC: [8192] Array and string offset access syntax with curly braces is deprecated /Applications/MxSrvs/www/admin/Application/Common/Common/Zeus.php 第 394 行.
NOTIC: [8192] Array and string offset access syntax with curly braces is deprecated /Applications/MxSrvs/www/admin/Application/Common/Common/Zeus.php 第 396 行.
NOTIC: [8192] Array and string offset access syntax with curly braces is deprecated /Applications/MxSrvs/www/admin/Application/Common/Common/Zeus.php 第 396 行.
NOTIC: [8192] Array and string offset access syntax with curly braces is deprecated /Applications/MxSrvs/www/admin/Application/Common/Common/Zeus.php 第 396 行.
NOTIC: [8] Constant MAIN_URL already defined /Applications/MxSrvs/www/admin/Application/Common/Conf/config.inc.php 第 10 行.
NOTIC: [8] Constant IMG_URL already defined /Applications/MxSrvs/www/admin/Application/Common/Conf/config.inc.php 第 11 行.
NOTIC: [8] Constant ATTACHMENT_PATH already defined /Applications/MxSrvs/www/admin/Application/Common/Conf/config.inc.php 第 12 行.
NOTIC: [8] Constant IMG_PATH already defined /Applications/MxSrvs/www/admin/Application/Common/Conf/config.inc.php 第 13 行.
NOTIC: [8] Constant FILE_PATH already defined /Applications/MxSrvs/www/admin/Application/Common/Conf/config.inc.php 第 14 行.
NOTIC: [8] Constant UPLOAD_TEMP_PATH already defined /Applications/MxSrvs/www/admin/Application/Common/Conf/config.inc.php 第 15 行.
INFO: [ app_begin ] --START--
INFO: Run Behavior\ReadHtmlCacheBehavior [ RunTime:0.000556s ]
INFO: [ app_begin ] --END-- [ RunTime:0.000671s ]
NOTIC: [2] Declaration of Admin\Controller\LoginController::index() should be compatible with Admin\Controller\BaseController::index($data = Array) /Applications/MxSrvs/www/admin/Application/Admin/Controller/LoginController.class.php 第 20 行.
NOTIC: [8] Undefined index: simple /Applications/MxSrvs/www/admin/Application/Admin/Controller/BaseController.class.php 第 59 行.
ERR: SQLSTATE[HY000] [2002] Connection refused
NOTIC: [2] include(): Filename cannot be empty /Applications/MxSrvs/www/admin/ThinkPHP/Library/Think/Think.class.php 第 314 行.
NOTIC: [2] include(): Failed opening '' for inclusion (include_path='.:/Applications/MxSrvs/bin/php/lib/php') /Applications/MxSrvs/www/admin/ThinkPHP/Library/Think/Think.class.php 第 314 行.

