[ 2021-01-11T10:49:58+08:00 ] 10.24.119.71 /
INFO: [ app_init ] --START--
INFO: Run Behavior\BuildLiteBehavior [ RunTime:0.000002s ]
INFO: [ app_init ] --END-- [ RunTime:0.000282s ]
NOTIC: [8] Constant MAIN_URL already defined /www/wwwroot/admin.njxz.edu.com/Application/Common/Conf/config.inc.php 第 10 行.
NOTIC: [8] Constant IMG_URL already defined /www/wwwroot/admin.njxz.edu.com/Application/Common/Conf/config.inc.php 第 11 行.
NOTIC: [8] Constant ATTACHMENT_PATH already defined /www/wwwroot/admin.njxz.edu.com/Application/Common/Conf/config.inc.php 第 12 行.
NOTIC: [8] Constant IMG_PATH already defined /www/wwwroot/admin.njxz.edu.com/Application/Common/Conf/config.inc.php 第 13 行.
NOTIC: [8] Constant FILE_PATH already defined /www/wwwroot/admin.njxz.edu.com/Application/Common/Conf/config.inc.php 第 14 行.
NOTIC: [8] Constant UPLOAD_TEMP_PATH already defined /www/wwwroot/admin.njxz.edu.com/Application/Common/Conf/config.inc.php 第 15 行.
INFO: [ app_begin ] --START--
INFO: Run Behavior\ReadHtmlCacheBehavior [ RunTime:0.012186s ]
INFO: [ app_begin ] --END-- [ RunTime:0.012195s ]
NOTIC: [2] Declaration of Admin\Controller\IndexController::index() should be compatible with Admin\Controller\BaseController::index($data = Array) /www/wwwroot/admin.njxz.edu.com/Application/Admin/Controller/IndexController.class.php 第 19 行.
NOTIC: [8] Undefined index: simple /www/wwwroot/admin.njxz.edu.com/Application/Admin/Controller/BaseController.class.php 第 59 行.

[ 2021-01-11T10:49:59+08:00 ] 10.24.119.71 /Login/index.html
INFO: [ app_init ] --START--
INFO: Run Behavior\BuildLiteBehavior [ RunTime:0.000003s ]
INFO: [ app_init ] --END-- [ RunTime:0.000123s ]
NOTIC: [8] Constant MAIN_URL already defined /www/wwwroot/admin.njxz.edu.com/Application/Common/Conf/config.inc.php 第 10 行.
NOTIC: [8] Constant IMG_URL already defined /www/wwwroot/admin.njxz.edu.com/Application/Common/Conf/config.inc.php 第 11 行.
NOTIC: [8] Constant ATTACHMENT_PATH already defined /www/wwwroot/admin.njxz.edu.com/Application/Common/Conf/config.inc.php 第 12 行.
NOTIC: [8] Constant IMG_PATH already defined /www/wwwroot/admin.njxz.edu.com/Application/Common/Conf/config.inc.php 第 13 行.
NOTIC: [8] Constant FILE_PATH already defined /www/wwwroot/admin.njxz.edu.com/Application/Common/Conf/config.inc.php 第 14 行.
NOTIC: [8] Constant UPLOAD_TEMP_PATH already defined /www/wwwroot/admin.njxz.edu.com/Application/Common/Conf/config.inc.php 第 15 行.
INFO: [ app_begin ] --START--
INFO: Run Behavior\ReadHtmlCacheBehavior [ RunTime:0.000147s ]
INFO: [ app_begin ] --END-- [ RunTime:0.000156s ]
NOTIC: [2] Declaration of Admin\Controller\LoginController::index() should be compatible with Admin\Controller\BaseController::index($data = Array) /www/wwwroot/admin.njxz.edu.com/Application/Admin/Controller/LoginController.class.php 第 8 行.
NOTIC: [8] Undefined index: simple /www/wwwroot/admin.njxz.edu.com/Application/Admin/Controller/BaseController.class.php 第 59 行.
SQL: SHOW COLUMNS FROM `njxz_admin` [ RunTime:0.0005s ]
SQL: SELECT * FROM `njxz_admin` WHERE `id` = 0 LIMIT 1   [ RunTime:0.0002s ]
NOTIC: [2] Declaration of Admin\Service\AdminService::getList() should be compatible with Admin\Model\ServiceModel::getList($map = Array, $sort = 'id desc') /www/wwwroot/admin.njxz.edu.com/Application/Admin/Service/AdminService.class.php 第 14 行.
NOTIC: [2] Declaration of Admin\Service\AdminService::edit() should be compatible with Admin\Model\ServiceModel::edit($data = Array, $is_sql = false) /www/wwwroot/admin.njxz.edu.com/Application/Admin/Service/AdminService.class.php 第 14 行.
SQL: SHOW COLUMNS FROM `njxz_admin` [ RunTime:0.0003s ]
INFO: [ view_parse ] --START--
INFO: [ template_filter ] --START--
INFO: Run Behavior\ContentReplaceBehavior [ RunTime:0.000022s ]
INFO: [ template_filter ] --END-- [ RunTime:0.000031s ]
INFO: Run Behavior\ParseTemplateBehavior [ RunTime:0.013503s ]
INFO: [ view_parse ] --END-- [ RunTime:0.013512s ]
INFO: [ view_filter ] --START--
INFO: Run Behavior\WriteHtmlCacheBehavior [ RunTime:0.000453s ]
INFO: [ view_filter ] --END-- [ RunTime:0.000459s ]
INFO: [ app_end ] --START--
INFO: Run Behavior\ShowPageTraceBehavior [ RunTime:0.000369s ]
INFO: [ app_end ] --END-- [ RunTime:0.000375s ]

[ 2021-01-11T10:49:59+08:00 ] 10.24.119.71 /Login/verify.html
INFO: [ app_init ] --START--
INFO: Run Behavior\BuildLiteBehavior [ RunTime:0.000003s ]
INFO: [ app_init ] --END-- [ RunTime:0.000104s ]
NOTIC: [8] Constant MAIN_URL already defined /www/wwwroot/admin.njxz.edu.com/Application/Common/Conf/config.inc.php 第 10 行.
NOTIC: [8] Constant IMG_URL already defined /www/wwwroot/admin.njxz.edu.com/Application/Common/Conf/config.inc.php 第 11 行.
NOTIC: [8] Constant ATTACHMENT_PATH already defined /www/wwwroot/admin.njxz.edu.com/Application/Common/Conf/config.inc.php 第 12 行.
NOTIC: [8] Constant IMG_PATH already defined /www/wwwroot/admin.njxz.edu.com/Application/Common/Conf/config.inc.php 第 13 行.
NOTIC: [8] Constant FILE_PATH already defined /www/wwwroot/admin.njxz.edu.com/Application/Common/Conf/config.inc.php 第 14 行.
NOTIC: [8] Constant UPLOAD_TEMP_PATH already defined /www/wwwroot/admin.njxz.edu.com/Application/Common/Conf/config.inc.php 第 15 行.
INFO: [ app_begin ] --START--
INFO: Run Behavior\ReadHtmlCacheBehavior [ RunTime:0.000148s ]
INFO: [ app_begin ] --END-- [ RunTime:0.000157s ]
NOTIC: [2] Declaration of Admin\Controller\LoginController::index() should be compatible with Admin\Controller\BaseController::index($data = Array) /www/wwwroot/admin.njxz.edu.com/Application/Admin/Controller/LoginController.class.php 第 8 行.
NOTIC: [8] Undefined index: simple /www/wwwroot/admin.njxz.edu.com/Application/Admin/Controller/BaseController.class.php 第 59 行.
SQL: SHOW COLUMNS FROM `njxz_admin` [ RunTime:0.0004s ]
SQL: SELECT * FROM `njxz_admin` WHERE `id` = 0 LIMIT 1   [ RunTime:0.0002s ]
NOTIC: [2] Declaration of Admin\Service\AdminService::getList() should be compatible with Admin\Model\ServiceModel::getList($map = Array, $sort = 'id desc') /www/wwwroot/admin.njxz.edu.com/Application/Admin/Service/AdminService.class.php 第 14 行.
NOTIC: [2] Declaration of Admin\Service\AdminService::edit() should be compatible with Admin\Model\ServiceModel::edit($data = Array, $is_sql = false) /www/wwwroot/admin.njxz.edu.com/Application/Admin/Service/AdminService.class.php 第 14 行.
SQL: SHOW COLUMNS FROM `njxz_admin` [ RunTime:0.0003s ]
INFO: [ app_end ] --START--
INFO: Run Behavior\ShowPageTraceBehavior [ RunTime:0.000181s ]
INFO: [ app_end ] --END-- [ RunTime:0.000189s ]

[ 2021-01-11T12:31:35+08:00 ] 10.11.148.248 /favicon.ico
INFO: [ app_init ] --START--
INFO: Run Behavior\BuildLiteBehavior [ RunTime:0.000003s ]
INFO: [ app_init ] --END-- [ RunTime:0.000101s ]
NOTIC: [8] Constant MAIN_URL already defined /www/wwwroot/admin.njxz.edu.com/Application/Common/Conf/config.inc.php 第 10 行.
NOTIC: [8] Constant IMG_URL already defined /www/wwwroot/admin.njxz.edu.com/Application/Common/Conf/config.inc.php 第 11 行.
NOTIC: [8] Constant ATTACHMENT_PATH already defined /www/wwwroot/admin.njxz.edu.com/Application/Common/Conf/config.inc.php 第 12 行.
NOTIC: [8] Constant IMG_PATH already defined /www/wwwroot/admin.njxz.edu.com/Application/Common/Conf/config.inc.php 第 13 行.
NOTIC: [8] Constant FILE_PATH already defined /www/wwwroot/admin.njxz.edu.com/Application/Common/Conf/config.inc.php 第 14 行.
NOTIC: [8] Constant UPLOAD_TEMP_PATH already defined /www/wwwroot/admin.njxz.edu.com/Application/Common/Conf/config.inc.php 第 15 行.

[ 2021-01-11T12:31:35+08:00 ] 10.11.148.248 /
INFO: [ app_init ] --START--
INFO: Run Behavior\BuildLiteBehavior [ RunTime:0.000003s ]
INFO: [ app_init ] --END-- [ RunTime:0.000100s ]
NOTIC: [8] Constant MAIN_URL already defined /www/wwwroot/admin.njxz.edu.com/Application/Common/Conf/config.inc.php 第 10 行.
NOTIC: [8] Constant IMG_URL already defined /www/wwwroot/admin.njxz.edu.com/Application/Common/Conf/config.inc.php 第 11 行.
NOTIC: [8] Constant ATTACHMENT_PATH already defined /www/wwwroot/admin.njxz.edu.com/Application/Common/Conf/config.inc.php 第 12 行.
NOTIC: [8] Constant IMG_PATH already defined /www/wwwroot/admin.njxz.edu.com/Application/Common/Conf/config.inc.php 第 13 行.
NOTIC: [8] Constant FILE_PATH already defined /www/wwwroot/admin.njxz.edu.com/Application/Common/Conf/config.inc.php 第 14 行.
NOTIC: [8] Constant UPLOAD_TEMP_PATH already defined /www/wwwroot/admin.njxz.edu.com/Application/Common/Conf/config.inc.php 第 15 行.
INFO: [ app_begin ] --START--
INFO: Run Behavior\ReadHtmlCacheBehavior [ RunTime:0.000146s ]
INFO: [ app_begin ] --END-- [ RunTime:0.000155s ]
NOTIC: [2] Declaration of Admin\Controller\IndexController::index() should be compatible with Admin\Controller\BaseController::index($data = Array) /www/wwwroot/admin.njxz.edu.com/Application/Admin/Controller/IndexController.class.php 第 19 行.
NOTIC: [8] Undefined index: simple /www/wwwroot/admin.njxz.edu.com/Application/Admin/Controller/BaseController.class.php 第 59 行.

[ 2021-01-11T12:31:35+08:00 ] 10.11.148.248 /Login/index.html
INFO: [ app_init ] --START--
INFO: Run Behavior\BuildLiteBehavior [ RunTime:0.000002s ]
INFO: [ app_init ] --END-- [ RunTime:0.000098s ]
NOTIC: [8] Constant MAIN_URL already defined /www/wwwroot/admin.njxz.edu.com/Application/Common/Conf/config.inc.php 第 10 行.
NOTIC: [8] Constant IMG_URL already defined /www/wwwroot/admin.njxz.edu.com/Application/Common/Conf/config.inc.php 第 11 行.
NOTIC: [8] Constant ATTACHMENT_PATH already defined /www/wwwroot/admin.njxz.edu.com/Application/Common/Conf/config.inc.php 第 12 行.
NOTIC: [8] Constant IMG_PATH already defined /www/wwwroot/admin.njxz.edu.com/Application/Common/Conf/config.inc.php 第 13 行.
NOTIC: [8] Constant FILE_PATH already defined /www/wwwroot/admin.njxz.edu.com/Application/Common/Conf/config.inc.php 第 14 行.
NOTIC: [8] Constant UPLOAD_TEMP_PATH already defined /www/wwwroot/admin.njxz.edu.com/Application/Common/Conf/config.inc.php 第 15 行.
INFO: [ app_begin ] --START--
INFO: Run Behavior\ReadHtmlCacheBehavior [ RunTime:0.000146s ]
INFO: [ app_begin ] --END-- [ RunTime:0.000154s ]
NOTIC: [2] Declaration of Admin\Controller\LoginController::index() should be compatible with Admin\Controller\BaseController::index($data = Array) /www/wwwroot/admin.njxz.edu.com/Application/Admin/Controller/LoginController.class.php 第 8 行.
NOTIC: [8] Undefined index: simple /www/wwwroot/admin.njxz.edu.com/Application/Admin/Controller/BaseController.class.php 第 59 行.
SQL: SHOW COLUMNS FROM `njxz_admin` [ RunTime:0.0003s ]
SQL: SELECT * FROM `njxz_admin` WHERE `id` = 0 LIMIT 1   [ RunTime:0.0002s ]
NOTIC: [2] Declaration of Admin\Service\AdminService::getList() should be compatible with Admin\Model\ServiceModel::getList($map = Array, $sort = 'id desc') /www/wwwroot/admin.njxz.edu.com/Application/Admin/Service/AdminService.class.php 第 14 行.
NOTIC: [2] Declaration of Admin\Service\AdminService::edit() should be compatible with Admin\Model\ServiceModel::edit($data = Array, $is_sql = false) /www/wwwroot/admin.njxz.edu.com/Application/Admin/Service/AdminService.class.php 第 14 行.
SQL: SHOW COLUMNS FROM `njxz_admin` [ RunTime:0.0003s ]
INFO: [ view_parse ] --START--
INFO: [ template_filter ] --START--
INFO: Run Behavior\ContentReplaceBehavior [ RunTime:0.000017s ]
INFO: [ template_filter ] --END-- [ RunTime:0.000024s ]
INFO: Run Behavior\ParseTemplateBehavior [ RunTime:0.001433s ]
INFO: [ view_parse ] --END-- [ RunTime:0.001440s ]
INFO: [ view_filter ] --START--
INFO: Run Behavior\WriteHtmlCacheBehavior [ RunTime:0.000076s ]
INFO: [ view_filter ] --END-- [ RunTime:0.000081s ]
INFO: [ app_end ] --START--
INFO: Run Behavior\ShowPageTraceBehavior [ RunTime:0.000180s ]
INFO: [ app_end ] --END-- [ RunTime:0.000187s ]

[ 2021-01-11T12:31:35+08:00 ] 10.11.148.248 /Login/verify.html
INFO: [ app_init ] --START--
INFO: Run Behavior\BuildLiteBehavior [ RunTime:0.000003s ]
INFO: [ app_init ] --END-- [ RunTime:0.000103s ]
NOTIC: [8] Constant MAIN_URL already defined /www/wwwroot/admin.njxz.edu.com/Application/Common/Conf/config.inc.php 第 10 行.
NOTIC: [8] Constant IMG_URL already defined /www/wwwroot/admin.njxz.edu.com/Application/Common/Conf/config.inc.php 第 11 行.
NOTIC: [8] Constant ATTACHMENT_PATH already defined /www/wwwroot/admin.njxz.edu.com/Application/Common/Conf/config.inc.php 第 12 行.
NOTIC: [8] Constant IMG_PATH already defined /www/wwwroot/admin.njxz.edu.com/Application/Common/Conf/config.inc.php 第 13 行.
NOTIC: [8] Constant FILE_PATH already defined /www/wwwroot/admin.njxz.edu.com/Application/Common/Conf/config.inc.php 第 14 行.
NOTIC: [8] Constant UPLOAD_TEMP_PATH already defined /www/wwwroot/admin.njxz.edu.com/Application/Common/Conf/config.inc.php 第 15 行.
INFO: [ app_begin ] --START--
INFO: Run Behavior\ReadHtmlCacheBehavior [ RunTime:0.000148s ]
INFO: [ app_begin ] --END-- [ RunTime:0.000156s ]
NOTIC: [2] Declaration of Admin\Controller\LoginController::index() should be compatible with Admin\Controller\BaseController::index($data = Array) /www/wwwroot/admin.njxz.edu.com/Application/Admin/Controller/LoginController.class.php 第 8 行.
NOTIC: [8] Undefined index: simple /www/wwwroot/admin.njxz.edu.com/Application/Admin/Controller/BaseController.class.php 第 59 行.
SQL: SHOW COLUMNS FROM `njxz_admin` [ RunTime:0.0004s ]
SQL: SELECT * FROM `njxz_admin` WHERE `id` = 0 LIMIT 1   [ RunTime:0.0002s ]
NOTIC: [2] Declaration of Admin\Service\AdminService::getList() should be compatible with Admin\Model\ServiceModel::getList($map = Array, $sort = 'id desc') /www/wwwroot/admin.njxz.edu.com/Application/Admin/Service/AdminService.class.php 第 14 行.
NOTIC: [2] Declaration of Admin\Service\AdminService::edit() should be compatible with Admin\Model\ServiceModel::edit($data = Array, $is_sql = false) /www/wwwroot/admin.njxz.edu.com/Application/Admin/Service/AdminService.class.php 第 14 行.
SQL: SHOW COLUMNS FROM `njxz_admin` [ RunTime:0.0003s ]
INFO: [ app_end ] --START--
INFO: Run Behavior\ShowPageTraceBehavior [ RunTime:0.000172s ]
INFO: [ app_end ] --END-- [ RunTime:0.000182s ]

[ 2021-01-11T13:06:47+08:00 ] 10.11.148.221 /
INFO: [ app_init ] --START--
INFO: Run Behavior\BuildLiteBehavior [ RunTime:0.000003s ]
INFO: [ app_init ] --END-- [ RunTime:0.000102s ]
NOTIC: [8] Constant MAIN_URL already defined /www/wwwroot/admin.njxz.edu.com/Application/Common/Conf/config.inc.php 第 10 行.
NOTIC: [8] Constant IMG_URL already defined /www/wwwroot/admin.njxz.edu.com/Application/Common/Conf/config.inc.php 第 11 行.
NOTIC: [8] Constant ATTACHMENT_PATH already defined /www/wwwroot/admin.njxz.edu.com/Application/Common/Conf/config.inc.php 第 12 行.
NOTIC: [8] Constant IMG_PATH already defined /www/wwwroot/admin.njxz.edu.com/Application/Common/Conf/config.inc.php 第 13 行.
NOTIC: [8] Constant FILE_PATH already defined /www/wwwroot/admin.njxz.edu.com/Application/Common/Conf/config.inc.php 第 14 行.
NOTIC: [8] Constant UPLOAD_TEMP_PATH already defined /www/wwwroot/admin.njxz.edu.com/Application/Common/Conf/config.inc.php 第 15 行.
INFO: [ app_begin ] --START--
INFO: Run Behavior\ReadHtmlCacheBehavior [ RunTime:0.000145s ]
INFO: [ app_begin ] --END-- [ RunTime:0.000155s ]
NOTIC: [2] Declaration of Admin\Controller\IndexController::index() should be compatible with Admin\Controller\BaseController::index($data = Array) /www/wwwroot/admin.njxz.edu.com/Application/Admin/Controller/IndexController.class.php 第 19 行.
NOTIC: [8] Undefined index: simple /www/wwwroot/admin.njxz.edu.com/Application/Admin/Controller/BaseController.class.php 第 59 行.

[ 2021-01-11T13:06:47+08:00 ] 10.11.148.221 /Login/index.html
INFO: [ app_init ] --START--
INFO: Run Behavior\BuildLiteBehavior [ RunTime:0.000002s ]
INFO: [ app_init ] --END-- [ RunTime:0.000098s ]
NOTIC: [8] Constant MAIN_URL already defined /www/wwwroot/admin.njxz.edu.com/Application/Common/Conf/config.inc.php 第 10 行.
NOTIC: [8] Constant IMG_URL already defined /www/wwwroot/admin.njxz.edu.com/Application/Common/Conf/config.inc.php 第 11 行.
NOTIC: [8] Constant ATTACHMENT_PATH already defined /www/wwwroot/admin.njxz.edu.com/Application/Common/Conf/config.inc.php 第 12 行.
NOTIC: [8] Constant IMG_PATH already defined /www/wwwroot/admin.njxz.edu.com/Application/Common/Conf/config.inc.php 第 13 行.
NOTIC: [8] Constant FILE_PATH already defined /www/wwwroot/admin.njxz.edu.com/Application/Common/Conf/config.inc.php 第 14 行.
NOTIC: [8] Constant UPLOAD_TEMP_PATH already defined /www/wwwroot/admin.njxz.edu.com/Application/Common/Conf/config.inc.php 第 15 行.
INFO: [ app_begin ] --START--
INFO: Run Behavior\ReadHtmlCacheBehavior [ RunTime:0.000145s ]
INFO: [ app_begin ] --END-- [ RunTime:0.000153s ]
NOTIC: [2] Declaration of Admin\Controller\LoginController::index() should be compatible with Admin\Controller\BaseController::index($data = Array) /www/wwwroot/admin.njxz.edu.com/Application/Admin/Controller/LoginController.class.php 第 8 行.
NOTIC: [8] Undefined index: simple /www/wwwroot/admin.njxz.edu.com/Application/Admin/Controller/BaseController.class.php 第 59 行.
SQL: SHOW COLUMNS FROM `njxz_admin` [ RunTime:0.0003s ]
SQL: SELECT * FROM `njxz_admin` WHERE `id` = 0 LIMIT 1   [ RunTime:0.0001s ]
NOTIC: [2] Declaration of Admin\Service\AdminService::getList() should be compatible with Admin\Model\ServiceModel::getList($map = Array, $sort = 'id desc') /www/wwwroot/admin.njxz.edu.com/Application/Admin/Service/AdminService.class.php 第 14 行.
NOTIC: [2] Declaration of Admin\Service\AdminService::edit() should be compatible with Admin\Model\ServiceModel::edit($data = Array, $is_sql = false) /www/wwwroot/admin.njxz.edu.com/Application/Admin/Service/AdminService.class.php 第 14 行.
SQL: SHOW COLUMNS FROM `njxz_admin` [ RunTime:0.0002s ]
INFO: [ view_parse ] --START--
INFO: [ template_filter ] --START--
INFO: Run Behavior\ContentReplaceBehavior [ RunTime:0.000016s ]
INFO: [ template_filter ] --END-- [ RunTime:0.000025s ]
INFO: Run Behavior\ParseTemplateBehavior [ RunTime:0.001373s ]
INFO: [ view_parse ] --END-- [ RunTime:0.001381s ]
INFO: [ view_filter ] --START--
INFO: Run Behavior\WriteHtmlCacheBehavior [ RunTime:0.000122s ]
INFO: [ view_filter ] --END-- [ RunTime:0.000127s ]
INFO: [ app_end ] --START--
INFO: Run Behavior\ShowPageTraceBehavior [ RunTime:0.000204s ]
INFO: [ app_end ] --END-- [ RunTime:0.000211s ]

[ 2021-01-11T13:06:48+08:00 ] 10.11.148.221 /Login/verify.html
INFO: [ app_init ] --START--
INFO: Run Behavior\BuildLiteBehavior [ RunTime:0.000003s ]
INFO: [ app_init ] --END-- [ RunTime:0.000120s ]
NOTIC: [8] Constant MAIN_URL already defined /www/wwwroot/admin.njxz.edu.com/Application/Common/Conf/config.inc.php 第 10 行.
NOTIC: [8] Constant IMG_URL already defined /www/wwwroot/admin.njxz.edu.com/Application/Common/Conf/config.inc.php 第 11 行.
NOTIC: [8] Constant ATTACHMENT_PATH already defined /www/wwwroot/admin.njxz.edu.com/Application/Common/Conf/config.inc.php 第 12 行.
NOTIC: [8] Constant IMG_PATH already defined /www/wwwroot/admin.njxz.edu.com/Application/Common/Conf/config.inc.php 第 13 行.
NOTIC: [8] Constant FILE_PATH already defined /www/wwwroot/admin.njxz.edu.com/Application/Common/Conf/config.inc.php 第 14 行.
NOTIC: [8] Constant UPLOAD_TEMP_PATH already defined /www/wwwroot/admin.njxz.edu.com/Application/Common/Conf/config.inc.php 第 15 行.
INFO: [ app_begin ] --START--
INFO: Run Behavior\ReadHtmlCacheBehavior [ RunTime:0.000146s ]
INFO: [ app_begin ] --END-- [ RunTime:0.000155s ]
NOTIC: [2] Declaration of Admin\Controller\LoginController::index() should be compatible with Admin\Controller\BaseController::index($data = Array) /www/wwwroot/admin.njxz.edu.com/Application/Admin/Controller/LoginController.class.php 第 8 行.
NOTIC: [8] Undefined index: simple /www/wwwroot/admin.njxz.edu.com/Application/Admin/Controller/BaseController.class.php 第 59 行.
SQL: SHOW COLUMNS FROM `njxz_admin` [ RunTime:0.0003s ]
SQL: SELECT * FROM `njxz_admin` WHERE `id` = 0 LIMIT 1   [ RunTime:0.0002s ]
NOTIC: [2] Declaration of Admin\Service\AdminService::getList() should be compatible with Admin\Model\ServiceModel::getList($map = Array, $sort = 'id desc') /www/wwwroot/admin.njxz.edu.com/Application/Admin/Service/AdminService.class.php 第 14 行.
NOTIC: [2] Declaration of Admin\Service\AdminService::edit() should be compatible with Admin\Model\ServiceModel::edit($data = Array, $is_sql = false) /www/wwwroot/admin.njxz.edu.com/Application/Admin/Service/AdminService.class.php 第 14 行.
SQL: SHOW COLUMNS FROM `njxz_admin` [ RunTime:0.0002s ]
INFO: [ app_end ] --START--
INFO: Run Behavior\ShowPageTraceBehavior [ RunTime:0.000180s ]
INFO: [ app_end ] --END-- [ RunTime:0.000189s ]

[ 2021-01-11T13:06:59+08:00 ] 10.11.148.221 /
INFO: [ app_init ] --START--
INFO: Run Behavior\BuildLiteBehavior [ RunTime:0.000003s ]
INFO: [ app_init ] --END-- [ RunTime:0.000115s ]
NOTIC: [8] Constant MAIN_URL already defined /www/wwwroot/admin.njxz.edu.com/Application/Common/Conf/config.inc.php 第 10 行.
NOTIC: [8] Constant IMG_URL already defined /www/wwwroot/admin.njxz.edu.com/Application/Common/Conf/config.inc.php 第 11 行.
NOTIC: [8] Constant ATTACHMENT_PATH already defined /www/wwwroot/admin.njxz.edu.com/Application/Common/Conf/config.inc.php 第 12 行.
NOTIC: [8] Constant IMG_PATH already defined /www/wwwroot/admin.njxz.edu.com/Application/Common/Conf/config.inc.php 第 13 行.
NOTIC: [8] Constant FILE_PATH already defined /www/wwwroot/admin.njxz.edu.com/Application/Common/Conf/config.inc.php 第 14 行.
NOTIC: [8] Constant UPLOAD_TEMP_PATH already defined /www/wwwroot/admin.njxz.edu.com/Application/Common/Conf/config.inc.php 第 15 行.
INFO: [ app_begin ] --START--
INFO: Run Behavior\ReadHtmlCacheBehavior [ RunTime:0.000146s ]
INFO: [ app_begin ] --END-- [ RunTime:0.000155s ]
NOTIC: [2] Declaration of Admin\Controller\IndexController::index() should be compatible with Admin\Controller\BaseController::index($data = Array) /www/wwwroot/admin.njxz.edu.com/Application/Admin/Controller/IndexController.class.php 第 19 行.
NOTIC: [8] Undefined index: simple /www/wwwroot/admin.njxz.edu.com/Application/Admin/Controller/BaseController.class.php 第 59 行.

[ 2021-01-11T13:06:59+08:00 ] 10.11.148.221 /Login/index.html
INFO: [ app_init ] --START--
INFO: Run Behavior\BuildLiteBehavior [ RunTime:0.000002s ]
INFO: [ app_init ] --END-- [ RunTime:0.000098s ]
NOTIC: [8] Constant MAIN_URL already defined /www/wwwroot/admin.njxz.edu.com/Application/Common/Conf/config.inc.php 第 10 行.
NOTIC: [8] Constant IMG_URL already defined /www/wwwroot/admin.njxz.edu.com/Application/Common/Conf/config.inc.php 第 11 行.
NOTIC: [8] Constant ATTACHMENT_PATH already defined /www/wwwroot/admin.njxz.edu.com/Application/Common/Conf/config.inc.php 第 12 行.
NOTIC: [8] Constant IMG_PATH already defined /www/wwwroot/admin.njxz.edu.com/Application/Common/Conf/config.inc.php 第 13 行.
NOTIC: [8] Constant FILE_PATH already defined /www/wwwroot/admin.njxz.edu.com/Application/Common/Conf/config.inc.php 第 14 行.
NOTIC: [8] Constant UPLOAD_TEMP_PATH already defined /www/wwwroot/admin.njxz.edu.com/Application/Common/Conf/config.inc.php 第 15 行.
INFO: [ app_begin ] --START--
INFO: Run Behavior\ReadHtmlCacheBehavior [ RunTime:0.000146s ]
INFO: [ app_begin ] --END-- [ RunTime:0.000167s ]
NOTIC: [2] Declaration of Admin\Controller\LoginController::index() should be compatible with Admin\Controller\BaseController::index($data = Array) /www/wwwroot/admin.njxz.edu.com/Application/Admin/Controller/LoginController.class.php 第 8 行.
NOTIC: [8] Undefined index: simple /www/wwwroot/admin.njxz.edu.com/Application/Admin/Controller/BaseController.class.php 第 59 行.
SQL: SHOW COLUMNS FROM `njxz_admin` [ RunTime:0.0004s ]
SQL: SELECT * FROM `njxz_admin` WHERE `id` = 0 LIMIT 1   [ RunTime:0.0001s ]
NOTIC: [2] Declaration of Admin\Service\AdminService::getList() should be compatible with Admin\Model\ServiceModel::getList($map = Array, $sort = 'id desc') /www/wwwroot/admin.njxz.edu.com/Application/Admin/Service/AdminService.class.php 第 14 行.
NOTIC: [2] Declaration of Admin\Service\AdminService::edit() should be compatible with Admin\Model\ServiceModel::edit($data = Array, $is_sql = false) /www/wwwroot/admin.njxz.edu.com/Application/Admin/Service/AdminService.class.php 第 14 行.
SQL: SHOW COLUMNS FROM `njxz_admin` [ RunTime:0.0003s ]
INFO: [ view_parse ] --START--
INFO: [ template_filter ] --START--
INFO: Run Behavior\ContentReplaceBehavior [ RunTime:0.000016s ]
INFO: [ template_filter ] --END-- [ RunTime:0.000024s ]
INFO: Run Behavior\ParseTemplateBehavior [ RunTime:0.001416s ]
INFO: [ view_parse ] --END-- [ RunTime:0.001423s ]
INFO: [ view_filter ] --START--
INFO: Run Behavior\WriteHtmlCacheBehavior [ RunTime:0.000073s ]
INFO: [ view_filter ] --END-- [ RunTime:0.000078s ]
INFO: [ app_end ] --START--
INFO: Run Behavior\ShowPageTraceBehavior [ RunTime:0.000194s ]
INFO: [ app_end ] --END-- [ RunTime:0.000201s ]

[ 2021-01-11T13:06:59+08:00 ] 10.11.148.221 /Login/verify.html
INFO: [ app_init ] --START--
INFO: Run Behavior\BuildLiteBehavior [ RunTime:0.000003s ]
INFO: [ app_init ] --END-- [ RunTime:0.000100s ]
NOTIC: [8] Constant MAIN_URL already defined /www/wwwroot/admin.njxz.edu.com/Application/Common/Conf/config.inc.php 第 10 行.
NOTIC: [8] Constant IMG_URL already defined /www/wwwroot/admin.njxz.edu.com/Application/Common/Conf/config.inc.php 第 11 行.
NOTIC: [8] Constant ATTACHMENT_PATH already defined /www/wwwroot/admin.njxz.edu.com/Application/Common/Conf/config.inc.php 第 12 行.
NOTIC: [8] Constant IMG_PATH already defined /www/wwwroot/admin.njxz.edu.com/Application/Common/Conf/config.inc.php 第 13 行.
NOTIC: [8] Constant FILE_PATH already defined /www/wwwroot/admin.njxz.edu.com/Application/Common/Conf/config.inc.php 第 14 行.
NOTIC: [8] Constant UPLOAD_TEMP_PATH already defined /www/wwwroot/admin.njxz.edu.com/Application/Common/Conf/config.inc.php 第 15 行.
INFO: [ app_begin ] --START--
INFO: Run Behavior\ReadHtmlCacheBehavior [ RunTime:0.000147s ]
INFO: [ app_begin ] --END-- [ RunTime:0.000156s ]
NOTIC: [2] Declaration of Admin\Controller\LoginController::index() should be compatible with Admin\Controller\BaseController::index($data = Array) /www/wwwroot/admin.njxz.edu.com/Application/Admin/Controller/LoginController.class.php 第 8 行.
NOTIC: [8] Undefined index: simple /www/wwwroot/admin.njxz.edu.com/Application/Admin/Controller/BaseController.class.php 第 59 行.
SQL: SHOW COLUMNS FROM `njxz_admin` [ RunTime:0.0003s ]
SQL: SELECT * FROM `njxz_admin` WHERE `id` = 0 LIMIT 1   [ RunTime:0.0002s ]
NOTIC: [2] Declaration of Admin\Service\AdminService::getList() should be compatible with Admin\Model\ServiceModel::getList($map = Array, $sort = 'id desc') /www/wwwroot/admin.njxz.edu.com/Application/Admin/Service/AdminService.class.php 第 14 行.
NOTIC: [2] Declaration of Admin\Service\AdminService::edit() should be compatible with Admin\Model\ServiceModel::edit($data = Array, $is_sql = false) /www/wwwroot/admin.njxz.edu.com/Application/Admin/Service/AdminService.class.php 第 14 行.
SQL: SHOW COLUMNS FROM `njxz_admin` [ RunTime:0.0002s ]
INFO: [ app_end ] --START--
INFO: Run Behavior\ShowPageTraceBehavior [ RunTime:0.000170s ]
INFO: [ app_end ] --END-- [ RunTime:0.000178s ]

