[ 2019-09-23T13:56:08+08:00 ] 127.0.0.1 /UserVote/getList
INFO: [ app_init ] --START--
INFO: Run Behavior\BuildLiteBehavior [ RunTime:0.000067s ]
INFO: [ app_init ] --END-- [ RunTime:0.004790s ]
NOTIC: [8] Constant MAIN_URL already defined D:\web\star_call\web\Application\Common\Conf\config.inc.php 第 10 行.
NOTIC: [8] Constant WAP_URL already defined D:\web\star_call\web\Application\Common\Conf\config.inc.php 第 11 行.
NOTIC: [8] Constant API_URL already defined D:\web\star_call\web\Application\Common\Conf\config.inc.php 第 12 行.
NOTIC: [8] Constant IMG_URL already defined D:\web\star_call\web\Application\Common\Conf\config.inc.php 第 13 行.
NOTIC: [8] Constant ATTACHMENT_PATH already defined D:\web\star_call\web\Application\Common\Conf\config.inc.php 第 14 行.
NOTIC: [8] Constant IMG_PATH already defined D:\web\star_call\web\Application\Common\Conf\config.inc.php 第 15 行.
NOTIC: [8] Constant UPLOAD_TEMP_PATH already defined D:\web\star_call\web\Application\Common\Conf\config.inc.php 第 16 行.
INFO: [ app_begin ] --START--
INFO: Run Behavior\ReadHtmlCacheBehavior [ RunTime:0.014251s ]
INFO: [ app_begin ] --END-- [ RunTime:0.014390s ]
NOTIC: [8] Undefined index: user_id D:\web\star_call\web\Application\API\Controller\APIBaseController.class.php 第 60 行.
SQL: SHOW COLUMNS FROM `sy_user_vote` [ RunTime:0.0220s ]
SQL: SELECT `user_id`,sum(num) as vote_num FROM `sy_user_vote` WHERE `add_time` BETWEEN '2019-09-21 00:00:00' AND '2019-09-27 23:59:59' AND `mark` = 1 GROUP BY user_id ORDER BY vote_num DESC LIMIT 100   [ RunTime:0.0282s ]

[ 2019-09-23T13:58:27+08:00 ] 127.0.0.1 /UserVote/getList
INFO: [ app_init ] --START--
INFO: Run Behavior\BuildLiteBehavior [ RunTime:0.000035s ]
INFO: [ app_init ] --END-- [ RunTime:0.000317s ]
NOTIC: [8] Constant MAIN_URL already defined D:\web\star_call\web\Application\Common\Conf\config.inc.php 第 10 行.
NOTIC: [8] Constant WAP_URL already defined D:\web\star_call\web\Application\Common\Conf\config.inc.php 第 11 行.
NOTIC: [8] Constant API_URL already defined D:\web\star_call\web\Application\Common\Conf\config.inc.php 第 12 行.
NOTIC: [8] Constant IMG_URL already defined D:\web\star_call\web\Application\Common\Conf\config.inc.php 第 13 行.
NOTIC: [8] Constant ATTACHMENT_PATH already defined D:\web\star_call\web\Application\Common\Conf\config.inc.php 第 14 行.
NOTIC: [8] Constant IMG_PATH already defined D:\web\star_call\web\Application\Common\Conf\config.inc.php 第 15 行.
NOTIC: [8] Constant UPLOAD_TEMP_PATH already defined D:\web\star_call\web\Application\Common\Conf\config.inc.php 第 16 行.
INFO: [ app_begin ] --START--
INFO: Run Behavior\ReadHtmlCacheBehavior [ RunTime:0.000288s ]
INFO: [ app_begin ] --END-- [ RunTime:0.000375s ]
NOTIC: [8] Undefined index: user_id D:\web\star_call\web\Application\API\Controller\APIBaseController.class.php 第 60 行.
SQL: SHOW COLUMNS FROM `sy_user_vote` [ RunTime:0.0148s ]
SQL: SELECT `user_id`,sum(num) as vote_num FROM `sy_user_vote` WHERE `add_time` BETWEEN '2019-09-21 00:00:00' AND '2019-09-27 23:59:59' AND `mark` = 1 GROUP BY user_id ORDER BY vote_num DESC LIMIT 100   [ RunTime:0.0143s ]
SQL: SHOW COLUMNS FROM `sy_third_user` [ RunTime:0.0159s ]
SQL: SELECT `nickname` FROM `sy_third_user` WHERE `user_id` = 1 LIMIT 1   [ RunTime:0.0169s ]
SQL: SELECT `nickname` FROM `sy_third_user` WHERE `user_id` = 2 LIMIT 1   [ RunTime:0.0159s ]
SQL: SELECT `nickname` FROM `sy_third_user` WHERE `user_id` = 6 LIMIT 1   [ RunTime:0.0190s ]
SQL: SELECT `nickname` FROM `sy_third_user` WHERE `user_id` = 5 LIMIT 1   [ RunTime:0.0177s ]
SQL: SELECT `nickname` FROM `sy_third_user` WHERE `user_id` = 4 LIMIT 1   [ RunTime:0.0161s ]

[ 2019-09-23T13:59:21+08:00 ] 127.0.0.1 /UserVote/getList
INFO: [ app_init ] --START--
INFO: Run Behavior\BuildLiteBehavior [ RunTime:0.000027s ]
INFO: [ app_init ] --END-- [ RunTime:0.000142s ]
NOTIC: [8] Constant MAIN_URL already defined D:\web\star_call\web\Application\Common\Conf\config.inc.php 第 10 行.
NOTIC: [8] Constant WAP_URL already defined D:\web\star_call\web\Application\Common\Conf\config.inc.php 第 11 行.
NOTIC: [8] Constant API_URL already defined D:\web\star_call\web\Application\Common\Conf\config.inc.php 第 12 行.
NOTIC: [8] Constant IMG_URL already defined D:\web\star_call\web\Application\Common\Conf\config.inc.php 第 13 行.
NOTIC: [8] Constant ATTACHMENT_PATH already defined D:\web\star_call\web\Application\Common\Conf\config.inc.php 第 14 行.
NOTIC: [8] Constant IMG_PATH already defined D:\web\star_call\web\Application\Common\Conf\config.inc.php 第 15 行.
NOTIC: [8] Constant UPLOAD_TEMP_PATH already defined D:\web\star_call\web\Application\Common\Conf\config.inc.php 第 16 行.
INFO: [ app_begin ] --START--
INFO: Run Behavior\ReadHtmlCacheBehavior [ RunTime:0.000132s ]
INFO: [ app_begin ] --END-- [ RunTime:0.000260s ]
NOTIC: [8] Undefined index: user_id D:\web\star_call\web\Application\API\Controller\APIBaseController.class.php 第 60 行.
SQL: SHOW COLUMNS FROM `sy_user_vote` [ RunTime:0.0164s ]
SQL: SELECT `user_id`,sum(num) as vote_num FROM `sy_user_vote` WHERE `add_time` BETWEEN '2019-09-21 00:00:00' AND '2019-09-27 23:59:59' AND `mark` = 1 GROUP BY user_id ORDER BY vote_num DESC,add_time DESC LIMIT 100   [ RunTime:0.0134s ]
SQL: SHOW COLUMNS FROM `sy_third_user` [ RunTime:0.0164s ]
SQL: SELECT `nickname` FROM `sy_third_user` WHERE `user_id` = 1 LIMIT 1   [ RunTime:0.0125s ]
SQL: SELECT `nickname` FROM `sy_third_user` WHERE `user_id` = 2 LIMIT 1   [ RunTime:0.0284s ]
SQL: SELECT `nickname` FROM `sy_third_user` WHERE `user_id` = 6 LIMIT 1   [ RunTime:0.0130s ]
SQL: SELECT `nickname` FROM `sy_third_user` WHERE `user_id` = 5 LIMIT 1   [ RunTime:0.0284s ]
SQL: SELECT `nickname` FROM `sy_third_user` WHERE `user_id` = 4 LIMIT 1   [ RunTime:0.0154s ]

[ 2019-09-23T13:59:34+08:00 ] 127.0.0.1 /UserVote/getList
INFO: [ app_init ] --START--
INFO: Run Behavior\BuildLiteBehavior [ RunTime:0.000035s ]
INFO: [ app_init ] --END-- [ RunTime:0.000184s ]
NOTIC: [8] Constant MAIN_URL already defined D:\web\star_call\web\Application\Common\Conf\config.inc.php 第 10 行.
NOTIC: [8] Constant WAP_URL already defined D:\web\star_call\web\Application\Common\Conf\config.inc.php 第 11 行.
NOTIC: [8] Constant API_URL already defined D:\web\star_call\web\Application\Common\Conf\config.inc.php 第 12 行.
NOTIC: [8] Constant IMG_URL already defined D:\web\star_call\web\Application\Common\Conf\config.inc.php 第 13 行.
NOTIC: [8] Constant ATTACHMENT_PATH already defined D:\web\star_call\web\Application\Common\Conf\config.inc.php 第 14 行.
NOTIC: [8] Constant IMG_PATH already defined D:\web\star_call\web\Application\Common\Conf\config.inc.php 第 15 行.
NOTIC: [8] Constant UPLOAD_TEMP_PATH already defined D:\web\star_call\web\Application\Common\Conf\config.inc.php 第 16 行.
INFO: [ app_begin ] --START--
INFO: Run Behavior\ReadHtmlCacheBehavior [ RunTime:0.000243s ]
INFO: [ app_begin ] --END-- [ RunTime:0.000588s ]
NOTIC: [8] Undefined index: user_id D:\web\star_call\web\Application\API\Controller\APIBaseController.class.php 第 60 行.
SQL: SHOW COLUMNS FROM `sy_user_vote` [ RunTime:0.0151s ]
SQL: SELECT `user_id`,sum(num) as vote_num,`add_time` FROM `sy_user_vote` WHERE `add_time` BETWEEN '2019-09-21 00:00:00' AND '2019-09-27 23:59:59' AND `mark` = 1 GROUP BY user_id ORDER BY vote_num DESC,add_time DESC LIMIT 100   [ RunTime:0.0170s ]
SQL: SHOW COLUMNS FROM `sy_third_user` [ RunTime:0.0142s ]
SQL: SELECT `nickname` FROM `sy_third_user` WHERE `user_id` = 1 LIMIT 1   [ RunTime:0.0145s ]
SQL: SELECT `nickname` FROM `sy_third_user` WHERE `user_id` = 2 LIMIT 1   [ RunTime:0.0143s ]
SQL: SELECT `nickname` FROM `sy_third_user` WHERE `user_id` = 6 LIMIT 1   [ RunTime:0.0153s ]
SQL: SELECT `nickname` FROM `sy_third_user` WHERE `user_id` = 5 LIMIT 1   [ RunTime:0.0131s ]
SQL: SELECT `nickname` FROM `sy_third_user` WHERE `user_id` = 4 LIMIT 1   [ RunTime:0.0141s ]

[ 2019-09-23T14:00:11+08:00 ] 127.0.0.1 /UserVote/getList
INFO: [ app_init ] --START--
INFO: Run Behavior\BuildLiteBehavior [ RunTime:0.000030s ]
INFO: [ app_init ] --END-- [ RunTime:0.000163s ]
NOTIC: [8] Constant MAIN_URL already defined D:\web\star_call\web\Application\Common\Conf\config.inc.php 第 10 行.
NOTIC: [8] Constant WAP_URL already defined D:\web\star_call\web\Application\Common\Conf\config.inc.php 第 11 行.
NOTIC: [8] Constant API_URL already defined D:\web\star_call\web\Application\Common\Conf\config.inc.php 第 12 行.
NOTIC: [8] Constant IMG_URL already defined D:\web\star_call\web\Application\Common\Conf\config.inc.php 第 13 行.
NOTIC: [8] Constant ATTACHMENT_PATH already defined D:\web\star_call\web\Application\Common\Conf\config.inc.php 第 14 行.
NOTIC: [8] Constant IMG_PATH already defined D:\web\star_call\web\Application\Common\Conf\config.inc.php 第 15 行.
NOTIC: [8] Constant UPLOAD_TEMP_PATH already defined D:\web\star_call\web\Application\Common\Conf\config.inc.php 第 16 行.
INFO: [ app_begin ] --START--
INFO: Run Behavior\ReadHtmlCacheBehavior [ RunTime:0.000149s ]
INFO: [ app_begin ] --END-- [ RunTime:0.000285s ]
NOTIC: [8] Undefined index: user_id D:\web\star_call\web\Application\API\Controller\APIBaseController.class.php 第 60 行.
SQL: SHOW COLUMNS FROM `sy_user_vote` [ RunTime:0.0186s ]
SQL: SELECT `user_id`,sum(num) as vote_num,`add_time` FROM `sy_user_vote` WHERE `add_time` BETWEEN '2019-09-21 00:00:00' AND '2019-09-27 23:59:59' AND `mark` = 1 GROUP BY user_id ORDER BY vote_num DESC,add_time ASC LIMIT 100   [ RunTime:0.0164s ]
SQL: SHOW COLUMNS FROM `sy_third_user` [ RunTime:0.0175s ]
SQL: SELECT `nickname` FROM `sy_third_user` WHERE `user_id` = 1 LIMIT 1   [ RunTime:0.0132s ]
SQL: SELECT `nickname` FROM `sy_third_user` WHERE `user_id` = 2 LIMIT 1   [ RunTime:0.0180s ]
SQL: SELECT `nickname` FROM `sy_third_user` WHERE `user_id` = 4 LIMIT 1   [ RunTime:0.0165s ]
SQL: SELECT `nickname` FROM `sy_third_user` WHERE `user_id` = 5 LIMIT 1   [ RunTime:0.0141s ]
SQL: SELECT `nickname` FROM `sy_third_user` WHERE `user_id` = 6 LIMIT 1   [ RunTime:0.0144s ]

[ 2019-09-23T14:01:04+08:00 ] 127.0.0.1 /UserVote/getList
INFO: [ app_init ] --START--
INFO: Run Behavior\BuildLiteBehavior [ RunTime:0.000082s ]
INFO: [ app_init ] --END-- [ RunTime:0.001415s ]
NOTIC: [8] Constant MAIN_URL already defined D:\web\star_call\web\Application\Common\Conf\config.inc.php 第 10 行.
NOTIC: [8] Constant WAP_URL already defined D:\web\star_call\web\Application\Common\Conf\config.inc.php 第 11 行.
NOTIC: [8] Constant API_URL already defined D:\web\star_call\web\Application\Common\Conf\config.inc.php 第 12 行.
NOTIC: [8] Constant IMG_URL already defined D:\web\star_call\web\Application\Common\Conf\config.inc.php 第 13 行.
NOTIC: [8] Constant ATTACHMENT_PATH already defined D:\web\star_call\web\Application\Common\Conf\config.inc.php 第 14 行.
NOTIC: [8] Constant IMG_PATH already defined D:\web\star_call\web\Application\Common\Conf\config.inc.php 第 15 行.
NOTIC: [8] Constant UPLOAD_TEMP_PATH already defined D:\web\star_call\web\Application\Common\Conf\config.inc.php 第 16 行.
INFO: [ app_begin ] --START--
INFO: Run Behavior\ReadHtmlCacheBehavior [ RunTime:0.000414s ]
INFO: [ app_begin ] --END-- [ RunTime:0.000599s ]
NOTIC: [8] Undefined index: user_id D:\web\star_call\web\Application\API\Controller\APIBaseController.class.php 第 60 行.
SQL: SHOW COLUMNS FROM `sy_user_vote` [ RunTime:0.0171s ]
SQL: SELECT `user_id`,sum(num) as vote_num,`add_time` FROM `sy_user_vote` WHERE `add_time` BETWEEN '2019-09-21 00:00:00' AND '2019-09-27 23:59:59' AND `mark` = 1 GROUP BY user_id ORDER BY vote_num DESC,add_time ASC LIMIT 100   [ RunTime:0.0213s ]
SQL: SHOW COLUMNS FROM `sy_third_user` [ RunTime:0.0169s ]
SQL: SELECT `nickname` FROM `sy_third_user` WHERE `user_id` = 1 LIMIT 1   [ RunTime:0.0236s ]
SQL: SELECT `nickname` FROM `sy_third_user` WHERE `user_id` = 2 LIMIT 1   [ RunTime:0.0249s ]
SQL: SELECT `nickname` FROM `sy_third_user` WHERE `user_id` = 4 LIMIT 1   [ RunTime:0.0256s ]
SQL: SELECT `nickname` FROM `sy_third_user` WHERE `user_id` = 5 LIMIT 1   [ RunTime:0.0172s ]
SQL: SELECT `nickname` FROM `sy_third_user` WHERE `user_id` = 6 LIMIT 1   [ RunTime:0.0176s ]

[ 2019-09-23T14:07:01+08:00 ] 127.0.0.1 /UserVote/getList
INFO: [ app_init ] --START--
INFO: Run Behavior\BuildLiteBehavior [ RunTime:0.000140s ]
INFO: [ app_init ] --END-- [ RunTime:0.000364s ]
NOTIC: [8] Constant MAIN_URL already defined D:\web\star_call\web\Application\Common\Conf\config.inc.php 第 10 行.
NOTIC: [8] Constant WAP_URL already defined D:\web\star_call\web\Application\Common\Conf\config.inc.php 第 11 行.
NOTIC: [8] Constant API_URL already defined D:\web\star_call\web\Application\Common\Conf\config.inc.php 第 12 行.
NOTIC: [8] Constant IMG_URL already defined D:\web\star_call\web\Application\Common\Conf\config.inc.php 第 13 行.
NOTIC: [8] Constant ATTACHMENT_PATH already defined D:\web\star_call\web\Application\Common\Conf\config.inc.php 第 14 行.
NOTIC: [8] Constant IMG_PATH already defined D:\web\star_call\web\Application\Common\Conf\config.inc.php 第 15 行.
NOTIC: [8] Constant UPLOAD_TEMP_PATH already defined D:\web\star_call\web\Application\Common\Conf\config.inc.php 第 16 行.
INFO: [ app_begin ] --START--
INFO: Run Behavior\ReadHtmlCacheBehavior [ RunTime:0.000334s ]
INFO: [ app_begin ] --END-- [ RunTime:0.000516s ]
NOTIC: [8] Undefined index: user_id D:\web\star_call\web\Application\API\Controller\APIBaseController.class.php 第 60 行.
SQL: SHOW COLUMNS FROM `sy_user_vote` [ RunTime:0.0202s ]
SQL: SELECT `user_id`,sum(num) as vote_num,`add_time` FROM `sy_user_vote` WHERE `add_time` BETWEEN '2019-09-21 00:00:00' AND '2019-09-27 23:59:59' AND `mark` = 1 GROUP BY user_id ORDER BY vote_num DESC,add_time ASC LIMIT 100   [ RunTime:0.0151s ]

[ 2019-09-23T14:23:50+08:00 ] 127.0.0.1 /UserVote/getList
INFO: [ app_init ] --START--
INFO: Run Behavior\BuildLiteBehavior [ RunTime:0.000095s ]
INFO: [ app_init ] --END-- [ RunTime:0.000581s ]
NOTIC: [8] Constant MAIN_URL already defined D:\web\star_call\web\Application\Common\Conf\config.inc.php 第 10 行.
NOTIC: [8] Constant WAP_URL already defined D:\web\star_call\web\Application\Common\Conf\config.inc.php 第 11 行.
NOTIC: [8] Constant API_URL already defined D:\web\star_call\web\Application\Common\Conf\config.inc.php 第 12 行.
NOTIC: [8] Constant IMG_URL already defined D:\web\star_call\web\Application\Common\Conf\config.inc.php 第 13 行.
NOTIC: [8] Constant ATTACHMENT_PATH already defined D:\web\star_call\web\Application\Common\Conf\config.inc.php 第 14 行.
NOTIC: [8] Constant IMG_PATH already defined D:\web\star_call\web\Application\Common\Conf\config.inc.php 第 15 行.
NOTIC: [8] Constant UPLOAD_TEMP_PATH already defined D:\web\star_call\web\Application\Common\Conf\config.inc.php 第 16 行.
INFO: [ app_begin ] --START--
INFO: Run Behavior\ReadHtmlCacheBehavior [ RunTime:0.000372s ]
INFO: [ app_begin ] --END-- [ RunTime:0.000548s ]
NOTIC: [8] Undefined index: user_id D:\web\star_call\web\Application\API\Controller\APIBaseController.class.php 第 60 行.
SQL: SHOW COLUMNS FROM `sy_user_vote` [ RunTime:0.1849s ]
SQL: SELECT `user_id`,sum(num) as vote_num,`add_time` FROM `sy_user_vote` WHERE `add_time` BETWEEN '2019-09-21 00:00:00' AND '2019-09-27 23:59:59' AND `mark` = 1 GROUP BY user_id ORDER BY vote_num DESC,add_time ASC LIMIT 100   [ RunTime:0.1493s ]
SQL: SHOW COLUMNS FROM `sy_third_user` [ RunTime:0.1488s ]
SQL: SELECT `nickname` FROM `sy_third_user` WHERE `user_id` = 2 LIMIT 1   [ RunTime:0.1451s ]
SQL: SELECT `nickname` FROM `sy_third_user` WHERE `user_id` = 1 LIMIT 1   [ RunTime:0.1965s ]
SQL: SELECT `nickname` FROM `sy_third_user` WHERE `user_id` = 4 LIMIT 1   [ RunTime:0.1718s ]
SQL: SELECT `nickname` FROM `sy_third_user` WHERE `user_id` = 5 LIMIT 1   [ RunTime:0.1599s ]
SQL: SELECT `nickname` FROM `sy_third_user` WHERE `user_id` = 6 LIMIT 1   [ RunTime:0.0151s ]

[ 2019-09-23T14:27:52+08:00 ] 127.0.0.1 /UserVote/getList
INFO: [ app_init ] --START--
INFO: Run Behavior\BuildLiteBehavior [ RunTime:0.000031s ]
INFO: [ app_init ] --END-- [ RunTime:0.000177s ]
NOTIC: [8] Constant MAIN_URL already defined D:\web\star_call\web\Application\Common\Conf\config.inc.php 第 10 行.
NOTIC: [8] Constant WAP_URL already defined D:\web\star_call\web\Application\Common\Conf\config.inc.php 第 11 行.
NOTIC: [8] Constant API_URL already defined D:\web\star_call\web\Application\Common\Conf\config.inc.php 第 12 行.
NOTIC: [8] Constant IMG_URL already defined D:\web\star_call\web\Application\Common\Conf\config.inc.php 第 13 行.
NOTIC: [8] Constant ATTACHMENT_PATH already defined D:\web\star_call\web\Application\Common\Conf\config.inc.php 第 14 行.
NOTIC: [8] Constant IMG_PATH already defined D:\web\star_call\web\Application\Common\Conf\config.inc.php 第 15 行.
NOTIC: [8] Constant UPLOAD_TEMP_PATH already defined D:\web\star_call\web\Application\Common\Conf\config.inc.php 第 16 行.
INFO: [ app_begin ] --START--
INFO: Run Behavior\ReadHtmlCacheBehavior [ RunTime:0.001075s ]
INFO: [ app_begin ] --END-- [ RunTime:0.001342s ]
NOTIC: [8] Undefined index: user_id D:\web\star_call\web\Application\API\Controller\APIBaseController.class.php 第 60 行.
SQL: SHOW COLUMNS FROM `sy_user_vote` [ RunTime:0.7442s ]
SQL: SELECT `user_id`,sum(num) as vote_num,max(add_time) as add_time FROM `sy_user_vote` WHERE `add_time` BETWEEN '2019-09-21 00:00:00' AND '2019-09-27 23:59:59' AND `mark` = 1 GROUP BY user_id ORDER BY vote_num DESC,add_time ASC LIMIT 100   [ RunTime:0.0392s ]
SQL: SHOW COLUMNS FROM `sy_third_user` [ RunTime:0.0482s ]
SQL: SELECT `nickname` FROM `sy_third_user` WHERE `user_id` = 1 LIMIT 1   [ RunTime:0.0521s ]
SQL: SELECT `nickname` FROM `sy_third_user` WHERE `user_id` = 2 LIMIT 1   [ RunTime:0.0521s ]
SQL: SELECT `nickname` FROM `sy_third_user` WHERE `user_id` = 4 LIMIT 1   [ RunTime:0.0268s ]
SQL: SELECT `nickname` FROM `sy_third_user` WHERE `user_id` = 5 LIMIT 1   [ RunTime:0.0232s ]
SQL: SELECT `nickname` FROM `sy_third_user` WHERE `user_id` = 6 LIMIT 1   [ RunTime:0.0253s ]

