[ 2019-09-17T14:49:04+08:00 ] 127.0.0.1 /Weixin/getJsSdkSignature
INFO: [ app_init ] --START--
INFO: Run Behavior\BuildLiteBehavior [ RunTime:0.000279s ]
INFO: [ app_init ] --END-- [ RunTime:0.002014s ]
NOTIC: [8] Constant MAIN_URL already defined D:\web\star_call\web\Application\Common\Conf\config.inc.php 第 10 行.
NOTIC: [8] Constant WAP_URL already defined D:\web\star_call\web\Application\Common\Conf\config.inc.php 第 11 行.
NOTIC: [8] Constant API_URL already defined D:\web\star_call\web\Application\Common\Conf\config.inc.php 第 12 行.
NOTIC: [8] Constant IMG_URL already defined D:\web\star_call\web\Application\Common\Conf\config.inc.php 第 13 行.
NOTIC: [8] Constant ATTACHMENT_PATH already defined D:\web\star_call\web\Application\Common\Conf\config.inc.php 第 14 行.
NOTIC: [8] Constant IMG_PATH already defined D:\web\star_call\web\Application\Common\Conf\config.inc.php 第 15 行.
NOTIC: [8] Constant UPLOAD_TEMP_PATH already defined D:\web\star_call\web\Application\Common\Conf\config.inc.php 第 16 行.
INFO: [ app_begin ] --START--
INFO: Run Behavior\ReadHtmlCacheBehavior [ RunTime:0.015811s ]
INFO: [ app_begin ] --END-- [ RunTime:0.017204s ]
NOTIC: [8] Undefined index: user_id D:\web\star_call\web\Application\API\Controller\APIBaseController.class.php 第 60 行.
SQL: SHOW COLUMNS FROM `sy_user` [ RunTime:0.0140s ]
SQL: SHOW COLUMNS FROM `sy_user` [ RunTime:0.0158s ]
NOTIC: [8] Undefined index: url D:\web\star_call\web\Application\API\Controller\WeixinController.class.php 第 47 行.
NOTIC: [8] Undefined index: access_token D:\web\star_call\web\Application\API\Service\WeixinService.class.php 第 209 行.

[ 2019-09-17T14:57:03+08:00 ] 127.0.0.1 /Weixin/getJsSdkSignature
INFO: [ app_init ] --START--
INFO: Run Behavior\BuildLiteBehavior [ RunTime:0.000250s ]
INFO: [ app_init ] --END-- [ RunTime:0.001820s ]
NOTIC: [8] Constant MAIN_URL already defined D:\web\star_call\web\Application\Common\Conf\config.inc.php 第 10 行.
NOTIC: [8] Constant WAP_URL already defined D:\web\star_call\web\Application\Common\Conf\config.inc.php 第 11 行.
NOTIC: [8] Constant API_URL already defined D:\web\star_call\web\Application\Common\Conf\config.inc.php 第 12 行.
NOTIC: [8] Constant IMG_URL already defined D:\web\star_call\web\Application\Common\Conf\config.inc.php 第 13 行.
NOTIC: [8] Constant ATTACHMENT_PATH already defined D:\web\star_call\web\Application\Common\Conf\config.inc.php 第 14 行.
NOTIC: [8] Constant IMG_PATH already defined D:\web\star_call\web\Application\Common\Conf\config.inc.php 第 15 行.
NOTIC: [8] Constant UPLOAD_TEMP_PATH already defined D:\web\star_call\web\Application\Common\Conf\config.inc.php 第 16 行.
INFO: [ app_begin ] --START--
INFO: Run Behavior\ReadHtmlCacheBehavior [ RunTime:0.001464s ]
INFO: [ app_begin ] --END-- [ RunTime:0.002083s ]
NOTIC: [8] Undefined index: user_id D:\web\star_call\web\Application\API\Controller\APIBaseController.class.php 第 60 行.
SQL: SHOW COLUMNS FROM `sy_user` [ RunTime:0.0511s ]
SQL: SHOW COLUMNS FROM `sy_user` [ RunTime:0.0174s ]
NOTIC: [8] Undefined index: url D:\web\star_call\web\Application\API\Controller\WeixinController.class.php 第 47 行.
NOTIC: [2] Illegal string offset 'errcode' D:\web\star_call\web\Application\API\Service\WeixinService.class.php 第 121 行.
NOTIC: [2] Illegal string offset 'errmsg' D:\web\star_call\web\Application\API\Service\WeixinService.class.php 第 122 行.
NOTIC: [2] Illegal string offset 'errcode' D:\web\star_call\web\Application\API\Service\WeixinService.class.php 第 122 行.

[ 2019-09-17T14:59:17+08:00 ] 127.0.0.1 /Weixin/getJsSdkSignature
INFO: [ app_init ] --START--
INFO: Run Behavior\BuildLiteBehavior [ RunTime:0.000316s ]
INFO: [ app_init ] --END-- [ RunTime:0.001915s ]
NOTIC: [8] Constant MAIN_URL already defined D:\web\star_call\web\Application\Common\Conf\config.inc.php 第 10 行.
NOTIC: [8] Constant WAP_URL already defined D:\web\star_call\web\Application\Common\Conf\config.inc.php 第 11 行.
NOTIC: [8] Constant API_URL already defined D:\web\star_call\web\Application\Common\Conf\config.inc.php 第 12 行.
NOTIC: [8] Constant IMG_URL already defined D:\web\star_call\web\Application\Common\Conf\config.inc.php 第 13 行.
NOTIC: [8] Constant ATTACHMENT_PATH already defined D:\web\star_call\web\Application\Common\Conf\config.inc.php 第 14 行.
NOTIC: [8] Constant IMG_PATH already defined D:\web\star_call\web\Application\Common\Conf\config.inc.php 第 15 行.
NOTIC: [8] Constant UPLOAD_TEMP_PATH already defined D:\web\star_call\web\Application\Common\Conf\config.inc.php 第 16 行.
INFO: [ app_begin ] --START--
INFO: Run Behavior\ReadHtmlCacheBehavior [ RunTime:0.005796s ]
INFO: [ app_begin ] --END-- [ RunTime:0.006659s ]
NOTIC: [8] Undefined index: user_id D:\web\star_call\web\Application\API\Controller\APIBaseController.class.php 第 60 行.
SQL: SHOW COLUMNS FROM `sy_user` [ RunTime:0.0201s ]
SQL: SHOW COLUMNS FROM `sy_user` [ RunTime:0.0166s ]
NOTIC: [8] Undefined index: url D:\web\star_call\web\Application\API\Controller\WeixinController.class.php 第 47 行.

[ 2019-09-17T14:59:56+08:00 ] 127.0.0.1 /Weixin/getJsSdkSignature
INFO: [ app_init ] --START--
INFO: Run Behavior\BuildLiteBehavior [ RunTime:0.000305s ]
INFO: [ app_init ] --END-- [ RunTime:0.001994s ]
NOTIC: [8] Constant MAIN_URL already defined D:\web\star_call\web\Application\Common\Conf\config.inc.php 第 10 行.
NOTIC: [8] Constant WAP_URL already defined D:\web\star_call\web\Application\Common\Conf\config.inc.php 第 11 行.
NOTIC: [8] Constant API_URL already defined D:\web\star_call\web\Application\Common\Conf\config.inc.php 第 12 行.
NOTIC: [8] Constant IMG_URL already defined D:\web\star_call\web\Application\Common\Conf\config.inc.php 第 13 行.
NOTIC: [8] Constant ATTACHMENT_PATH already defined D:\web\star_call\web\Application\Common\Conf\config.inc.php 第 14 行.
NOTIC: [8] Constant IMG_PATH already defined D:\web\star_call\web\Application\Common\Conf\config.inc.php 第 15 行.
NOTIC: [8] Constant UPLOAD_TEMP_PATH already defined D:\web\star_call\web\Application\Common\Conf\config.inc.php 第 16 行.
INFO: [ app_begin ] --START--
INFO: Run Behavior\ReadHtmlCacheBehavior [ RunTime:0.000965s ]
INFO: [ app_begin ] --END-- [ RunTime:0.001630s ]
NOTIC: [8] Undefined index: user_id D:\web\star_call\web\Application\API\Controller\APIBaseController.class.php 第 60 行.
SQL: SHOW COLUMNS FROM `sy_user` [ RunTime:0.0145s ]
SQL: SHOW COLUMNS FROM `sy_user` [ RunTime:0.0154s ]
NOTIC: [8] Undefined index: url D:\web\star_call\web\Application\API\Controller\WeixinController.class.php 第 47 行.

[ 2019-09-17T15:00:52+08:00 ] 127.0.0.1 /Weixin/getJsSdkSignature
INFO: [ app_init ] --START--
INFO: Run Behavior\BuildLiteBehavior [ RunTime:0.000145s ]
INFO: [ app_init ] --END-- [ RunTime:0.000866s ]
NOTIC: [8] Constant MAIN_URL already defined D:\web\star_call\web\Application\Common\Conf\config.inc.php 第 10 行.
NOTIC: [8] Constant WAP_URL already defined D:\web\star_call\web\Application\Common\Conf\config.inc.php 第 11 行.
NOTIC: [8] Constant API_URL already defined D:\web\star_call\web\Application\Common\Conf\config.inc.php 第 12 行.
NOTIC: [8] Constant IMG_URL already defined D:\web\star_call\web\Application\Common\Conf\config.inc.php 第 13 行.
NOTIC: [8] Constant ATTACHMENT_PATH already defined D:\web\star_call\web\Application\Common\Conf\config.inc.php 第 14 行.
NOTIC: [8] Constant IMG_PATH already defined D:\web\star_call\web\Application\Common\Conf\config.inc.php 第 15 行.
NOTIC: [8] Constant UPLOAD_TEMP_PATH already defined D:\web\star_call\web\Application\Common\Conf\config.inc.php 第 16 行.
INFO: [ app_begin ] --START--
INFO: Run Behavior\ReadHtmlCacheBehavior [ RunTime:0.001722s ]
INFO: [ app_begin ] --END-- [ RunTime:0.002914s ]
NOTIC: [8] Undefined index: user_id D:\web\star_call\web\Application\API\Controller\APIBaseController.class.php 第 60 行.
SQL: SHOW COLUMNS FROM `sy_user` [ RunTime:0.0141s ]
SQL: SHOW COLUMNS FROM `sy_user` [ RunTime:0.0134s ]
NOTIC: [8] Undefined index: url D:\web\star_call\web\Application\API\Controller\WeixinController.class.php 第 47 行.
NOTIC: [2] Illegal string offset 'errcode' D:\web\star_call\web\Application\API\Service\WeixinService.class.php 第 121 行.
NOTIC: [2] Illegal string offset 'errmsg' D:\web\star_call\web\Application\API\Service\WeixinService.class.php 第 122 行.
NOTIC: [2] Illegal string offset 'errcode' D:\web\star_call\web\Application\API\Service\WeixinService.class.php 第 122 行.

[ 2019-09-17T15:01:52+08:00 ] 127.0.0.1 /Weixin/getJsSdkSignature
INFO: [ app_init ] --START--
INFO: Run Behavior\BuildLiteBehavior [ RunTime:0.000122s ]
INFO: [ app_init ] --END-- [ RunTime:0.000916s ]
NOTIC: [8] Constant MAIN_URL already defined D:\web\star_call\web\Application\Common\Conf\config.inc.php 第 10 行.
NOTIC: [8] Constant WAP_URL already defined D:\web\star_call\web\Application\Common\Conf\config.inc.php 第 11 行.
NOTIC: [8] Constant API_URL already defined D:\web\star_call\web\Application\Common\Conf\config.inc.php 第 12 行.
NOTIC: [8] Constant IMG_URL already defined D:\web\star_call\web\Application\Common\Conf\config.inc.php 第 13 行.
NOTIC: [8] Constant ATTACHMENT_PATH already defined D:\web\star_call\web\Application\Common\Conf\config.inc.php 第 14 行.
NOTIC: [8] Constant IMG_PATH already defined D:\web\star_call\web\Application\Common\Conf\config.inc.php 第 15 行.
NOTIC: [8] Constant UPLOAD_TEMP_PATH already defined D:\web\star_call\web\Application\Common\Conf\config.inc.php 第 16 行.
INFO: [ app_begin ] --START--
INFO: Run Behavior\ReadHtmlCacheBehavior [ RunTime:0.001140s ]
INFO: [ app_begin ] --END-- [ RunTime:0.002008s ]
NOTIC: [8] Undefined index: user_id D:\web\star_call\web\Application\API\Controller\APIBaseController.class.php 第 60 行.
SQL: SHOW COLUMNS FROM `sy_user` [ RunTime:0.0189s ]
SQL: SHOW COLUMNS FROM `sy_user` [ RunTime:0.0170s ]
NOTIC: [8] Undefined index: url D:\web\star_call\web\Application\API\Controller\WeixinController.class.php 第 47 行.
NOTIC: [2] Illegal string offset 'errcode' D:\web\star_call\web\Application\API\Service\WeixinService.class.php 第 121 行.

[ 2019-09-17T15:04:20+08:00 ] 127.0.0.1 /Weixin/getJsSdkSignature
INFO: [ app_init ] --START--
INFO: Run Behavior\BuildLiteBehavior [ RunTime:0.000226s ]
INFO: [ app_init ] --END-- [ RunTime:0.001625s ]
NOTIC: [8] Constant MAIN_URL already defined D:\web\star_call\web\Application\Common\Conf\config.inc.php 第 10 行.
NOTIC: [8] Constant WAP_URL already defined D:\web\star_call\web\Application\Common\Conf\config.inc.php 第 11 行.
NOTIC: [8] Constant API_URL already defined D:\web\star_call\web\Application\Common\Conf\config.inc.php 第 12 行.
NOTIC: [8] Constant IMG_URL already defined D:\web\star_call\web\Application\Common\Conf\config.inc.php 第 13 行.
NOTIC: [8] Constant ATTACHMENT_PATH already defined D:\web\star_call\web\Application\Common\Conf\config.inc.php 第 14 行.
NOTIC: [8] Constant IMG_PATH already defined D:\web\star_call\web\Application\Common\Conf\config.inc.php 第 15 行.
NOTIC: [8] Constant UPLOAD_TEMP_PATH already defined D:\web\star_call\web\Application\Common\Conf\config.inc.php 第 16 行.
INFO: [ app_begin ] --START--
INFO: Run Behavior\ReadHtmlCacheBehavior [ RunTime:0.002371s ]
INFO: [ app_begin ] --END-- [ RunTime:0.003454s ]
NOTIC: [8] Undefined index: user_id D:\web\star_call\web\Application\API\Controller\APIBaseController.class.php 第 60 行.
SQL: SHOW COLUMNS FROM `sy_user` [ RunTime:0.0288s ]
SQL: SHOW COLUMNS FROM `sy_user` [ RunTime:0.0452s ]
NOTIC: [8] Undefined index: url D:\web\star_call\web\Application\API\Controller\WeixinController.class.php 第 47 行.

[ 2019-09-17T15:06:30+08:00 ] 127.0.0.1 /Weixin/getJsSdkSignature
INFO: [ app_init ] --START--
INFO: Run Behavior\BuildLiteBehavior [ RunTime:0.000338s ]
INFO: [ app_init ] --END-- [ RunTime:0.001556s ]
NOTIC: [8] Constant MAIN_URL already defined D:\web\star_call\web\Application\Common\Conf\config.inc.php 第 10 行.
NOTIC: [8] Constant WAP_URL already defined D:\web\star_call\web\Application\Common\Conf\config.inc.php 第 11 行.
NOTIC: [8] Constant API_URL already defined D:\web\star_call\web\Application\Common\Conf\config.inc.php 第 12 行.
NOTIC: [8] Constant IMG_URL already defined D:\web\star_call\web\Application\Common\Conf\config.inc.php 第 13 行.
NOTIC: [8] Constant ATTACHMENT_PATH already defined D:\web\star_call\web\Application\Common\Conf\config.inc.php 第 14 行.
NOTIC: [8] Constant IMG_PATH already defined D:\web\star_call\web\Application\Common\Conf\config.inc.php 第 15 行.
NOTIC: [8] Constant UPLOAD_TEMP_PATH already defined D:\web\star_call\web\Application\Common\Conf\config.inc.php 第 16 行.
INFO: [ app_begin ] --START--
INFO: Run Behavior\ReadHtmlCacheBehavior [ RunTime:0.001192s ]
INFO: [ app_begin ] --END-- [ RunTime:0.001923s ]
NOTIC: [8] Undefined index: user_id D:\web\star_call\web\Application\API\Controller\APIBaseController.class.php 第 60 行.
SQL: SHOW COLUMNS FROM `sy_user` [ RunTime:0.0146s ]
SQL: SHOW COLUMNS FROM `sy_user` [ RunTime:0.0170s ]
NOTIC: [8] Undefined index: url D:\web\star_call\web\Application\API\Controller\WeixinController.class.php 第 47 行.

[ 2019-09-17T15:07:20+08:00 ] 127.0.0.1 /Weixin/getJsSdkSignature
INFO: [ app_init ] --START--
INFO: Run Behavior\BuildLiteBehavior [ RunTime:0.000197s ]
INFO: [ app_init ] --END-- [ RunTime:0.000902s ]
NOTIC: [8] Constant MAIN_URL already defined D:\web\star_call\web\Application\Common\Conf\config.inc.php 第 10 行.
NOTIC: [8] Constant WAP_URL already defined D:\web\star_call\web\Application\Common\Conf\config.inc.php 第 11 行.
NOTIC: [8] Constant API_URL already defined D:\web\star_call\web\Application\Common\Conf\config.inc.php 第 12 行.
NOTIC: [8] Constant IMG_URL already defined D:\web\star_call\web\Application\Common\Conf\config.inc.php 第 13 行.
NOTIC: [8] Constant ATTACHMENT_PATH already defined D:\web\star_call\web\Application\Common\Conf\config.inc.php 第 14 行.
NOTIC: [8] Constant IMG_PATH already defined D:\web\star_call\web\Application\Common\Conf\config.inc.php 第 15 行.
NOTIC: [8] Constant UPLOAD_TEMP_PATH already defined D:\web\star_call\web\Application\Common\Conf\config.inc.php 第 16 行.
INFO: [ app_begin ] --START--
INFO: Run Behavior\ReadHtmlCacheBehavior [ RunTime:0.003212s ]
INFO: [ app_begin ] --END-- [ RunTime:0.004464s ]
NOTIC: [8] Undefined index: user_id D:\web\star_call\web\Application\API\Controller\APIBaseController.class.php 第 60 行.
SQL: SHOW COLUMNS FROM `sy_user` [ RunTime:0.0234s ]
SQL: SHOW COLUMNS FROM `sy_user` [ RunTime:0.0240s ]
NOTIC: [8] Undefined index: url D:\web\star_call\web\Application\API\Controller\WeixinController.class.php 第 47 行.
NOTIC: [8] Undefined index: ticket D:\web\star_call\web\Application\API\Service\WeixinService.class.php 第 267 行.

[ 2019-09-17T15:07:59+08:00 ] 127.0.0.1 /Weixin/getJsSdkSignature
INFO: [ app_init ] --START--
INFO: Run Behavior\BuildLiteBehavior [ RunTime:0.000309s ]
INFO: [ app_init ] --END-- [ RunTime:0.001411s ]
NOTIC: [8] Constant MAIN_URL already defined D:\web\star_call\web\Application\Common\Conf\config.inc.php 第 10 行.
NOTIC: [8] Constant WAP_URL already defined D:\web\star_call\web\Application\Common\Conf\config.inc.php 第 11 行.
NOTIC: [8] Constant API_URL already defined D:\web\star_call\web\Application\Common\Conf\config.inc.php 第 12 行.
NOTIC: [8] Constant IMG_URL already defined D:\web\star_call\web\Application\Common\Conf\config.inc.php 第 13 行.
NOTIC: [8] Constant ATTACHMENT_PATH already defined D:\web\star_call\web\Application\Common\Conf\config.inc.php 第 14 行.
NOTIC: [8] Constant IMG_PATH already defined D:\web\star_call\web\Application\Common\Conf\config.inc.php 第 15 行.
NOTIC: [8] Constant UPLOAD_TEMP_PATH already defined D:\web\star_call\web\Application\Common\Conf\config.inc.php 第 16 行.
INFO: [ app_begin ] --START--
INFO: Run Behavior\ReadHtmlCacheBehavior [ RunTime:0.001506s ]
INFO: [ app_begin ] --END-- [ RunTime:0.002807s ]
NOTIC: [8] Undefined index: user_id D:\web\star_call\web\Application\API\Controller\APIBaseController.class.php 第 60 行.
SQL: SHOW COLUMNS FROM `sy_user` [ RunTime:0.0196s ]
SQL: SHOW COLUMNS FROM `sy_user` [ RunTime:0.0163s ]
NOTIC: [8] Undefined index: url D:\web\star_call\web\Application\API\Controller\WeixinController.class.php 第 47 行.

[ 2019-09-17T15:09:31+08:00 ] 127.0.0.1 /Weixin/getJsSdkSignature
INFO: [ app_init ] --START--
INFO: Run Behavior\BuildLiteBehavior [ RunTime:0.000260s ]
INFO: [ app_init ] --END-- [ RunTime:0.002261s ]
NOTIC: [8] Constant MAIN_URL already defined D:\web\star_call\web\Application\Common\Conf\config.inc.php 第 10 行.
NOTIC: [8] Constant WAP_URL already defined D:\web\star_call\web\Application\Common\Conf\config.inc.php 第 11 行.
NOTIC: [8] Constant API_URL already defined D:\web\star_call\web\Application\Common\Conf\config.inc.php 第 12 行.
NOTIC: [8] Constant IMG_URL already defined D:\web\star_call\web\Application\Common\Conf\config.inc.php 第 13 行.
NOTIC: [8] Constant ATTACHMENT_PATH already defined D:\web\star_call\web\Application\Common\Conf\config.inc.php 第 14 行.
NOTIC: [8] Constant IMG_PATH already defined D:\web\star_call\web\Application\Common\Conf\config.inc.php 第 15 行.
NOTIC: [8] Constant UPLOAD_TEMP_PATH already defined D:\web\star_call\web\Application\Common\Conf\config.inc.php 第 16 行.
INFO: [ app_begin ] --START--
INFO: Run Behavior\ReadHtmlCacheBehavior [ RunTime:0.002053s ]
INFO: [ app_begin ] --END-- [ RunTime:0.004435s ]
NOTIC: [8] Undefined index: user_id D:\web\star_call\web\Application\API\Controller\APIBaseController.class.php 第 60 行.
SQL: SHOW COLUMNS FROM `sy_user` [ RunTime:0.0158s ]
SQL: SHOW COLUMNS FROM `sy_user` [ RunTime:0.0154s ]
NOTIC: [8] Undefined index: url D:\web\star_call\web\Application\API\Controller\WeixinController.class.php 第 47 行.

[ 2019-09-17T15:11:54+08:00 ] 127.0.0.1 /Weixin/getJsSdkSignature?url=http://mp.weixin.qq.com?params=value
INFO: [ app_init ] --START--
INFO: Run Behavior\BuildLiteBehavior [ RunTime:0.000152s ]
INFO: [ app_init ] --END-- [ RunTime:0.001078s ]
NOTIC: [8] Constant MAIN_URL already defined D:\web\star_call\web\Application\Common\Conf\config.inc.php 第 10 行.
NOTIC: [8] Constant WAP_URL already defined D:\web\star_call\web\Application\Common\Conf\config.inc.php 第 11 行.
NOTIC: [8] Constant API_URL already defined D:\web\star_call\web\Application\Common\Conf\config.inc.php 第 12 行.
NOTIC: [8] Constant IMG_URL already defined D:\web\star_call\web\Application\Common\Conf\config.inc.php 第 13 行.
NOTIC: [8] Constant ATTACHMENT_PATH already defined D:\web\star_call\web\Application\Common\Conf\config.inc.php 第 14 行.
NOTIC: [8] Constant IMG_PATH already defined D:\web\star_call\web\Application\Common\Conf\config.inc.php 第 15 行.
NOTIC: [8] Constant UPLOAD_TEMP_PATH already defined D:\web\star_call\web\Application\Common\Conf\config.inc.php 第 16 行.
INFO: [ app_begin ] --START--
INFO: Run Behavior\ReadHtmlCacheBehavior [ RunTime:0.002138s ]
INFO: [ app_begin ] --END-- [ RunTime:0.003423s ]
NOTIC: [8] Undefined index: user_id D:\web\star_call\web\Application\API\Controller\APIBaseController.class.php 第 60 行.
SQL: SHOW COLUMNS FROM `sy_user` [ RunTime:0.0217s ]
SQL: SHOW COLUMNS FROM `sy_user` [ RunTime:0.0167s ]

[ 2019-09-17T15:29:45+08:00 ] 127.0.0.1 /Weixin/getJsSdkSignature?url=http://mp.weixin.qq.com?params=value
INFO: [ app_init ] --START--
INFO: Run Behavior\BuildLiteBehavior [ RunTime:0.000210s ]
INFO: [ app_init ] --END-- [ RunTime:0.001356s ]
NOTIC: [8] Constant MAIN_URL already defined D:\web\star_call\web\Application\Common\Conf\config.inc.php 第 10 行.
NOTIC: [8] Constant WAP_URL already defined D:\web\star_call\web\Application\Common\Conf\config.inc.php 第 11 行.
NOTIC: [8] Constant API_URL already defined D:\web\star_call\web\Application\Common\Conf\config.inc.php 第 12 行.
NOTIC: [8] Constant IMG_URL already defined D:\web\star_call\web\Application\Common\Conf\config.inc.php 第 13 行.
NOTIC: [8] Constant ATTACHMENT_PATH already defined D:\web\star_call\web\Application\Common\Conf\config.inc.php 第 14 行.
NOTIC: [8] Constant IMG_PATH already defined D:\web\star_call\web\Application\Common\Conf\config.inc.php 第 15 行.
NOTIC: [8] Constant UPLOAD_TEMP_PATH already defined D:\web\star_call\web\Application\Common\Conf\config.inc.php 第 16 行.
INFO: [ app_begin ] --START--
INFO: Run Behavior\ReadHtmlCacheBehavior [ RunTime:0.001881s ]
INFO: [ app_begin ] --END-- [ RunTime:0.003345s ]
NOTIC: [8] Undefined index: user_id D:\web\star_call\web\Application\API\Controller\APIBaseController.class.php 第 60 行.
SQL: SHOW COLUMNS FROM `sy_user` [ RunTime:0.0149s ]
SQL: SHOW COLUMNS FROM `sy_user` [ RunTime:0.0147s ]

[ 2019-09-17T15:29:53+08:00 ] 127.0.0.1 /Weixin/getJsSdkSignature?url=http://mp.weixin.qq.com/?params=value
INFO: [ app_init ] --START--
INFO: Run Behavior\BuildLiteBehavior [ RunTime:0.000162s ]
INFO: [ app_init ] --END-- [ RunTime:0.001167s ]
NOTIC: [8] Constant MAIN_URL already defined D:\web\star_call\web\Application\Common\Conf\config.inc.php 第 10 行.
NOTIC: [8] Constant WAP_URL already defined D:\web\star_call\web\Application\Common\Conf\config.inc.php 第 11 行.
NOTIC: [8] Constant API_URL already defined D:\web\star_call\web\Application\Common\Conf\config.inc.php 第 12 行.
NOTIC: [8] Constant IMG_URL already defined D:\web\star_call\web\Application\Common\Conf\config.inc.php 第 13 行.
NOTIC: [8] Constant ATTACHMENT_PATH already defined D:\web\star_call\web\Application\Common\Conf\config.inc.php 第 14 行.
NOTIC: [8] Constant IMG_PATH already defined D:\web\star_call\web\Application\Common\Conf\config.inc.php 第 15 行.
NOTIC: [8] Constant UPLOAD_TEMP_PATH already defined D:\web\star_call\web\Application\Common\Conf\config.inc.php 第 16 行.
INFO: [ app_begin ] --START--
INFO: Run Behavior\ReadHtmlCacheBehavior [ RunTime:0.001037s ]
INFO: [ app_begin ] --END-- [ RunTime:0.001704s ]
NOTIC: [8] Undefined index: user_id D:\web\star_call\web\Application\API\Controller\APIBaseController.class.php 第 60 行.
SQL: SHOW COLUMNS FROM `sy_user` [ RunTime:0.0201s ]
SQL: SHOW COLUMNS FROM `sy_user` [ RunTime:0.0171s ]

[ 2019-09-17T15:34:37+08:00 ] 127.0.0.1 /Weixin/getJsSdkSignature?url=http://mp.weixin.qq.com/?params=value
INFO: [ app_init ] --START--
INFO: Run Behavior\BuildLiteBehavior [ RunTime:0.000166s ]
INFO: [ app_init ] --END-- [ RunTime:0.001262s ]
NOTIC: [8] Constant MAIN_URL already defined D:\web\star_call\web\Application\Common\Conf\config.inc.php 第 10 行.
NOTIC: [8] Constant WAP_URL already defined D:\web\star_call\web\Application\Common\Conf\config.inc.php 第 11 行.
NOTIC: [8] Constant API_URL already defined D:\web\star_call\web\Application\Common\Conf\config.inc.php 第 12 行.
NOTIC: [8] Constant IMG_URL already defined D:\web\star_call\web\Application\Common\Conf\config.inc.php 第 13 行.
NOTIC: [8] Constant ATTACHMENT_PATH already defined D:\web\star_call\web\Application\Common\Conf\config.inc.php 第 14 行.
NOTIC: [8] Constant IMG_PATH already defined D:\web\star_call\web\Application\Common\Conf\config.inc.php 第 15 行.
NOTIC: [8] Constant UPLOAD_TEMP_PATH already defined D:\web\star_call\web\Application\Common\Conf\config.inc.php 第 16 行.
INFO: [ app_begin ] --START--
INFO: Run Behavior\ReadHtmlCacheBehavior [ RunTime:0.002118s ]
INFO: [ app_begin ] --END-- [ RunTime:0.003719s ]
NOTIC: [8] Undefined index: user_id D:\web\star_call\web\Application\API\Controller\APIBaseController.class.php 第 60 行.
SQL: SHOW COLUMNS FROM `sy_user` [ RunTime:0.0159s ]
SQL: SHOW COLUMNS FROM `sy_user` [ RunTime:0.0187s ]

[ 2019-09-17T15:38:28+08:00 ] 127.0.0.1 /Weixin/getJsSdkSignature?url=http://mp.weixin.qq.com/?params=value
INFO: [ app_init ] --START--
INFO: Run Behavior\BuildLiteBehavior [ RunTime:0.000268s ]
INFO: [ app_init ] --END-- [ RunTime:0.002337s ]
NOTIC: [8] Constant MAIN_URL already defined D:\web\star_call\web\Application\Common\Conf\config.inc.php 第 10 行.
NOTIC: [8] Constant WAP_URL already defined D:\web\star_call\web\Application\Common\Conf\config.inc.php 第 11 行.
NOTIC: [8] Constant API_URL already defined D:\web\star_call\web\Application\Common\Conf\config.inc.php 第 12 行.
NOTIC: [8] Constant IMG_URL already defined D:\web\star_call\web\Application\Common\Conf\config.inc.php 第 13 行.
NOTIC: [8] Constant ATTACHMENT_PATH already defined D:\web\star_call\web\Application\Common\Conf\config.inc.php 第 14 行.
NOTIC: [8] Constant IMG_PATH already defined D:\web\star_call\web\Application\Common\Conf\config.inc.php 第 15 行.
NOTIC: [8] Constant UPLOAD_TEMP_PATH already defined D:\web\star_call\web\Application\Common\Conf\config.inc.php 第 16 行.
INFO: [ app_begin ] --START--
INFO: Run Behavior\ReadHtmlCacheBehavior [ RunTime:0.001149s ]
INFO: [ app_begin ] --END-- [ RunTime:0.001988s ]
NOTIC: [8] Undefined index: user_id D:\web\star_call\web\Application\API\Controller\APIBaseController.class.php 第 60 行.
SQL: SHOW COLUMNS FROM `sy_user` [ RunTime:0.0172s ]
SQL: SHOW COLUMNS FROM `sy_user` [ RunTime:0.0212s ]

[ 2019-09-17T17:21:19+08:00 ] 127.0.0.1 /Weibo/getUserInfo
INFO: [ app_init ] --START--
INFO: Run Behavior\BuildLiteBehavior [ RunTime:0.000483s ]
INFO: [ app_init ] --END-- [ RunTime:0.002962s ]
NOTIC: [8] Constant MAIN_URL already defined D:\web\star_call\web\Application\Common\Conf\config.inc.php 第 10 行.
NOTIC: [8] Constant WAP_URL already defined D:\web\star_call\web\Application\Common\Conf\config.inc.php 第 11 行.
NOTIC: [8] Constant API_URL already defined D:\web\star_call\web\Application\Common\Conf\config.inc.php 第 12 行.
NOTIC: [8] Constant IMG_URL already defined D:\web\star_call\web\Application\Common\Conf\config.inc.php 第 13 行.
NOTIC: [8] Constant ATTACHMENT_PATH already defined D:\web\star_call\web\Application\Common\Conf\config.inc.php 第 14 行.
NOTIC: [8] Constant IMG_PATH already defined D:\web\star_call\web\Application\Common\Conf\config.inc.php 第 15 行.
NOTIC: [8] Constant UPLOAD_TEMP_PATH already defined D:\web\star_call\web\Application\Common\Conf\config.inc.php 第 16 行.
INFO: [ app_begin ] --START--
INFO: Run Behavior\ReadHtmlCacheBehavior [ RunTime:0.008425s ]
INFO: [ app_begin ] --END-- [ RunTime:0.014456s ]
NOTIC: [8] Undefined index: user_id D:\web\star_call\web\Application\API\Controller\APIBaseController.class.php 第 60 行.
SQL: SHOW COLUMNS FROM `sy_user` [ RunTime:0.0213s ]
ERR: get access token failed.redirect_uri_mismatch

[ 2019-09-17T17:26:46+08:00 ] 127.0.0.1 /Weibo/getUserInfo
INFO: [ app_init ] --START--
INFO: Run Behavior\BuildLiteBehavior [ RunTime:0.000372s ]
INFO: [ app_init ] --END-- [ RunTime:0.002349s ]
NOTIC: [8] Constant MAIN_URL already defined D:\web\star_call\web\Application\Common\Conf\config.inc.php 第 10 行.
NOTIC: [8] Constant WAP_URL already defined D:\web\star_call\web\Application\Common\Conf\config.inc.php 第 11 行.
NOTIC: [8] Constant API_URL already defined D:\web\star_call\web\Application\Common\Conf\config.inc.php 第 12 行.
NOTIC: [8] Constant IMG_URL already defined D:\web\star_call\web\Application\Common\Conf\config.inc.php 第 13 行.
NOTIC: [8] Constant ATTACHMENT_PATH already defined D:\web\star_call\web\Application\Common\Conf\config.inc.php 第 14 行.
NOTIC: [8] Constant IMG_PATH already defined D:\web\star_call\web\Application\Common\Conf\config.inc.php 第 15 行.
NOTIC: [8] Constant UPLOAD_TEMP_PATH already defined D:\web\star_call\web\Application\Common\Conf\config.inc.php 第 16 行.
INFO: [ app_begin ] --START--
INFO: Run Behavior\ReadHtmlCacheBehavior [ RunTime:0.000905s ]
INFO: [ app_begin ] --END-- [ RunTime:0.001543s ]
NOTIC: [8] Undefined index: user_id D:\web\star_call\web\Application\API\Controller\APIBaseController.class.php 第 60 行.
SQL: SHOW COLUMNS FROM `sy_user` [ RunTime:0.0179s ]
NOTIC: [8] Undefined index: uid D:\web\star_call\web\Application\API\Service\WeiboService.class.php 第 47 行.
NOTIC: [8] Undefined index: access_token D:\web\star_call\web\Application\API\Service\WeiboService.class.php 第 48 行.
SQL: SHOW COLUMNS FROM `sy_third_user` [ RunTime:0.0149s ]
SQL: SELECT `user_id`,`openid`,`nickname`,`avatar` FROM `sy_third_user` WHERE `openid` = null LIMIT 1   [ RunTime:0.0130s ]

[ 2019-09-17T17:27:43+08:00 ] 127.0.0.1 /Weibo/getUserInfo
INFO: [ app_init ] --START--
INFO: Run Behavior\BuildLiteBehavior [ RunTime:0.001489s ]
INFO: [ app_init ] --END-- [ RunTime:0.004669s ]
NOTIC: [8] Constant MAIN_URL already defined D:\web\star_call\web\Application\Common\Conf\config.inc.php 第 10 行.
NOTIC: [8] Constant WAP_URL already defined D:\web\star_call\web\Application\Common\Conf\config.inc.php 第 11 行.
NOTIC: [8] Constant API_URL already defined D:\web\star_call\web\Application\Common\Conf\config.inc.php 第 12 行.
NOTIC: [8] Constant IMG_URL already defined D:\web\star_call\web\Application\Common\Conf\config.inc.php 第 13 行.
NOTIC: [8] Constant ATTACHMENT_PATH already defined D:\web\star_call\web\Application\Common\Conf\config.inc.php 第 14 行.
NOTIC: [8] Constant IMG_PATH already defined D:\web\star_call\web\Application\Common\Conf\config.inc.php 第 15 行.
NOTIC: [8] Constant UPLOAD_TEMP_PATH already defined D:\web\star_call\web\Application\Common\Conf\config.inc.php 第 16 行.
INFO: [ app_begin ] --START--
INFO: Run Behavior\ReadHtmlCacheBehavior [ RunTime:0.001418s ]
INFO: [ app_begin ] --END-- [ RunTime:0.002214s ]
NOTIC: [8] Undefined index: user_id D:\web\star_call\web\Application\API\Controller\APIBaseController.class.php 第 60 行.
SQL: SHOW COLUMNS FROM `sy_user` [ RunTime:0.0154s ]

[ 2019-09-17T17:28:41+08:00 ] 127.0.0.1 /Weibo/getUserInfo
INFO: [ app_init ] --START--
INFO: Run Behavior\BuildLiteBehavior [ RunTime:0.000253s ]
INFO: [ app_init ] --END-- [ RunTime:0.002039s ]
NOTIC: [8] Constant MAIN_URL already defined D:\web\star_call\web\Application\Common\Conf\config.inc.php 第 10 行.
NOTIC: [8] Constant WAP_URL already defined D:\web\star_call\web\Application\Common\Conf\config.inc.php 第 11 行.
NOTIC: [8] Constant API_URL already defined D:\web\star_call\web\Application\Common\Conf\config.inc.php 第 12 行.
NOTIC: [8] Constant IMG_URL already defined D:\web\star_call\web\Application\Common\Conf\config.inc.php 第 13 行.
NOTIC: [8] Constant ATTACHMENT_PATH already defined D:\web\star_call\web\Application\Common\Conf\config.inc.php 第 14 行.
NOTIC: [8] Constant IMG_PATH already defined D:\web\star_call\web\Application\Common\Conf\config.inc.php 第 15 行.
NOTIC: [8] Constant UPLOAD_TEMP_PATH already defined D:\web\star_call\web\Application\Common\Conf\config.inc.php 第 16 行.
INFO: [ app_begin ] --START--
INFO: Run Behavior\ReadHtmlCacheBehavior [ RunTime:0.001157s ]
INFO: [ app_begin ] --END-- [ RunTime:0.002138s ]
NOTIC: [8] Undefined index: user_id D:\web\star_call\web\Application\API\Controller\APIBaseController.class.php 第 60 行.
SQL: SHOW COLUMNS FROM `sy_user` [ RunTime:0.0201s ]

[ 2019-09-17T17:55:50+08:00 ] 127.0.0.1 /Weibo/getUserInfo
INFO: [ app_init ] --START--
INFO: Run Behavior\BuildLiteBehavior [ RunTime:0.000337s ]
INFO: [ app_init ] --END-- [ RunTime:0.001873s ]
NOTIC: [8] Constant MAIN_URL already defined D:\web\star_call\web\Application\Common\Conf\config.inc.php 第 10 行.
NOTIC: [8] Constant WAP_URL already defined D:\web\star_call\web\Application\Common\Conf\config.inc.php 第 11 行.
NOTIC: [8] Constant API_URL already defined D:\web\star_call\web\Application\Common\Conf\config.inc.php 第 12 行.
NOTIC: [8] Constant IMG_URL already defined D:\web\star_call\web\Application\Common\Conf\config.inc.php 第 13 行.
NOTIC: [8] Constant ATTACHMENT_PATH already defined D:\web\star_call\web\Application\Common\Conf\config.inc.php 第 14 行.
NOTIC: [8] Constant IMG_PATH already defined D:\web\star_call\web\Application\Common\Conf\config.inc.php 第 15 行.
NOTIC: [8] Constant UPLOAD_TEMP_PATH already defined D:\web\star_call\web\Application\Common\Conf\config.inc.php 第 16 行.
INFO: [ app_begin ] --START--
INFO: Run Behavior\ReadHtmlCacheBehavior [ RunTime:0.001031s ]
INFO: [ app_begin ] --END-- [ RunTime:0.001686s ]
NOTIC: [8] Undefined index: user_id D:\web\star_call\web\Application\API\Controller\APIBaseController.class.php 第 60 行.
SQL: SHOW COLUMNS FROM `sy_user` [ RunTime:0.0191s ]

[ 2019-09-17T17:56:18+08:00 ] 127.0.0.1 /Weibo/getUserInfo
INFO: [ app_init ] --START--
INFO: Run Behavior\BuildLiteBehavior [ RunTime:0.000263s ]
INFO: [ app_init ] --END-- [ RunTime:0.002048s ]
NOTIC: [8] Constant MAIN_URL already defined D:\web\star_call\web\Application\Common\Conf\config.inc.php 第 10 行.
NOTIC: [8] Constant WAP_URL already defined D:\web\star_call\web\Application\Common\Conf\config.inc.php 第 11 行.
NOTIC: [8] Constant API_URL already defined D:\web\star_call\web\Application\Common\Conf\config.inc.php 第 12 行.
NOTIC: [8] Constant IMG_URL already defined D:\web\star_call\web\Application\Common\Conf\config.inc.php 第 13 行.
NOTIC: [8] Constant ATTACHMENT_PATH already defined D:\web\star_call\web\Application\Common\Conf\config.inc.php 第 14 行.
NOTIC: [8] Constant IMG_PATH already defined D:\web\star_call\web\Application\Common\Conf\config.inc.php 第 15 行.
NOTIC: [8] Constant UPLOAD_TEMP_PATH already defined D:\web\star_call\web\Application\Common\Conf\config.inc.php 第 16 行.
INFO: [ app_begin ] --START--
INFO: Run Behavior\ReadHtmlCacheBehavior [ RunTime:0.000974s ]
INFO: [ app_begin ] --END-- [ RunTime:0.001662s ]
NOTIC: [8] Undefined index: user_id D:\web\star_call\web\Application\API\Controller\APIBaseController.class.php 第 60 行.
SQL: SHOW COLUMNS FROM `sy_user` [ RunTime:0.0180s ]

[ 2019-09-17T18:02:42+08:00 ] 127.0.0.1 /Weibo/getUserInfo
INFO: [ app_init ] --START--
INFO: Run Behavior\BuildLiteBehavior [ RunTime:0.000310s ]
INFO: [ app_init ] --END-- [ RunTime:0.001685s ]
NOTIC: [8] Constant MAIN_URL already defined D:\web\star_call\web\Application\Common\Conf\config.inc.php 第 10 行.
NOTIC: [8] Constant WAP_URL already defined D:\web\star_call\web\Application\Common\Conf\config.inc.php 第 11 行.
NOTIC: [8] Constant API_URL already defined D:\web\star_call\web\Application\Common\Conf\config.inc.php 第 12 行.
NOTIC: [8] Constant IMG_URL already defined D:\web\star_call\web\Application\Common\Conf\config.inc.php 第 13 行.
NOTIC: [8] Constant ATTACHMENT_PATH already defined D:\web\star_call\web\Application\Common\Conf\config.inc.php 第 14 行.
NOTIC: [8] Constant IMG_PATH already defined D:\web\star_call\web\Application\Common\Conf\config.inc.php 第 15 行.
NOTIC: [8] Constant UPLOAD_TEMP_PATH already defined D:\web\star_call\web\Application\Common\Conf\config.inc.php 第 16 行.
INFO: [ app_begin ] --START--
INFO: Run Behavior\ReadHtmlCacheBehavior [ RunTime:0.001065s ]
INFO: [ app_begin ] --END-- [ RunTime:0.002444s ]
NOTIC: [8] Undefined index: user_id D:\web\star_call\web\Application\API\Controller\APIBaseController.class.php 第 60 行.
SQL: SHOW COLUMNS FROM `sy_user` [ RunTime:0.0188s ]

[ 2019-09-17T18:30:46+08:00 ] 127.0.0.1 /Weibo/getUserInfo
INFO: [ app_init ] --START--
INFO: Run Behavior\BuildLiteBehavior [ RunTime:0.000449s ]
INFO: [ app_init ] --END-- [ RunTime:0.005137s ]
NOTIC: [8] Constant MAIN_URL already defined D:\web\star_call\web\Application\Common\Conf\config.inc.php 第 10 行.
NOTIC: [8] Constant WAP_URL already defined D:\web\star_call\web\Application\Common\Conf\config.inc.php 第 11 行.
NOTIC: [8] Constant API_URL already defined D:\web\star_call\web\Application\Common\Conf\config.inc.php 第 12 行.
NOTIC: [8] Constant IMG_URL already defined D:\web\star_call\web\Application\Common\Conf\config.inc.php 第 13 行.
NOTIC: [8] Constant ATTACHMENT_PATH already defined D:\web\star_call\web\Application\Common\Conf\config.inc.php 第 14 行.
NOTIC: [8] Constant IMG_PATH already defined D:\web\star_call\web\Application\Common\Conf\config.inc.php 第 15 行.
NOTIC: [8] Constant UPLOAD_TEMP_PATH already defined D:\web\star_call\web\Application\Common\Conf\config.inc.php 第 16 行.
INFO: [ app_begin ] --START--
INFO: Run Behavior\ReadHtmlCacheBehavior [ RunTime:0.002807s ]
INFO: [ app_begin ] --END-- [ RunTime:0.004696s ]
NOTIC: [8] Undefined index: user_id D:\web\star_call\web\Application\API\Controller\APIBaseController.class.php 第 60 行.
SQL: SHOW COLUMNS FROM `sy_user` [ RunTime:0.0738s ]

[ 2019-09-17T18:41:34+08:00 ] 127.0.0.1 /Weibo/getUserInfo
INFO: [ app_init ] --START--
INFO: Run Behavior\BuildLiteBehavior [ RunTime:0.000133s ]
INFO: [ app_init ] --END-- [ RunTime:0.000888s ]
NOTIC: [8] Constant MAIN_URL already defined D:\web\star_call\web\Application\Common\Conf\config.inc.php 第 10 行.
NOTIC: [8] Constant WAP_URL already defined D:\web\star_call\web\Application\Common\Conf\config.inc.php 第 11 行.
NOTIC: [8] Constant API_URL already defined D:\web\star_call\web\Application\Common\Conf\config.inc.php 第 12 行.
NOTIC: [8] Constant IMG_URL already defined D:\web\star_call\web\Application\Common\Conf\config.inc.php 第 13 行.
NOTIC: [8] Constant ATTACHMENT_PATH already defined D:\web\star_call\web\Application\Common\Conf\config.inc.php 第 14 行.
NOTIC: [8] Constant IMG_PATH already defined D:\web\star_call\web\Application\Common\Conf\config.inc.php 第 15 行.
NOTIC: [8] Constant UPLOAD_TEMP_PATH already defined D:\web\star_call\web\Application\Common\Conf\config.inc.php 第 16 行.
INFO: [ app_begin ] --START--
INFO: Run Behavior\ReadHtmlCacheBehavior [ RunTime:0.005822s ]
INFO: [ app_begin ] --END-- [ RunTime:0.012369s ]
NOTIC: [8] Undefined index: user_id D:\web\star_call\web\Application\API\Controller\APIBaseController.class.php 第 60 行.
SQL: SHOW COLUMNS FROM `sy_user` [ RunTime:0.0217s ]
NOTIC: [8] Undefined index: uid D:\web\star_call\web\Application\API\Service\WeiboService.class.php 第 56 行.
SQL: SHOW COLUMNS FROM `sy_third_user` [ RunTime:0.0265s ]
SQL: SELECT `user_id`,`openid`,`nickname`,`avatar` FROM `sy_third_user` WHERE `openid` = null LIMIT 1   [ RunTime:0.0228s ]

[ 2019-09-17T18:42:04+08:00 ] 127.0.0.1 /Weibo/getUserInfo
INFO: [ app_init ] --START--
INFO: Run Behavior\BuildLiteBehavior [ RunTime:0.000249s ]
INFO: [ app_init ] --END-- [ RunTime:0.002265s ]
NOTIC: [8] Constant MAIN_URL already defined D:\web\star_call\web\Application\Common\Conf\config.inc.php 第 10 行.
NOTIC: [8] Constant WAP_URL already defined D:\web\star_call\web\Application\Common\Conf\config.inc.php 第 11 行.
NOTIC: [8] Constant API_URL already defined D:\web\star_call\web\Application\Common\Conf\config.inc.php 第 12 行.
NOTIC: [8] Constant IMG_URL already defined D:\web\star_call\web\Application\Common\Conf\config.inc.php 第 13 行.
NOTIC: [8] Constant ATTACHMENT_PATH already defined D:\web\star_call\web\Application\Common\Conf\config.inc.php 第 14 行.
NOTIC: [8] Constant IMG_PATH already defined D:\web\star_call\web\Application\Common\Conf\config.inc.php 第 15 行.
NOTIC: [8] Constant UPLOAD_TEMP_PATH already defined D:\web\star_call\web\Application\Common\Conf\config.inc.php 第 16 行.
INFO: [ app_begin ] --START--
INFO: Run Behavior\ReadHtmlCacheBehavior [ RunTime:0.021578s ]
INFO: [ app_begin ] --END-- [ RunTime:0.027768s ]
NOTIC: [8] Undefined index: user_id D:\web\star_call\web\Application\API\Controller\APIBaseController.class.php 第 60 行.
SQL: SHOW COLUMNS FROM `sy_user` [ RunTime:0.0159s ]
NOTIC: [8] Undefined index: uid D:\web\star_call\web\Application\API\Service\WeiboService.class.php 第 56 行.
SQL: SHOW COLUMNS FROM `sy_third_user` [ RunTime:0.0176s ]
SQL: SELECT `user_id`,`openid`,`nickname`,`avatar` FROM `sy_third_user` WHERE `openid` = null LIMIT 1   [ RunTime:0.0170s ]

[ 2019-09-17T18:42:42+08:00 ] 127.0.0.1 /Weibo/getUserInfo
INFO: [ app_init ] --START--
INFO: Run Behavior\BuildLiteBehavior [ RunTime:0.000238s ]
INFO: [ app_init ] --END-- [ RunTime:0.001226s ]
NOTIC: [8] Constant MAIN_URL already defined D:\web\star_call\web\Application\Common\Conf\config.inc.php 第 10 行.
NOTIC: [8] Constant WAP_URL already defined D:\web\star_call\web\Application\Common\Conf\config.inc.php 第 11 行.
NOTIC: [8] Constant API_URL already defined D:\web\star_call\web\Application\Common\Conf\config.inc.php 第 12 行.
NOTIC: [8] Constant IMG_URL already defined D:\web\star_call\web\Application\Common\Conf\config.inc.php 第 13 行.
NOTIC: [8] Constant ATTACHMENT_PATH already defined D:\web\star_call\web\Application\Common\Conf\config.inc.php 第 14 行.
NOTIC: [8] Constant IMG_PATH already defined D:\web\star_call\web\Application\Common\Conf\config.inc.php 第 15 行.
NOTIC: [8] Constant UPLOAD_TEMP_PATH already defined D:\web\star_call\web\Application\Common\Conf\config.inc.php 第 16 行.
INFO: [ app_begin ] --START--
INFO: Run Behavior\ReadHtmlCacheBehavior [ RunTime:0.001562s ]
INFO: [ app_begin ] --END-- [ RunTime:0.002359s ]
NOTIC: [8] Undefined index: user_id D:\web\star_call\web\Application\API\Controller\APIBaseController.class.php 第 60 行.
SQL: SHOW COLUMNS FROM `sy_user` [ RunTime:0.0239s ]
NOTIC: [8] Undefined index: uid D:\web\star_call\web\Application\API\Service\WeiboService.class.php 第 56 行.
SQL: SHOW COLUMNS FROM `sy_third_user` [ RunTime:0.0207s ]
SQL: SELECT `user_id`,`openid`,`nickname`,`avatar` FROM `sy_third_user` WHERE `openid` = null LIMIT 1   [ RunTime:0.0213s ]

