[ 2019-09-09T10:59:23+08:00 ] 127.0.0.1 /UserVote/getList
INFO: [ app_init ] --START--
INFO: Run Behavior\BuildLiteBehavior [ RunTime:0.000388s ]
INFO: [ app_init ] --END-- [ RunTime:0.014678s ]
NOTIC: [8] Constant MAIN_URL already defined D:\web\star_call\web\Application\Common\Conf\config.inc.php 第 10 行.
NOTIC: [8] Constant WAP_URL already defined D:\web\star_call\web\Application\Common\Conf\config.inc.php 第 11 行.
NOTIC: [8] Constant API_URL already defined D:\web\star_call\web\Application\Common\Conf\config.inc.php 第 12 行.
NOTIC: [8] Constant IMG_URL already defined D:\web\star_call\web\Application\Common\Conf\config.inc.php 第 13 行.
NOTIC: [8] Constant ATTACHMENT_PATH already defined D:\web\star_call\web\Application\Common\Conf\config.inc.php 第 14 行.
NOTIC: [8] Constant IMG_PATH already defined D:\web\star_call\web\Application\Common\Conf\config.inc.php 第 15 行.
NOTIC: [8] Constant UPLOAD_TEMP_PATH already defined D:\web\star_call\web\Application\Common\Conf\config.inc.php 第 16 行.
INFO: [ app_begin ] --START--
INFO: Run Behavior\ReadHtmlCacheBehavior [ RunTime:0.013915s ]
INFO: [ app_begin ] --END-- [ RunTime:0.015139s ]
NOTIC: [8] Undefined index: user_id D:\web\star_call\web\Application\API\Controller\APIBaseController.class.php 第 60 行.
SQL: SHOW COLUMNS FROM `sy_user_vote` [ RunTime:0.0217s ]
ERR: Redis server went away

[ 2019-09-09T10:59:24+08:00 ] 127.0.0.1 /favicon.ico
INFO: [ app_init ] --START--
INFO: Run Behavior\BuildLiteBehavior [ RunTime:0.000106s ]
INFO: [ app_init ] --END-- [ RunTime:0.000677s ]
NOTIC: [8] Constant MAIN_URL already defined D:\web\star_call\web\Application\Common\Conf\config.inc.php 第 10 行.
NOTIC: [8] Constant WAP_URL already defined D:\web\star_call\web\Application\Common\Conf\config.inc.php 第 11 行.
NOTIC: [8] Constant API_URL already defined D:\web\star_call\web\Application\Common\Conf\config.inc.php 第 12 行.
NOTIC: [8] Constant IMG_URL already defined D:\web\star_call\web\Application\Common\Conf\config.inc.php 第 13 行.
NOTIC: [8] Constant ATTACHMENT_PATH already defined D:\web\star_call\web\Application\Common\Conf\config.inc.php 第 14 行.
NOTIC: [8] Constant IMG_PATH already defined D:\web\star_call\web\Application\Common\Conf\config.inc.php 第 15 行.
NOTIC: [8] Constant UPLOAD_TEMP_PATH already defined D:\web\star_call\web\Application\Common\Conf\config.inc.php 第 16 行.

[ 2019-09-09T10:59:55+08:00 ] 127.0.0.1 /UserVote/getList
INFO: [ app_init ] --START--
INFO: Run Behavior\BuildLiteBehavior [ RunTime:0.000264s ]
INFO: [ app_init ] --END-- [ RunTime:0.001773s ]
NOTIC: [8] Constant MAIN_URL already defined D:\web\star_call\web\Application\Common\Conf\config.inc.php 第 10 行.
NOTIC: [8] Constant WAP_URL already defined D:\web\star_call\web\Application\Common\Conf\config.inc.php 第 11 行.
NOTIC: [8] Constant API_URL already defined D:\web\star_call\web\Application\Common\Conf\config.inc.php 第 12 行.
NOTIC: [8] Constant IMG_URL already defined D:\web\star_call\web\Application\Common\Conf\config.inc.php 第 13 行.
NOTIC: [8] Constant ATTACHMENT_PATH already defined D:\web\star_call\web\Application\Common\Conf\config.inc.php 第 14 行.
NOTIC: [8] Constant IMG_PATH already defined D:\web\star_call\web\Application\Common\Conf\config.inc.php 第 15 行.
NOTIC: [8] Constant UPLOAD_TEMP_PATH already defined D:\web\star_call\web\Application\Common\Conf\config.inc.php 第 16 行.
INFO: [ app_begin ] --START--
INFO: Run Behavior\ReadHtmlCacheBehavior [ RunTime:0.001227s ]
INFO: [ app_begin ] --END-- [ RunTime:0.002430s ]
NOTIC: [8] Undefined index: user_id D:\web\star_call\web\Application\API\Controller\APIBaseController.class.php 第 60 行.
SQL: SHOW COLUMNS FROM `sy_user_vote` [ RunTime:0.0401s ]
NOTIC: [8] Undefined index: issue D:\web\star_call\web\Application\API\Controller\UserVoteController.class.php 第 30 行.
SQL: SELECT `user_id`,sum(num) as vote_num FROM `sy_user_vote` WHERE `mark` = 1 GROUP BY user_id ORDER BY vote_num DESC LIMIT 15   [ RunTime:0.0319s ]
SQL: SHOW COLUMNS FROM `sy_third_user` [ RunTime:0.0237s ]
SQL: SELECT `nickname` FROM `sy_third_user` WHERE `user_id` = 1 LIMIT 1   [ RunTime:0.0193s ]
SQL: SELECT `nickname` FROM `sy_third_user` WHERE `user_id` = 2 LIMIT 1   [ RunTime:0.0270s ]
SQL: SELECT `nickname` FROM `sy_third_user` WHERE `user_id` = 3 LIMIT 1   [ RunTime:0.0353s ]
SQL: SELECT `nickname` FROM `sy_third_user` WHERE `user_id` = 4 LIMIT 1   [ RunTime:0.0222s ]
SQL: SELECT `nickname` FROM `sy_third_user` WHERE `user_id` = 5 LIMIT 1   [ RunTime:0.0235s ]

[ 2019-09-09T11:01:58+08:00 ] 127.0.0.1 /UserVote/getList
INFO: [ app_init ] --START--
INFO: Run Behavior\BuildLiteBehavior [ RunTime:0.000097s ]
INFO: [ app_init ] --END-- [ RunTime:0.000623s ]
NOTIC: [8] Constant MAIN_URL already defined D:\web\star_call\web\Application\Common\Conf\config.inc.php 第 10 行.
NOTIC: [8] Constant WAP_URL already defined D:\web\star_call\web\Application\Common\Conf\config.inc.php 第 11 行.
NOTIC: [8] Constant API_URL already defined D:\web\star_call\web\Application\Common\Conf\config.inc.php 第 12 行.
NOTIC: [8] Constant IMG_URL already defined D:\web\star_call\web\Application\Common\Conf\config.inc.php 第 13 行.
NOTIC: [8] Constant ATTACHMENT_PATH already defined D:\web\star_call\web\Application\Common\Conf\config.inc.php 第 14 行.
NOTIC: [8] Constant IMG_PATH already defined D:\web\star_call\web\Application\Common\Conf\config.inc.php 第 15 行.
NOTIC: [8] Constant UPLOAD_TEMP_PATH already defined D:\web\star_call\web\Application\Common\Conf\config.inc.php 第 16 行.
INFO: [ app_begin ] --START--
INFO: Run Behavior\ReadHtmlCacheBehavior [ RunTime:0.000769s ]
INFO: [ app_begin ] --END-- [ RunTime:0.001331s ]
NOTIC: [8] Undefined index: user_id D:\web\star_call\web\Application\API\Controller\APIBaseController.class.php 第 60 行.
SQL: SHOW COLUMNS FROM `sy_user_vote` [ RunTime:0.0179s ]
NOTIC: [8] Undefined index: issue D:\web\star_call\web\Application\API\Controller\UserVoteController.class.php 第 30 行.
SQL: SELECT `user_id`,sum(num) as vote_num FROM `sy_user_vote` WHERE `mark` = 1 GROUP BY user_id ORDER BY vote_num DESC LIMIT 15   [ RunTime:0.0150s ]
SQL: SHOW COLUMNS FROM `sy_third_user` [ RunTime:0.0148s ]
SQL: SELECT `nickname` FROM `sy_third_user` WHERE `user_id` = 1 LIMIT 1   [ RunTime:0.0177s ]
SQL: SELECT `nickname` FROM `sy_third_user` WHERE `user_id` = 2 LIMIT 1   [ RunTime:0.0145s ]
SQL: SELECT `nickname` FROM `sy_third_user` WHERE `user_id` = 3 LIMIT 1   [ RunTime:0.0173s ]
SQL: SELECT `nickname` FROM `sy_third_user` WHERE `user_id` = 4 LIMIT 1   [ RunTime:0.0135s ]
SQL: SELECT `nickname` FROM `sy_third_user` WHERE `user_id` = 5 LIMIT 1   [ RunTime:0.0181s ]

[ 2019-09-09T11:01:59+08:00 ] 127.0.0.1 /favicon.ico
INFO: [ app_init ] --START--
INFO: Run Behavior\BuildLiteBehavior [ RunTime:0.000100s ]
INFO: [ app_init ] --END-- [ RunTime:0.000627s ]
NOTIC: [8] Constant MAIN_URL already defined D:\web\star_call\web\Application\Common\Conf\config.inc.php 第 10 行.
NOTIC: [8] Constant WAP_URL already defined D:\web\star_call\web\Application\Common\Conf\config.inc.php 第 11 行.
NOTIC: [8] Constant API_URL already defined D:\web\star_call\web\Application\Common\Conf\config.inc.php 第 12 行.
NOTIC: [8] Constant IMG_URL already defined D:\web\star_call\web\Application\Common\Conf\config.inc.php 第 13 行.
NOTIC: [8] Constant ATTACHMENT_PATH already defined D:\web\star_call\web\Application\Common\Conf\config.inc.php 第 14 行.
NOTIC: [8] Constant IMG_PATH already defined D:\web\star_call\web\Application\Common\Conf\config.inc.php 第 15 行.
NOTIC: [8] Constant UPLOAD_TEMP_PATH already defined D:\web\star_call\web\Application\Common\Conf\config.inc.php 第 16 行.

[ 2019-09-09T11:05:16+08:00 ] 127.0.0.1 /UserVote/getList
INFO: [ app_init ] --START--
INFO: Run Behavior\BuildLiteBehavior [ RunTime:0.000098s ]
INFO: [ app_init ] --END-- [ RunTime:0.000641s ]
NOTIC: [8] Constant MAIN_URL already defined D:\web\star_call\web\Application\Common\Conf\config.inc.php 第 10 行.
NOTIC: [8] Constant WAP_URL already defined D:\web\star_call\web\Application\Common\Conf\config.inc.php 第 11 行.
NOTIC: [8] Constant API_URL already defined D:\web\star_call\web\Application\Common\Conf\config.inc.php 第 12 行.
NOTIC: [8] Constant IMG_URL already defined D:\web\star_call\web\Application\Common\Conf\config.inc.php 第 13 行.
NOTIC: [8] Constant ATTACHMENT_PATH already defined D:\web\star_call\web\Application\Common\Conf\config.inc.php 第 14 行.
NOTIC: [8] Constant IMG_PATH already defined D:\web\star_call\web\Application\Common\Conf\config.inc.php 第 15 行.
NOTIC: [8] Constant UPLOAD_TEMP_PATH already defined D:\web\star_call\web\Application\Common\Conf\config.inc.php 第 16 行.
INFO: [ app_begin ] --START--
INFO: Run Behavior\ReadHtmlCacheBehavior [ RunTime:0.001158s ]
INFO: [ app_begin ] --END-- [ RunTime:0.001985s ]
NOTIC: [8] Undefined index: user_id D:\web\star_call\web\Application\API\Controller\APIBaseController.class.php 第 60 行.
SQL: SHOW COLUMNS FROM `sy_user_vote` [ RunTime:0.0153s ]
NOTIC: [8] Undefined index: issue D:\web\star_call\web\Application\API\Controller\UserVoteController.class.php 第 30 行.
SQL: SELECT `user_id`,sum(num) as vote_num FROM `sy_user_vote` WHERE `mark` = 1 GROUP BY user_id ORDER BY vote_num DESC LIMIT 15   [ RunTime:0.0150s ]
SQL: SHOW COLUMNS FROM `sy_third_user` [ RunTime:0.0151s ]
SQL: SELECT `nickname` FROM `sy_third_user` WHERE `user_id` = 1 LIMIT 1   [ RunTime:0.0161s ]
SQL: SELECT `nickname` FROM `sy_third_user` WHERE `user_id` = 2 LIMIT 1   [ RunTime:0.0169s ]
SQL: SELECT `nickname` FROM `sy_third_user` WHERE `user_id` = 3 LIMIT 1   [ RunTime:0.0150s ]
SQL: SELECT `nickname` FROM `sy_third_user` WHERE `user_id` = 4 LIMIT 1   [ RunTime:0.0168s ]
SQL: SELECT `nickname` FROM `sy_third_user` WHERE `user_id` = 5 LIMIT 1   [ RunTime:0.0133s ]

[ 2019-09-09T11:05:17+08:00 ] 127.0.0.1 /favicon.ico
INFO: [ app_init ] --START--
INFO: Run Behavior\BuildLiteBehavior [ RunTime:0.000109s ]
INFO: [ app_init ] --END-- [ RunTime:0.000727s ]
NOTIC: [8] Constant MAIN_URL already defined D:\web\star_call\web\Application\Common\Conf\config.inc.php 第 10 行.
NOTIC: [8] Constant WAP_URL already defined D:\web\star_call\web\Application\Common\Conf\config.inc.php 第 11 行.
NOTIC: [8] Constant API_URL already defined D:\web\star_call\web\Application\Common\Conf\config.inc.php 第 12 行.
NOTIC: [8] Constant IMG_URL already defined D:\web\star_call\web\Application\Common\Conf\config.inc.php 第 13 行.
NOTIC: [8] Constant ATTACHMENT_PATH already defined D:\web\star_call\web\Application\Common\Conf\config.inc.php 第 14 行.
NOTIC: [8] Constant IMG_PATH already defined D:\web\star_call\web\Application\Common\Conf\config.inc.php 第 15 行.
NOTIC: [8] Constant UPLOAD_TEMP_PATH already defined D:\web\star_call\web\Application\Common\Conf\config.inc.php 第 16 行.

[ 2019-09-09T11:05:18+08:00 ] 127.0.0.1 /UserVote/getList
INFO: [ app_init ] --START--
INFO: Run Behavior\BuildLiteBehavior [ RunTime:0.000095s ]
INFO: [ app_init ] --END-- [ RunTime:0.000653s ]
NOTIC: [8] Constant MAIN_URL already defined D:\web\star_call\web\Application\Common\Conf\config.inc.php 第 10 行.
NOTIC: [8] Constant WAP_URL already defined D:\web\star_call\web\Application\Common\Conf\config.inc.php 第 11 行.
NOTIC: [8] Constant API_URL already defined D:\web\star_call\web\Application\Common\Conf\config.inc.php 第 12 行.
NOTIC: [8] Constant IMG_URL already defined D:\web\star_call\web\Application\Common\Conf\config.inc.php 第 13 行.
NOTIC: [8] Constant ATTACHMENT_PATH already defined D:\web\star_call\web\Application\Common\Conf\config.inc.php 第 14 行.
NOTIC: [8] Constant IMG_PATH already defined D:\web\star_call\web\Application\Common\Conf\config.inc.php 第 15 行.
NOTIC: [8] Constant UPLOAD_TEMP_PATH already defined D:\web\star_call\web\Application\Common\Conf\config.inc.php 第 16 行.
INFO: [ app_begin ] --START--
INFO: Run Behavior\ReadHtmlCacheBehavior [ RunTime:0.000860s ]
INFO: [ app_begin ] --END-- [ RunTime:0.001385s ]
NOTIC: [8] Undefined index: user_id D:\web\star_call\web\Application\API\Controller\APIBaseController.class.php 第 60 行.
SQL: SHOW COLUMNS FROM `sy_user_vote` [ RunTime:0.0162s ]
NOTIC: [8] Undefined index: issue D:\web\star_call\web\Application\API\Controller\UserVoteController.class.php 第 30 行.
SQL: SELECT `user_id`,sum(num) as vote_num FROM `sy_user_vote` WHERE `mark` = 1 GROUP BY user_id ORDER BY vote_num DESC LIMIT 15   [ RunTime:0.0168s ]
SQL: SHOW COLUMNS FROM `sy_third_user` [ RunTime:0.0204s ]
SQL: SELECT `nickname` FROM `sy_third_user` WHERE `user_id` = 1 LIMIT 1   [ RunTime:0.0142s ]
SQL: SELECT `nickname` FROM `sy_third_user` WHERE `user_id` = 2 LIMIT 1   [ RunTime:0.0149s ]
SQL: SELECT `nickname` FROM `sy_third_user` WHERE `user_id` = 3 LIMIT 1   [ RunTime:0.0156s ]
SQL: SELECT `nickname` FROM `sy_third_user` WHERE `user_id` = 4 LIMIT 1   [ RunTime:0.0155s ]
SQL: SELECT `nickname` FROM `sy_third_user` WHERE `user_id` = 5 LIMIT 1   [ RunTime:0.0149s ]

[ 2019-09-09T11:05:19+08:00 ] 127.0.0.1 /UserVote/getList
INFO: [ app_init ] --START--
INFO: Run Behavior\BuildLiteBehavior [ RunTime:0.000100s ]
INFO: [ app_init ] --END-- [ RunTime:0.000655s ]
NOTIC: [8] Constant MAIN_URL already defined D:\web\star_call\web\Application\Common\Conf\config.inc.php 第 10 行.
NOTIC: [8] Constant WAP_URL already defined D:\web\star_call\web\Application\Common\Conf\config.inc.php 第 11 行.
NOTIC: [8] Constant API_URL already defined D:\web\star_call\web\Application\Common\Conf\config.inc.php 第 12 行.
NOTIC: [8] Constant IMG_URL already defined D:\web\star_call\web\Application\Common\Conf\config.inc.php 第 13 行.
NOTIC: [8] Constant ATTACHMENT_PATH already defined D:\web\star_call\web\Application\Common\Conf\config.inc.php 第 14 行.
NOTIC: [8] Constant IMG_PATH already defined D:\web\star_call\web\Application\Common\Conf\config.inc.php 第 15 行.
NOTIC: [8] Constant UPLOAD_TEMP_PATH already defined D:\web\star_call\web\Application\Common\Conf\config.inc.php 第 16 行.
INFO: [ app_begin ] --START--
INFO: Run Behavior\ReadHtmlCacheBehavior [ RunTime:0.000707s ]
INFO: [ app_begin ] --END-- [ RunTime:0.001543s ]
NOTIC: [8] Undefined index: user_id D:\web\star_call\web\Application\API\Controller\APIBaseController.class.php 第 60 行.
SQL: SHOW COLUMNS FROM `sy_user_vote` [ RunTime:0.0261s ]
NOTIC: [8] Undefined index: issue D:\web\star_call\web\Application\API\Controller\UserVoteController.class.php 第 30 行.
SQL: SELECT `user_id`,sum(num) as vote_num FROM `sy_user_vote` WHERE `mark` = 1 GROUP BY user_id ORDER BY vote_num DESC LIMIT 15   [ RunTime:0.0155s ]
SQL: SHOW COLUMNS FROM `sy_third_user` [ RunTime:0.0132s ]
SQL: SELECT `nickname` FROM `sy_third_user` WHERE `user_id` = 1 LIMIT 1   [ RunTime:0.0220s ]
SQL: SELECT `nickname` FROM `sy_third_user` WHERE `user_id` = 2 LIMIT 1   [ RunTime:0.0135s ]
SQL: SELECT `nickname` FROM `sy_third_user` WHERE `user_id` = 3 LIMIT 1   [ RunTime:0.0284s ]
SQL: SELECT `nickname` FROM `sy_third_user` WHERE `user_id` = 4 LIMIT 1   [ RunTime:0.0639s ]
SQL: SELECT `nickname` FROM `sy_third_user` WHERE `user_id` = 5 LIMIT 1   [ RunTime:0.0143s ]

[ 2019-09-09T15:40:39+08:00 ] 127.0.0.1 /User/getMyInfo
INFO: [ app_init ] --START--
INFO: Run Behavior\BuildLiteBehavior [ RunTime:0.000454s ]
INFO: [ app_init ] --END-- [ RunTime:0.001799s ]
NOTIC: [8] Constant MAIN_URL already defined D:\web\star_call\web\Application\Common\Conf\config.inc.php 第 10 行.
NOTIC: [8] Constant WAP_URL already defined D:\web\star_call\web\Application\Common\Conf\config.inc.php 第 11 行.
NOTIC: [8] Constant API_URL already defined D:\web\star_call\web\Application\Common\Conf\config.inc.php 第 12 行.
NOTIC: [8] Constant IMG_URL already defined D:\web\star_call\web\Application\Common\Conf\config.inc.php 第 13 行.
NOTIC: [8] Constant ATTACHMENT_PATH already defined D:\web\star_call\web\Application\Common\Conf\config.inc.php 第 14 行.
NOTIC: [8] Constant IMG_PATH already defined D:\web\star_call\web\Application\Common\Conf\config.inc.php 第 15 行.
NOTIC: [8] Constant UPLOAD_TEMP_PATH already defined D:\web\star_call\web\Application\Common\Conf\config.inc.php 第 16 行.
INFO: [ app_begin ] --START--
INFO: Run Behavior\ReadHtmlCacheBehavior [ RunTime:0.004289s ]
INFO: [ app_begin ] --END-- [ RunTime:0.006018s ]
SQL: SHOW COLUMNS FROM `sy_user` [ RunTime:0.0130s ]
NOTIC: [8] Undefined index: type D:\web\star_call\web\Application\API\Controller\UserController.class.php 第 31 行.
NOTIC: [8] Undefined offset: 0 D:\web\star_call\web\Application\API\Controller\APIBaseController.class.php 第 138 行.

[ 2019-09-09T15:40:47+08:00 ] 127.0.0.1 /User/getMyInfo
INFO: [ app_init ] --START--
INFO: Run Behavior\BuildLiteBehavior [ RunTime:0.000236s ]
INFO: [ app_init ] --END-- [ RunTime:0.002444s ]
NOTIC: [8] Constant MAIN_URL already defined D:\web\star_call\web\Application\Common\Conf\config.inc.php 第 10 行.
NOTIC: [8] Constant WAP_URL already defined D:\web\star_call\web\Application\Common\Conf\config.inc.php 第 11 行.
NOTIC: [8] Constant API_URL already defined D:\web\star_call\web\Application\Common\Conf\config.inc.php 第 12 行.
NOTIC: [8] Constant IMG_URL already defined D:\web\star_call\web\Application\Common\Conf\config.inc.php 第 13 行.
NOTIC: [8] Constant ATTACHMENT_PATH already defined D:\web\star_call\web\Application\Common\Conf\config.inc.php 第 14 行.
NOTIC: [8] Constant IMG_PATH already defined D:\web\star_call\web\Application\Common\Conf\config.inc.php 第 15 行.
NOTIC: [8] Constant UPLOAD_TEMP_PATH already defined D:\web\star_call\web\Application\Common\Conf\config.inc.php 第 16 行.
INFO: [ app_begin ] --START--
INFO: Run Behavior\ReadHtmlCacheBehavior [ RunTime:0.002333s ]
INFO: [ app_begin ] --END-- [ RunTime:0.004270s ]
SQL: SHOW COLUMNS FROM `sy_user` [ RunTime:0.0183s ]
SQL: SELECT th.user_id,th.openid,th.nickname,th.avatar,u.mobile FROM sy_user u INNER JOIN sy_third_user as th ON u.id = th.user_id  WHERE u.id = '2' AND th.type = '1' LIMIT 1   [ RunTime:0.0191s ]
NOTIC: [8] Undefined offset: 0 D:\web\star_call\web\Application\API\Controller\APIBaseController.class.php 第 138 行.

[ 2019-09-09T15:56:16+08:00 ] 127.0.0.1 /User/getMyInfo
INFO: [ app_init ] --START--
INFO: Run Behavior\BuildLiteBehavior [ RunTime:0.000249s ]
INFO: [ app_init ] --END-- [ RunTime:0.002425s ]
NOTIC: [8] Constant MAIN_URL already defined D:\web\star_call\web\Application\Common\Conf\config.inc.php 第 10 行.
NOTIC: [8] Constant WAP_URL already defined D:\web\star_call\web\Application\Common\Conf\config.inc.php 第 11 行.
NOTIC: [8] Constant API_URL already defined D:\web\star_call\web\Application\Common\Conf\config.inc.php 第 12 行.
NOTIC: [8] Constant IMG_URL already defined D:\web\star_call\web\Application\Common\Conf\config.inc.php 第 13 行.
NOTIC: [8] Constant ATTACHMENT_PATH already defined D:\web\star_call\web\Application\Common\Conf\config.inc.php 第 14 行.
NOTIC: [8] Constant IMG_PATH already defined D:\web\star_call\web\Application\Common\Conf\config.inc.php 第 15 行.
NOTIC: [8] Constant UPLOAD_TEMP_PATH already defined D:\web\star_call\web\Application\Common\Conf\config.inc.php 第 16 行.
INFO: [ app_begin ] --START--
INFO: Run Behavior\ReadHtmlCacheBehavior [ RunTime:0.001784s ]
INFO: [ app_begin ] --END-- [ RunTime:0.003145s ]
SQL: SHOW COLUMNS FROM `sy_user` [ RunTime:0.0168s ]
SQL: SELECT th.user_id,th.openid,th.nickname,th.avatar,u.mobile FROM sy_user u INNER JOIN sy_third_user as th ON u.id = th.user_id  WHERE u.id = '2' AND th.type = '1' LIMIT 1   [ RunTime:0.0157s ]
SQL: SHOW COLUMNS FROM `sy_user_vote` [ RunTime:0.0200s ]
SQL: SELECT * FROM `sy_user_vote` WHERE `user_id` = '2' AND `mark` = 1 LIMIT 1   [ RunTime:0.0168s ]
SQL: SELECT `user_id`,`star_id`,sum(num) as num FROM `sy_user_vote` WHERE `user_id` = '2' AND `mark` = 1 GROUP BY star_id ORDER BY num DESC  [ RunTime:0.0177s ]

[ 2019-09-09T16:02:51+08:00 ] 127.0.0.1 /User/getMyInfo
INFO: [ app_init ] --START--
INFO: Run Behavior\BuildLiteBehavior [ RunTime:0.000284s ]
INFO: [ app_init ] --END-- [ RunTime:0.001837s ]
NOTIC: [8] Constant MAIN_URL already defined D:\web\star_call\web\Application\Common\Conf\config.inc.php 第 10 行.
NOTIC: [8] Constant WAP_URL already defined D:\web\star_call\web\Application\Common\Conf\config.inc.php 第 11 行.
NOTIC: [8] Constant API_URL already defined D:\web\star_call\web\Application\Common\Conf\config.inc.php 第 12 行.
NOTIC: [8] Constant IMG_URL already defined D:\web\star_call\web\Application\Common\Conf\config.inc.php 第 13 行.
NOTIC: [8] Constant ATTACHMENT_PATH already defined D:\web\star_call\web\Application\Common\Conf\config.inc.php 第 14 行.
NOTIC: [8] Constant IMG_PATH already defined D:\web\star_call\web\Application\Common\Conf\config.inc.php 第 15 行.
NOTIC: [8] Constant UPLOAD_TEMP_PATH already defined D:\web\star_call\web\Application\Common\Conf\config.inc.php 第 16 行.
INFO: [ app_begin ] --START--
INFO: Run Behavior\ReadHtmlCacheBehavior [ RunTime:0.002117s ]
INFO: [ app_begin ] --END-- [ RunTime:0.004636s ]
SQL: SHOW COLUMNS FROM `sy_user` [ RunTime:0.0146s ]
SQL: SELECT th.user_id,th.openid,th.nickname,th.avatar,u.mobile FROM sy_user u INNER JOIN sy_third_user as th ON u.id = th.user_id  WHERE u.id = '1' AND th.type = '1' LIMIT 1   [ RunTime:0.0150s ]
NOTIC: [8] Undefined offset: 0 D:\web\star_call\web\Application\API\Controller\APIBaseController.class.php 第 138 行.

[ 2019-09-09T16:03:14+08:00 ] 127.0.0.1 /User/getMyInfo
INFO: [ app_init ] --START--
INFO: Run Behavior\BuildLiteBehavior [ RunTime:0.000646s ]
INFO: [ app_init ] --END-- [ RunTime:0.002498s ]
NOTIC: [8] Constant MAIN_URL already defined D:\web\star_call\web\Application\Common\Conf\config.inc.php 第 10 行.
NOTIC: [8] Constant WAP_URL already defined D:\web\star_call\web\Application\Common\Conf\config.inc.php 第 11 行.
NOTIC: [8] Constant API_URL already defined D:\web\star_call\web\Application\Common\Conf\config.inc.php 第 12 行.
NOTIC: [8] Constant IMG_URL already defined D:\web\star_call\web\Application\Common\Conf\config.inc.php 第 13 行.
NOTIC: [8] Constant ATTACHMENT_PATH already defined D:\web\star_call\web\Application\Common\Conf\config.inc.php 第 14 行.
NOTIC: [8] Constant IMG_PATH already defined D:\web\star_call\web\Application\Common\Conf\config.inc.php 第 15 行.
NOTIC: [8] Constant UPLOAD_TEMP_PATH already defined D:\web\star_call\web\Application\Common\Conf\config.inc.php 第 16 行.
INFO: [ app_begin ] --START--
INFO: Run Behavior\ReadHtmlCacheBehavior [ RunTime:0.000894s ]
INFO: [ app_begin ] --END-- [ RunTime:0.001664s ]
SQL: SHOW COLUMNS FROM `sy_user` [ RunTime:0.0160s ]
SQL: SELECT th.user_id,th.openid,th.nickname,th.avatar,u.mobile FROM sy_user u INNER JOIN sy_third_user as th ON u.id = th.user_id  WHERE u.id = '1' AND th.type = '1' LIMIT 1   [ RunTime:0.0184s ]
SQL: SHOW COLUMNS FROM `sy_user_vote` [ RunTime:0.0189s ]
SQL: SELECT * FROM `sy_user_vote` WHERE `user_id` = '1' AND `mark` = 1 LIMIT 1   [ RunTime:0.0154s ]
SQL: SELECT `user_id`,`star_id`,sum(num) as num FROM `sy_user_vote` WHERE `user_id` = '1' AND `mark` = 1 GROUP BY star_id ORDER BY num DESC  [ RunTime:0.0162s ]

[ 2019-09-09T16:05:56+08:00 ] 127.0.0.1 /User/getMyInfo
INFO: [ app_init ] --START--
INFO: Run Behavior\BuildLiteBehavior [ RunTime:0.000163s ]
INFO: [ app_init ] --END-- [ RunTime:0.000986s ]
NOTIC: [8] Constant MAIN_URL already defined D:\web\star_call\web\Application\Common\Conf\config.inc.php 第 10 行.
NOTIC: [8] Constant WAP_URL already defined D:\web\star_call\web\Application\Common\Conf\config.inc.php 第 11 行.
NOTIC: [8] Constant API_URL already defined D:\web\star_call\web\Application\Common\Conf\config.inc.php 第 12 行.
NOTIC: [8] Constant IMG_URL already defined D:\web\star_call\web\Application\Common\Conf\config.inc.php 第 13 行.
NOTIC: [8] Constant ATTACHMENT_PATH already defined D:\web\star_call\web\Application\Common\Conf\config.inc.php 第 14 行.
NOTIC: [8] Constant IMG_PATH already defined D:\web\star_call\web\Application\Common\Conf\config.inc.php 第 15 行.
NOTIC: [8] Constant UPLOAD_TEMP_PATH already defined D:\web\star_call\web\Application\Common\Conf\config.inc.php 第 16 行.
INFO: [ app_begin ] --START--
INFO: Run Behavior\ReadHtmlCacheBehavior [ RunTime:0.001226s ]
INFO: [ app_begin ] --END-- [ RunTime:0.002389s ]
SQL: SHOW COLUMNS FROM `sy_user` [ RunTime:0.0198s ]
SQL: SELECT th.user_id,th.openid,th.nickname,th.avatar,u.mobile FROM sy_user u INNER JOIN sy_third_user as th ON u.id = th.user_id  WHERE u.id = '1' AND th.type = '1' LIMIT 1   [ RunTime:0.0279s ]
SQL: SHOW COLUMNS FROM `sy_user_vote` [ RunTime:0.0201s ]
SQL: SELECT `user_id`,sum(num) as vote_num FROM `sy_user_vote` WHERE `user_id` = '1' AND `mark` = 1 LIMIT 1   [ RunTime:0.0199s ]
SQL: SELECT `user_id`,`star_id`,sum(num) as num FROM `sy_user_vote` WHERE `user_id` = '1' AND `mark` = 1 GROUP BY star_id ORDER BY num DESC  [ RunTime:0.0231s ]

[ 2019-09-09T16:08:15+08:00 ] 127.0.0.1 /User/getMyInfo
INFO: [ app_init ] --START--
INFO: Run Behavior\BuildLiteBehavior [ RunTime:0.000330s ]
INFO: [ app_init ] --END-- [ RunTime:0.002157s ]
NOTIC: [8] Constant MAIN_URL already defined D:\web\star_call\web\Application\Common\Conf\config.inc.php 第 10 行.
NOTIC: [8] Constant WAP_URL already defined D:\web\star_call\web\Application\Common\Conf\config.inc.php 第 11 行.
NOTIC: [8] Constant API_URL already defined D:\web\star_call\web\Application\Common\Conf\config.inc.php 第 12 行.
NOTIC: [8] Constant IMG_URL already defined D:\web\star_call\web\Application\Common\Conf\config.inc.php 第 13 行.
NOTIC: [8] Constant ATTACHMENT_PATH already defined D:\web\star_call\web\Application\Common\Conf\config.inc.php 第 14 行.
NOTIC: [8] Constant IMG_PATH already defined D:\web\star_call\web\Application\Common\Conf\config.inc.php 第 15 行.
NOTIC: [8] Constant UPLOAD_TEMP_PATH already defined D:\web\star_call\web\Application\Common\Conf\config.inc.php 第 16 行.
INFO: [ app_begin ] --START--
INFO: Run Behavior\ReadHtmlCacheBehavior [ RunTime:0.002445s ]
INFO: [ app_begin ] --END-- [ RunTime:0.004377s ]
SQL: SHOW COLUMNS FROM `sy_user` [ RunTime:0.0161s ]
SQL: SELECT th.user_id,th.openid,th.nickname,th.avatar,u.mobile FROM sy_user u INNER JOIN sy_third_user as th ON u.id = th.user_id  WHERE u.id = '1' AND th.type = '1' LIMIT 1   [ RunTime:0.0146s ]
SQL: SHOW COLUMNS FROM `sy_user_vote` [ RunTime:0.0204s ]
SQL: SELECT `user_id`,sum(num) as vote_num FROM `sy_user_vote` WHERE `user_id` = '1' AND `mark` = 1 LIMIT 1   [ RunTime:0.0149s ]
SQL: SELECT `user_id`,`star_id`,sum(num) as num FROM `sy_user_vote` WHERE `user_id` = '1' AND `mark` = 1 GROUP BY star_id ORDER BY num DESC  [ RunTime:0.0149s ]
NOTIC: [8] Undefined offset: 0 D:\web\star_call\web\Application\API\Controller\APIBaseController.class.php 第 138 行.

[ 2019-09-09T16:15:08+08:00 ] 127.0.0.1 /User/getMyInfo
INFO: [ app_init ] --START--
INFO: Run Behavior\BuildLiteBehavior [ RunTime:0.000180s ]
INFO: [ app_init ] --END-- [ RunTime:0.001209s ]
NOTIC: [8] Constant MAIN_URL already defined D:\web\star_call\web\Application\Common\Conf\config.inc.php 第 10 行.
NOTIC: [8] Constant WAP_URL already defined D:\web\star_call\web\Application\Common\Conf\config.inc.php 第 11 行.
NOTIC: [8] Constant API_URL already defined D:\web\star_call\web\Application\Common\Conf\config.inc.php 第 12 行.
NOTIC: [8] Constant IMG_URL already defined D:\web\star_call\web\Application\Common\Conf\config.inc.php 第 13 行.
NOTIC: [8] Constant ATTACHMENT_PATH already defined D:\web\star_call\web\Application\Common\Conf\config.inc.php 第 14 行.
NOTIC: [8] Constant IMG_PATH already defined D:\web\star_call\web\Application\Common\Conf\config.inc.php 第 15 行.
NOTIC: [8] Constant UPLOAD_TEMP_PATH already defined D:\web\star_call\web\Application\Common\Conf\config.inc.php 第 16 行.
INFO: [ app_begin ] --START--
INFO: Run Behavior\ReadHtmlCacheBehavior [ RunTime:0.001408s ]
INFO: [ app_begin ] --END-- [ RunTime:0.002682s ]
SQL: SHOW COLUMNS FROM `sy_user` [ RunTime:0.0223s ]
SQL: SELECT th.user_id,th.openid,th.nickname,th.avatar,u.mobile FROM sy_user u INNER JOIN sy_third_user as th ON u.id = th.user_id  WHERE u.id = '1' AND th.type = '1' LIMIT 1   [ RunTime:0.0843s ]
SQL: SHOW COLUMNS FROM `sy_user_vote` [ RunTime:0.0202s ]
SQL: SELECT `user_id`,sum(num) as vote_num FROM `sy_user_vote` WHERE `user_id` = '1' AND `mark` = 1 LIMIT 1   [ RunTime:0.0321s ]
SQL: SELECT `user_id`,`star_id`,sum(num) as num FROM `sy_user_vote` WHERE `user_id` = '1' AND `mark` = 1 GROUP BY star_id ORDER BY num DESC  [ RunTime:0.0200s ]
SQL: SHOW COLUMNS FROM `sy_star` [ RunTime:0.0206s ]
SQL: SELECT `name`,`avatar` FROM `sy_star` WHERE `id` = 3 LIMIT 1   [ RunTime:0.0356s ]
NOTIC: [8] Undefined offset: 0 D:\web\star_call\web\Application\API\Controller\APIBaseController.class.php 第 138 行.

[ 2019-09-09T16:23:40+08:00 ] 127.0.0.1 /UserDrawn/winRecord
INFO: [ app_init ] --START--
INFO: Run Behavior\BuildLiteBehavior [ RunTime:0.000144s ]
INFO: [ app_init ] --END-- [ RunTime:0.000996s ]
NOTIC: [8] Constant MAIN_URL already defined D:\web\star_call\web\Application\Common\Conf\config.inc.php 第 10 行.
NOTIC: [8] Constant WAP_URL already defined D:\web\star_call\web\Application\Common\Conf\config.inc.php 第 11 行.
NOTIC: [8] Constant API_URL already defined D:\web\star_call\web\Application\Common\Conf\config.inc.php 第 12 行.
NOTIC: [8] Constant IMG_URL already defined D:\web\star_call\web\Application\Common\Conf\config.inc.php 第 13 行.
NOTIC: [8] Constant ATTACHMENT_PATH already defined D:\web\star_call\web\Application\Common\Conf\config.inc.php 第 14 行.
NOTIC: [8] Constant IMG_PATH already defined D:\web\star_call\web\Application\Common\Conf\config.inc.php 第 15 行.
NOTIC: [8] Constant UPLOAD_TEMP_PATH already defined D:\web\star_call\web\Application\Common\Conf\config.inc.php 第 16 行.
INFO: [ app_begin ] --START--
INFO: Run Behavior\ReadHtmlCacheBehavior [ RunTime:0.002788s ]
INFO: [ app_begin ] --END-- [ RunTime:0.004361s ]
SQL: SHOW COLUMNS FROM `sy_user_drawn` [ RunTime:0.0154s ]
SQL: SELECT `id`,`user_id`,`prize_id`,`mobile`,`address` FROM `sy_user_drawn` WHERE `user_id` = 1 AND `mark` = 1 LIMIT 1   [ RunTime:0.0139s ]
SQL: SHOW COLUMNS FROM `sy_prize` [ RunTime:0.0152s ]
NOTIC: [2] Illegal string offset 'prize_id' D:\web\star_call\web\Application\API\Service\UserDrawnService.class.php 第 38 行.
SQL: SELECT `name` FROM `sy_prize` WHERE `id` = 1 LIMIT 1   [ RunTime:0.0137s ]
NOTIC: [2] Illegal string offset 'prize_name' D:\web\star_call\web\Application\API\Service\UserDrawnService.class.php 第 38 行.
NOTIC: [2] Illegal string offset 'prize_id' D:\web\star_call\web\Application\API\Service\UserDrawnService.class.php 第 38 行.
SQL: SELECT `name` FROM `sy_prize` WHERE `id` = 1 LIMIT 1   [ RunTime:0.0131s ]
NOTIC: [2] Illegal string offset 'prize_name' D:\web\star_call\web\Application\API\Service\UserDrawnService.class.php 第 38 行.
NOTIC: [2] Illegal string offset 'prize_id' D:\web\star_call\web\Application\API\Service\UserDrawnService.class.php 第 38 行.
SQL: SELECT `name` FROM `sy_prize` WHERE `id` = 1 LIMIT 1   [ RunTime:0.0129s ]
NOTIC: [2] Illegal string offset 'prize_name' D:\web\star_call\web\Application\API\Service\UserDrawnService.class.php 第 38 行.
NOTIC: [2] Illegal string offset 'prize_id' D:\web\star_call\web\Application\API\Service\UserDrawnService.class.php 第 38 行.
SQL: SELECT `name` FROM `sy_prize` WHERE `id` = 1 LIMIT 1   [ RunTime:0.0136s ]
NOTIC: [2] Illegal string offset 'prize_name' D:\web\star_call\web\Application\API\Service\UserDrawnService.class.php 第 38 行.
NOTIC: [2] Illegal string offset 'prize_id' D:\web\star_call\web\Application\API\Service\UserDrawnService.class.php 第 38 行.
SQL: SELECT `name` FROM `sy_prize` WHERE `id` = 0 LIMIT 1   [ RunTime:0.0140s ]
NOTIC: [2] Illegal string offset 'prize_name' D:\web\star_call\web\Application\API\Service\UserDrawnService.class.php 第 38 行.

[ 2019-09-09T16:24:03+08:00 ] 127.0.0.1 /UserDrawn/winRecord
INFO: [ app_init ] --START--
INFO: Run Behavior\BuildLiteBehavior [ RunTime:0.000211s ]
INFO: [ app_init ] --END-- [ RunTime:0.001463s ]
NOTIC: [8] Constant MAIN_URL already defined D:\web\star_call\web\Application\Common\Conf\config.inc.php 第 10 行.
NOTIC: [8] Constant WAP_URL already defined D:\web\star_call\web\Application\Common\Conf\config.inc.php 第 11 行.
NOTIC: [8] Constant API_URL already defined D:\web\star_call\web\Application\Common\Conf\config.inc.php 第 12 行.
NOTIC: [8] Constant IMG_URL already defined D:\web\star_call\web\Application\Common\Conf\config.inc.php 第 13 行.
NOTIC: [8] Constant ATTACHMENT_PATH already defined D:\web\star_call\web\Application\Common\Conf\config.inc.php 第 14 行.
NOTIC: [8] Constant IMG_PATH already defined D:\web\star_call\web\Application\Common\Conf\config.inc.php 第 15 行.
NOTIC: [8] Constant UPLOAD_TEMP_PATH already defined D:\web\star_call\web\Application\Common\Conf\config.inc.php 第 16 行.
INFO: [ app_begin ] --START--
INFO: Run Behavior\ReadHtmlCacheBehavior [ RunTime:0.001460s ]
INFO: [ app_begin ] --END-- [ RunTime:0.005104s ]
NOTIC: [8] Undefined index: user_id D:\web\star_call\web\Application\API\Controller\APIBaseController.class.php 第 60 行.
SQL: SHOW COLUMNS FROM `sy_user_drawn` [ RunTime:0.0210s ]
NOTIC: [8] Undefined index: user_id D:\web\star_call\web\Application\API\Controller\UserDrawnController.class.php 第 30 行.

[ 2019-09-09T16:24:06+08:00 ] 127.0.0.1 /UserDrawn/winRecord
INFO: [ app_init ] --START--
INFO: Run Behavior\BuildLiteBehavior [ RunTime:0.000311s ]
INFO: [ app_init ] --END-- [ RunTime:0.001539s ]
NOTIC: [8] Constant MAIN_URL already defined D:\web\star_call\web\Application\Common\Conf\config.inc.php 第 10 行.
NOTIC: [8] Constant WAP_URL already defined D:\web\star_call\web\Application\Common\Conf\config.inc.php 第 11 行.
NOTIC: [8] Constant API_URL already defined D:\web\star_call\web\Application\Common\Conf\config.inc.php 第 12 行.
NOTIC: [8] Constant IMG_URL already defined D:\web\star_call\web\Application\Common\Conf\config.inc.php 第 13 行.
NOTIC: [8] Constant ATTACHMENT_PATH already defined D:\web\star_call\web\Application\Common\Conf\config.inc.php 第 14 行.
NOTIC: [8] Constant IMG_PATH already defined D:\web\star_call\web\Application\Common\Conf\config.inc.php 第 15 行.
NOTIC: [8] Constant UPLOAD_TEMP_PATH already defined D:\web\star_call\web\Application\Common\Conf\config.inc.php 第 16 行.
INFO: [ app_begin ] --START--
INFO: Run Behavior\ReadHtmlCacheBehavior [ RunTime:0.001545s ]
INFO: [ app_begin ] --END-- [ RunTime:0.005945s ]
SQL: SHOW COLUMNS FROM `sy_user_drawn` [ RunTime:0.0218s ]
SQL: SELECT `id`,`user_id`,`prize_id`,`mobile`,`address` FROM `sy_user_drawn` WHERE `user_id` = 1 AND `mark` = 1 LIMIT 1   [ RunTime:0.0145s ]
SQL: SHOW COLUMNS FROM `sy_prize` [ RunTime:0.0164s ]
NOTIC: [2] Illegal string offset 'prize_id' D:\web\star_call\web\Application\API\Service\UserDrawnService.class.php 第 38 行.
SQL: SELECT `name` FROM `sy_prize` WHERE `id` = 1 LIMIT 1   [ RunTime:0.0147s ]
NOTIC: [2] Illegal string offset 'prize_name' D:\web\star_call\web\Application\API\Service\UserDrawnService.class.php 第 38 行.
NOTIC: [2] Illegal string offset 'prize_id' D:\web\star_call\web\Application\API\Service\UserDrawnService.class.php 第 38 行.
SQL: SELECT `name` FROM `sy_prize` WHERE `id` = 1 LIMIT 1   [ RunTime:0.0179s ]
NOTIC: [2] Illegal string offset 'prize_name' D:\web\star_call\web\Application\API\Service\UserDrawnService.class.php 第 38 行.
NOTIC: [2] Illegal string offset 'prize_id' D:\web\star_call\web\Application\API\Service\UserDrawnService.class.php 第 38 行.
SQL: SELECT `name` FROM `sy_prize` WHERE `id` = 1 LIMIT 1   [ RunTime:0.0139s ]
NOTIC: [2] Illegal string offset 'prize_name' D:\web\star_call\web\Application\API\Service\UserDrawnService.class.php 第 38 行.
NOTIC: [2] Illegal string offset 'prize_id' D:\web\star_call\web\Application\API\Service\UserDrawnService.class.php 第 38 行.
SQL: SELECT `name` FROM `sy_prize` WHERE `id` = 1 LIMIT 1   [ RunTime:0.0138s ]
NOTIC: [2] Illegal string offset 'prize_name' D:\web\star_call\web\Application\API\Service\UserDrawnService.class.php 第 38 行.
NOTIC: [2] Illegal string offset 'prize_id' D:\web\star_call\web\Application\API\Service\UserDrawnService.class.php 第 38 行.
SQL: SELECT `name` FROM `sy_prize` WHERE `id` = 0 LIMIT 1   [ RunTime:0.0144s ]
NOTIC: [2] Illegal string offset 'prize_name' D:\web\star_call\web\Application\API\Service\UserDrawnService.class.php 第 38 行.

[ 2019-09-09T16:24:29+08:00 ] 127.0.0.1 /UserDrawn/winRecord
INFO: [ app_init ] --START--
INFO: Run Behavior\BuildLiteBehavior [ RunTime:0.001781s ]
INFO: [ app_init ] --END-- [ RunTime:0.010744s ]
NOTIC: [8] Constant MAIN_URL already defined D:\web\star_call\web\Application\Common\Conf\config.inc.php 第 10 行.
NOTIC: [8] Constant WAP_URL already defined D:\web\star_call\web\Application\Common\Conf\config.inc.php 第 11 行.
NOTIC: [8] Constant API_URL already defined D:\web\star_call\web\Application\Common\Conf\config.inc.php 第 12 行.
NOTIC: [8] Constant IMG_URL already defined D:\web\star_call\web\Application\Common\Conf\config.inc.php 第 13 行.
NOTIC: [8] Constant ATTACHMENT_PATH already defined D:\web\star_call\web\Application\Common\Conf\config.inc.php 第 14 行.
NOTIC: [8] Constant IMG_PATH already defined D:\web\star_call\web\Application\Common\Conf\config.inc.php 第 15 行.
NOTIC: [8] Constant UPLOAD_TEMP_PATH already defined D:\web\star_call\web\Application\Common\Conf\config.inc.php 第 16 行.
INFO: [ app_begin ] --START--
INFO: Run Behavior\ReadHtmlCacheBehavior [ RunTime:0.002318s ]
INFO: [ app_begin ] --END-- [ RunTime:0.003676s ]
SQL: SHOW COLUMNS FROM `sy_user_drawn` [ RunTime:0.0198s ]
SQL: SELECT `id`,`user_id`,`prize_id`,`mobile`,`address` FROM `sy_user_drawn` WHERE `user_id` = 1 AND `mark` = 1 LIMIT 1   [ RunTime:0.0168s ]
SQL: SHOW COLUMNS FROM `sy_prize` [ RunTime:0.0297s ]
NOTIC: [2] Illegal string offset 'prize_id' D:\web\star_call\web\Application\API\Service\UserDrawnService.class.php 第 38 行.
SQL: SELECT `name` FROM `sy_prize` WHERE `id` = 1 LIMIT 1   [ RunTime:0.0182s ]
NOTIC: [2] Illegal string offset 'prize_name' D:\web\star_call\web\Application\API\Service\UserDrawnService.class.php 第 38 行.
NOTIC: [2] Illegal string offset 'prize_id' D:\web\star_call\web\Application\API\Service\UserDrawnService.class.php 第 38 行.
SQL: SELECT `name` FROM `sy_prize` WHERE `id` = 1 LIMIT 1   [ RunTime:0.0154s ]
NOTIC: [2] Illegal string offset 'prize_name' D:\web\star_call\web\Application\API\Service\UserDrawnService.class.php 第 38 行.
NOTIC: [2] Illegal string offset 'prize_id' D:\web\star_call\web\Application\API\Service\UserDrawnService.class.php 第 38 行.
SQL: SELECT `name` FROM `sy_prize` WHERE `id` = 1 LIMIT 1   [ RunTime:0.0208s ]
NOTIC: [2] Illegal string offset 'prize_name' D:\web\star_call\web\Application\API\Service\UserDrawnService.class.php 第 38 行.
NOTIC: [2] Illegal string offset 'prize_id' D:\web\star_call\web\Application\API\Service\UserDrawnService.class.php 第 38 行.
SQL: SELECT `name` FROM `sy_prize` WHERE `id` = 1 LIMIT 1   [ RunTime:0.0170s ]
NOTIC: [2] Illegal string offset 'prize_name' D:\web\star_call\web\Application\API\Service\UserDrawnService.class.php 第 38 行.
NOTIC: [2] Illegal string offset 'prize_id' D:\web\star_call\web\Application\API\Service\UserDrawnService.class.php 第 38 行.
SQL: SELECT `name` FROM `sy_prize` WHERE `id` = 0 LIMIT 1   [ RunTime:0.0152s ]
NOTIC: [2] Illegal string offset 'prize_name' D:\web\star_call\web\Application\API\Service\UserDrawnService.class.php 第 38 行.

[ 2019-09-09T16:27:50+08:00 ] 127.0.0.1 /UserDrawn/winRecord
INFO: [ app_init ] --START--
INFO: Run Behavior\BuildLiteBehavior [ RunTime:0.000404s ]
INFO: [ app_init ] --END-- [ RunTime:0.002397s ]
NOTIC: [8] Constant MAIN_URL already defined D:\web\star_call\web\Application\Common\Conf\config.inc.php 第 10 行.
NOTIC: [8] Constant WAP_URL already defined D:\web\star_call\web\Application\Common\Conf\config.inc.php 第 11 行.
NOTIC: [8] Constant API_URL already defined D:\web\star_call\web\Application\Common\Conf\config.inc.php 第 12 行.
NOTIC: [8] Constant IMG_URL already defined D:\web\star_call\web\Application\Common\Conf\config.inc.php 第 13 行.
NOTIC: [8] Constant ATTACHMENT_PATH already defined D:\web\star_call\web\Application\Common\Conf\config.inc.php 第 14 行.
NOTIC: [8] Constant IMG_PATH already defined D:\web\star_call\web\Application\Common\Conf\config.inc.php 第 15 行.
NOTIC: [8] Constant UPLOAD_TEMP_PATH already defined D:\web\star_call\web\Application\Common\Conf\config.inc.php 第 16 行.
INFO: [ app_begin ] --START--
INFO: Run Behavior\ReadHtmlCacheBehavior [ RunTime:0.000936s ]
INFO: [ app_begin ] --END-- [ RunTime:0.001887s ]
SQL: SHOW COLUMNS FROM `sy_user_drawn` [ RunTime:0.0159s ]
SQL: SELECT `id`,`user_id`,`prize_id`,`mobile`,`address` FROM `sy_user_drawn` WHERE `user_id` = 1 AND `mark` = 1 LIMIT 1   [ RunTime:0.0145s ]
SQL: SHOW COLUMNS FROM `sy_prize` [ RunTime:0.0169s ]
NOTIC: [2] Illegal string offset 'prize_id' D:\web\star_call\web\Application\API\Service\UserDrawnService.class.php 第 39 行.
SQL: SELECT `name` FROM `sy_prize` WHERE `id` = 1 LIMIT 1   [ RunTime:0.0145s ]
NOTIC: [2] Illegal string offset 'prize_name' D:\web\star_call\web\Application\API\Service\UserDrawnService.class.php 第 39 行.
NOTIC: [2] Illegal string offset 'prize_id' D:\web\star_call\web\Application\API\Service\UserDrawnService.class.php 第 39 行.
SQL: SELECT `name` FROM `sy_prize` WHERE `id` = 1 LIMIT 1   [ RunTime:0.0236s ]
NOTIC: [2] Illegal string offset 'prize_name' D:\web\star_call\web\Application\API\Service\UserDrawnService.class.php 第 39 行.
NOTIC: [2] Illegal string offset 'prize_id' D:\web\star_call\web\Application\API\Service\UserDrawnService.class.php 第 39 行.
SQL: SELECT `name` FROM `sy_prize` WHERE `id` = 1 LIMIT 1   [ RunTime:0.0180s ]
NOTIC: [2] Illegal string offset 'prize_name' D:\web\star_call\web\Application\API\Service\UserDrawnService.class.php 第 39 行.
NOTIC: [2] Illegal string offset 'prize_id' D:\web\star_call\web\Application\API\Service\UserDrawnService.class.php 第 39 行.
SQL: SELECT `name` FROM `sy_prize` WHERE `id` = 1 LIMIT 1   [ RunTime:0.0148s ]
NOTIC: [2] Illegal string offset 'prize_name' D:\web\star_call\web\Application\API\Service\UserDrawnService.class.php 第 39 行.
NOTIC: [2] Illegal string offset 'prize_id' D:\web\star_call\web\Application\API\Service\UserDrawnService.class.php 第 39 行.
SQL: SELECT `name` FROM `sy_prize` WHERE `id` = 0 LIMIT 1   [ RunTime:0.0141s ]
NOTIC: [2] Illegal string offset 'prize_name' D:\web\star_call\web\Application\API\Service\UserDrawnService.class.php 第 39 行.
SQL: SELECT `name` FROM `sy_prize` WHERE `id` = null LIMIT 1   [ RunTime:0.0143s ]
NOTIC: [2] Cannot use a scalar value as an array D:\web\star_call\web\Application\API\Service\UserDrawnService.class.php 第 39 行.

[ 2019-09-09T16:28:21+08:00 ] 127.0.0.1 /UserDrawn/winRecord
INFO: [ app_init ] --START--
INFO: Run Behavior\BuildLiteBehavior [ RunTime:0.000734s ]
INFO: [ app_init ] --END-- [ RunTime:0.002295s ]
NOTIC: [8] Constant MAIN_URL already defined D:\web\star_call\web\Application\Common\Conf\config.inc.php 第 10 行.
NOTIC: [8] Constant WAP_URL already defined D:\web\star_call\web\Application\Common\Conf\config.inc.php 第 11 行.
NOTIC: [8] Constant API_URL already defined D:\web\star_call\web\Application\Common\Conf\config.inc.php 第 12 行.
NOTIC: [8] Constant IMG_URL already defined D:\web\star_call\web\Application\Common\Conf\config.inc.php 第 13 行.
NOTIC: [8] Constant ATTACHMENT_PATH already defined D:\web\star_call\web\Application\Common\Conf\config.inc.php 第 14 行.
NOTIC: [8] Constant IMG_PATH already defined D:\web\star_call\web\Application\Common\Conf\config.inc.php 第 15 行.
NOTIC: [8] Constant UPLOAD_TEMP_PATH already defined D:\web\star_call\web\Application\Common\Conf\config.inc.php 第 16 行.
INFO: [ app_begin ] --START--
INFO: Run Behavior\ReadHtmlCacheBehavior [ RunTime:0.001944s ]
INFO: [ app_begin ] --END-- [ RunTime:0.004110s ]
SQL: SHOW COLUMNS FROM `sy_user_drawn` [ RunTime:0.0165s ]
SQL: SELECT `id`,`user_id`,`prize_id`,`mobile`,`address` FROM `sy_user_drawn` WHERE `user_id` = 1 AND `mark` = 1 LIMIT 1   [ RunTime:0.0215s ]

[ 2019-09-09T16:29:16+08:00 ] 127.0.0.1 /UserDrawn/winRecord
INFO: [ app_init ] --START--
INFO: Run Behavior\BuildLiteBehavior [ RunTime:0.000253s ]
INFO: [ app_init ] --END-- [ RunTime:0.001899s ]
NOTIC: [8] Constant MAIN_URL already defined D:\web\star_call\web\Application\Common\Conf\config.inc.php 第 10 行.
NOTIC: [8] Constant WAP_URL already defined D:\web\star_call\web\Application\Common\Conf\config.inc.php 第 11 行.
NOTIC: [8] Constant API_URL already defined D:\web\star_call\web\Application\Common\Conf\config.inc.php 第 12 行.
NOTIC: [8] Constant IMG_URL already defined D:\web\star_call\web\Application\Common\Conf\config.inc.php 第 13 行.
NOTIC: [8] Constant ATTACHMENT_PATH already defined D:\web\star_call\web\Application\Common\Conf\config.inc.php 第 14 行.
NOTIC: [8] Constant IMG_PATH already defined D:\web\star_call\web\Application\Common\Conf\config.inc.php 第 15 行.
NOTIC: [8] Constant UPLOAD_TEMP_PATH already defined D:\web\star_call\web\Application\Common\Conf\config.inc.php 第 16 行.
INFO: [ app_begin ] --START--
INFO: Run Behavior\ReadHtmlCacheBehavior [ RunTime:0.001060s ]
INFO: [ app_begin ] --END-- [ RunTime:0.002459s ]
SQL: SHOW COLUMNS FROM `sy_user_drawn` [ RunTime:0.0167s ]
SQL: SELECT `id`,`user_id`,`prize_id`,`mobile`,`address` FROM `sy_user_drawn` WHERE `user_id` = 1 AND `mark` = 1 LIMIT 1   [ RunTime:0.0158s ]

[ 2019-09-09T16:29:25+08:00 ] 127.0.0.1 /UserDrawn/winRecord
INFO: [ app_init ] --START--
INFO: Run Behavior\BuildLiteBehavior [ RunTime:0.000324s ]
INFO: [ app_init ] --END-- [ RunTime:0.002491s ]
NOTIC: [8] Constant MAIN_URL already defined D:\web\star_call\web\Application\Common\Conf\config.inc.php 第 10 行.
NOTIC: [8] Constant WAP_URL already defined D:\web\star_call\web\Application\Common\Conf\config.inc.php 第 11 行.
NOTIC: [8] Constant API_URL already defined D:\web\star_call\web\Application\Common\Conf\config.inc.php 第 12 行.
NOTIC: [8] Constant IMG_URL already defined D:\web\star_call\web\Application\Common\Conf\config.inc.php 第 13 行.
NOTIC: [8] Constant ATTACHMENT_PATH already defined D:\web\star_call\web\Application\Common\Conf\config.inc.php 第 14 行.
NOTIC: [8] Constant IMG_PATH already defined D:\web\star_call\web\Application\Common\Conf\config.inc.php 第 15 行.
NOTIC: [8] Constant UPLOAD_TEMP_PATH already defined D:\web\star_call\web\Application\Common\Conf\config.inc.php 第 16 行.
INFO: [ app_begin ] --START--
INFO: Run Behavior\ReadHtmlCacheBehavior [ RunTime:0.001989s ]
INFO: [ app_begin ] --END-- [ RunTime:0.003793s ]
SQL: SHOW COLUMNS FROM `sy_user_drawn` [ RunTime:0.0212s ]
SQL: SELECT `id`,`user_id`,`prize_id`,`mobile`,`address` FROM `sy_user_drawn` WHERE `user_id` = 1 AND `mark` = 1 LIMIT 1   [ RunTime:0.0205s ]
SQL: SHOW COLUMNS FROM `sy_prize` [ RunTime:0.0214s ]
NOTIC: [2] Illegal string offset 'prize_id' D:\web\star_call\web\Application\API\Service\UserDrawnService.class.php 第 39 行.
SQL: SELECT `name` FROM `sy_prize` WHERE `id` = 1 LIMIT 1   [ RunTime:0.0237s ]
NOTIC: [2] Illegal string offset 'prize_name' D:\web\star_call\web\Application\API\Service\UserDrawnService.class.php 第 39 行.
NOTIC: [2] Illegal string offset 'prize_id' D:\web\star_call\web\Application\API\Service\UserDrawnService.class.php 第 39 行.
SQL: SELECT `name` FROM `sy_prize` WHERE `id` = 1 LIMIT 1   [ RunTime:0.0213s ]
NOTIC: [2] Illegal string offset 'prize_name' D:\web\star_call\web\Application\API\Service\UserDrawnService.class.php 第 39 行.
NOTIC: [2] Illegal string offset 'prize_id' D:\web\star_call\web\Application\API\Service\UserDrawnService.class.php 第 39 行.
SQL: SELECT `name` FROM `sy_prize` WHERE `id` = 1 LIMIT 1   [ RunTime:0.0215s ]
NOTIC: [2] Illegal string offset 'prize_name' D:\web\star_call\web\Application\API\Service\UserDrawnService.class.php 第 39 行.
NOTIC: [2] Illegal string offset 'prize_id' D:\web\star_call\web\Application\API\Service\UserDrawnService.class.php 第 39 行.
SQL: SELECT `name` FROM `sy_prize` WHERE `id` = 1 LIMIT 1   [ RunTime:0.0222s ]
NOTIC: [2] Illegal string offset 'prize_name' D:\web\star_call\web\Application\API\Service\UserDrawnService.class.php 第 39 行.
NOTIC: [2] Illegal string offset 'prize_id' D:\web\star_call\web\Application\API\Service\UserDrawnService.class.php 第 39 行.
SQL: SELECT `name` FROM `sy_prize` WHERE `id` = 0 LIMIT 1   [ RunTime:0.0197s ]
NOTIC: [2] Illegal string offset 'prize_name' D:\web\star_call\web\Application\API\Service\UserDrawnService.class.php 第 39 行.
SQL: SELECT `name` FROM `sy_prize` WHERE `id` = null LIMIT 1   [ RunTime:0.0199s ]
NOTIC: [2] Cannot use a scalar value as an array D:\web\star_call\web\Application\API\Service\UserDrawnService.class.php 第 39 行.
NOTIC: [8] Undefined offset: 0 D:\web\star_call\web\Application\API\Controller\APIBaseController.class.php 第 138 行.

[ 2019-09-09T16:30:06+08:00 ] 127.0.0.1 /UserDrawn/winRecord
INFO: [ app_init ] --START--
INFO: Run Behavior\BuildLiteBehavior [ RunTime:0.000250s ]
INFO: [ app_init ] --END-- [ RunTime:0.001671s ]
NOTIC: [8] Constant MAIN_URL already defined D:\web\star_call\web\Application\Common\Conf\config.inc.php 第 10 行.
NOTIC: [8] Constant WAP_URL already defined D:\web\star_call\web\Application\Common\Conf\config.inc.php 第 11 行.
NOTIC: [8] Constant API_URL already defined D:\web\star_call\web\Application\Common\Conf\config.inc.php 第 12 行.
NOTIC: [8] Constant IMG_URL already defined D:\web\star_call\web\Application\Common\Conf\config.inc.php 第 13 行.
NOTIC: [8] Constant ATTACHMENT_PATH already defined D:\web\star_call\web\Application\Common\Conf\config.inc.php 第 14 行.
NOTIC: [8] Constant IMG_PATH already defined D:\web\star_call\web\Application\Common\Conf\config.inc.php 第 15 行.
NOTIC: [8] Constant UPLOAD_TEMP_PATH already defined D:\web\star_call\web\Application\Common\Conf\config.inc.php 第 16 行.
INFO: [ app_begin ] --START--
INFO: Run Behavior\ReadHtmlCacheBehavior [ RunTime:0.001791s ]
INFO: [ app_begin ] --END-- [ RunTime:0.003379s ]
SQL: SHOW COLUMNS FROM `sy_user_drawn` [ RunTime:0.0149s ]
SQL: SELECT `id`,`user_id`,`prize_id`,`mobile`,`address` FROM `sy_user_drawn` WHERE `user_id` = 1 AND `mark` = 1 LIMIT 1   [ RunTime:0.0162s ]
SQL: SHOW COLUMNS FROM `sy_prize` [ RunTime:0.0241s ]
NOTIC: [2] Illegal string offset 'prize_id' D:\web\star_call\web\Application\API\Service\UserDrawnService.class.php 第 39 行.
SQL: SELECT `name` FROM `sy_prize` WHERE `id` = 1 LIMIT 1   [ RunTime:0.0140s ]
NOTIC: [2] Illegal string offset 'prize_name' D:\web\star_call\web\Application\API\Service\UserDrawnService.class.php 第 39 行.
NOTIC: [2] Illegal string offset 'prize_id' D:\web\star_call\web\Application\API\Service\UserDrawnService.class.php 第 39 行.
SQL: SELECT `name` FROM `sy_prize` WHERE `id` = 1 LIMIT 1   [ RunTime:0.0165s ]
NOTIC: [2] Illegal string offset 'prize_name' D:\web\star_call\web\Application\API\Service\UserDrawnService.class.php 第 39 行.
NOTIC: [2] Illegal string offset 'prize_id' D:\web\star_call\web\Application\API\Service\UserDrawnService.class.php 第 39 行.
SQL: SELECT `name` FROM `sy_prize` WHERE `id` = 1 LIMIT 1   [ RunTime:0.0162s ]
NOTIC: [2] Illegal string offset 'prize_name' D:\web\star_call\web\Application\API\Service\UserDrawnService.class.php 第 39 行.
NOTIC: [2] Illegal string offset 'prize_id' D:\web\star_call\web\Application\API\Service\UserDrawnService.class.php 第 39 行.
SQL: SELECT `name` FROM `sy_prize` WHERE `id` = 1 LIMIT 1   [ RunTime:0.0154s ]
NOTIC: [2] Illegal string offset 'prize_name' D:\web\star_call\web\Application\API\Service\UserDrawnService.class.php 第 39 行.
NOTIC: [2] Illegal string offset 'prize_id' D:\web\star_call\web\Application\API\Service\UserDrawnService.class.php 第 39 行.
SQL: SELECT `name` FROM `sy_prize` WHERE `id` = 0 LIMIT 1   [ RunTime:0.0219s ]
NOTIC: [2] Illegal string offset 'prize_name' D:\web\star_call\web\Application\API\Service\UserDrawnService.class.php 第 39 行.
SQL: SELECT `name` FROM `sy_prize` WHERE `id` = null LIMIT 1   [ RunTime:0.0162s ]
NOTIC: [2] Cannot use a scalar value as an array D:\web\star_call\web\Application\API\Service\UserDrawnService.class.php 第 39 行.

[ 2019-09-09T16:32:44+08:00 ] 127.0.0.1 /UserDrawn/winRecord
INFO: [ app_init ] --START--
INFO: Run Behavior\BuildLiteBehavior [ RunTime:0.000270s ]
INFO: [ app_init ] --END-- [ RunTime:0.001936s ]
NOTIC: [8] Constant MAIN_URL already defined D:\web\star_call\web\Application\Common\Conf\config.inc.php 第 10 行.
NOTIC: [8] Constant WAP_URL already defined D:\web\star_call\web\Application\Common\Conf\config.inc.php 第 11 行.
NOTIC: [8] Constant API_URL already defined D:\web\star_call\web\Application\Common\Conf\config.inc.php 第 12 行.
NOTIC: [8] Constant IMG_URL already defined D:\web\star_call\web\Application\Common\Conf\config.inc.php 第 13 行.
NOTIC: [8] Constant ATTACHMENT_PATH already defined D:\web\star_call\web\Application\Common\Conf\config.inc.php 第 14 行.
NOTIC: [8] Constant IMG_PATH already defined D:\web\star_call\web\Application\Common\Conf\config.inc.php 第 15 行.
NOTIC: [8] Constant UPLOAD_TEMP_PATH already defined D:\web\star_call\web\Application\Common\Conf\config.inc.php 第 16 行.
INFO: [ app_begin ] --START--
INFO: Run Behavior\ReadHtmlCacheBehavior [ RunTime:0.002504s ]
INFO: [ app_begin ] --END-- [ RunTime:0.003763s ]
SQL: SHOW COLUMNS FROM `sy_user_drawn` [ RunTime:0.0262s ]
SQL: SELECT `id`,`user_id`,`prize_id`,`mobile`,`address` FROM `sy_user_drawn` WHERE `user_id` = 1 AND `mark` = 1 LIMIT 1   [ RunTime:0.0246s ]
SQL: SHOW COLUMNS FROM `sy_prize` [ RunTime:0.0247s ]
NOTIC: [2] Illegal string offset 'prize_id' D:\web\star_call\web\Application\API\Service\UserDrawnService.class.php 第 39 行.
SQL: SELECT `name` FROM `sy_prize` WHERE `id` = 1 LIMIT 1   [ RunTime:0.0205s ]
NOTIC: [2] Illegal string offset 'prize_name' D:\web\star_call\web\Application\API\Service\UserDrawnService.class.php 第 39 行.
NOTIC: [2] Illegal string offset 'prize_id' D:\web\star_call\web\Application\API\Service\UserDrawnService.class.php 第 39 行.
SQL: SELECT `name` FROM `sy_prize` WHERE `id` = 1 LIMIT 1   [ RunTime:0.0224s ]
NOTIC: [2] Illegal string offset 'prize_name' D:\web\star_call\web\Application\API\Service\UserDrawnService.class.php 第 39 行.
NOTIC: [2] Illegal string offset 'prize_id' D:\web\star_call\web\Application\API\Service\UserDrawnService.class.php 第 39 行.
SQL: SELECT `name` FROM `sy_prize` WHERE `id` = 1 LIMIT 1   [ RunTime:0.0151s ]
NOTIC: [2] Illegal string offset 'prize_name' D:\web\star_call\web\Application\API\Service\UserDrawnService.class.php 第 39 行.
NOTIC: [2] Illegal string offset 'prize_id' D:\web\star_call\web\Application\API\Service\UserDrawnService.class.php 第 39 行.
SQL: SELECT `name` FROM `sy_prize` WHERE `id` = 1 LIMIT 1   [ RunTime:0.0196s ]
NOTIC: [2] Illegal string offset 'prize_name' D:\web\star_call\web\Application\API\Service\UserDrawnService.class.php 第 39 行.
NOTIC: [2] Illegal string offset 'prize_id' D:\web\star_call\web\Application\API\Service\UserDrawnService.class.php 第 39 行.
SQL: SELECT `name` FROM `sy_prize` WHERE `id` = 0 LIMIT 1   [ RunTime:0.0167s ]
NOTIC: [2] Illegal string offset 'prize_name' D:\web\star_call\web\Application\API\Service\UserDrawnService.class.php 第 39 行.
SQL: SELECT `name` FROM `sy_prize` WHERE `id` = null LIMIT 1   [ RunTime:0.0226s ]
NOTIC: [2] Cannot use a scalar value as an array D:\web\star_call\web\Application\API\Service\UserDrawnService.class.php 第 39 行.

[ 2019-09-09T16:34:06+08:00 ] 127.0.0.1 /UserDrawn/winRecord
INFO: [ app_init ] --START--
INFO: Run Behavior\BuildLiteBehavior [ RunTime:0.000315s ]
INFO: [ app_init ] --END-- [ RunTime:0.002453s ]
NOTIC: [8] Constant MAIN_URL already defined D:\web\star_call\web\Application\Common\Conf\config.inc.php 第 10 行.
NOTIC: [8] Constant WAP_URL already defined D:\web\star_call\web\Application\Common\Conf\config.inc.php 第 11 行.
NOTIC: [8] Constant API_URL already defined D:\web\star_call\web\Application\Common\Conf\config.inc.php 第 12 行.
NOTIC: [8] Constant IMG_URL already defined D:\web\star_call\web\Application\Common\Conf\config.inc.php 第 13 行.
NOTIC: [8] Constant ATTACHMENT_PATH already defined D:\web\star_call\web\Application\Common\Conf\config.inc.php 第 14 行.
NOTIC: [8] Constant IMG_PATH already defined D:\web\star_call\web\Application\Common\Conf\config.inc.php 第 15 行.
NOTIC: [8] Constant UPLOAD_TEMP_PATH already defined D:\web\star_call\web\Application\Common\Conf\config.inc.php 第 16 行.
INFO: [ app_begin ] --START--
INFO: Run Behavior\ReadHtmlCacheBehavior [ RunTime:0.002058s ]
INFO: [ app_begin ] --END-- [ RunTime:0.003422s ]
SQL: SHOW COLUMNS FROM `sy_user_drawn` [ RunTime:0.0183s ]
SQL: SELECT `id`,`user_id`,`prize_id`,`mobile`,`address` FROM `sy_user_drawn` WHERE `user_id` = 1 AND `mark` = 1 LIMIT 1   [ RunTime:0.0165s ]
SQL: SHOW COLUMNS FROM `sy_prize` [ RunTime:0.0158s ]
NOTIC: [2] Illegal string offset 'prize_id' D:\web\star_call\web\Application\API\Service\UserDrawnService.class.php 第 39 行.
SQL: SELECT `name` FROM `sy_prize` WHERE `id` = 1 LIMIT 1   [ RunTime:0.0155s ]
NOTIC: [2] Illegal string offset 'prize_name' D:\web\star_call\web\Application\API\Service\UserDrawnService.class.php 第 39 行.
NOTIC: [2] Illegal string offset 'prize_id' D:\web\star_call\web\Application\API\Service\UserDrawnService.class.php 第 39 行.
SQL: SELECT `name` FROM `sy_prize` WHERE `id` = 1 LIMIT 1   [ RunTime:0.0150s ]
NOTIC: [2] Illegal string offset 'prize_name' D:\web\star_call\web\Application\API\Service\UserDrawnService.class.php 第 39 行.
NOTIC: [2] Illegal string offset 'prize_id' D:\web\star_call\web\Application\API\Service\UserDrawnService.class.php 第 39 行.
SQL: SELECT `name` FROM `sy_prize` WHERE `id` = 1 LIMIT 1   [ RunTime:0.0179s ]
NOTIC: [2] Illegal string offset 'prize_name' D:\web\star_call\web\Application\API\Service\UserDrawnService.class.php 第 39 行.
NOTIC: [2] Illegal string offset 'prize_id' D:\web\star_call\web\Application\API\Service\UserDrawnService.class.php 第 39 行.
SQL: SELECT `name` FROM `sy_prize` WHERE `id` = 1 LIMIT 1   [ RunTime:0.0147s ]
NOTIC: [2] Illegal string offset 'prize_name' D:\web\star_call\web\Application\API\Service\UserDrawnService.class.php 第 39 行.
NOTIC: [2] Illegal string offset 'prize_id' D:\web\star_call\web\Application\API\Service\UserDrawnService.class.php 第 39 行.
SQL: SELECT `name` FROM `sy_prize` WHERE `id` = 0 LIMIT 1   [ RunTime:0.0194s ]
NOTIC: [2] Illegal string offset 'prize_name' D:\web\star_call\web\Application\API\Service\UserDrawnService.class.php 第 39 行.
SQL: SELECT `name` FROM `sy_prize` WHERE `id` = null LIMIT 1   [ RunTime:0.0264s ]
NOTIC: [2] Cannot use a scalar value as an array D:\web\star_call\web\Application\API\Service\UserDrawnService.class.php 第 39 行.
NOTIC: [8] Undefined offset: 0 D:\web\star_call\web\Application\API\Controller\APIBaseController.class.php 第 138 行.

[ 2019-09-09T16:35:00+08:00 ] 127.0.0.1 /UserDrawn/winRecord
INFO: [ app_init ] --START--
INFO: Run Behavior\BuildLiteBehavior [ RunTime:0.000618s ]
INFO: [ app_init ] --END-- [ RunTime:0.002688s ]
NOTIC: [8] Constant MAIN_URL already defined D:\web\star_call\web\Application\Common\Conf\config.inc.php 第 10 行.
NOTIC: [8] Constant WAP_URL already defined D:\web\star_call\web\Application\Common\Conf\config.inc.php 第 11 行.
NOTIC: [8] Constant API_URL already defined D:\web\star_call\web\Application\Common\Conf\config.inc.php 第 12 行.
NOTIC: [8] Constant IMG_URL already defined D:\web\star_call\web\Application\Common\Conf\config.inc.php 第 13 行.
NOTIC: [8] Constant ATTACHMENT_PATH already defined D:\web\star_call\web\Application\Common\Conf\config.inc.php 第 14 行.
NOTIC: [8] Constant IMG_PATH already defined D:\web\star_call\web\Application\Common\Conf\config.inc.php 第 15 行.
NOTIC: [8] Constant UPLOAD_TEMP_PATH already defined D:\web\star_call\web\Application\Common\Conf\config.inc.php 第 16 行.
INFO: [ app_begin ] --START--
INFO: Run Behavior\ReadHtmlCacheBehavior [ RunTime:0.002070s ]
INFO: [ app_begin ] --END-- [ RunTime:0.003445s ]
NOTIC: [8] Undefined index: user_id D:\web\star_call\web\Application\API\Controller\APIBaseController.class.php 第 60 行.
SQL: SHOW COLUMNS FROM `sy_user_drawn` [ RunTime:0.0151s ]
NOTIC: [8] Undefined index: user_id D:\web\star_call\web\Application\API\Controller\UserDrawnController.class.php 第 30 行.
NOTIC: [8] Undefined offset: 0 D:\web\star_call\web\Application\API\Controller\APIBaseController.class.php 第 138 行.

[ 2019-09-09T16:35:24+08:00 ] 127.0.0.1 /UserDrawn/winRecord
INFO: [ app_init ] --START--
INFO: Run Behavior\BuildLiteBehavior [ RunTime:0.000902s ]
INFO: [ app_init ] --END-- [ RunTime:0.003091s ]
NOTIC: [8] Constant MAIN_URL already defined D:\web\star_call\web\Application\Common\Conf\config.inc.php 第 10 行.
NOTIC: [8] Constant WAP_URL already defined D:\web\star_call\web\Application\Common\Conf\config.inc.php 第 11 行.
NOTIC: [8] Constant API_URL already defined D:\web\star_call\web\Application\Common\Conf\config.inc.php 第 12 行.
NOTIC: [8] Constant IMG_URL already defined D:\web\star_call\web\Application\Common\Conf\config.inc.php 第 13 行.
NOTIC: [8] Constant ATTACHMENT_PATH already defined D:\web\star_call\web\Application\Common\Conf\config.inc.php 第 14 行.
NOTIC: [8] Constant IMG_PATH already defined D:\web\star_call\web\Application\Common\Conf\config.inc.php 第 15 行.
NOTIC: [8] Constant UPLOAD_TEMP_PATH already defined D:\web\star_call\web\Application\Common\Conf\config.inc.php 第 16 行.
INFO: [ app_begin ] --START--
INFO: Run Behavior\ReadHtmlCacheBehavior [ RunTime:0.001557s ]
INFO: [ app_begin ] --END-- [ RunTime:0.003486s ]
SQL: SHOW COLUMNS FROM `sy_user_drawn` [ RunTime:0.0209s ]
SQL: SELECT `id`,`user_id`,`prize_id`,`mobile`,`address` FROM `sy_user_drawn` WHERE `user_id` = 1 AND `mark` = 1  [ RunTime:0.0166s ]
SQL: SHOW COLUMNS FROM `sy_prize` [ RunTime:0.0205s ]
SQL: SELECT `name` FROM `sy_prize` WHERE `id` = 1 LIMIT 1   [ RunTime:0.0166s ]
SQL: SELECT `name` FROM `sy_prize` WHERE `id` = null LIMIT 1   [ RunTime:0.0200s ]
NOTIC: [2] Cannot use a scalar value as an array D:\web\star_call\web\Application\API\Service\UserDrawnService.class.php 第 39 行.
NOTIC: [8] Undefined offset: 0 D:\web\star_call\web\Application\API\Controller\APIBaseController.class.php 第 138 行.

[ 2019-09-09T16:36:57+08:00 ] 127.0.0.1 /UserDrawn/winRecord
INFO: [ app_init ] --START--
INFO: Run Behavior\BuildLiteBehavior [ RunTime:0.000257s ]
INFO: [ app_init ] --END-- [ RunTime:0.001630s ]
NOTIC: [8] Constant MAIN_URL already defined D:\web\star_call\web\Application\Common\Conf\config.inc.php 第 10 行.
NOTIC: [8] Constant WAP_URL already defined D:\web\star_call\web\Application\Common\Conf\config.inc.php 第 11 行.
NOTIC: [8] Constant API_URL already defined D:\web\star_call\web\Application\Common\Conf\config.inc.php 第 12 行.
NOTIC: [8] Constant IMG_URL already defined D:\web\star_call\web\Application\Common\Conf\config.inc.php 第 13 行.
NOTIC: [8] Constant ATTACHMENT_PATH already defined D:\web\star_call\web\Application\Common\Conf\config.inc.php 第 14 行.
NOTIC: [8] Constant IMG_PATH already defined D:\web\star_call\web\Application\Common\Conf\config.inc.php 第 15 行.
NOTIC: [8] Constant UPLOAD_TEMP_PATH already defined D:\web\star_call\web\Application\Common\Conf\config.inc.php 第 16 行.
INFO: [ app_begin ] --START--
INFO: Run Behavior\ReadHtmlCacheBehavior [ RunTime:0.001407s ]
INFO: [ app_begin ] --END-- [ RunTime:0.002827s ]
SQL: SHOW COLUMNS FROM `sy_user_drawn` [ RunTime:0.0272s ]
SQL: SELECT `id`,`user_id`,`prize_id`,`mobile`,`address` FROM `sy_user_drawn` WHERE `user_id` = 1 AND `mark` = 1  [ RunTime:0.0178s ]
SQL: SHOW COLUMNS FROM `sy_prize` [ RunTime:0.0150s ]
SQL: SELECT `name` FROM `sy_prize` WHERE `id` = 1 LIMIT 1   [ RunTime:0.0154s ]
SQL: SELECT `name` FROM `sy_prize` WHERE `id` = null LIMIT 1   [ RunTime:0.0140s ]
NOTIC: [8] Undefined offset: 0 D:\web\star_call\web\Application\API\Controller\APIBaseController.class.php 第 138 行.

[ 2019-09-09T16:37:26+08:00 ] 127.0.0.1 /UserDrawn/winRecord
INFO: [ app_init ] --START--
INFO: Run Behavior\BuildLiteBehavior [ RunTime:0.000300s ]
INFO: [ app_init ] --END-- [ RunTime:0.003280s ]
NOTIC: [8] Constant MAIN_URL already defined D:\web\star_call\web\Application\Common\Conf\config.inc.php 第 10 行.
NOTIC: [8] Constant WAP_URL already defined D:\web\star_call\web\Application\Common\Conf\config.inc.php 第 11 行.
NOTIC: [8] Constant API_URL already defined D:\web\star_call\web\Application\Common\Conf\config.inc.php 第 12 行.
NOTIC: [8] Constant IMG_URL already defined D:\web\star_call\web\Application\Common\Conf\config.inc.php 第 13 行.
NOTIC: [8] Constant ATTACHMENT_PATH already defined D:\web\star_call\web\Application\Common\Conf\config.inc.php 第 14 行.
NOTIC: [8] Constant IMG_PATH already defined D:\web\star_call\web\Application\Common\Conf\config.inc.php 第 15 行.
NOTIC: [8] Constant UPLOAD_TEMP_PATH already defined D:\web\star_call\web\Application\Common\Conf\config.inc.php 第 16 行.
INFO: [ app_begin ] --START--
INFO: Run Behavior\ReadHtmlCacheBehavior [ RunTime:0.003829s ]
INFO: [ app_begin ] --END-- [ RunTime:0.005937s ]
SQL: SHOW COLUMNS FROM `sy_user_drawn` [ RunTime:0.0212s ]
SQL: SELECT `id`,`user_id`,`prize_id`,`mobile`,`address` FROM `sy_user_drawn` WHERE `user_id` = 1 AND `mark` = 1  [ RunTime:0.0182s ]
SQL: SHOW COLUMNS FROM `sy_prize` [ RunTime:0.0180s ]
SQL: SELECT `name` FROM `sy_prize` WHERE `id` = 1 LIMIT 1   [ RunTime:0.0160s ]
NOTIC: [8] Undefined offset: 0 D:\web\star_call\web\Application\API\Controller\APIBaseController.class.php 第 138 行.

[ 2019-09-09T16:40:53+08:00 ] 127.0.0.1 /UserDrawn/winRecord
INFO: [ app_init ] --START--
INFO: Run Behavior\BuildLiteBehavior [ RunTime:0.000291s ]
INFO: [ app_init ] --END-- [ RunTime:0.002327s ]
NOTIC: [8] Constant MAIN_URL already defined D:\web\star_call\web\Application\Common\Conf\config.inc.php 第 10 行.
NOTIC: [8] Constant WAP_URL already defined D:\web\star_call\web\Application\Common\Conf\config.inc.php 第 11 行.
NOTIC: [8] Constant API_URL already defined D:\web\star_call\web\Application\Common\Conf\config.inc.php 第 12 行.
NOTIC: [8] Constant IMG_URL already defined D:\web\star_call\web\Application\Common\Conf\config.inc.php 第 13 行.
NOTIC: [8] Constant ATTACHMENT_PATH already defined D:\web\star_call\web\Application\Common\Conf\config.inc.php 第 14 行.
NOTIC: [8] Constant IMG_PATH already defined D:\web\star_call\web\Application\Common\Conf\config.inc.php 第 15 行.
NOTIC: [8] Constant UPLOAD_TEMP_PATH already defined D:\web\star_call\web\Application\Common\Conf\config.inc.php 第 16 行.
INFO: [ app_begin ] --START--
INFO: Run Behavior\ReadHtmlCacheBehavior [ RunTime:0.006962s ]
INFO: [ app_begin ] --END-- [ RunTime:0.008606s ]
SQL: SHOW COLUMNS FROM `sy_user_drawn` [ RunTime:0.0212s ]
SQL: SELECT `user_id`,`prize_id`,`mobile`,`address` FROM `sy_user_drawn` WHERE `user_id` = 1 AND `mark` = 1  [ RunTime:0.0252s ]
SQL: SHOW COLUMNS FROM `sy_prize` [ RunTime:0.0229s ]
SQL: SELECT `name` FROM `sy_prize` WHERE `id` = 1 LIMIT 1   [ RunTime:0.0255s ]
NOTIC: [8] Undefined offset: 0 D:\web\star_call\web\Application\API\Controller\APIBaseController.class.php 第 138 行.

[ 2019-09-09T16:50:34+08:00 ] 127.0.0.1 /UserDrawn/winRecord
INFO: [ app_init ] --START--
INFO: Run Behavior\BuildLiteBehavior [ RunTime:0.000250s ]
INFO: [ app_init ] --END-- [ RunTime:0.001873s ]
NOTIC: [8] Constant MAIN_URL already defined D:\web\star_call\web\Application\Common\Conf\config.inc.php 第 10 行.
NOTIC: [8] Constant WAP_URL already defined D:\web\star_call\web\Application\Common\Conf\config.inc.php 第 11 行.
NOTIC: [8] Constant API_URL already defined D:\web\star_call\web\Application\Common\Conf\config.inc.php 第 12 行.
NOTIC: [8] Constant IMG_URL already defined D:\web\star_call\web\Application\Common\Conf\config.inc.php 第 13 行.
NOTIC: [8] Constant ATTACHMENT_PATH already defined D:\web\star_call\web\Application\Common\Conf\config.inc.php 第 14 行.
NOTIC: [8] Constant IMG_PATH already defined D:\web\star_call\web\Application\Common\Conf\config.inc.php 第 15 行.
NOTIC: [8] Constant UPLOAD_TEMP_PATH already defined D:\web\star_call\web\Application\Common\Conf\config.inc.php 第 16 行.
INFO: [ app_begin ] --START--
INFO: Run Behavior\ReadHtmlCacheBehavior [ RunTime:0.000996s ]
INFO: [ app_begin ] --END-- [ RunTime:0.001770s ]
SQL: SHOW COLUMNS FROM `sy_user_drawn` [ RunTime:0.0153s ]
SQL: SELECT `user_id`,`prize_id`,`mobile`,`address` FROM `sy_user_drawn` WHERE `user_id` = 1 AND `mark` = 1  [ RunTime:0.0149s ]
SQL: SHOW COLUMNS FROM `sy_prize` [ RunTime:0.0180s ]
SQL: SELECT `name` FROM `sy_prize` WHERE `id` = 1 LIMIT 1   [ RunTime:0.0155s ]
NOTIC: [8] Undefined offset: 0 D:\web\star_call\web\Application\API\Controller\APIBaseController.class.php 第 138 行.

[ 2019-09-09T19:06:19+08:00 ] 127.0.0.1 /UserVote/getStarVoteNum
INFO: [ app_init ] --START--
INFO: Run Behavior\BuildLiteBehavior [ RunTime:0.000248s ]
INFO: [ app_init ] --END-- [ RunTime:0.001488s ]
NOTIC: [8] Constant MAIN_URL already defined D:\web\star_call\web\Application\Common\Conf\config.inc.php 第 10 行.
NOTIC: [8] Constant WAP_URL already defined D:\web\star_call\web\Application\Common\Conf\config.inc.php 第 11 行.
NOTIC: [8] Constant API_URL already defined D:\web\star_call\web\Application\Common\Conf\config.inc.php 第 12 行.
NOTIC: [8] Constant IMG_URL already defined D:\web\star_call\web\Application\Common\Conf\config.inc.php 第 13 行.
NOTIC: [8] Constant ATTACHMENT_PATH already defined D:\web\star_call\web\Application\Common\Conf\config.inc.php 第 14 行.
NOTIC: [8] Constant IMG_PATH already defined D:\web\star_call\web\Application\Common\Conf\config.inc.php 第 15 行.
NOTIC: [8] Constant UPLOAD_TEMP_PATH already defined D:\web\star_call\web\Application\Common\Conf\config.inc.php 第 16 行.
INFO: [ app_begin ] --START--
INFO: Run Behavior\ReadHtmlCacheBehavior [ RunTime:0.002991s ]
INFO: [ app_begin ] --END-- [ RunTime:0.004751s ]
NOTIC: [8] Undefined index: user_id D:\web\star_call\web\Application\API\Controller\APIBaseController.class.php 第 60 行.
SQL: SHOW COLUMNS FROM `sy_user_vote` [ RunTime:0.0601s ]
SQL: SELECT `user_id`,sum(num) as vote_num FROM `sy_user_vote` WHERE `star_id` = '3' GROUP BY user_id ORDER BY vote_num DESC  [ RunTime:0.0178s ]
NOTIC: [8] Undefined offset: 0 D:\web\star_call\web\Application\API\Controller\APIBaseController.class.php 第 138 行.

[ 2019-09-09T19:10:34+08:00 ] 127.0.0.1 /UserVote/getStarVoteNum
INFO: [ app_init ] --START--
INFO: Run Behavior\BuildLiteBehavior [ RunTime:0.000393s ]
INFO: [ app_init ] --END-- [ RunTime:0.002975s ]
NOTIC: [8] Constant MAIN_URL already defined D:\web\star_call\web\Application\Common\Conf\config.inc.php 第 10 行.
NOTIC: [8] Constant WAP_URL already defined D:\web\star_call\web\Application\Common\Conf\config.inc.php 第 11 行.
NOTIC: [8] Constant API_URL already defined D:\web\star_call\web\Application\Common\Conf\config.inc.php 第 12 行.
NOTIC: [8] Constant IMG_URL already defined D:\web\star_call\web\Application\Common\Conf\config.inc.php 第 13 行.
NOTIC: [8] Constant ATTACHMENT_PATH already defined D:\web\star_call\web\Application\Common\Conf\config.inc.php 第 14 行.
NOTIC: [8] Constant IMG_PATH already defined D:\web\star_call\web\Application\Common\Conf\config.inc.php 第 15 行.
NOTIC: [8] Constant UPLOAD_TEMP_PATH already defined D:\web\star_call\web\Application\Common\Conf\config.inc.php 第 16 行.
INFO: [ app_begin ] --START--
INFO: Run Behavior\ReadHtmlCacheBehavior [ RunTime:0.001094s ]
INFO: [ app_begin ] --END-- [ RunTime:0.002228s ]
NOTIC: [8] Undefined index: user_id D:\web\star_call\web\Application\API\Controller\APIBaseController.class.php 第 60 行.
SQL: SHOW COLUMNS FROM `sy_user_vote` [ RunTime:0.0163s ]
SQL: SELECT `user_id`,sum(num) as vote_num FROM `sy_user_vote` WHERE `star_id` = '3' GROUP BY user_id ORDER BY vote_num DESC  [ RunTime:0.0154s ]
SQL: SHOW COLUMNS FROM `sy_third_user` [ RunTime:0.0153s ]
SQL: SELECT `nickname` FROM `sy_third_user` WHERE `user_id` = 1 LIMIT 1   [ RunTime:0.0151s ]
NOTIC: [8] Undefined offset: 0 D:\web\star_call\web\Application\API\Controller\APIBaseController.class.php 第 138 行.

[ 2019-09-09T19:13:19+08:00 ] 127.0.0.1 /UserVote/getStarVoteNum
INFO: [ app_init ] --START--
INFO: Run Behavior\BuildLiteBehavior [ RunTime:0.000671s ]
INFO: [ app_init ] --END-- [ RunTime:0.004107s ]
NOTIC: [8] Constant MAIN_URL already defined D:\web\star_call\web\Application\Common\Conf\config.inc.php 第 10 行.
NOTIC: [8] Constant WAP_URL already defined D:\web\star_call\web\Application\Common\Conf\config.inc.php 第 11 行.
NOTIC: [8] Constant API_URL already defined D:\web\star_call\web\Application\Common\Conf\config.inc.php 第 12 行.
NOTIC: [8] Constant IMG_URL already defined D:\web\star_call\web\Application\Common\Conf\config.inc.php 第 13 行.
NOTIC: [8] Constant ATTACHMENT_PATH already defined D:\web\star_call\web\Application\Common\Conf\config.inc.php 第 14 行.
NOTIC: [8] Constant IMG_PATH already defined D:\web\star_call\web\Application\Common\Conf\config.inc.php 第 15 行.
NOTIC: [8] Constant UPLOAD_TEMP_PATH already defined D:\web\star_call\web\Application\Common\Conf\config.inc.php 第 16 行.
INFO: [ app_begin ] --START--
INFO: Run Behavior\ReadHtmlCacheBehavior [ RunTime:0.004362s ]
INFO: [ app_begin ] --END-- [ RunTime:0.005843s ]
NOTIC: [8] Undefined index: user_id D:\web\star_call\web\Application\API\Controller\APIBaseController.class.php 第 60 行.
SQL: SHOW COLUMNS FROM `sy_user_vote` [ RunTime:0.0168s ]
SQL: SELECT `user_id`,sum(num) as vote_num FROM `sy_user_vote` WHERE `star_id` = '3' GROUP BY user_id ORDER BY vote_num DESC  [ RunTime:0.0169s ]
SQL: SHOW COLUMNS FROM `sy_third_user` [ RunTime:0.0157s ]
SQL: SELECT `nickname` FROM `sy_third_user` WHERE `user_id` = 1 LIMIT 1   [ RunTime:0.0141s ]
NOTIC: [8] Undefined offset: 0 D:\web\star_call\web\Application\API\Controller\APIBaseController.class.php 第 138 行.

[ 2019-09-09T19:13:42+08:00 ] 127.0.0.1 /UserVote/getStarVoteNum
INFO: [ app_init ] --START--
INFO: Run Behavior\BuildLiteBehavior [ RunTime:0.000280s ]
INFO: [ app_init ] --END-- [ RunTime:0.001509s ]
NOTIC: [8] Constant MAIN_URL already defined D:\web\star_call\web\Application\Common\Conf\config.inc.php 第 10 行.
NOTIC: [8] Constant WAP_URL already defined D:\web\star_call\web\Application\Common\Conf\config.inc.php 第 11 行.
NOTIC: [8] Constant API_URL already defined D:\web\star_call\web\Application\Common\Conf\config.inc.php 第 12 行.
NOTIC: [8] Constant IMG_URL already defined D:\web\star_call\web\Application\Common\Conf\config.inc.php 第 13 行.
NOTIC: [8] Constant ATTACHMENT_PATH already defined D:\web\star_call\web\Application\Common\Conf\config.inc.php 第 14 行.
NOTIC: [8] Constant IMG_PATH already defined D:\web\star_call\web\Application\Common\Conf\config.inc.php 第 15 行.
NOTIC: [8] Constant UPLOAD_TEMP_PATH already defined D:\web\star_call\web\Application\Common\Conf\config.inc.php 第 16 行.
INFO: [ app_begin ] --START--
INFO: Run Behavior\ReadHtmlCacheBehavior [ RunTime:0.001520s ]
INFO: [ app_begin ] --END-- [ RunTime:0.003699s ]
NOTIC: [8] Undefined index: user_id D:\web\star_call\web\Application\API\Controller\APIBaseController.class.php 第 60 行.
SQL: SHOW COLUMNS FROM `sy_user_vote` [ RunTime:0.0158s ]
SQL: SELECT `user_id`,sum(num) as vote_num FROM `sy_user_vote` WHERE `star_id` = '3' GROUP BY user_id ORDER BY vote_num DESC  [ RunTime:0.0174s ]
SQL: SHOW COLUMNS FROM `sy_third_user` [ RunTime:0.0163s ]
SQL: SELECT `nickname` FROM `sy_third_user` WHERE `user_id` = 1 LIMIT 1   [ RunTime:0.0160s ]
NOTIC: [8] Undefined offset: 0 D:\web\star_call\web\Application\API\Controller\APIBaseController.class.php 第 138 行.

[ 2019-09-09T19:21:56+08:00 ] 127.0.0.1 /UserVote/getList
INFO: [ app_init ] --START--
INFO: Run Behavior\BuildLiteBehavior [ RunTime:0.000146s ]
INFO: [ app_init ] --END-- [ RunTime:0.001498s ]
NOTIC: [8] Constant MAIN_URL already defined D:\web\star_call\web\Application\Common\Conf\config.inc.php 第 10 行.
NOTIC: [8] Constant WAP_URL already defined D:\web\star_call\web\Application\Common\Conf\config.inc.php 第 11 行.
NOTIC: [8] Constant API_URL already defined D:\web\star_call\web\Application\Common\Conf\config.inc.php 第 12 行.
NOTIC: [8] Constant IMG_URL already defined D:\web\star_call\web\Application\Common\Conf\config.inc.php 第 13 行.
NOTIC: [8] Constant ATTACHMENT_PATH already defined D:\web\star_call\web\Application\Common\Conf\config.inc.php 第 14 行.
NOTIC: [8] Constant IMG_PATH already defined D:\web\star_call\web\Application\Common\Conf\config.inc.php 第 15 行.
NOTIC: [8] Constant UPLOAD_TEMP_PATH already defined D:\web\star_call\web\Application\Common\Conf\config.inc.php 第 16 行.
INFO: [ app_begin ] --START--
INFO: Run Behavior\ReadHtmlCacheBehavior [ RunTime:0.001979s ]
INFO: [ app_begin ] --END-- [ RunTime:0.003874s ]
NOTIC: [8] Undefined index: user_id D:\web\star_call\web\Application\API\Controller\APIBaseController.class.php 第 60 行.
SQL: SHOW COLUMNS FROM `sy_user_vote` [ RunTime:0.0166s ]
SQL: SHOW COLUMNS FROM `sy_star` [ RunTime:0.0168s ]
SQL: SELECT `id` FROM `sy_star` WHERE `issue` = 1  [ RunTime:0.0160s ]
SQL: SELECT `user_id`,sum(num) as vote_num FROM `sy_user_vote` WHERE `star_id` IN ('1','2') AND `mark` = 1 GROUP BY user_id ORDER BY vote_num DESC LIMIT 15   [ RunTime:0.0161s ]

[ 2019-09-09T19:22:10+08:00 ] 127.0.0.1 /UserVote/getList
INFO: [ app_init ] --START--
INFO: Run Behavior\BuildLiteBehavior [ RunTime:0.000217s ]
INFO: [ app_init ] --END-- [ RunTime:0.001605s ]
NOTIC: [8] Constant MAIN_URL already defined D:\web\star_call\web\Application\Common\Conf\config.inc.php 第 10 行.
NOTIC: [8] Constant WAP_URL already defined D:\web\star_call\web\Application\Common\Conf\config.inc.php 第 11 行.
NOTIC: [8] Constant API_URL already defined D:\web\star_call\web\Application\Common\Conf\config.inc.php 第 12 行.
NOTIC: [8] Constant IMG_URL already defined D:\web\star_call\web\Application\Common\Conf\config.inc.php 第 13 行.
NOTIC: [8] Constant ATTACHMENT_PATH already defined D:\web\star_call\web\Application\Common\Conf\config.inc.php 第 14 行.
NOTIC: [8] Constant IMG_PATH already defined D:\web\star_call\web\Application\Common\Conf\config.inc.php 第 15 行.
NOTIC: [8] Constant UPLOAD_TEMP_PATH already defined D:\web\star_call\web\Application\Common\Conf\config.inc.php 第 16 行.
INFO: [ app_begin ] --START--
INFO: Run Behavior\ReadHtmlCacheBehavior [ RunTime:0.004402s ]
INFO: [ app_begin ] --END-- [ RunTime:0.005756s ]
NOTIC: [8] Undefined index: user_id D:\web\star_call\web\Application\API\Controller\APIBaseController.class.php 第 60 行.
SQL: SHOW COLUMNS FROM `sy_user_vote` [ RunTime:0.0178s ]
SQL: SHOW COLUMNS FROM `sy_star` [ RunTime:0.0158s ]
SQL: SELECT `id` FROM `sy_star` WHERE `issue` = 2  [ RunTime:0.0148s ]
SQL: SELECT `user_id`,sum(num) as vote_num FROM `sy_user_vote` WHERE `star_id` IN ('3') AND `mark` = 1 GROUP BY user_id ORDER BY vote_num DESC LIMIT 15   [ RunTime:0.0154s ]
SQL: SHOW COLUMNS FROM `sy_third_user` [ RunTime:0.0159s ]
SQL: SELECT `nickname` FROM `sy_third_user` WHERE `user_id` = 1 LIMIT 1   [ RunTime:0.0144s ]

[ 2019-09-09T19:22:55+08:00 ] 127.0.0.1 /UserVote/getList
INFO: [ app_init ] --START--
INFO: Run Behavior\BuildLiteBehavior [ RunTime:0.000236s ]
INFO: [ app_init ] --END-- [ RunTime:0.001527s ]
NOTIC: [8] Constant MAIN_URL already defined D:\web\star_call\web\Application\Common\Conf\config.inc.php 第 10 行.
NOTIC: [8] Constant WAP_URL already defined D:\web\star_call\web\Application\Common\Conf\config.inc.php 第 11 行.
NOTIC: [8] Constant API_URL already defined D:\web\star_call\web\Application\Common\Conf\config.inc.php 第 12 行.
NOTIC: [8] Constant IMG_URL already defined D:\web\star_call\web\Application\Common\Conf\config.inc.php 第 13 行.
NOTIC: [8] Constant ATTACHMENT_PATH already defined D:\web\star_call\web\Application\Common\Conf\config.inc.php 第 14 行.
NOTIC: [8] Constant IMG_PATH already defined D:\web\star_call\web\Application\Common\Conf\config.inc.php 第 15 行.
NOTIC: [8] Constant UPLOAD_TEMP_PATH already defined D:\web\star_call\web\Application\Common\Conf\config.inc.php 第 16 行.
INFO: [ app_begin ] --START--
INFO: Run Behavior\ReadHtmlCacheBehavior [ RunTime:0.001222s ]
INFO: [ app_begin ] --END-- [ RunTime:0.002358s ]
NOTIC: [8] Undefined index: user_id D:\web\star_call\web\Application\API\Controller\APIBaseController.class.php 第 60 行.
SQL: SHOW COLUMNS FROM `sy_user_vote` [ RunTime:0.0151s ]
SQL: SHOW COLUMNS FROM `sy_star` [ RunTime:0.0172s ]
SQL: SELECT `id` FROM `sy_star` WHERE `issue` = 2  [ RunTime:0.0196s ]
SQL: SELECT `user_id`,sum(num) as vote_num FROM `sy_user_vote` WHERE `star_id` IN ('3') AND `mark` = 1 GROUP BY user_id ORDER BY vote_num DESC LIMIT 15   [ RunTime:0.0153s ]
SQL: SHOW COLUMNS FROM `sy_third_user` [ RunTime:0.0165s ]
SQL: SELECT `nickname` FROM `sy_third_user` WHERE `user_id` = 1 LIMIT 1   [ RunTime:0.0165s ]

