[ 2019-09-26T20:01:12+08:00 ] 127.0.0.1 /UserVote/call
INFO: [ app_init ] --START--
INFO: Run Behavior\BuildLiteBehavior [ RunTime:0.000019s ]
INFO: [ app_init ] --END-- [ RunTime:0.000176s ]
NOTIC: [8] Constant MAIN_URL already defined D:\web\star_call\web\Application\Common\Conf\config.inc.php 第 10 行.
NOTIC: [8] Constant WAP_URL already defined D:\web\star_call\web\Application\Common\Conf\config.inc.php 第 11 行.
NOTIC: [8] Constant API_URL already defined D:\web\star_call\web\Application\Common\Conf\config.inc.php 第 12 行.
NOTIC: [8] Constant IMG_URL already defined D:\web\star_call\web\Application\Common\Conf\config.inc.php 第 13 行.
NOTIC: [8] Constant ATTACHMENT_PATH already defined D:\web\star_call\web\Application\Common\Conf\config.inc.php 第 14 行.
NOTIC: [8] Constant IMG_PATH already defined D:\web\star_call\web\Application\Common\Conf\config.inc.php 第 15 行.
NOTIC: [8] Constant UPLOAD_TEMP_PATH already defined D:\web\star_call\web\Application\Common\Conf\config.inc.php 第 16 行.
INFO: [ app_begin ] --START--
INFO: Run Behavior\ReadHtmlCacheBehavior [ RunTime:0.006399s ]
INFO: [ app_begin ] --END-- [ RunTime:0.006590s ]
SQL: SHOW COLUMNS FROM `sy_user_vote` [ RunTime:0.0157s ]
NOTIC: [8] Undefined index: vote_code D:\web\star_call\web\Application\API\Controller\UserVoteController.class.php 第 58 行.
NOTIC: [8] Undefined index: mobile D:\web\star_call\web\Application\API\Controller\UserVoteController.class.php 第 59 行.
NOTIC: [8] Undefined index: openid D:\web\star_call\web\Application\API\Controller\UserVoteController.class.php 第 60 行.
SQL: SHOW COLUMNS FROM `sy_user` [ RunTime:0.0227s ]
SQL: SELECT th.user_id,th.openid,th.nickname,th.avatar,u.mobile FROM sy_user u INNER JOIN sy_third_user as th ON u.id = th.user_id  WHERE u.id = '2' AND th.type = '1' LIMIT 1   [ RunTime:0.0324s ]
NOTIC: [8] Undefined offset: 1 D:\web\star_call\web\ThinkPHP\Library\Think\Db\Driver.class.php 第 583 行.
SQL: SELECT `id` FROM `sy_user_vote` WHERE `user_id` = '2' AND `star_id` = '3' AND `add_time` BETWEEN '2019-09-26 00:00:00' AND null LIMIT 1   [ RunTime:0.0173s ]
SQL: INSERT INTO `sy_user_vote` (`user_id`,`star_id`,`num`,`type`,`add_time`) VALUES ('2','3','1','1','2019-09-26 20:01:12') [ RunTime:0.0169s ]
SQL: SHOW COLUMNS FROM `sy_star` [ RunTime:0.0144s ]
SQL: UPDATE `sy_star` SET `vote`=vote+1 WHERE `id` = 3 AND `mark` = 1 [ RunTime:0.0182s ]
SQL: SELECT `name`,`avatar`,`vote` FROM `sy_star` WHERE `id` = 3 AND `mark` = 1 LIMIT 1   [ RunTime:0.0147s ]

[ 2019-09-26T20:01:44+08:00 ] 127.0.0.1 /UserVote/call
INFO: [ app_init ] --START--
INFO: Run Behavior\BuildLiteBehavior [ RunTime:0.000050s ]
INFO: [ app_init ] --END-- [ RunTime:0.000264s ]
NOTIC: [8] Constant MAIN_URL already defined D:\web\star_call\web\Application\Common\Conf\config.inc.php 第 10 行.
NOTIC: [8] Constant WAP_URL already defined D:\web\star_call\web\Application\Common\Conf\config.inc.php 第 11 行.
NOTIC: [8] Constant API_URL already defined D:\web\star_call\web\Application\Common\Conf\config.inc.php 第 12 行.
NOTIC: [8] Constant IMG_URL already defined D:\web\star_call\web\Application\Common\Conf\config.inc.php 第 13 行.
NOTIC: [8] Constant ATTACHMENT_PATH already defined D:\web\star_call\web\Application\Common\Conf\config.inc.php 第 14 行.
NOTIC: [8] Constant IMG_PATH already defined D:\web\star_call\web\Application\Common\Conf\config.inc.php 第 15 行.
NOTIC: [8] Constant UPLOAD_TEMP_PATH already defined D:\web\star_call\web\Application\Common\Conf\config.inc.php 第 16 行.
INFO: [ app_begin ] --START--
INFO: Run Behavior\ReadHtmlCacheBehavior [ RunTime:0.000152s ]
INFO: [ app_begin ] --END-- [ RunTime:0.000283s ]
SQL: SHOW COLUMNS FROM `sy_user_vote` [ RunTime:0.0179s ]
NOTIC: [8] Undefined index: vote_code D:\web\star_call\web\Application\API\Controller\UserVoteController.class.php 第 58 行.
NOTIC: [8] Undefined index: mobile D:\web\star_call\web\Application\API\Controller\UserVoteController.class.php 第 59 行.
NOTIC: [8] Undefined index: openid D:\web\star_call\web\Application\API\Controller\UserVoteController.class.php 第 60 行.
SQL: SHOW COLUMNS FROM `sy_user` [ RunTime:0.0186s ]
SQL: SELECT th.user_id,th.openid,th.nickname,th.avatar,u.mobile FROM sy_user u INNER JOIN sy_third_user as th ON u.id = th.user_id  WHERE u.id = '2' AND th.type = '1' LIMIT 1   [ RunTime:0.0426s ]
NOTIC: [8] Undefined offset: 1 D:\web\star_call\web\ThinkPHP\Library\Think\Db\Driver.class.php 第 583 行.
SQL: SELECT `id` FROM `sy_user_vote` WHERE `user_id` = '2' AND `star_id` = '3' AND `add_time` BETWEEN '2019-09-26 00:00:00' AND null LIMIT 1   [ RunTime:0.0394s ]
SQL: INSERT INTO `sy_user_vote` (`user_id`,`star_id`,`num`,`type`,`add_time`) VALUES ('2','3','1','1','2019-09-26 20:01:44') [ RunTime:0.0446s ]
SQL: SHOW COLUMNS FROM `sy_star` [ RunTime:0.0361s ]
SQL: UPDATE `sy_star` SET `vote`=vote+1 WHERE `id` = 3 AND `mark` = 1 [ RunTime:0.0455s ]
SQL: SELECT `name`,`avatar`,`vote` FROM `sy_star` WHERE `id` = 3 AND `mark` = 1 LIMIT 1   [ RunTime:0.0609s ]

[ 2019-09-26T20:02:50+08:00 ] 127.0.0.1 /UserVote/call
INFO: [ app_init ] --START--
INFO: Run Behavior\BuildLiteBehavior [ RunTime:0.000030s ]
INFO: [ app_init ] --END-- [ RunTime:0.000187s ]
NOTIC: [8] Constant MAIN_URL already defined D:\web\star_call\web\Application\Common\Conf\config.inc.php 第 10 行.
NOTIC: [8] Constant WAP_URL already defined D:\web\star_call\web\Application\Common\Conf\config.inc.php 第 11 行.
NOTIC: [8] Constant API_URL already defined D:\web\star_call\web\Application\Common\Conf\config.inc.php 第 12 行.
NOTIC: [8] Constant IMG_URL already defined D:\web\star_call\web\Application\Common\Conf\config.inc.php 第 13 行.
NOTIC: [8] Constant ATTACHMENT_PATH already defined D:\web\star_call\web\Application\Common\Conf\config.inc.php 第 14 行.
NOTIC: [8] Constant IMG_PATH already defined D:\web\star_call\web\Application\Common\Conf\config.inc.php 第 15 行.
NOTIC: [8] Constant UPLOAD_TEMP_PATH already defined D:\web\star_call\web\Application\Common\Conf\config.inc.php 第 16 行.
INFO: [ app_begin ] --START--
INFO: Run Behavior\ReadHtmlCacheBehavior [ RunTime:0.000163s ]
INFO: [ app_begin ] --END-- [ RunTime:0.000290s ]
SQL: SHOW COLUMNS FROM `sy_user_vote` [ RunTime:0.0211s ]
NOTIC: [8] Undefined index: vote_code D:\web\star_call\web\Application\API\Controller\UserVoteController.class.php 第 58 行.
NOTIC: [8] Undefined index: mobile D:\web\star_call\web\Application\API\Controller\UserVoteController.class.php 第 59 行.
NOTIC: [8] Undefined index: openid D:\web\star_call\web\Application\API\Controller\UserVoteController.class.php 第 60 行.
SQL: SHOW COLUMNS FROM `sy_user` [ RunTime:0.0319s ]
SQL: SELECT th.user_id,th.openid,th.nickname,th.avatar,u.mobile FROM sy_user u INNER JOIN sy_third_user as th ON u.id = th.user_id  WHERE u.id = '2' AND th.type = '1' LIMIT 1   [ RunTime:0.0485s ]

[ 2019-09-26T20:03:47+08:00 ] 127.0.0.1 /UserVote/call
INFO: [ app_init ] --START--
INFO: Run Behavior\BuildLiteBehavior [ RunTime:0.000034s ]
INFO: [ app_init ] --END-- [ RunTime:0.000177s ]
NOTIC: [8] Constant MAIN_URL already defined D:\web\star_call\web\Application\Common\Conf\config.inc.php 第 10 行.
NOTIC: [8] Constant WAP_URL already defined D:\web\star_call\web\Application\Common\Conf\config.inc.php 第 11 行.
NOTIC: [8] Constant API_URL already defined D:\web\star_call\web\Application\Common\Conf\config.inc.php 第 12 行.
NOTIC: [8] Constant IMG_URL already defined D:\web\star_call\web\Application\Common\Conf\config.inc.php 第 13 行.
NOTIC: [8] Constant ATTACHMENT_PATH already defined D:\web\star_call\web\Application\Common\Conf\config.inc.php 第 14 行.
NOTIC: [8] Constant IMG_PATH already defined D:\web\star_call\web\Application\Common\Conf\config.inc.php 第 15 行.
NOTIC: [8] Constant UPLOAD_TEMP_PATH already defined D:\web\star_call\web\Application\Common\Conf\config.inc.php 第 16 行.
INFO: [ app_begin ] --START--
INFO: Run Behavior\ReadHtmlCacheBehavior [ RunTime:0.000536s ]
INFO: [ app_begin ] --END-- [ RunTime:0.000680s ]
SQL: SHOW COLUMNS FROM `sy_user_vote` [ RunTime:0.0187s ]
NOTIC: [8] Undefined index: vote_code D:\web\star_call\web\Application\API\Controller\UserVoteController.class.php 第 58 行.
NOTIC: [8] Undefined index: mobile D:\web\star_call\web\Application\API\Controller\UserVoteController.class.php 第 59 行.
NOTIC: [8] Undefined index: openid D:\web\star_call\web\Application\API\Controller\UserVoteController.class.php 第 60 行.
SQL: SHOW COLUMNS FROM `sy_user` [ RunTime:0.0171s ]
SQL: SELECT th.user_id,th.openid,th.nickname,th.avatar,u.mobile FROM sy_user u INNER JOIN sy_third_user as th ON u.id = th.user_id  WHERE u.id = '2' AND th.type = '1' LIMIT 1   [ RunTime:0.0178s ]
NOTIC: [8] Undefined offset: 1 D:\web\star_call\web\ThinkPHP\Library\Think\Db\Driver.class.php 第 583 行.
SQL: SELECT `id` FROM `sy_user_vote` WHERE `user_id` = '2' AND `star_id` = '3' AND `add_time` BETWEEN '2019-09-26 00:00:00' AND null LIMIT 1   [ RunTime:0.0301s ]

[ 2019-09-26T20:04:16+08:00 ] 127.0.0.1 /UserVote/call
INFO: [ app_init ] --START--
INFO: Run Behavior\BuildLiteBehavior [ RunTime:0.000030s ]
INFO: [ app_init ] --END-- [ RunTime:0.000161s ]
NOTIC: [8] Constant MAIN_URL already defined D:\web\star_call\web\Application\Common\Conf\config.inc.php 第 10 行.
NOTIC: [8] Constant WAP_URL already defined D:\web\star_call\web\Application\Common\Conf\config.inc.php 第 11 行.
NOTIC: [8] Constant API_URL already defined D:\web\star_call\web\Application\Common\Conf\config.inc.php 第 12 行.
NOTIC: [8] Constant IMG_URL already defined D:\web\star_call\web\Application\Common\Conf\config.inc.php 第 13 行.
NOTIC: [8] Constant ATTACHMENT_PATH already defined D:\web\star_call\web\Application\Common\Conf\config.inc.php 第 14 行.
NOTIC: [8] Constant IMG_PATH already defined D:\web\star_call\web\Application\Common\Conf\config.inc.php 第 15 行.
NOTIC: [8] Constant UPLOAD_TEMP_PATH already defined D:\web\star_call\web\Application\Common\Conf\config.inc.php 第 16 行.
INFO: [ app_begin ] --START--
INFO: Run Behavior\ReadHtmlCacheBehavior [ RunTime:0.000268s ]
INFO: [ app_begin ] --END-- [ RunTime:0.000487s ]
SQL: SHOW COLUMNS FROM `sy_user_vote` [ RunTime:0.0159s ]
NOTIC: [8] Undefined index: vote_code D:\web\star_call\web\Application\API\Controller\UserVoteController.class.php 第 58 行.
NOTIC: [8] Undefined index: mobile D:\web\star_call\web\Application\API\Controller\UserVoteController.class.php 第 59 行.
NOTIC: [8] Undefined index: openid D:\web\star_call\web\Application\API\Controller\UserVoteController.class.php 第 60 行.
SQL: SHOW COLUMNS FROM `sy_user` [ RunTime:0.0283s ]
SQL: SELECT th.user_id,th.openid,th.nickname,th.avatar,u.mobile FROM sy_user u INNER JOIN sy_third_user as th ON u.id = th.user_id  WHERE u.id = '2' AND th.type = '1' LIMIT 1   [ RunTime:0.0166s ]
SQL: SELECT `id` FROM `sy_user_vote` WHERE `user_id` = '2' AND `star_id` = '3' AND `add_time` BETWEEN '2019-09-26 00:00:00' AND '2019-09-26 23:59:59' LIMIT 1   [ RunTime:0.0151s ]

[ 2019-09-26T20:04:53+08:00 ] 127.0.0.1 /UserVote/call
INFO: [ app_init ] --START--
INFO: Run Behavior\BuildLiteBehavior [ RunTime:0.000041s ]
INFO: [ app_init ] --END-- [ RunTime:0.000349s ]
NOTIC: [8] Constant MAIN_URL already defined D:\web\star_call\web\Application\Common\Conf\config.inc.php 第 10 行.
NOTIC: [8] Constant WAP_URL already defined D:\web\star_call\web\Application\Common\Conf\config.inc.php 第 11 行.
NOTIC: [8] Constant API_URL already defined D:\web\star_call\web\Application\Common\Conf\config.inc.php 第 12 行.
NOTIC: [8] Constant IMG_URL already defined D:\web\star_call\web\Application\Common\Conf\config.inc.php 第 13 行.
NOTIC: [8] Constant ATTACHMENT_PATH already defined D:\web\star_call\web\Application\Common\Conf\config.inc.php 第 14 行.
NOTIC: [8] Constant IMG_PATH already defined D:\web\star_call\web\Application\Common\Conf\config.inc.php 第 15 行.
NOTIC: [8] Constant UPLOAD_TEMP_PATH already defined D:\web\star_call\web\Application\Common\Conf\config.inc.php 第 16 行.
INFO: [ app_begin ] --START--
INFO: Run Behavior\ReadHtmlCacheBehavior [ RunTime:0.000150s ]
INFO: [ app_begin ] --END-- [ RunTime:0.000524s ]
SQL: SHOW COLUMNS FROM `sy_user_vote` [ RunTime:0.0163s ]
NOTIC: [8] Undefined index: vote_code D:\web\star_call\web\Application\API\Controller\UserVoteController.class.php 第 58 行.
NOTIC: [8] Undefined index: mobile D:\web\star_call\web\Application\API\Controller\UserVoteController.class.php 第 59 行.
NOTIC: [8] Undefined index: openid D:\web\star_call\web\Application\API\Controller\UserVoteController.class.php 第 60 行.
SQL: SHOW COLUMNS FROM `sy_user` [ RunTime:0.0172s ]
SQL: SELECT th.user_id,th.openid,th.nickname,th.avatar,u.mobile FROM sy_user u INNER JOIN sy_third_user as th ON u.id = th.user_id  WHERE u.id = '2' AND th.type = '1' LIMIT 1   [ RunTime:0.0155s ]
SQL: SELECT `id` FROM `sy_user_vote` WHERE `user_id` = '2' AND `star_id` = '3' AND `add_time` BETWEEN '2019-09-26 00:00:00' AND '2019-09-26 23:59:59' LIMIT 1   [ RunTime:0.0192s ]

[ 2019-09-26T20:12:08+08:00 ] 127.0.0.1 /User/getMyInfo
INFO: [ app_init ] --START--
INFO: Run Behavior\BuildLiteBehavior [ RunTime:0.000033s ]
INFO: [ app_init ] --END-- [ RunTime:0.000182s ]
NOTIC: [8] Constant MAIN_URL already defined D:\web\star_call\web\Application\Common\Conf\config.inc.php 第 10 行.
NOTIC: [8] Constant WAP_URL already defined D:\web\star_call\web\Application\Common\Conf\config.inc.php 第 11 行.
NOTIC: [8] Constant API_URL already defined D:\web\star_call\web\Application\Common\Conf\config.inc.php 第 12 行.
NOTIC: [8] Constant IMG_URL already defined D:\web\star_call\web\Application\Common\Conf\config.inc.php 第 13 行.
NOTIC: [8] Constant ATTACHMENT_PATH already defined D:\web\star_call\web\Application\Common\Conf\config.inc.php 第 14 行.
NOTIC: [8] Constant IMG_PATH already defined D:\web\star_call\web\Application\Common\Conf\config.inc.php 第 15 行.
NOTIC: [8] Constant UPLOAD_TEMP_PATH already defined D:\web\star_call\web\Application\Common\Conf\config.inc.php 第 16 行.
INFO: [ app_begin ] --START--
INFO: Run Behavior\ReadHtmlCacheBehavior [ RunTime:0.000684s ]
INFO: [ app_begin ] --END-- [ RunTime:0.000919s ]
SQL: SHOW COLUMNS FROM `sy_user` [ RunTime:0.0169s ]
NOTIC: [8] Undefined index: type D:\web\star_call\web\Application\API\Controller\UserController.class.php 第 31 行.
NOTIC: [8] Undefined index: openid D:\web\star_call\web\Application\API\Controller\UserController.class.php 第 32 行.
NOTIC: [8] Undefined offset: 0 D:\web\star_call\web\Application\API\Controller\APIBaseController.class.php 第 138 行.

[ 2019-09-26T20:12:16+08:00 ] 127.0.0.1 /User/getMyInfo
INFO: [ app_init ] --START--
INFO: Run Behavior\BuildLiteBehavior [ RunTime:0.000032s ]
INFO: [ app_init ] --END-- [ RunTime:0.000174s ]
NOTIC: [8] Constant MAIN_URL already defined D:\web\star_call\web\Application\Common\Conf\config.inc.php 第 10 行.
NOTIC: [8] Constant WAP_URL already defined D:\web\star_call\web\Application\Common\Conf\config.inc.php 第 11 行.
NOTIC: [8] Constant API_URL already defined D:\web\star_call\web\Application\Common\Conf\config.inc.php 第 12 行.
NOTIC: [8] Constant IMG_URL already defined D:\web\star_call\web\Application\Common\Conf\config.inc.php 第 13 行.
NOTIC: [8] Constant ATTACHMENT_PATH already defined D:\web\star_call\web\Application\Common\Conf\config.inc.php 第 14 行.
NOTIC: [8] Constant IMG_PATH already defined D:\web\star_call\web\Application\Common\Conf\config.inc.php 第 15 行.
NOTIC: [8] Constant UPLOAD_TEMP_PATH already defined D:\web\star_call\web\Application\Common\Conf\config.inc.php 第 16 行.
INFO: [ app_begin ] --START--
INFO: Run Behavior\ReadHtmlCacheBehavior [ RunTime:0.000151s ]
INFO: [ app_begin ] --END-- [ RunTime:0.000295s ]
SQL: SHOW COLUMNS FROM `sy_user` [ RunTime:0.0259s ]
NOTIC: [8] Undefined index: openid D:\web\star_call\web\Application\API\Controller\UserController.class.php 第 32 行.
SQL: SELECT th.user_id,th.openid,th.nickname,th.avatar,u.mobile FROM sy_user u INNER JOIN sy_third_user as th ON u.id = th.user_id  WHERE u.id = '2' AND th.type = '1' LIMIT 1   [ RunTime:0.0140s ]
SQL: SHOW COLUMNS FROM `sy_user_vote` [ RunTime:0.0137s ]
SQL: SELECT `user_id`,sum(num) as vote_num FROM `sy_user_vote` WHERE `user_id` = '2' AND `type` IN (1,2) AND `mark` = 1 LIMIT 1   [ RunTime:0.0145s ]
SQL: SELECT `user_id`,`star_id`,sum(num) as num FROM `sy_user_vote` WHERE `user_id` = '2' AND `type` IN (1,2) AND `mark` = 1 GROUP BY star_id ORDER BY num DESC  [ RunTime:0.0128s ]
SQL: SHOW COLUMNS FROM `sy_star` [ RunTime:0.0174s ]
SQL: SELECT `name`,`avatar` FROM `sy_star` WHERE `id` = 2 LIMIT 1   [ RunTime:0.0237s ]
SQL: SELECT `name`,`avatar` FROM `sy_star` WHERE `id` = 3 LIMIT 1   [ RunTime:0.0128s ]
SQL: SELECT sum(num) as vote_num FROM `sy_user_vote` WHERE `user_id` = '2' AND `add_time` BETWEEN '2019-09-21 00:00:00' AND '2019-09-27 23:59:59' AND `type` = 2 AND `mark` = 1  [ RunTime:0.0130s ]
NOTIC: [8] Undefined offset: 0 D:\web\star_call\web\Application\API\Controller\APIBaseController.class.php 第 138 行.

